Log file open, 04/16/18 08:28:10
LogWindows: Failed to load 'aqProf.dll' (GetLastError=126)
LogWindows: File 'aqProf.dll' does not exist
LogWindows: Failed to load 'VSPerf140.dll' (GetLastError=126)
LogWindows: File 'VSPerf140.dll' does not exist
LogWindows: Failed to load 'VtuneApi.dll' (GetLastError=126)
LogWindows: File 'VtuneApi.dll' does not exist
LogWindows: Failed to load 'VtuneApi32e.dll' (GetLastError=126)
LogWindows: File 'VtuneApi32e.dll' does not exist
LogInit: Display: Running engine for game: Multiplayer_Project
LogPlatformFile: Not using cached read wrapper
LogInit: Display: RandInit(1104639484) SRandInit(1104639484).
LogInit: Read version file with build ID '3709383'
LogInit: Overriding engine version to CL 3832480, compatible CL 3709383
LogInit: Registered custom module enumerator with build ID '3709383'
LogTaskGraph: Started task graph with 5 named threads and 14 total threads with 3 sets of task threads.
LogStats: Stats thread started at 0.226519
LogD3D11RHI: Aftermath initialized
LogModuleManager: Display: Found up-to-date module file ../../../Engine/Plugins/Online/OnlineSubsystemSteam/Binaries/Win64/UE4Editor-OnlineSubsystemSteam.dll (API version 3709383).
LogModuleManager: Display: Found up-to-date module file ../../../Engine/Plugins/Online/OnlineSubsystem/Binaries/Win64/UE4Editor-OnlineSubsystem.dll (API version 3709383).
LogModuleManager: Display: Found up-to-date module file ../../../Engine/Plugins/Online/OnlineSubsystemUtils/Binaries/Win64/UE4Editor-OnlineSubsystemUtils.dll (API version 3709383).
LogModuleManager: Display: Found up-to-date module file ../../../Engine/Plugins/Online/OnlineSubsystemUtils/Binaries/Win64/UE4Editor-OnlineBlueprintSupport.dll (API version 3709383).
LogModuleManager: Display: Found up-to-date module file ../../../Engine/Plugins/2D/Paper2D/Binaries/Win64/UE4Editor-Paper2D.dll (API version 3709383).
LogModuleManager: Display: Found up-to-date module file ../../../Engine/Plugins/2D/Paper2D/Binaries/Win64/UE4Editor-Paper2DEditor.dll (API version 3709383).
LogModuleManager: Display: Found up-to-date module file ../../../Engine/Plugins/2D/Paper2D/Binaries/Win64/UE4Editor-PaperSpriteSheetImporter.dll (API version 3709383).
LogModuleManager: Display: Found up-to-date module file ../../../Engine/Plugins/2D/Paper2D/Binaries/Win64/UE4Editor-PaperTiledImporter.dll (API version 3709383).
LogModuleManager: Display: Found up-to-date module file ../../../Engine/Plugins/2D/Paper2D/Binaries/Win64/UE4Editor-SmartSnapping.dll (API version 3709383).
LogModuleManager: Display: Found up-to-date module file ../../../Engine/Plugins/Blendables/LightPropagationVolume/Binaries/Win64/UE4Editor-LightPropagationVolumeRuntime.dll (API version 3709383).
LogModuleManager: Display: Found up-to-date module file ../../../Engine/Plugins/Blendables/LightPropagationVolume/Binaries/Win64/UE4Editor-LightPropagationVolumeEditor.dll (API version 3709383).
LogModuleManager: Display: Found up-to-date module file ../../../Engine/Plugins/Developer/GitSourceControl/Binaries/Win64/UE4Editor-GitSourceControl.dll (API version 3709383).
LogModuleManager: Display: Found up-to-date module file ../../../Engine/Plugins/Developer/PerforceSourceControl/Binaries/Win64/UE4Editor-PerforceSourceControl.dll (API version 3709383).
LogModuleManager: Display: Found up-to-date module file ../../../Engine/Plugins/Developer/SubversionSourceControl/Binaries/Win64/UE4Editor-SubversionSourceControl.dll (API version 3709383).
LogModuleManager: Display: Found up-to-date module file ../../../Engine/Plugins/Developer/UObjectPlugin/Binaries/Win64/UE4Editor-UObjectPlugin.dll (API version 3709383).
LogModuleManager: Display: Found up-to-date module file ../../../Engine/Plugins/Developer/VisualStudioCodeSourceCodeAccess/Binaries/Win64/UE4Editor-VisualStudioCodeSourceCodeAccess.dll (API version 3709383).
LogModuleManager: Display: Found up-to-date module file ../../../Engine/Plugins/Developer/VisualStudioSourceCodeAccess/Binaries/Win64/UE4Editor-VisualStudioSourceCodeAccess.dll (API version 3709383).
LogModuleManager: Display: Found up-to-date module file ../../../Engine/Plugins/Editor/AssetManagerEditor/Binaries/Win64/UE4Editor-AssetManagerEditor.dll (API version 3709383).
LogModuleManager: Display: Found up-to-date module file ../../../Engine/Plugins/Editor/AudioCapture/Binaries/Win64/UE4Editor-AudioCapture.dll (API version 3709383).
LogModuleManager: Display: Found up-to-date module file ../../../Engine/Plugins/Editor/FacialAnimation/Binaries/Win64/UE4Editor-FacialAnimation.dll (API version 3709383).
LogModuleManager: Display: Found up-to-date module file ../../../Engine/Plugins/Editor/FacialAnimation/Binaries/Win64/UE4Editor-FacialAnimationEditor.dll (API version 3709383).
LogModuleManager: Display: Found up-to-date module file ../../../Engine/Plugins/Editor/GameplayTagsEditor/Binaries/Win64/UE4Editor-GameplayTagsEditor.dll (API version 3709383).
LogModuleManager: Display: Found up-to-date module file ../../../Engine/Plugins/Editor/MobileLauncherProfileWizard/Binaries/Win64/UE4Editor-MobileLauncherProfileWizard.dll (API version 3709383).
LogModuleManager: Display: Found up-to-date module file ../../../Engine/Plugins/Editor/PluginBrowser/Binaries/Win64/UE4Editor-PluginBrowser.dll (API version 3709383).
LogModuleManager: Display: Found up-to-date module file ../../../Engine/Plugins/Editor/SpeedTreeImporter/Binaries/Win64/UE4Editor-SpeedTreeImporter.dll (API version 3709383).
LogModuleManager: Display: Found up-to-date module file ../../../Engine/Plugins/Experimental/AlembicImporter/Binaries/Win64/UE4Editor-AlembicImporter.dll (API version 3709383).
LogModuleManager: Display: Found up-to-date module file ../../../Engine/Plugins/Experimental/AlembicImporter/Binaries/Win64/UE4Editor-AlembicLibrary.dll (API version 3709383).
LogModuleManager: Display: Found up-to-date module file ../../../Engine/Plugins/Experimental/CharacterAI/Binaries/Win64/UE4Editor-CharacterAI.dll (API version 3709383).
LogModuleManager: Display: Found up-to-date module file ../../../Engine/Plugins/Experimental/HTML5Networking/Binaries/Win64/UE4Editor-HTML5Networking.dll (API version 3709383).
LogModuleManager: Display: Found up-to-date module file ../../../Engine/Plugins/Media/AndroidMedia/Binaries/Win64/UE4Editor-AndroidMediaEditor.dll (API version 3709383).
LogModuleManager: Display: Found up-to-date module file ../../../Engine/Plugins/Media/AndroidMedia/Binaries/Win64/UE4Editor-AndroidMediaFactory.dll (API version 3709383).
LogModuleManager: Display: Found up-to-date module file ../../../Engine/Plugins/Media/AvfMedia/Binaries/Win64/UE4Editor-AvfMediaEditor.dll (API version 3709383).
LogModuleManager: Display: Found up-to-date module file ../../../Engine/Plugins/Media/AvfMedia/Binaries/Win64/UE4Editor-AvfMediaFactory.dll (API version 3709383).
LogModuleManager: Display: Found up-to-date module file ../../../Engine/Plugins/Media/AvfMedia/Binaries/Win64/UE4Editor-AvfMediaFactory.dll (API version 3709383).
LogModuleManager: Display: Found up-to-date module file ../../../Engine/Plugins/Media/ImgMedia/Binaries/Win64/UE4Editor-ImgMedia.dll (API version 3709383).
LogModuleManager: Display: Found up-to-date module file ../../../Engine/Plugins/Media/ImgMedia/Binaries/Win64/UE4Editor-ImgMediaEditor.dll (API version 3709383).
LogModuleManager: Display: Found up-to-date module file ../../../Engine/Plugins/Media/ImgMedia/Binaries/Win64/UE4Editor-ImgMediaFactory.dll (API version 3709383).
LogModuleManager: Display: Found up-to-date module file ../../../Engine/Plugins/Media/ImgMedia/Binaries/Win64/UE4Editor-ImgMediaFactory.dll (API version 3709383).
LogModuleManager: Display: Found up-to-date module file ../../../Engine/Plugins/Media/ImgMedia/Binaries/Win64/UE4Editor-OpenExrWrapper.dll (API version 3709383).
LogModuleManager: Display: Found up-to-date module file ../../../Engine/Plugins/Media/MediaCompositing/Binaries/Win64/UE4Editor-MediaCompositing.dll (API version 3709383).
LogModuleManager: Display: Found up-to-date module file ../../../Engine/Plugins/Media/MediaCompositing/Binaries/Win64/UE4Editor-MediaCompositingEditor.dll (API version 3709383).
LogModuleManager: Display: Found up-to-date module file ../../../Engine/Plugins/Media/MediaPlayerEditor/Binaries/Win64/UE4Editor-MediaPlayerEditor.dll (API version 3709383).
LogModuleManager: Display: Found up-to-date module file ../../../Engine/Plugins/Media/WmfMedia/Binaries/Win64/UE4Editor-WmfMedia.dll (API version 3709383).
LogModuleManager: Display: Found up-to-date module file ../../../Engine/Plugins/Media/WmfMedia/Binaries/Win64/UE4Editor-WmfMediaEditor.dll (API version 3709383).
LogModuleManager: Display: Found up-to-date module file ../../../Engine/Plugins/Media/WmfMedia/Binaries/Win64/UE4Editor-WmfMediaFactory.dll (API version 3709383).
LogModuleManager: Display: Found up-to-date module file ../../../Engine/Plugins/Media/WmfMedia/Binaries/Win64/UE4Editor-WmfMediaFactory.dll (API version 3709383).
LogModuleManager: Display: Found up-to-date module file ../../../Engine/Plugins/Messaging/TcpMessaging/Binaries/Win64/UE4Editor-TcpMessaging.dll (API version 3709383).
LogModuleManager: Display: Found up-to-date module file ../../../Engine/Plugins/Messaging/UdpMessaging/Binaries/Win64/UE4Editor-UdpMessaging.dll (API version 3709383).
LogModuleManager: Display: Found up-to-date module file ../../../Engine/Plugins/MovieScene/ActorSequence/Binaries/Win64/UE4Editor-ActorSequence.dll (API version 3709383).
LogModuleManager: Display: Found up-to-date module file ../../../Engine/Plugins/MovieScene/LevelSequenceEditor/Binaries/Win64/UE4Editor-LevelSequenceEditor.dll (API version 3709383).
LogModuleManager: Display: Found up-to-date module file ../../../Engine/Plugins/MovieScene/MatineeToLevelSequence/Binaries/Win64/UE4Editor-MatineeToLevelSequence.dll (API version 3709383).
LogModuleManager: Display: Found up-to-date module file ../../../Engine/Plugins/Runtime/AndroidPermission/Binaries/Win64/UE4Editor-AndroidPermission.dll (API version 3709383).
LogModuleManager: Display: Found up-to-date module file ../../../Engine/Plugins/Online/OnlineSubsystemNull/Binaries/Win64/UE4Editor-OnlineSubsystemNull.dll (API version 3709383).
LogModuleManager: Display: Found up-to-date module file ../../../Engine/Plugins/Runtime/AndroidDeviceProfileSelector/Binaries/Win64/UE4Editor-AndroidDeviceProfileSelector.dll (API version 3709383).
LogModuleManager: Display: Found up-to-date module file ../../../Engine/Plugins/Runtime/AppleARKit/Binaries/Win64/UE4Editor-AppleARKit.dll (API version 3709383).
LogModuleManager: Display: Found up-to-date module file ../../../Engine/Plugins/Runtime/ArchVisCharacter/Binaries/Win64/UE4Editor-ArchVisCharacter.dll (API version 3709383).
LogModuleManager: Display: Found up-to-date module file ../../../Engine/Plugins/Runtime/CableComponent/Binaries/Win64/UE4Editor-CableComponent.dll (API version 3709383).
LogModuleManager: Display: Found up-to-date module file ../../../Engine/Plugins/Runtime/CustomMeshComponent/Binaries/Win64/UE4Editor-CustomMeshComponent.dll (API version 3709383).
LogModuleManager: Display: Found up-to-date module file ../../../Engine/Plugins/Runtime/ExampleDeviceProfileSelector/Binaries/Win64/UE4Editor-ExampleDeviceProfileSelector.dll (API version 3709383).
LogModuleManager: Display: Found up-to-date module file ../../../Engine/Plugins/Runtime/ImmediatePhysics/Binaries/Win64/UE4Editor-ImmediatePhysics.dll (API version 3709383).
LogModuleManager: Display: Found up-to-date module file ../../../Engine/Plugins/Runtime/ImmediatePhysics/Binaries/Win64/UE4Editor-ImmediatePhysicsEditor.dll (API version 3709383).
LogModuleManager: Display: Found up-to-date module file ../../../Engine/Plugins/Runtime/LocationServicesBPLibrary/Binaries/Win64/UE4Editor-LocationServicesBPLibrary.dll (API version 3709383).
LogModuleManager: Display: Found up-to-date module file ../../../Engine/Plugins/Runtime/MobilePatchingUtils/Binaries/Win64/UE4Editor-MobilePatchingUtils.dll (API version 3709383).
LogModuleManager: Display: Found up-to-date module file ../../../Engine/Plugins/Runtime/Oculus/OculusVR/Binaries/Win64/UE4Editor-OculusHMD.dll (API version 3709383).
LogModuleManager: Display: Found up-to-date module file ../../../Engine/Plugins/Runtime/Oculus/OculusVR/Binaries/Win64/UE4Editor-OculusInput.dll (API version 3709383).
LogModuleManager: Display: Found up-to-date module file ../../../Engine/Plugins/Runtime/Oculus/OculusVR/Binaries/Win64/UE4Editor-OculusEditor.dll (API version 3709383).
LogModuleManager: Display: Found up-to-date module file ../../../Engine/Plugins/Runtime/PhysXVehicles/Binaries/Win64/UE4Editor-PhysXVehicles.dll (API version 3709383).
LogModuleManager: Display: Found up-to-date module file ../../../Engine/Plugins/Runtime/PhysXVehicles/Binaries/Win64/UE4Editor-PhysXVehiclesEditor.dll (API version 3709383).
LogModuleManager: Display: Found up-to-date module file ../../../Engine/Plugins/Runtime/ProceduralMeshComponent/Binaries/Win64/UE4Editor-ProceduralMeshComponent.dll (API version 3709383).
LogModuleManager: Display: Found up-to-date module file ../../../Engine/Plugins/Runtime/ProceduralMeshComponent/Binaries/Win64/UE4Editor-ProceduralMeshComponentEditor.dll (API version 3709383).
LogModuleManager: Display: Found up-to-date module file ../../../Engine/Plugins/Runtime/RuntimePhysXCooking/Binaries/Win64/UE4Editor-RuntimePhysXCooking.dll (API version 3709383).
LogModuleManager: Display: Found up-to-date module file ../../../Engine/Plugins/Runtime/Steam/SteamVR/Binaries/Win64/UE4Editor-SteamVR.dll (API version 3709383).
LogModuleManager: Display: Found up-to-date module file ../../../Engine/Plugins/Runtime/Steam/SteamVR/Binaries/Win64/UE4Editor-SteamVRController.dll (API version 3709383).
LogModuleManager: Display: Found up-to-date module file ../../../Engine/Plugins/Runtime/WindowsMoviePlayer/Binaries/Win64/UE4Editor-WindowsMoviePlayer.dll (API version 3709383).
LogPluginManager: Mounting plugin Paper2D
LogPluginManager: Mounting plugin LightPropagationVolume
LogPluginManager: Mounting plugin CodeLiteSourceCodeAccess
LogPluginManager: Mounting plugin GitSourceControl
LogPluginManager: Mounting plugin KDevelopSourceCodeAccess
LogPluginManager: Mounting plugin NullSourceCodeAccess
LogPluginManager: Mounting plugin PerforceSourceControl
LogPluginManager: Mounting plugin SubversionSourceControl
LogPluginManager: Mounting plugin UObjectPlugin
LogPluginManager: Mounting plugin VisualStudioCodeSourceCodeAccess
LogPluginManager: Mounting plugin VisualStudioSourceCodeAccess
LogPluginManager: Mounting plugin XCodeSourceCodeAccess
LogPluginManager: Mounting plugin AssetManagerEditor
LogPluginManager: Mounting plugin AudioCapture
LogPluginManager: Mounting plugin FacialAnimation
LogPluginManager: Mounting plugin GameplayTagsEditor
LogPluginManager: Mounting plugin MobileLauncherProfileWizard
LogPluginManager: Mounting plugin PluginBrowser
LogPluginManager: Mounting plugin SpeedTreeImporter
LogPluginManager: Mounting plugin AlembicImporter
LogPluginManager: Mounting plugin CharacterAI
LogPluginManager: Mounting plugin HTML5Networking
LogPluginManager: Mounting plugin AndroidMedia
LogPluginManager: Mounting plugin AvfMedia
LogPluginManager: Mounting plugin ImgMedia
LogPluginManager: Mounting plugin MediaCompositing
LogPluginManager: Mounting plugin MediaPlayerEditor
LogPluginManager: Mounting plugin WmfMedia
LogPluginManager: Mounting plugin TcpMessaging
LogPluginManager: Mounting plugin UdpMessaging
LogPluginManager: Mounting plugin ActorSequence
LogPluginManager: Mounting plugin LevelSequenceEditor
LogPluginManager: Mounting plugin MatineeToLevelSequence
LogPluginManager: Mounting plugin OnlineSubsystemGooglePlay
LogPluginManager: Mounting plugin OnlineSubsystemIOS
LogPluginManager: Mounting plugin OnlineSubsystem
LogPluginManager: Mounting plugin OnlineSubsystemNull
LogPluginManager: Mounting plugin OnlineSubsystemSteam
LogPluginManager: Mounting plugin OnlineSubsystemUtils
LogPluginManager: Mounting plugin AndroidDeviceProfileSelector
LogPluginManager: Mounting plugin AndroidMoviePlayer
LogPluginManager: Mounting plugin AndroidPermission
LogPluginManager: Mounting plugin AppleARKit
LogPluginManager: Mounting plugin AppleMoviePlayer
LogPluginManager: Mounting plugin ArchVisCharacter
LogPluginManager: Mounting plugin CableComponent
LogPluginManager: Mounting plugin CustomMeshComponent
LogPluginManager: Mounting plugin ExampleDeviceProfileSelector
LogPluginManager: Mounting plugin GoogleCloudMessaging
LogPluginManager: Mounting plugin ImmediatePhysics
LogPluginManager: Mounting plugin IOSDeviceProfileSelector
LogPluginManager: Mounting plugin LinuxDeviceProfileSelector
LogPluginManager: Mounting plugin LocationServicesBPLibrary
LogPluginManager: Mounting plugin MobilePatchingUtils
LogPluginManager: Mounting plugin OculusVR
LogPluginManager: Plugin shader directory ../../../Engine/Plugins/Runtime/Oculus/OculusVR/Shaders found
LogPluginManager: Mapping shader source directory ../../../Engine/Plugins/Runtime/Oculus/OculusVR/Shaders to virtual directory /Plugin/OculusVR
LogPluginManager: Mounting plugin PhysXVehicles
LogPluginManager: Mounting plugin ProceduralMeshComponent
LogPluginManager: Mounting plugin RuntimePhysXCooking
LogPluginManager: Mounting plugin SteamVR
LogPluginManager: Mounting plugin WindowsMoviePlayer
LogInit: Using libcurl 7.47.1
LogInit:  - built for x86_64-pc-win32
LogInit:  - supports SSL with OpenSSL/1.0.2g
LogInit:  - supports HTTP deflate (compression) using libz 1.2.8
LogInit:  - other features:
LogInit:      CURL_VERSION_SSL
LogInit:      CURL_VERSION_LIBZ
LogInit:      CURL_VERSION_IPV6
LogInit:      CURL_VERSION_ASYNCHDNS
LogInit:      CURL_VERSION_LARGEFILE
LogInit:      CURL_VERSION_IDN
LogInit:  CurlRequestOptions (configurable via config and command line):
LogInit:  - bVerifyPeer = false  - Libcurl will NOT verify peer certificate
LogInit:  - bUseHttpProxy = false  - Libcurl will NOT use HTTP proxy
LogInit:  - bDontReuseConnections = false  - Libcurl will reuse connections
LogInit:  - CertBundlePath = nullptr  - Libcurl will use whatever was configured at build time.
LogOnline: Display: STEAM: Loading Steam SDK 1.39
LogOnline: Warning: STEAM: Steam API disabled!
LogOnline: Display: STEAM: OnlineSubsystemSteam::Shutdown()
LogInit: WinSock: version 1.1 (2.2), MaxSocks=32767, MaxUdp=65467
LogInit: Build: ++UE4+Release-4.18-CL-3832480
LogInit: Engine Version: 4.18.3-3832480+++UE4+Release-4.18
LogInit: Compatible Engine Version: 4.18.0-3709383+++UE4+Release-4.18
LogInit: Net CL: 3709383
LogDevObjectVersion: Number of dev versions registered: 16
LogDevObjectVersion:   Dev-Blueprints (B0D832E4-1F89-4F0D-ACCF-7EB736FD4AA2): 10
LogDevObjectVersion:   Dev-Build (E1C64328-A22C-4D53-A36C-8E866417BD8C): 0
LogDevObjectVersion:   Dev-Core (375EC13C-06E4-48FB-B500-84F0262A717E): 2
LogDevObjectVersion:   Dev-Editor (E4B068ED-F494-42E9-A231-DA0B2E46BB41): 20
LogDevObjectVersion:   Dev-Framework (CFFC743F-43B0-4480-9391-14DF171D2073): 30
LogDevObjectVersion:   Dev-Mobile (B02B49B5-BB20-44E9-A304-32B752E40360): 0
LogDevObjectVersion:   Dev-Networking (A4E4105C-59A1-49B5-A7C5-40C4547EDFEE): 0
LogDevObjectVersion:   Dev-Online (39C831C9-5AE6-47DC-9A44-9C173E1C8E7C): 0
LogDevObjectVersion:   Dev-Physics (78F01B33-EBEA-4F98-B9B4-84EACCB95AA2): 0
LogDevObjectVersion:   Dev-Platform (6631380F-2D4D-43E0-8009-CF276956A95A): 0
LogDevObjectVersion:   Dev-Rendering (12F88B9F-8875-4AFC-A67C-D90C383ABD29): 20
LogDevObjectVersion:   Dev-Sequencer (7B5AE74C-D270-4C10-A958-57980B212A5A): 4
LogDevObjectVersion:   Dev-VR (D7296918-1DD6-4BDD-9DE2-64A83CC13884): 0
LogDevObjectVersion:   Dev-LoadTimes (C2A15278-BFE7-4AFE-6C17-90FF531DF755): 1
LogDevObjectVersion:   Private-Geometry (6EACA3D4-40EC-4CC1-B786-8BED09428FC5): 1
LogDevObjectVersion:   Dev-AnimPhys (29E575DD-E0A3-4627-9D10-D276232CDCEA): 12
LogInit: Compiled (64-bit): Jan 12 2018 02:04:55
LogInit: Compiled with Visual C++: 19.00.24215.01
LogInit: Build Configuration: Development
LogInit: Branch Name: ++UE4+Release-4.18
LogInit: Command line: -EpicPortal 
LogInit: Base directory: C:/Program Files/Epic Games/UE_4.18/Engine/Binaries/Win64/
LogInit: Installed Engine Build: 1
LogInit: Presizing for max 8388607 objects, including 0 objects not considered by GC, pre-allocating 0 bytes for permanent pool.
LogInit: Object subsystem initialized
[2018.04.16-14.28.13:176][  0]LogInit: Selected Device Profile: [Windows]
[2018.04.16-14.28.13:176][  0]LogInit: Applying CVar settings loaded from the selected device profile: [Windows]
[2018.04.16-14.28.13:193][  0]LogInit: Computer: DESKTOP-EKPT9U8
[2018.04.16-14.28.13:193][  0]LogInit: User: SamuelJones
[2018.04.16-14.28.13:193][  0]LogInit: CPU Page size=4096, Cores=4
[2018.04.16-14.28.13:193][  0]LogInit: High frequency timer resolution =2.241004 MHz
[2018.04.16-14.28.13:194][  0]LogMemory: Memory total: Physical=15.9GB (16GB approx)
[2018.04.16-14.28.13:194][  0]LogMemory: Platform Memory Stats for Windows
[2018.04.16-14.28.13:194][  0]LogMemory: Process Physical Memory: 276.83 MB used, 276.83 MB peak
[2018.04.16-14.28.13:194][  0]LogMemory: Process Virtual Memory: 266.00 MB used, 266.00 MB peak
[2018.04.16-14.28.13:194][  0]LogMemory: Physical Memory: 3126.72 MB used,  13195.96 MB free, 16322.68 MB total
[2018.04.16-14.28.13:194][  0]LogMemory: Virtual Memory: 677.17 MB used,  13195.96 MB free, 134217728.00 MB total
[2018.04.16-14.28.13:440][  0]LogInit: Using OS detected language (en-US).
[2018.04.16-14.28.13:440][  0]LogInit: Using OS detected locale (en-GB).
[2018.04.16-14.28.13:444][  0]LogTextLocalizationManager: No specific localization for 'en-US' exists, so the 'en' localization will be used.
[2018.04.16-14.28.14:122][  0]LogInit: Setting process to per monitor DPI aware
[2018.04.16-14.28.14:509][  0]LogD3D11RHI: D3D11 adapters:
[2018.04.16-14.28.14:559][  0]LogD3D11RHI:    0. 'NVIDIA GeForce GT 650M' (Feature Level 11_0)
[2018.04.16-14.28.14:559][  0]LogD3D11RHI:       484/0/8161 MB DedicatedVideo/DedicatedSystem/SharedSystem, Outputs:1, VendorId:0x10de
[2018.04.16-14.28.14:563][  0]LogD3D11RHI:    1. 'Microsoft Basic Render Driver' (Feature Level 11_0)
[2018.04.16-14.28.14:563][  0]LogD3D11RHI:       0/0/8161 MB DedicatedVideo/DedicatedSystem/SharedSystem, Outputs:0, VendorId:0x1414
[2018.04.16-14.28.14:563][  0]LogD3D11RHI: Chosen D3D11 Adapter: 0
[2018.04.16-14.28.14:568][  0]LogD3D11RHI: Creating new Direct3DDevice
[2018.04.16-14.28.14:568][  0]LogD3D11RHI:     GPU DeviceId: 0xfd5 (for the marketing name, search the web for "GPU Device Id")
[2018.04.16-14.28.14:568][  0]LogWindows: EnumDisplayDevices:
[2018.04.16-14.28.14:569][  0]LogWindows:    0. 'NVIDIA GeForce GT 650M' (P:1 D:1)
[2018.04.16-14.28.14:569][  0]LogWindows:    1. 'NVIDIA GeForce GT 650M' (P:0 D:0)
[2018.04.16-14.28.14:569][  0]LogWindows:    2. 'NVIDIA GeForce GT 650M' (P:0 D:0)
[2018.04.16-14.28.14:569][  0]LogWindows:    3. 'NVIDIA GeForce GT 650M' (P:0 D:0)
[2018.04.16-14.28.14:569][  0]LogWindows: DebugString: GetVideoDriverDetailsInvalid PrimaryIsNotTheChoosenAdapter GetVideoDriverDetailsInvalid PrimaryIsNotTheChoosenAdapter GetVideoDriverDetailsInvalid PrimaryIsNotTheChoosenAdapter GetVideoDriverDetailsInvalid PrimaryIsNotTheChoosenAdapter FoundDriverCount:0 
[2018.04.16-14.28.14:569][  0]LogD3D11RHI:     Adapter Name: NVIDIA GeForce GT 650M
[2018.04.16-14.28.14:569][  0]LogD3D11RHI:   Driver Version: Unknown (internal:Unknown, unified:Unknown)
[2018.04.16-14.28.14:569][  0]LogD3D11RHI:      Driver Date: Unknown
[2018.04.16-14.28.14:569][  0]LogRHI: Texture pool is 339 MB (70% of 484 MB)
[2018.04.16-14.28.14:607][  0]LogD3D11RHI: Async texture creation enabled
[2018.04.16-14.28.14:624][  0]LogD3D11RHI: GPU Timing Frequency: 1000.000000 (Debug: 2 1)
[2018.04.16-14.28.14:626][  0]LogShaderCompilers: Guid format shader working directory is -33 characters bigger than the processId version (../../../../../../Users/Samuel Jones/Documents/GitHub/VR_Courtroom/Multiplayer_Project/Intermediate/Shaders/WorkingDirectory/3000/).
[2018.04.16-14.28.14:626][  0]LogShaderCompilers: Cleaned the shader compiler working directory 'C:/Users/Samuel Jones/AppData/Local/Temp/UnrealShaderWorkingDir/D4B4ED70408341686C0767A39E257D35/'.
[2018.04.16-14.28.14:626][  0]LogShaderCompilers: Display: Using Local Shader Compiler.
[2018.04.16-14.28.16:013][  0]LogTemp: Display: Loaded TP AllDesktopTargetPlatform
[2018.04.16-14.28.16:112][  0]LogTemp: Display: Loaded TP MacClientTargetPlatform
[2018.04.16-14.28.16:217][  0]LogTemp: Display: Loaded TP MacNoEditorTargetPlatform
[2018.04.16-14.28.16:315][  0]LogTemp: Display: Loaded TP MacServerTargetPlatform
[2018.04.16-14.28.16:419][  0]LogTemp: Display: Loaded TP MacTargetPlatform
[2018.04.16-14.28.16:520][  0]LogTemp: Display: Loaded TP WindowsClientTargetPlatform
[2018.04.16-14.28.16:609][  0]LogTemp: Display: Loaded TP WindowsNoEditorTargetPlatform
[2018.04.16-14.28.16:692][  0]LogTemp: Display: Loaded TP WindowsServerTargetPlatform
[2018.04.16-14.28.16:768][  0]LogTemp: Display: Loaded TP WindowsTargetPlatform
[2018.04.16-14.28.16:849][  0]LogTemp: Display: Loaded TP Android_ASTCTargetPlatform
[2018.04.16-14.28.16:935][  0]LogTemp: Display: Loaded TP Android_ATCTargetPlatform
[2018.04.16-14.28.17:020][  0]LogTemp: Display: Loaded TP Android_DXTTargetPlatform
[2018.04.16-14.28.17:101][  0]LogTemp: Display: Loaded TP Android_ETC1TargetPlatform
[2018.04.16-14.28.17:184][  0]LogTemp: Display: Loaded TP Android_ETC2TargetPlatform
[2018.04.16-14.28.17:349][  0]LogTemp: Display: Loaded TP Android_MultiTargetPlatform
[2018.04.16-14.28.17:349][  0]LogTemp: Display: Loaded TP Android_PVRTCTargetPlatform
[2018.04.16-14.28.17:432][  0]LogTemp: Display: Loaded TP AndroidTargetPlatform
[2018.04.16-14.28.17:498][  0]LogTemp: Display: Loaded TP HTML5TargetPlatform
[2018.04.16-14.28.17:637][  0]LogTemp: Display: Loaded TP IOSTargetPlatform
[2018.04.16-14.28.17:686][  0]LogTemp: Display: Loaded TP TVOSTargetPlatform
[2018.04.16-14.28.17:767][  0]LogTemp: Display: Loaded TP LinuxClientTargetPlatform
[2018.04.16-14.28.17:852][  0]LogTemp: Display: Loaded TP LinuxNoEditorTargetPlatform
[2018.04.16-14.28.17:934][  0]LogTemp: Display: Loaded TP LinuxServerTargetPlatform
[2018.04.16-14.28.18:018][  0]LogTemp: Display: Loaded TP LinuxTargetPlatform
[2018.04.16-14.28.18:018][  0]LogTargetPlatformManager: Display: Building Assets For Windows
[2018.04.16-14.28.18:785][  0]LogDerivedDataCache: Display: Max Cache Size: 512 MB
[2018.04.16-14.28.18:868][  0]LogDerivedDataCache: Loaded boot cache 0.08s 79MB C:/Users/Samuel Jones/AppData/Local/UnrealEngine/4.18/DerivedDataCache/Boot.ddc.
[2018.04.16-14.28.18:869][  0]LogDerivedDataCache: Display: Loaded Boot cache: C:/Users/Samuel Jones/AppData/Local/UnrealEngine/4.18/DerivedDataCache/Boot.ddc
[2018.04.16-14.28.18:869][  0]LogDerivedDataCache: FDerivedDataBackendGraph:  Pak pak cache file ../../../../../../Users/Samuel Jones/Documents/GitHub/VR_Courtroom/Multiplayer_Project/DerivedDataCache/DDC.ddp not found, will not use a pak cache.
[2018.04.16-14.28.18:869][  0]LogDerivedDataCache: Unable to find inner node Pak for hierarchical cache Hierarchy.
[2018.04.16-14.28.18:869][  0]LogDerivedDataCache: FDerivedDataBackendGraph:  CompressedPak pak cache file ../../../../../../Users/Samuel Jones/Documents/GitHub/VR_Courtroom/Multiplayer_Project/DerivedDataCache/Compressed.ddp not found, will not use a pak cache.
[2018.04.16-14.28.18:869][  0]LogDerivedDataCache: Unable to find inner node CompressedPak for hierarchical cache Hierarchy.
[2018.04.16-14.28.18:889][  0]LogDerivedDataCache: Display: Pak cache opened for reading ../../../Engine/DerivedDataCache/Compressed.ddp.
[2018.04.16-14.28.18:902][  0]LogDerivedDataCache: Using Local data cache path C:/Users/Samuel Jones/AppData/Local/UnrealEngine/Common/DerivedDataCache: Writable
[2018.04.16-14.28.18:918][  0]LogMaterial: Verifying Global Shaders for PCD3D_SM5
[2018.04.16-14.28.18:918][  0]LogSlate: Using Freetype 2.6.0
[2018.04.16-14.28.18:919][  0]LogSlate: SlateFontCache - WITH_FREETYPE: 1, WITH_HARFBUZZ: 1
[2018.04.16-14.28.18:919][  0]LogSlate: SlateFontCache - WITH_FREETYPE: 1, WITH_HARFBUZZ: 1
[2018.04.16-14.28.19:488][  0]LogInit: Selected Device Profile: [Windows]
[2018.04.16-14.28.20:046][  0]LogSimplygon: Simplygon DLL not present - disabling.
[2018.04.16-14.28.20:111][  0]LogMeshReduction: Using SimplygonSwarm for distributed automatic mesh merging
[2018.04.16-14.28.20:111][  0]LogMeshReduction: Using QuadricMeshReduction for automatic static mesh reduction
[2018.04.16-14.28.20:111][  0]LogMeshReduction: No automatic skeletal mesh reduction module available
[2018.04.16-14.28.20:111][  0]LogMeshReduction: No automatic mesh merging module available
[2018.04.16-14.28.20:111][  0]LogMeshMerging: No automatic mesh merging module available
[2018.04.16-14.28.20:157][  0]LogNetVersion: Multiplayer_Project , NetCL: 3709383, EngineNetVer: 2, GameNetVer: 0 (Checksum: 1516079218)
[2018.04.16-14.28.20:402][  0]LogAssetRegistry: FAssetRegistry took 0.0296 seconds to start up
[2018.04.16-14.28.21:189][  0]LogPackageLocalizationCache: Processed 7 localized package path(s) for 2 prioritized culture(s) in 0.096752 seconds
[2018.04.16-14.28.21:196][  0]LogUObjectArray: 35877 objects as part of root set at end of initial load.
[2018.04.16-14.28.21:196][  0]LogUObjectAllocator: 7577640 out of 0 bytes used by permanent object pool.
[2018.04.16-14.28.21:196][  0]LogUObjectArray: CloseDisregardForGC: 0/0 objects in disregard for GC pool
[2018.04.16-14.28.25:492][  0]LogTcpMessaging: Initializing TcpMessaging bridge
[2018.04.16-14.28.25:554][  0]LogUdpMessaging: Initializing bridge on interface 0.0.0.0:0 to multicast group 230.0.0.1:6666.
[2018.04.16-14.28.26:651][  0]LogMaterial: Uniform references updated for custom material expression Custom.
[2018.04.16-14.28.27:381][  0]SourceControl: Source control is disabled
[2018.04.16-14.28.27:381][  0]SourceControl: Source control is disabled
[2018.04.16-14.28.27:470][  0]SourceControl: Source control is disabled
[2018.04.16-14.28.27:577][  0]SourceControl: Source control is disabled
[2018.04.16-14.28.28:887][  0]LogAndroidPermission: UAndroidPermissionCallbackProxy::GetInstance
[2018.04.16-14.28.29:345][  0]LogOcInput: OculusInput pre-init called
[2018.04.16-14.28.29:829][  0]LogEngine: Initializing Engine...
[2018.04.16-14.28.29:832][  0]LogHMD: Failed to initialize OpenVR with code 110
[2018.04.16-14.28.30:108][  0]LogStats: UGameplayTagsManager::ConstructGameplayTagTree: Construct from data asset -  0.000 s
[2018.04.16-14.28.30:108][  0]LogStats: UGameplayTagsManager::ConstructGameplayTagTree: GameplayTagTreeChangedEvent.Broadcast -  0.000 s
[2018.04.16-14.28.30:324][  0]LogAIModule: Creating AISystem for world Untitled
[2018.04.16-14.28.30:337][  0]LogInit: XAudio2 using 'Speakers (Cirrus Logic CS4206B (AB 83))' : 4 channels at 48 kHz using 16 bits per sample (channel mask 0x107)
[2018.04.16-14.28.30:363][  0]LogInit: FAudioDevice initialized.
[2018.04.16-14.28.30:449][  0]LogDerivedDataCache: Saved boot cache 0.09s 79MB C:/Users/Samuel Jones/AppData/Local/UnrealEngine/4.18/DerivedDataCache/Boot.ddc.
[2018.04.16-14.28.30:464][  0]LogInit: Texture streaming: Enabled
[2018.04.16-14.28.30:630][  0]LogEngineSessionManager: EngineSessionManager initialized
[2018.04.16-14.28.30:837][  0]LogInit: Transaction tracking system initialized
[2018.04.16-14.28.31:362][  0]BlueprintLog: New page: Editor Load
[2018.04.16-14.28.32:899][  0]LocalizationService: Localization service is disabled
[2018.04.16-14.28.34:149][  0]LogConsoleResponse: Display: 
[2018.04.16-14.28.34:402][  0]LogCook: Display: Max memory allowance for cook 16384mb min free memory 0mb
[2018.04.16-14.28.34:402][  0]LogCook: Display: Mobile HDR setting 1
[2018.04.16-14.28.34:402][  0]LogGameplayTags: Display: UGameplayTagsManager::DoneAddingNativeTags. DelegateIsBound: 0
[2018.04.16-14.28.35:518][  0]LogFileCache: Scanning file cache for directory 'C:/Users/Samuel Jones/Documents/GitHub/VR_Courtroom/Multiplayer_Project/Content/' took 0.02s
[2018.04.16-14.28.36:420][  0]SourceControl: Source control is disabled
[2018.04.16-14.28.36:420][  0]Cmd: MAP LOAD FILE="../../../../../../Users/Samuel Jones/Documents/GitHub/VR_Courtroom/Multiplayer_Project/Content/Maps/MainMenu.umap" TEMPLATE=0 SHOWPROGRESS=1 FEATURELEVEL=3
[2018.04.16-14.28.36:420][  0]LightingResults: New page: Lighting Build
[2018.04.16-14.28.36:488][  0]MapCheck: New page: Map Check
[2018.04.16-14.28.36:489][  0]LightingResults: New page: Lighting Build
[2018.04.16-14.28.36:590][  0]LogLinker: Warning: Asset '../../../../../../Users/Samuel Jones/Documents/GitHub/VR_Courtroom/Multiplayer_Project/Content/UI/MainMenu/HostMenu.uasset' has been saved with empty engine version. The asset will be loaded but may be incompatible.
[2018.04.16-14.28.36:650][  0]LogLinker: Warning: Can't find file '/Game/StarterContent/Textures/T_Brick_Clay_Old_D'
[2018.04.16-14.28.36:651][  0]LogLinker: Warning: Can't find file for asset '/Game/StarterContent/Textures/T_Brick_Clay_Old_D' while loading ../../../../../../Users/Samuel Jones/Documents/GitHub/VR_Courtroom/Multiplayer_Project/Content/UI/Lobby/InGame.uasset.
[2018.04.16-14.28.36:651][  0]LoadErrors: Error: /Game/UI/Lobby/InGame : Can't find file for asset. /Game/StarterContent/Textures/T_Brick_Clay_Old_D
[2018.04.16-14.28.36:651][  0]LogLinker: Warning: Can't find file '/Game/StarterContent/Textures/T_Brick_Hewn_Stone_D'
[2018.04.16-14.28.36:651][  0]LogLinker: Warning: Can't find file for asset '/Game/StarterContent/Textures/T_Brick_Hewn_Stone_D' while loading ../../../../../../Users/Samuel Jones/Documents/GitHub/VR_Courtroom/Multiplayer_Project/Content/UI/Lobby/InGame.uasset.
[2018.04.16-14.28.36:651][  0]LoadErrors: Error: /Game/UI/Lobby/InGame : Can't find file for asset. /Game/StarterContent/Textures/T_Brick_Hewn_Stone_D
[2018.04.16-14.28.36:652][  0]LogLinker: Warning: Can't find file '/Game/StarterContent/Textures/T_Brick_Clay_Old_D'
[2018.04.16-14.28.36:652][  0]LogLinker: Warning: Can't find file for asset '/Game/StarterContent/Textures/T_Brick_Clay_Old_D' while loading ../../../../../../Users/Samuel Jones/Documents/GitHub/VR_Courtroom/Multiplayer_Project/Content/UI/Lobby/InGame.uasset.
[2018.04.16-14.28.36:652][  0]LoadErrors: Error: /Game/UI/Lobby/InGame : Can't find file for asset. /Game/StarterContent/Textures/T_Brick_Clay_Old_D
[2018.04.16-14.28.36:652][  0]LogLinker: Warning: Can't find file '/Game/StarterContent/Textures/T_Brick_Hewn_Stone_D'
[2018.04.16-14.28.36:652][  0]LogLinker: Warning: Can't find file for asset '/Game/StarterContent/Textures/T_Brick_Hewn_Stone_D' while loading ../../../../../../Users/Samuel Jones/Documents/GitHub/VR_Courtroom/Multiplayer_Project/Content/UI/Lobby/InGame.uasset.
[2018.04.16-14.28.36:652][  0]LoadErrors: Error: /Game/UI/Lobby/InGame : Can't find file for asset. /Game/StarterContent/Textures/T_Brick_Hewn_Stone_D
[2018.04.16-14.28.36:653][  0]LogLinker: Warning: Can't find file '/Game/StarterContent/Textures/T_Brick_Clay_Old_D'
[2018.04.16-14.28.36:653][  0]LoadErrors: Failed to load /Game/StarterContent/Textures/T_Brick_Clay_Old_D.T_Brick_Clay_Old_D Referenced by Default__OptionsMenu_C
[2018.04.16-14.28.36:653][  0]LogLinker: Warning: Can't find file for asset '/Game/StarterContent/Textures/T_Brick_Clay_Old_D' while loading ../../../../../../Users/Samuel Jones/Documents/GitHub/VR_Courtroom/Multiplayer_Project/Content/UI/Lobby/InGame.uasset.
[2018.04.16-14.28.36:653][  0]LoadErrors: Failed to load /Game/StarterContent/Textures/T_Brick_Clay_Old_D.T_Brick_Clay_Old_D Referenced by Default__OptionsMenu_C
[2018.04.16-14.28.36:653][  0]LoadErrors: Error: /Game/UI/Lobby/InGame : Can't find file for asset. /Game/StarterContent/Textures/T_Brick_Clay_Old_D
[2018.04.16-14.28.36:653][  0]LogLinker: Warning: Can't find file '/Game/StarterContent/Textures/T_Brick_Hewn_Stone_D'
[2018.04.16-14.28.36:653][  0]LoadErrors: Failed to load /Game/StarterContent/Textures/T_Brick_Hewn_Stone_D.T_Brick_Hewn_Stone_D Referenced by Default__OptionsMenu_C
[2018.04.16-14.28.36:653][  0]LogLinker: Warning: Can't find file for asset '/Game/StarterContent/Textures/T_Brick_Hewn_Stone_D' while loading ../../../../../../Users/Samuel Jones/Documents/GitHub/VR_Courtroom/Multiplayer_Project/Content/UI/Lobby/InGame.uasset.
[2018.04.16-14.28.36:654][  0]LoadErrors: Failed to load /Game/StarterContent/Textures/T_Brick_Hewn_Stone_D.T_Brick_Hewn_Stone_D Referenced by Default__OptionsMenu_C
[2018.04.16-14.28.36:654][  0]LoadErrors: Error: /Game/UI/Lobby/InGame : Can't find file for asset. /Game/StarterContent/Textures/T_Brick_Hewn_Stone_D
[2018.04.16-14.28.36:851][  0]LogLinker: Warning: Can't find file '/Game/StarterContent/Textures/T_Brick_Clay_Old_D'
[2018.04.16-14.28.36:851][  0]LogLinker: Warning: Can't find file for asset '/Game/StarterContent/Textures/T_Brick_Clay_Old_D' while loading ../../../../../../Users/Samuel Jones/Documents/GitHub/VR_Courtroom/Multiplayer_Project/Content/UI/MainMenu/OptionsMenu.uasset.
[2018.04.16-14.28.36:851][  0]LoadErrors: Error: /Game/UI/MainMenu/OptionsMenu : Can't find file for asset. /Game/StarterContent/Textures/T_Brick_Clay_Old_D
[2018.04.16-14.28.36:851][  0]LogLinker: Warning: Can't find file '/Game/StarterContent/Textures/T_Brick_Hewn_Stone_D'
[2018.04.16-14.28.36:851][  0]LogLinker: Warning: Can't find file for asset '/Game/StarterContent/Textures/T_Brick_Hewn_Stone_D' while loading ../../../../../../Users/Samuel Jones/Documents/GitHub/VR_Courtroom/Multiplayer_Project/Content/UI/MainMenu/OptionsMenu.uasset.
[2018.04.16-14.28.36:852][  0]LoadErrors: Error: /Game/UI/MainMenu/OptionsMenu : Can't find file for asset. /Game/StarterContent/Textures/T_Brick_Hewn_Stone_D
[2018.04.16-14.28.36:852][  0]LogLinker: Warning: Can't find file '/Game/StarterContent/Textures/T_Brick_Clay_Old_D'
[2018.04.16-14.28.36:852][  0]LogLinker: Warning: Can't find file for asset '/Game/StarterContent/Textures/T_Brick_Clay_Old_D' while loading ../../../../../../Users/Samuel Jones/Documents/GitHub/VR_Courtroom/Multiplayer_Project/Content/UI/MainMenu/OptionsMenu.uasset.
[2018.04.16-14.28.36:852][  0]LoadErrors: Error: /Game/UI/MainMenu/OptionsMenu : Can't find file for asset. /Game/StarterContent/Textures/T_Brick_Clay_Old_D
[2018.04.16-14.28.36:852][  0]LogLinker: Warning: Can't find file '/Game/StarterContent/Textures/T_Brick_Hewn_Stone_D'
[2018.04.16-14.28.36:852][  0]LogLinker: Warning: Can't find file for asset '/Game/StarterContent/Textures/T_Brick_Hewn_Stone_D' while loading ../../../../../../Users/Samuel Jones/Documents/GitHub/VR_Courtroom/Multiplayer_Project/Content/UI/MainMenu/OptionsMenu.uasset.
[2018.04.16-14.28.36:852][  0]LoadErrors: Error: /Game/UI/MainMenu/OptionsMenu : Can't find file for asset. /Game/StarterContent/Textures/T_Brick_Hewn_Stone_D
[2018.04.16-14.28.37:099][  0]LogAIModule: Creating AISystem for world MainMenu
[2018.04.16-14.28.37:100][  0]LogEditorServer: Finished looking for orphan Actors (0.000 secs)
[2018.04.16-14.28.37:113][  0]Cmd: MAP CHECKDEP NOCLEARLOG
[2018.04.16-14.28.37:187][  0]MapCheck: Map check complete: 0 Error(s), 0 Warning(s), took 73.302ms to complete.
[2018.04.16-14.28.37:187][  0]LogFileHelpers: Loading map 'MainMenu' took 0.767
[2018.04.16-14.28.37:257][  0]LogWindowsTextInputMethodSystem: Display: IME system now deactivated.
[2018.04.16-14.28.37:394][  0]LogCollectionManager: Loaded 0 collections in 0.002584 seconds
[2018.04.16-14.28.37:504][  0]LogFileCache: Scanning file cache for directory 'C:/Users/Samuel Jones/Documents/GitHub/VR_Courtroom/Multiplayer_Project/Saved/Collections/' took 0.01s
[2018.04.16-14.28.37:504][  0]LogFileCache: Scanning file cache for directory 'C:/Users/Samuel Jones/Documents/GitHub/VR_Courtroom/Multiplayer_Project/Content/Developers/SamuelJones/Collections/' took 0.01s
[2018.04.16-14.28.37:505][  0]LogFileCache: Scanning file cache for directory 'C:/Users/Samuel Jones/Documents/GitHub/VR_Courtroom/Multiplayer_Project/Content/Collections/' took 0.01s
[2018.04.16-14.28.37:505][  0]LogCollectionManager: Rebuilt the GUID cache for 0 collections in 0.000000 seconds
[2018.04.16-14.28.37:517][  0]LogContentBrowser: Native class hierarchy populated in 0.0123 seconds. Added 2365 classes and 522 folders.
[2018.04.16-14.28.37:622][  0]LogContentBrowser: Native class hierarchy updated for 'WidgetCarousel' in 0.0003 seconds. Added 0 classes and 0 folders.
[2018.04.16-14.28.38:003][  0]LogContentBrowser: Native class hierarchy updated for 'AddContentDialog' in 0.0003 seconds. Added 0 classes and 0 folders.
[2018.04.16-14.28.38:089][  0]LogContentBrowser: Native class hierarchy updated for 'SceneOutliner' in 0.0003 seconds. Added 1 classes and 2 folders.
[2018.04.16-14.28.38:193][  0]LogSlate: Took 0.000271 seconds to synchronously load lazily loaded font '../../../Engine/Content/Slate/Fonts/Roboto-Regular.ttf' (155K)
[2018.04.16-14.28.38:197][  0]LogSlate: Took 0.000375 seconds to synchronously load lazily loaded font '../../../Engine/Content/Slate/Fonts/Roboto-Bold.ttf' (160K)
[2018.04.16-14.28.38:209][  0]LogSlate: Took 0.004930 seconds to synchronously load lazily loaded font '../../../Engine/Content/Editor/Slate/Fonts/FontAwesome.ttf' (139K)
[2018.04.16-14.28.38:386][  0]LogRenderer: Reallocating scene render targets to support 1032x536 Format 10 NumSamples 1 (Frame:1).
[2018.04.16-14.28.38:620][  0]LogContentBrowser: Native class hierarchy updated for 'HierarchicalLODOutliner' in 0.0003 seconds. Added 1 classes and 2 folders.
[2018.04.16-14.28.38:620][  0]LogLoad: (Engine Initialization) Total time: 29.72 seconds
[2018.04.16-14.28.38:620][  0]LogLoad: (Engine Initialization) Total Blueprint compile time: 0.00 seconds
[2018.04.16-14.28.38:620][  0]LogExternalProfiler: No external profilers were discovered.  External profiling features will not be available.
[2018.04.16-14.28.38:650][  0]LogContentStreaming: Texture pool size now 1000 MB
[2018.04.16-14.28.38:724][  0]LogSlate: Took 0.000267 seconds to synchronously load lazily loaded font '../../../Engine/Content/Slate/Fonts/Roboto-Light.ttf' (159K)
[2018.04.16-14.28.39:072][  2]LogAssetRegistry: Asset discovery search completed in 18.6929 seconds
[2018.04.16-14.28.39:077][  2]LogCollectionManager: Rebuilt the object cache for 0 collections in 0.000000 seconds (found 0 objects)
[2018.04.16-14.28.39:077][  2]LogCollectionManager: Fixed up redirectors for 0 collections in 0.000088 seconds (updated 0 objects)
[2018.04.16-14.28.47:485][745]LogSlate: Took 0.000199 seconds to synchronously load lazily loaded font '../../../Engine/Content/Slate/Fonts/Roboto-Light.ttf' (159K)
[2018.04.16-14.28.47:498][745]LogLinker: Warning: Asset '../../../../../../Users/Samuel Jones/Documents/GitHub/VR_Courtroom/Multiplayer_Project/Content/Maps/Lobby.umap' has been saved with empty engine version. The asset will be loaded but may be incompatible.
[2018.04.16-14.28.47:609][745]LogLinker: Warning: Asset '../../../../../../Users/Samuel Jones/Documents/GitHub/VR_Courtroom/Multiplayer_Project/Content/Blueprints/Lobby/LobbyGM.uasset' has been saved with empty engine version. The asset will be loaded but may be incompatible.
[2018.04.16-14.28.47:767][745]LogLinker: Warning: Asset '../../../../../../Users/Samuel Jones/Documents/GitHub/VR_Courtroom/Multiplayer_Project/Content/VRPawn/Pawn.uasset' has been saved with empty engine version. The asset will be loaded but may be incompatible.
[2018.04.16-14.28.47:966][745]LogAIModule: Creating AISystem for world Lobby
[2018.04.16-14.28.47:999][745]Cmd: MAP LOAD FILE="../../../../../../Users/Samuel Jones/Documents/GitHub/VR_Courtroom/Multiplayer_Project/Content/Maps/Lobby.umap" TEMPLATE=0 SHOWPROGRESS=1 FEATURELEVEL=3
[2018.04.16-14.28.47:999][745]LightingResults: New page: Lighting Build
[2018.04.16-14.28.48:000][745]LoadErrors: New page: Loading map: Lobby.umap
[2018.04.16-14.28.48:001][745]MapCheck: New page: Map Check
[2018.04.16-14.28.48:001][745]LightingResults: New page: Lighting Build
[2018.04.16-14.28.48:112][745]LogEditorServer: Finished looking for orphan Actors (0.000 secs)
[2018.04.16-14.28.48:164][745]Cmd: MAP CHECKDEP NOCLEARLOG
[2018.04.16-14.28.48:252][745]MapCheck: Map check complete: 0 Error(s), 0 Warning(s), took 88.121ms to complete.
[2018.04.16-14.28.48:253][745]LogFileHelpers: Loading map 'Lobby' took 0.255
[2018.04.16-14.28.51:338][927]LogEditorViewport: Clicking on Actor (LMB): Pawn_C (Pawn)
[2018.04.16-14.28.58:086][220]LogSavePackage: Save=200.20ms
[2018.04.16-14.28.58:086][220]LogSavePackage: Moving '../../../../../../Users/Samuel Jones/Documents/GitHub/VR_Courtroom/Multiplayer_Project/Saved/Lobby0D157F624766C4AF1835F4A4C20929F1.tmp' to '../../../../../../Users/Samuel Jones/Documents/GitHub/VR_Courtroom/Multiplayer_Project/Content/Maps/Lobby.umap'
[2018.04.16-14.28.58:092][220]LogSavePackage: Display: Finished SavePackage ../../../../../../Users/Samuel Jones/Documents/GitHub/VR_Courtroom/Multiplayer_Project/Content/Maps/Lobby.umap
[2018.04.16-14.29.24:283][402]LogContentBrowser: Native class hierarchy updated for 'BlueprintGraph' in 0.0008 seconds. Added 116 classes and 0 folders.
[2018.04.16-14.29.25:452][402]LogSlate: Took 0.000207 seconds to synchronously load lazily loaded font '../../../Engine/Content/Slate/Fonts/Roboto-Light.ttf' (159K)
[2018.04.16-14.29.25:457][402]LogSlate: Took 0.004341 seconds to synchronously load lazily loaded font '../../../Engine/Content/Editor/Slate/Fonts/Roboto-BoldCondensed.ttf' (158K)
[2018.04.16-14.29.32:982][674]LogStreaming: Warning: Failed to read file '../../../Engine/Content/Slate/Fonts/Fonts/Roboto-Bold.ttf' error.
[2018.04.16-14.29.32:982][674]LogSlate: Warning: GetFontFace failed to load or process '../../../Engine/Content/Slate/Fonts/Fonts/Roboto-Bold.ttf'
[2018.04.16-14.29.32:985][674]LogSlate: Took 0.002495 seconds to synchronously load lazily loaded font '../../../Engine/Content/Slate/Fonts/DroidSansFallback.ttf' (3848K)
[2018.04.16-14.29.32:985][674]LogStreaming: Warning: Failed to read file '../../../Engine/Content/Slate/Fonts/Fonts/Roboto-Bold.ttf' error.
[2018.04.16-14.29.32:985][674]LogSlate: Warning: GetFontFace failed to load or process '../../../Engine/Content/Slate/Fonts/Fonts/Roboto-Bold.ttf'
[2018.04.16-14.29.32:985][674]LogStreaming: Warning: Failed to read file '../../../Engine/Content/Slate/Fonts/Fonts/Roboto-Bold.ttf' error.
[2018.04.16-14.29.32:985][674]LogSlate: Warning: GetFontFace failed to load or process '../../../Engine/Content/Slate/Fonts/Fonts/Roboto-Bold.ttf'
[2018.04.16-14.29.32:985][674]LogStreaming: Warning: Failed to read file '../../../Engine/Content/Slate/Fonts/Fonts/Roboto-Bold.ttf' error.
[2018.04.16-14.29.32:985][674]LogSlate: Warning: GetFontFace failed to load or process '../../../Engine/Content/Slate/Fonts/Fonts/Roboto-Bold.ttf'
[2018.04.16-14.29.32:985][674]LogStreaming: Warning: Failed to read file '../../../Engine/Content/Slate/Fonts/Fonts/Roboto-Bold.ttf' error.
[2018.04.16-14.29.32:985][674]LogSlate: Warning: GetFontFace failed to load or process '../../../Engine/Content/Slate/Fonts/Fonts/Roboto-Bold.ttf'
[2018.04.16-14.29.32:985][674]LogStreaming: Warning: Failed to read file '../../../Engine/Content/Slate/Fonts/Fonts/Roboto-Bold.ttf' error.
[2018.04.16-14.29.32:985][674]LogSlate: Warning: GetFontFace failed to load or process '../../../Engine/Content/Slate/Fonts/Fonts/Roboto-Bold.ttf'
[2018.04.16-14.29.32:985][674]LogStreaming: Warning: Failed to read file '../../../Engine/Content/Slate/Fonts/Fonts/Roboto-Bold.ttf' error.
[2018.04.16-14.29.32:985][674]LogSlate: Warning: GetFontFace failed to load or process '../../../Engine/Content/Slate/Fonts/Fonts/Roboto-Bold.ttf'
[2018.04.16-14.29.32:985][674]LogStreaming: Warning: Failed to read file '../../../Engine/Content/Slate/Fonts/Fonts/Roboto-Bold.ttf' error.
[2018.04.16-14.29.32:985][674]LogSlate: Warning: GetFontFace failed to load or process '../../../Engine/Content/Slate/Fonts/Fonts/Roboto-Bold.ttf'
[2018.04.16-14.29.32:986][674]LogStreaming: Warning: Failed to read file '../../../Engine/Content/Slate/Fonts/Fonts/Roboto-Bold.ttf' error.
[2018.04.16-14.29.32:986][674]LogSlate: Warning: GetFontFace failed to load or process '../../../Engine/Content/Slate/Fonts/Fonts/Roboto-Bold.ttf'
[2018.04.16-14.29.32:986][674]LogStreaming: Warning: Failed to read file '../../../Engine/Content/Slate/Fonts/Fonts/Roboto-Bold.ttf' error.
[2018.04.16-14.29.32:986][674]LogSlate: Warning: GetFontFace failed to load or process '../../../Engine/Content/Slate/Fonts/Fonts/Roboto-Bold.ttf'
[2018.04.16-14.29.32:986][674]LogStreaming: Warning: Failed to read file '../../../Engine/Content/Slate/Fonts/Fonts/Roboto-Bold.ttf' error.
[2018.04.16-14.29.32:986][674]LogSlate: Warning: GetFontFace failed to load or process '../../../Engine/Content/Slate/Fonts/Fonts/Roboto-Bold.ttf'
[2018.04.16-14.29.32:986][674]LogStreaming: Warning: Failed to read file '../../../Engine/Content/Slate/Fonts/Fonts/Roboto-Bold.ttf' error.
[2018.04.16-14.29.32:986][674]LogSlate: Warning: GetFontFace failed to load or process '../../../Engine/Content/Slate/Fonts/Fonts/Roboto-Bold.ttf'
[2018.04.16-14.29.32:986][674]LogStreaming: Warning: Failed to read file '../../../Engine/Content/Slate/Fonts/Fonts/Roboto-Bold.ttf' error.
[2018.04.16-14.29.32:986][674]LogSlate: Warning: GetFontFace failed to load or process '../../../Engine/Content/Slate/Fonts/Fonts/Roboto-Bold.ttf'
[2018.04.16-14.29.32:986][674]LogStreaming: Warning: Failed to read file '../../../Engine/Content/Slate/Fonts/Fonts/Roboto-Bold.ttf' error.
[2018.04.16-14.29.32:986][674]LogSlate: Warning: GetFontFace failed to load or process '../../../Engine/Content/Slate/Fonts/Fonts/Roboto-Bold.ttf'
[2018.04.16-14.29.32:986][674]LogStreaming: Warning: Failed to read file '../../../Engine/Content/Slate/Fonts/Fonts/Roboto-Bold.ttf' error.
[2018.04.16-14.29.32:986][674]LogSlate: Warning: GetFontFace failed to load or process '../../../Engine/Content/Slate/Fonts/Fonts/Roboto-Bold.ttf'
[2018.04.16-14.29.32:986][674]LogStreaming: Warning: Failed to read file '../../../Engine/Content/Slate/Fonts/Fonts/Roboto-Bold.ttf' error.
[2018.04.16-14.29.32:986][674]LogSlate: Warning: GetFontFace failed to load or process '../../../Engine/Content/Slate/Fonts/Fonts/Roboto-Bold.ttf'
[2018.04.16-14.29.32:986][674]LogStreaming: Warning: Failed to read file '../../../Engine/Content/Slate/Fonts/Fonts/Roboto-Bold.ttf' error.
[2018.04.16-14.29.32:986][674]LogSlate: Warning: GetFontFace failed to load or process '../../../Engine/Content/Slate/Fonts/Fonts/Roboto-Bold.ttf'
[2018.04.16-14.29.32:986][674]LogStreaming: Warning: Failed to read file '../../../Engine/Content/Slate/Fonts/Fonts/Roboto-Bold.ttf' error.
[2018.04.16-14.29.32:986][674]LogSlate: Warning: GetFontFace failed to load or process '../../../Engine/Content/Slate/Fonts/Fonts/Roboto-Bold.ttf'
[2018.04.16-14.29.32:986][674]LogStreaming: Warning: Failed to read file '../../../Engine/Content/Slate/Fonts/Fonts/Roboto-Bold.ttf' error.
[2018.04.16-14.29.32:986][674]LogSlate: Warning: GetFontFace failed to load or process '../../../Engine/Content/Slate/Fonts/Fonts/Roboto-Bold.ttf'
[2018.04.16-14.29.32:987][674]LogStreaming: Warning: Failed to read file '../../../Engine/Content/Slate/Fonts/Fonts/Roboto-Bold.ttf' error.
[2018.04.16-14.29.32:987][674]LogSlate: Warning: GetFontFace failed to load or process '../../../Engine/Content/Slate/Fonts/Fonts/Roboto-Bold.ttf'
[2018.04.16-14.29.32:987][674]LogStreaming: Warning: Failed to read file '../../../Engine/Content/Slate/Fonts/Fonts/Roboto-Bold.ttf' error.
[2018.04.16-14.29.32:987][674]LogSlate: Warning: GetFontFace failed to load or process '../../../Engine/Content/Slate/Fonts/Fonts/Roboto-Bold.ttf'
[2018.04.16-14.29.32:987][674]LogStreaming: Warning: Failed to read file '../../../Engine/Content/Slate/Fonts/Fonts/Roboto-Bold.ttf' error.
[2018.04.16-14.29.32:987][674]LogSlate: Warning: GetFontFace failed to load or process '../../../Engine/Content/Slate/Fonts/Fonts/Roboto-Bold.ttf'
[2018.04.16-14.29.32:987][674]LogStreaming: Warning: Failed to read file '../../../Engine/Content/Slate/Fonts/Fonts/Roboto-Bold.ttf' error.
[2018.04.16-14.29.32:987][674]LogSlate: Warning: GetFontFace failed to load or process '../../../Engine/Content/Slate/Fonts/Fonts/Roboto-Bold.ttf'
[2018.04.16-14.29.32:987][674]LogStreaming: Warning: Failed to read file '../../../Engine/Content/Slate/Fonts/Fonts/Roboto-Bold.ttf' error.
[2018.04.16-14.29.32:987][674]LogSlate: Warning: GetFontFace failed to load or process '../../../Engine/Content/Slate/Fonts/Fonts/Roboto-Bold.ttf'
[2018.04.16-14.29.32:987][674]LogStreaming: Warning: Failed to read file '../../../Engine/Content/Slate/Fonts/Fonts/Roboto-Bold.ttf' error.
[2018.04.16-14.29.32:987][674]LogSlate: Warning: GetFontFace failed to load or process '../../../Engine/Content/Slate/Fonts/Fonts/Roboto-Bold.ttf'
[2018.04.16-14.29.32:987][674]LogStreaming: Warning: Failed to read file '../../../Engine/Content/Slate/Fonts/Fonts/Roboto-Bold.ttf' error.
[2018.04.16-14.29.32:987][674]LogSlate: Warning: GetFontFace failed to load or process '../../../Engine/Content/Slate/Fonts/Fonts/Roboto-Bold.ttf'
[2018.04.16-14.30.33:893][867]BlueprintLog: New page: Compile LobbyMenu
[2018.04.16-14.30.33:977][867]Cmd: OBJ SAVEPACKAGE PACKAGE="/Game/UI/Lobby/LobbyMenu" FILE="../../../../../../Users/Samuel Jones/Documents/GitHub/VR_Courtroom/Multiplayer_Project/Content/UI/Lobby/LobbyMenu.uasset" SILENT=true
[2018.04.16-14.30.34:043][867]LogSavePackage: Save=58.38ms
[2018.04.16-14.30.34:044][867]LogSavePackage: Moving '../../../../../../Users/Samuel Jones/Documents/GitHub/VR_Courtroom/Multiplayer_Project/Saved/LobbyMenu252A294B44622C3FBCDFF880EDFA07C7.tmp' to '../../../../../../Users/Samuel Jones/Documents/GitHub/VR_Courtroom/Multiplayer_Project/Content/UI/Lobby/LobbyMenu.uasset'
[2018.04.16-14.30.34:047][867]LogSavePackage: Display: Finished SavePackage ../../../../../../Users/Samuel Jones/Documents/GitHub/VR_Courtroom/Multiplayer_Project/Content/UI/Lobby/LobbyMenu.uasset
[2018.04.16-14.30.51:013][411]LogSavePackage: Save=267.92ms
[2018.04.16-14.30.51:013][411]LogSavePackage: Moving '../../../../../../Users/Samuel Jones/Documents/GitHub/VR_Courtroom/Multiplayer_Project/Saved/Lobby4A9F47A744B8E9C06C2478BEF176C0E8.tmp' to '../../../../../../Users/Samuel Jones/Documents/GitHub/VR_Courtroom/Multiplayer_Project/Content/Maps/Lobby.umap'
[2018.04.16-14.30.51:017][411]LogSavePackage: Display: Finished SavePackage ../../../../../../Users/Samuel Jones/Documents/GitHub/VR_Courtroom/Multiplayer_Project/Content/Maps/Lobby.umap
[2018.04.16-14.31.08:434][204]LogTemp: Repeating last play command: Standalone Game
[2018.04.16-14.32.41:842][394]BlueprintLog: New page: Compile LobbyMenu
[2018.04.16-14.32.45:349][535]BlueprintLog: New page: Compile LobbyMenu
[2018.04.16-14.32.48:687][673]LogTemp: Repeating last play command: Standalone Game
[2018.04.16-14.34.13:189][220]LogSlate: Only BGRA pngs, bmps or icos are supported in by External Image Picker
[2018.04.16-14.34.13:288][221]LogTemp: Executing iPhonePackager certificates Engine -bundlename com.YourCompany.MultiplayerProject
[2018.04.16-14.34.13:288][221]LogTemp: CWD: C:\Program Files\Epic Games\UE_4.18\Engine\Binaries\DotNET\IOS
[2018.04.16-14.34.13:288][221]LogTemp: Initial Dir: C:\Program Files\Epic Games\UE_4.18
[2018.04.16-14.34.13:288][221]LogTemp: Env CWD: C:\Program Files\Epic Games\UE_4.18\Engine\Binaries\DotNET\IOS
[2018.04.16-14.34.13:288][221]LogTemp: BranchPath = DESKTOP-EKPT9U8/C/Program Files/Epic Games/UE_4.18/Engine/Binaries --- GameBranchPath = DESKTOP-EKPT9U8/C/Program Files/Epic Games/UE_4.18/Engine/Binaries
[2018.04.16-14.34.13:288][221]LogTemp: IPP ERROR: Could not find provision directory 'C:\Users\Samuel Jones\AppData\Local/Apple Computer/MobileDevice/Provisioning Profiles/'.
[2018.04.16-14.35.10:582][813]BlueprintLog: New page: Compile LobbyMenu
[2018.04.16-14.35.10:659][813]Cmd: OBJ SAVEPACKAGE PACKAGE="/Game/UI/Lobby/LobbyMenu" FILE="../../../../../../Users/Samuel Jones/Documents/GitHub/VR_Courtroom/Multiplayer_Project/Content/UI/Lobby/LobbyMenu.uasset" SILENT=true
[2018.04.16-14.35.10:734][813]LogSavePackage: Save=57.17ms
[2018.04.16-14.35.10:734][813]LogSavePackage: Moving '../../../../../../Users/Samuel Jones/Documents/GitHub/VR_Courtroom/Multiplayer_Project/Saved/LobbyMenuF148584741FBCDCA5257849AA62E31BE.tmp' to '../../../../../../Users/Samuel Jones/Documents/GitHub/VR_Courtroom/Multiplayer_Project/Content/UI/Lobby/LobbyMenu.uasset'
[2018.04.16-14.35.10:737][813]LogSavePackage: Display: Finished SavePackage ../../../../../../Users/Samuel Jones/Documents/GitHub/VR_Courtroom/Multiplayer_Project/Content/UI/Lobby/LobbyMenu.uasset
[2018.04.16-14.35.11:858][858]BlueprintLog: New page: Compile LobbyMenu
