"../../../Engine/Content/EngineMeshes/Humanoid.uasset" 0
"../../../Multiplayer_Project/Content/InfinityBladeWarriors/Character/CompleteCharacters/SK_Mannequin_Skeleton.uasset" 1
"../../../Multiplayer_Project/Content/InfinityBladeWarriors/Animations/ThirdPerson_Jump.uasset" 2
"../../../Multiplayer_Project/Content/InfinityBladeWarriors/Animations/ThirdPersonJump_Loop.uasset" 3
"../../../Multiplayer_Project/Content/InfinityBladeWarriors/Animations/ThirdPersonJump_Start.uasset" 4
"../../../Multiplayer_Project/Content/InfinityBladeWarriors/Animations/ThirdPersonIdle.uasset" 5
"../../../Multiplayer_Project/Content/InfinityBladeWarriors/Animations/ThirdPersonRun.uasset" 6
"../../../Multiplayer_Project/Content/InfinityBladeWarriors/Animations/ThirdPersonWalk.uasset" 7
"../../../Multiplayer_Project/Content/InfinityBladeWarriors/Animations/ThirdPerson_IdleRun_2D.uasset" 8
"../../../Engine/Content/EditorBlueprintResources/StandardMacros.uasset" 9
"../../../Multiplayer_Project/Content/InfinityBladeWarriors/Animations/0_BaseAnimBP.uasset" 10
"../../../Multiplayer_Project/Content/InfinityBladeWarriors/Character/CompleteCharacters/Textures_Materials/CharM_Base/T_CharM_Base_D.uasset" 11
"../../../Multiplayer_Project/Content/InfinityBladeWarriors/Character/CompleteCharacters/Textures_Materials/CharM_Base/T_CharM_Base_M.uasset" 12
"../../../Multiplayer_Project/Content/InfinityBladeWarriors/Character/CompleteCharacters/Textures_Materials/CharM_Base/T_CharM_Base_N.uasset" 13
"../../../Multiplayer_Project/Content/InfinityBladeWarriors/Character/CompleteCharacters/Textures_Materials/CharM_Base/M_CharM_Base.uasset" 14
"../../../Multiplayer_Project/Content/InfinityBladeWarriors/Character/CompleteCharacters/sk_CharM_Base.uasset" 15
"../../../Multiplayer_Project/Content/Blueprints/Characters/0_Base.uasset" 16
"../../../Multiplayer_Project/Content/InfinityBladeWarriors/Character/CompleteCharacters/SK_CharM_Barbarous.uasset" 17
"../../../Multiplayer_Project/Content/Blueprints/Characters/Barbarous.uasset" 18
"../../../Multiplayer_Project/Content/InfinityBladeWarriors/Character/CompleteCharacters/Textures_Materials/CharM_Forge/CharM_Forge_D.uasset" 19
"../../../Multiplayer_Project/Content/InfinityBladeWarriors/Character/CompleteCharacters/Textures_Materials/CharM_Forge/CharM_Forge_N.uasset" 20
"../../../Multiplayer_Project/Content/InfinityBladeWarriors/Character/CompleteCharacters/Textures_Materials/CharM_Forge/M_Char_Forge.uasset" 21
"../../../Multiplayer_Project/Content/InfinityBladeWarriors/Character/CompleteCharacters/SK_CharM_Forge.uasset" 22
"../../../Multiplayer_Project/Content/Blueprints/Characters/Forge.uasset" 23
"../../../Multiplayer_Project/Content/Blueprints/Characters/Frosty.uasset" 24
"../../../Multiplayer_Project/Content/InfinityBladeWarriors/Character/CompleteCharacters/SK_CharM_Natural.uasset" 25
"../../../Multiplayer_Project/Content/Blueprints/Characters/Natural.uasset" 26
"../../../Multiplayer_Project/Content/InfinityBladeWarriors/Character/CompleteCharacters/Textures_Materials/CharM_Pit/T_CharM_Pit_D.uasset" 27
"../../../Multiplayer_Project/Content/InfinityBladeWarriors/Character/CompleteCharacters/Textures_Materials/CharM_Pit/T_CharM_Pit_Mask.uasset" 28
"../../../Multiplayer_Project/Content/InfinityBladeWarriors/Character/CompleteCharacters/Textures_Materials/CharM_Pit/T_CharM_Pit_N.uasset" 29
"../../../Multiplayer_Project/Content/InfinityBladeWarriors/Character/CompleteCharacters/Textures_Materials/CharM_Pit/M_Char_Pit.uasset" 30
"../../../Multiplayer_Project/Content/InfinityBladeWarriors/Character/CompleteCharacters/SK_CharM_Pit.uasset" 31
"../../../Multiplayer_Project/Content/Blueprints/Characters/Pit.uasset" 32
"../../../Multiplayer_Project/Content/InfinityBladeWarriors/Character/CompleteCharacters/Textures_Materials/CharM_Robo/T_CharM_Robo_D.uasset" 33
"../../../Multiplayer_Project/Content/InfinityBladeWarriors/Character/CompleteCharacters/Textures_Materials/CharM_Robo/T_CharM_Robo_N.uasset" 34
"../../../Multiplayer_Project/Content/InfinityBladeWarriors/Character/CompleteCharacters/Textures_Materials/CharM_Robo/M_Char_Robo.uasset" 35
"../../../Multiplayer_Project/Content/InfinityBladeWarriors/Character/CompleteCharacters/SK_CharM_Robo.uasset" 36
"../../../Multiplayer_Project/Content/Blueprints/Characters/Robo.uasset" 37
"../../../Multiplayer_Project/Content/InfinityBladeWarriors/Character/CompleteCharacters/Textures_Materials/CharM_Tusk/T_CharM_Tusk_D.uasset" 38
"../../../Multiplayer_Project/Content/InfinityBladeWarriors/Character/CompleteCharacters/Textures_Materials/CharM_Tusk/T_CharM_Tusk_E.uasset" 39
"../../../Multiplayer_Project/Content/InfinityBladeWarriors/Character/CompleteCharacters/Textures_Materials/CharM_Tusk/T_CharM_Tusk_N.uasset" 40
"../../../Multiplayer_Project/Content/InfinityBladeWarriors/Character/CompleteCharacters/Textures_Materials/CharM_Tusk/M_Char_Tusk.uasset" 41
"../../../Multiplayer_Project/Content/InfinityBladeWarriors/Character/CompleteCharacters/SK_CharM_Tusk.uasset" 42
"../../../Multiplayer_Project/Content/Blueprints/Characters/Tusk.uasset" 43
"../../../Multiplayer_Project/Content/InfinityBladeWarriors/Character/CompleteCharacters/SK_CharM_Warrior.uasset" 44
"../../../Multiplayer_Project/Content/Blueprints/Characters/Warrior.uasset" 45
"../../../Multiplayer_Project/Content/InfinityBladeWarriors/Character/CompleteCharacters/Textures_Materials/CharM_Pit/T_CharM_Trench_D.uasset" 46
"../../../Multiplayer_Project/Content/InfinityBladeWarriors/Character/CompleteCharacters/Textures_Materials/CharM_Pit/M_Char_Pit2.uasset" 47
"../../../Multiplayer_Project/Content/InfinityBladeWarriors/Character/CompleteCharacters/Textures_Materials/CharM_Pit/T_CharM_Pit3_D.uasset" 48
"../../../Multiplayer_Project/Content/InfinityBladeWarriors/Character/CompleteCharacters/Textures_Materials/CharM_Pit/M_Char_Pit3.uasset" 49
"../../../Multiplayer_Project/Content/InfinityBladeWarriors/Character/CompleteCharacters/Textures_Materials/CharM_Pit/T_CharM_Gorge_D.uasset" 50
"../../../Multiplayer_Project/Content/InfinityBladeWarriors/Character/CompleteCharacters/Textures_Materials/CharM_Ram/T_CharM_Ram_C_D.uasset" 51
"../../../Multiplayer_Project/Content/InfinityBladeWarriors/Character/CompleteCharacters/Textures_Materials/CharM_Ram/T_CharM_Ram_D.uasset" 52
"../../../Multiplayer_Project/Content/Mannequin/Character/Mesh/UE4_Mannequin_Skeleton.uasset" 53
"../../../Multiplayer_Project/Content/Mannequin/Animations/ThirdPersonJump_End.uasset" 54
"../../../Multiplayer_Project/Content/StarterContent/Materials/M_Basic_Wall.uasset" 55
"../../../Multiplayer_Project/Content/StarterContent/Architecture/Pillar_50x500.uasset" 56
"../../../Multiplayer_Project/Content/StarterContent/Architecture/Wall_400x300.uasset" 57
"../../../Multiplayer_Project/Content/StarterContent/Architecture/Wall_400x400.uasset" 58
"../../../Multiplayer_Project/Content/StarterContent/Architecture/Wall_500x500.uasset" 59
"../../../Multiplayer_Project/Content/StarterContent/Architecture/Wall_Door_400x400.uasset" 60
"../../../Multiplayer_Project/Content/StarterContent/Architecture/Wall_Window_400x400.uasset" 61
"../../../Multiplayer_Project/Content/StarterContent/Audio/Light01_Cue.uasset" 62
"../../../Multiplayer_Project/Content/StarterContent/Audio/Light02_Cue.uasset" 63
"../../../Multiplayer_Project/Content/StarterContent/Audio/Explosion_Cue.uasset" 64
"../../../Multiplayer_Project/Content/StarterContent/Textures/T_Burst_M.uasset" 65
"../../../Multiplayer_Project/Content/StarterContent/Particles/Materials/M_Burst.uasset" 66
"../../../Multiplayer_Project/Content/StarterContent/Textures/T_Explosion_SubUV.uasset" 67
"../../../Multiplayer_Project/Content/StarterContent/Particles/Materials/M_explosion_subUV.uasset" 68
"../../../Multiplayer_Project/Content/StarterContent/Particles/Materials/m_flare_01.uasset" 69
"../../../Engine/Content/Functions/Engine_MaterialFunctions01/Gradient/RadialGradient.uasset" 70
"../../../Multiplayer_Project/Content/StarterContent/Particles/Materials/M_radial_ramp.uasset" 71
"../../../Multiplayer_Project/Content/StarterContent/Textures/T_Smoke_SubUV.uasset" 72
"../../../Multiplayer_Project/Content/StarterContent/Textures/T_Smoke_Tiled_D.uasset" 73
"../../../Multiplayer_Project/Content/StarterContent/Particles/Materials/M_smoke_subUV.uasset" 74
"../../../Multiplayer_Project/Content/StarterContent/Particles/P_Explosion.uasset" 75
"../../../Multiplayer_Project/Content/StarterContent/Blueprints/Blueprint_Effect_Explosion.uasset" 76
"../../../Engine/Content/EditorMeshes/ColorCalibrator/T_ColorGrid.uasset" 77
"../../../Multiplayer_Project/Content/StarterContent/Materials/M_ColorGrid_LowSpec.uasset" 78
"../../../Multiplayer_Project/Content/StarterContent/Textures/T_Bush_D.uasset" 79
"../../../Multiplayer_Project/Content/StarterContent/Textures/T_Bush_N.uasset" 80
"../../../Multiplayer_Project/Content/StarterContent/Props/Materials/M_Bush.uasset" 81
"../../../Multiplayer_Project/Content/StarterContent/Props/SM_Bush.uasset" 82
"../../../Multiplayer_Project/Content/StarterContent/Textures/T_Chair_M.uasset" 83
"../../../Multiplayer_Project/Content/StarterContent/Textures/T_Chair_N.uasset" 84
"../../../Multiplayer_Project/Content/StarterContent/Props/Materials/M_Chair.uasset" 85
"../../../Multiplayer_Project/Content/StarterContent/Props/SM_Couch.uasset" 86
"../../../Multiplayer_Project/Content/StarterContent/Materials/M_Glass.uasset" 87
"../../../Multiplayer_Project/Content/StarterContent/Textures/T_Door_M.uasset" 88
"../../../Multiplayer_Project/Content/StarterContent/Textures/T_Door_N.uasset" 89
"../../../Multiplayer_Project/Content/StarterContent/Props/Materials/M_Door.uasset" 90
"../../../Multiplayer_Project/Content/StarterContent/Props/SM_Door.uasset" 91
"../../../Multiplayer_Project/Content/StarterContent/Props/Materials/M_MaterialSphere.uasset" 92
"../../../Multiplayer_Project/Content/StarterContent/Props/Materials/M_MaterialSphere_Plain.uasset" 93
"../../../Multiplayer_Project/Content/StarterContent/Props/SM_MatPreviewMesh_02.uasset" 94
"../../../Engine/Content/Functions/Engine_MaterialFunctions02/Utility/BlendAngleCorrectedNormals.uasset" 95
"../../../Multiplayer_Project/Content/StarterContent/Textures/T_Detail_Rocky_N.uasset" 96
"../../../Multiplayer_Project/Content/StarterContent/Textures/T_Rock_Basalt_D.uasset" 97
"../../../Multiplayer_Project/Content/StarterContent/Textures/T_RockMesh_M.uasset" 98
"../../../Multiplayer_Project/Content/StarterContent/Textures/T_RockMesh_N.uasset" 99
"../../../Multiplayer_Project/Content/StarterContent/Props/Materials/M_Rock.uasset" 100
"../../../Multiplayer_Project/Content/StarterContent/Props/SM_Rock.uasset" 101
"../../../Multiplayer_Project/Content/StarterContent/Textures/T_Shelf_M.uasset" 102
"../../../Multiplayer_Project/Content/StarterContent/Textures/T_Shelf_N.uasset" 103
"../../../Multiplayer_Project/Content/StarterContent/Props/Materials/M_Shelf.uasset" 104
"../../../Multiplayer_Project/Content/StarterContent/Props/SM_Shelf.uasset" 105
"../../../Multiplayer_Project/Content/StarterContent/Materials/M_Basic_Floor.uasset" 106
"../../../Multiplayer_Project/Content/StarterContent/Props/SM_Stairs.uasset" 107
"../../../Multiplayer_Project/Content/StarterContent/Shapes/Shape_Cone.uasset" 108
"../../../Multiplayer_Project/Content/StarterContent/Shapes/Shape_Cylinder.uasset" 109
"../../../Multiplayer_Project/Content/StarterContent/Shapes/Shape_NarrowCapsule.uasset" 110
"../../../Multiplayer_Project/Content/StarterContent/Shapes/Shape_Pipe.uasset" 111
"../../../Multiplayer_Project/Content/StarterContent/Shapes/Shape_Pipe_180.uasset" 112
"../../../Multiplayer_Project/Content/StarterContent/Shapes/Shape_Pipe_90.uasset" 113
"../../../Multiplayer_Project/Content/StarterContent/Shapes/Shape_Plane.uasset" 114
"../../../Multiplayer_Project/Content/StarterContent/Shapes/Shape_Torus.uasset" 115
"../../../Multiplayer_Project/Content/StarterContent/Shapes/Shape_Trim.uasset" 116
"../../../Multiplayer_Project/Content/StarterContent/Shapes/Shape_Trim_90_In.uasset" 117
"../../../Multiplayer_Project/Content/StarterContent/Shapes/Shape_Trim_90_Out.uasset" 118
"../../../Multiplayer_Project/Content/StarterContent/Shapes/Shape_TriPyramid.uasset" 119
"../../../Multiplayer_Project/Content/StarterContent/Shapes/Shape_Tube.uasset" 120
"../../../Multiplayer_Project/Content/StarterContent/Shapes/Shape_Wedge_A.uasset" 121
"../../../Multiplayer_Project/Content/StarterContent/Shapes/Shape_Wedge_B.uasset" 122
"../../../Multiplayer_Project/Content/StarterContent/Shapes/Shape_WideCapsule.uasset" 123
"../../../Multiplayer_Project/Content/Textures/Arena01.uasset" 124
"../../../Multiplayer_Project/Content/Textures/Arena02.uasset" 125
"../../../Multiplayer_Project/Content/Textures/Barbourous.uasset" 126
"../../../Multiplayer_Project/Content/Textures/Forge.uasset" 127
"../../../Multiplayer_Project/Content/Textures/Natural.uasset" 128
"../../../Multiplayer_Project/Content/Mannequin/Animations/ThirdPerson_Jump.uasset" 129
"../../../Multiplayer_Project/Content/Mannequin/Animations/ThirdPersonJump_Loop.uasset" 130
"../../../Multiplayer_Project/Content/Mannequin/Animations/ThirdPersonJump_Start.uasset" 131
"../../../Multiplayer_Project/Content/Mannequin/Animations/ThirdPersonIdle.uasset" 132
"../../../Multiplayer_Project/Content/Mannequin/Animations/ThirdPersonRun.uasset" 133
"../../../Multiplayer_Project/Content/Mannequin/Animations/ThirdPersonWalk.uasset" 134
"../../../Multiplayer_Project/Content/Mannequin/Animations/ThirdPerson_IdleRun_2D.uasset" 135
"../../../Multiplayer_Project/Content/Mannequin/Animations/ThirdPerson_AnimBP.uasset" 136
"../../../Engine/Content/Functions/MaterialLayerFunctions/MatLayerBlend_NormalBlend.uasset" 137
"../../../Engine/Content/Functions/MaterialLayerFunctions/MatLayerBlend_Simple.uasset" 138
"../../../Multiplayer_Project/Content/Mannequin/Character/Materials/MaterialLayers/T_ML_Rubber_Blue_01_D.uasset" 139
"../../../Multiplayer_Project/Content/Mannequin/Character/Materials/MaterialLayers/T_ML_Rubber_Blue_01_N.uasset" 140
"../../../Multiplayer_Project/Content/Mannequin/Character/Materials/MaterialLayers/ML_GlossyBlack_Latex_UE4.uasset" 141
"../../../Multiplayer_Project/Content/Mannequin/Character/Materials/MaterialLayers/ML_Plastic_Shiny_Beige.uasset" 142
"../../../Multiplayer_Project/Content/Mannequin/Character/Textures/UE4_LOGO_CARD.uasset" 143
"../../../Multiplayer_Project/Content/Mannequin/Character/Materials/MaterialLayers/ML_Plastic_Shiny_Beige_LOGO.uasset" 144
"../../../Multiplayer_Project/Content/Mannequin/Character/Materials/MaterialLayers/T_ML_Aluminum01.uasset" 145
"../../../Multiplayer_Project/Content/Mannequin/Character/Materials/MaterialLayers/T_ML_Aluminum01_N.uasset" 146
"../../../Multiplayer_Project/Content/Mannequin/Character/Materials/MaterialLayers/ML_SoftMetal_UE4.uasset" 147
"../../../Multiplayer_Project/Content/Mannequin/Character/Textures/UE4_Mannequin__normals.uasset" 148
"../../../Multiplayer_Project/Content/Mannequin/Character/Textures/UE4_Mannequin_MAT_MASKA.uasset" 149
"../../../Multiplayer_Project/Content/Mannequin/Character/Materials/M_UE4Man_Body.uasset" 150
"../../../Multiplayer_Project/Content/Mannequin/Character/Textures/UE4Man_Logo_N.uasset" 151
"../../../Multiplayer_Project/Content/Mannequin/Character/Materials/M_UE4Man_ChestLogo.uasset" 152
"../../../Multiplayer_Project/Content/Mannequin/Character/Mesh/SK_Mannequin_PhysicsAsset.uasset" 153
"../../../Multiplayer_Project/Content/Mannequin/Character/Mesh/SK_Mannequin.uasset" 154
"../../../Multiplayer_Project/Content/Blueprints/AllLevels/PlayerInfo.uasset" 155
"../../../Multiplayer_Project/Content/Blueprints/AllLevels/PlayerSaveGame.uasset" 156
"../../../Multiplayer_Project/Content/StarterContent/Textures/T_Brick_Clay_Old_D.uasset" 157
"../../../Multiplayer_Project/Content/StarterContent/Textures/T_Brick_Hewn_Stone_D.uasset" 158
"../../../Multiplayer_Project/Content/UI/MainMenu/OptionsMenu.uasset" 159
"../../../Multiplayer_Project/Content/UI/AllLevles/LoadingScreen.uasset" 160
"../../../Multiplayer_Project/Content/UI/Lobby/Settings.uasset" 161
"../../../Multiplayer_Project/Content/UI/Lobby/Transcript.uasset" 162
"../../../Multiplayer_Project/Content/UI/Lobby/InGame.uasset" 163
"../../../Multiplayer_Project/Content/UI/Lobby/Evidence.uasset" 164
"../../../Multiplayer_Project/Content/UI/MainMenu/HostMenu.uasset" 165
"../../../Multiplayer_Project/Content/UI/MainMenu/MainMenu.uasset" 166
"../../../Multiplayer_Project/Content/UI/MainMenu/ServerMenu.uasset" 167
"../../../Multiplayer_Project/Content/Blueprints/AllLevels/GameInfoInstance.uasset" 168
"../../../Multiplayer_Project/Content/UI/Lobby/LobbyMenu.uasset" 169
"../../../Multiplayer_Project/Content/ThirdPersonBP/Blueprints/ThirdPersonCharacter.uasset" 170
"../../../Multiplayer_Project/Content/ThirdPersonBP/Blueprints/ThirdPersonGameMode.uasset" 171
"../../../Multiplayer_Project/Content/UI/AllLevles/ChatText.uasset" 172
"../../../Multiplayer_Project/Content/UI/AllLevles/ChatWindow.uasset" 173
"../../../Multiplayer_Project/Content/UI/AllLevles/GameplayChat.uasset" 174
"../../../Multiplayer_Project/Content/UI/MainMenu/ErrorDialog.uasset" 175
"../../../Engine/Content/Functions/Engine_MaterialFunctions01/Opacity/CameraDepthFade.uasset" 176
"../../../Engine/Content/EngineMaterials/T_Default_Material_Grid_M.uasset" 177
"../../../Engine/Content/EngineMaterials/T_Default_Material_Grid_N.uasset" 178
"../../../Engine/Content/EngineMaterials/DefaultMaterial.uasset" 179
"../../../Engine/Content/BasicShapes/Cone.uasset" 180
"../../../Engine/Content/BasicShapes/Cylinder.uasset" 181
"../../../Engine/Content/EngineMaterials/WorldGridMaterial.uasset" 182
"../../../Engine/Content/BasicShapes/Plane.uasset" 183
"../../../Engine/Content/BasicShapes/Sphere.uasset" 184
"../../../Engine/Content/EditorLandscapeResources/DataLayer.uasset" 185
"../../../Engine/Content/EditorMaterials/GizmoMaterial.uasset" 186
"../../../Engine/Content/EditorMaterials/MAT_Groups_Toggle.uasset" 187
"../../../Engine/Content/EditorMaterials/MAT_Groups_Visibility.uasset" 188
"../../../Engine/Content/EditorMaterials/PreviewShadowIndicator.uasset" 189
"../../../Engine/Content/EditorMaterials/PreviewShadowIndicatorMaterial.uasset" 190
"../../../Engine/Content/EditorMaterials/MatineeGroups/MAT_ColorTrack.uasset" 191
"../../../Engine/Content/EditorMaterials/MatineeGroups/MAT_Groups_Anim.uasset" 192
"../../../Engine/Content/EditorMaterials/MatineeGroups/MAT_Groups_AudioMaster.uasset" 193
"../../../Engine/Content/EditorMaterials/MatineeGroups/MAT_Groups_Director.uasset" 194
"../../../Engine/Content/EditorMaterials/MatineeGroups/MAT_Groups_Event.uasset" 195
"../../../Engine/Content/EditorMaterials/MatineeGroups/MAT_Groups_Fade.uasset" 196
"../../../Engine/Content/EditorMaterials/MatineeGroups/MAT_Groups_Float.uasset" 197
"../../../Engine/Content/EditorMaterials/MatineeGroups/MAT_Groups_Move.uasset" 198
"../../../Engine/Content/EditorMaterials/MatineeGroups/MAT_Groups_Slomo.uasset" 199
"../../../Engine/Content/EditorMaterials/MatineeGroups/MAT_Groups_Sound.uasset" 200
"../../../Engine/Content/EditorMaterials/MatineeGroups/MAT_Groups_Vector.uasset" 201
"../../../Engine/Content/EditorMaterials/ParticleSystems/PSysThumbnail_NoImage.uasset" 202
"../../../Engine/Content/EditorMaterials/ParticleSystems/PSysThumbnail_OOD.uasset" 203
"../../../Engine/Content/EditorMaterials/Camera/CineMat.uasset" 204
"../../../Engine/Content/EditorMaterials/Camera/MI_CineMat_Rig.uasset" 205
"../../../Engine/Content/EditorMeshes/Camera/SM_CraneRig_Arm.uasset" 206
"../../../Engine/Content/EditorMeshes/Camera/SM_CraneRig_Base.uasset" 207
"../../../Engine/Content/EditorMeshes/Camera/SM_CraneRig_Body.uasset" 208
"../../../Engine/Content/EditorMeshes/Camera/SM_CraneRig_Mount.uasset" 209
"../../../Engine/Content/EditorMeshes/Camera/SM_RailRig_Mount.uasset" 210
"../../../Engine/Content/EditorMeshes/Camera/SM_RailRig_Track.uasset" 211
"../../../Engine/Content/EditorResources/BSPVertex.uasset" 212
"../../../Engine/Content/EditorResources/EmptyActor.uasset" 213
"../../../Engine/Content/EditorResources/S_Actor.uasset" 214
"../../../Engine/Content/EditorResources/S_Trigger.uasset" 215
"../../../Engine/Content/EditorResources/AudioIcons/S_AudioComponent.uasset" 216
"../../../Engine/Content/EditorResources/AudioIcons/S_AudioComponent_AutoActivate.uasset" 217
"../../../Engine/Content/EditorResources/LightIcons/S_LightError.uasset" 218
"../../../Engine/Content/EditorResources/SequenceRecorder/Countdown.uasset" 219
"../../../Engine/Content/EditorResources/SequenceRecorder/RecordingIndicator.uasset" 220
"../../../Engine/Content/EditorSounds/Notifications/CompileFailed.uasset" 221
"../../../Engine/Content/EditorSounds/Notifications/CompileFailed_Cue.uasset" 222
"../../../Engine/Content/EditorSounds/Notifications/CompileSuccess.uasset" 223
"../../../Engine/Content/EditorSounds/Notifications/CompileStart_Cue.uasset" 224
"../../../Engine/Content/EditorSounds/Notifications/CompileSuccess_Cue.uasset" 225
"../../../Engine/Content/EngineDamageTypes/DmgTypeBP_Environmental.uasset" 226
"../../../Engine/Content/EngineDebugMaterials/HeatmapGradient.uasset" 227
"../../../Engine/Content/EngineDebugMaterials/BoneWeightMaterial.uasset" 228
"../../../Engine/Content/EngineDebugMaterials/ClothMaterial.uasset" 229
"../../../Engine/Content/EngineDebugMaterials/ClothMaterial_WF.uasset" 230
"../../../Engine/Content/EngineDebugMaterials/DebugEditorMaterial.uasset" 231
"../../../Engine/Content/EngineDebugMaterials/DebugMeshMaterial.uasset" 232
"../../../Engine/Content/EngineDebugMaterials/GeomMaterial.uasset" 233
"../../../Engine/Content/EngineFonts/Faces/RobotoBold.uasset" 234
"../../../Engine/Content/EngineFonts/Faces/RobotoBoldItalic.uasset" 235
"../../../Engine/Content/EngineFonts/Faces/RobotoItalic.uasset" 236
"../../../Engine/Content/EngineFonts/Faces/RobotoLight.uasset" 237
"../../../Engine/Content/EngineFonts/Faces/RobotoRegular.uasset" 238
"../../../Engine/Content/EngineFonts/Roboto.uasset" 239
"../../../Engine/Content/EngineFonts/Faces/RobotoTiny.uasset" 240
"../../../Engine/Content/EngineFonts/RobotoTiny.uasset" 241
"../../../Engine/Content/EngineMaterials/DefaultBloomKernel.uasset" 242
"../../../Engine/Content/EngineMaterials/DefaultBokeh.uasset" 243
"../../../Engine/Content/EngineMaterials/DefaultDiffuse.uasset" 244
"../../../Engine/Content/EngineMaterials/DefaultDeferredDecalMaterial.uasset" 245
"../../../Engine/Content/EngineMaterials/DefaultLightFunctionMaterial.uasset" 246
"../../../Engine/Content/EngineMaterials/DefaultPhysicalMaterial.uasset" 247
"../../../Engine/Content/Functions/Engine_MaterialFunctions02/Utility/BreakOutFloat2Components.uasset" 248
"../../../Engine/Content/EngineMaterials/DefaultPostProcessMaterial.uasset" 249
"../../../Engine/Content/EngineFonts/RobotoDistanceField.uasset" 250
"../../../Engine/Content/EngineMaterials/DefaultTextMaterialOpaque.uasset" 251
"../../../Engine/Content/EngineMaterials/DefaultWhiteGrid.uasset" 252
"../../../Engine/Content/EngineMaterials/EditorBrushMaterial.uasset" 253
"../../../Engine/Content/EngineMaterials/Good64x64TilingNoiseHighFreq.uasset" 254
"../../../Engine/Content/EngineMaterials/MiniFont.uasset" 255
"../../../Engine/Content/EngineMaterials/InvalidLightmapSettings.uasset" 256
"../../../Engine/Content/EngineMaterials/M_InvalidLightmapSettings.uasset" 257
"../../../Engine/Content/Functions/Engine_MaterialFunctions02/WorldPositionOffset/CameraOffset.uasset" 258
"../../../Engine/Content/EngineMaterials/PhAT_JointLimitMaterial.uasset" 259
"../../../Engine/Content/EngineMaterials/PreintegratedSkinBRDF.uasset" 260
"../../../Engine/Content/EngineMaterials/RemoveSurfaceMaterial.uasset" 261
"../../../Engine/Content/EngineMaterials/WeightMapPlaceholderTexture.uasset" 262
"../../../Engine/Content/EngineResources/WhiteSquareTexture.uasset" 263
"../../../Engine/Content/EngineMaterials/Widget3DPassThrough.uasset" 264
"../../../Engine/Content/EngineMaterials/Widget3DPassThrough_Masked.uasset" 265
"../../../Engine/Content/EngineMaterials/Widget3DPassThrough_Opaque.uasset" 266
"../../../Engine/Content/EngineMaterials/Widget3DPassThrough_Masked_OneSided.uasset" 267
"../../../Engine/Content/EngineMaterials/Widget3DPassThrough_Opaque_OneSided.uasset" 268
"../../../Engine/Content/EngineMaterials/Widget3DPassThrough_Translucent.uasset" 269
"../../../Engine/Content/EngineMaterials/Widget3DPassThrough_Translucent_OneSided.uasset" 270
"../../../Engine/Content/EngineMeshes/Cube.uasset" 271
"../../../Engine/Content/EngineMeshes/Cylinder.uasset" 272
"../../../Engine/Content/EngineMeshes/Sphere.uasset" 273
"../../../Engine/Content/EngineResources/Black.uasset" 274
"../../../Engine/Content/EngineResources/DefaultTexture.uasset" 275
"../../../Engine/Content/EngineResources/DefaultTextureCube.uasset" 276
"../../../Engine/Content/EngineResources/GradientTexture0.uasset" 277
"../../../Engine/Content/EngineSounds/Master.uasset" 278
"../../../Engine/Content/Functions/Engine_MaterialFunctions01/Shading/ConvertFromDiffSpec.uasset" 279
"../../../Engine/Content/Functions/Engine_MaterialFunctions01/Shading/PowerToRoughness.uasset" 280
"../../../Engine/Content/Maps/Templates/Thumbnails/Default.uasset" 281
"../../../Engine/Content/Maps/Templates/Thumbnails/VR-Basic.uasset" 282
"../../../Engine/Content/MobileResources/T_MobileControls_texture.uasset" 283
"../../../Engine/Content/MobileResources/T_MobileMenu2.uasset" 284
"../../../Engine/Content/MobileResources/HUD/AnalogHat.uasset" 285
"../../../Engine/Content/MobileResources/HUD/VirtualJoystick_Background.uasset" 286
"../../../Engine/Content/MobileResources/HUD/VirtualJoystick_Thumb.uasset" 287
"../../../Engine/Content/MobileResources/HUD/DefaultVirtualJoysticks.uasset" 288
"../../../Engine/Content/MobileResources/HUD/LeftVirtualJoystickOnly.uasset" 289
"../../../Engine/Content/MobileResources/HUD/MobileHUDButton1_off.uasset" 290
"../../../Engine/Content/MobileResources/HUD/MobileHUDButton1_on.uasset" 291
"../../../Engine/Content/MobileResources/HUD/MobileHUDButton2_off.uasset" 292
"../../../Engine/Content/MobileResources/HUD/MobileHUDButton2_on.uasset" 293
"../../../Engine/Content/MobileResources/HUD/MobileHUDButton3.uasset" 294
"../../../Engine/Content/MobileResources/HUD/MobileHUDButtonFire.uasset" 295
"../../../Engine/Content/MobileResources/HUD/MobileHUDDirectionPad.uasset" 296
"../../../Engine/Content/MobileResources/HUD/MobileHUDDirectionPad2.uasset" 297
"../../../Engine/Content/MobileResources/HUD/MobileHUDDirectionPad3.uasset" 298
"../../../Engine/Content/MobileResources/HUD/MobileHUDDirectionStick.uasset" 299
"../../../Engine/Content/MobileResources/HUD/T_Castle_ThumbstickInner.uasset" 300
"../../../Engine/Content/MobileResources/HUD/T_Castle_ThumbstickOutter.uasset" 301
"../../../Engine/Content/Tutorial/ContentIntroCurve.uasset" 302
"../../../Engine/Content/Tutorial/Basics/TutorialAssets/icon_tab_Levels_40x.uasset" 303
"../../../Engine/Content/Tutorial/BlueprintTutorials/TutorialAssets/BlueprintInterface_64x.uasset" 304
"../../../Engine/Content/Tutorial/BlueprintTutorials/TutorialAssets/BlueprintMacroLibrary_64x.uasset" 305
"../../../Engine/Content/Tutorial/BlueprintTutorials/TutorialAssets/Blueprint_64x.uasset" 306
"../../../Engine/Content/Tutorial/BlueprintTutorials/TutorialAssets/Tutorial_BP_Interface.uasset" 307
"../../../Engine/Content/Tutorial/Foliage/TutorialAssets/Foliage.uasset" 308
"../../../Engine/Content/Tutorial/Landscape/TutorialAssets/Landscape.uasset" 309
"../../../Engine/Content/Tutorial/Paper2D/TutorialAssets/Paper2DFlipbook_TutorialIcon.uasset" 310
"../../../Engine/Content/Tutorial/Paper2D/TutorialAssets/Paper2DSprite_TutorialIcon.uasset" 311
"../../../Engine/Content/Tutorial/SubEditors/TutorialAssets/icon_Editor_Preferences_General_40x.uasset" 312
"../../../Engine/Content/Tutorial/SubEditors/TutorialAssets/icon_ShowSkeletalMeshes_40x.uasset" 313
"../../../Engine/Content/Tutorial/SubEditors/TutorialAssets/TutorialMaterial.uasset" 314
"../../../Engine/Content/Tutorial/SubEditors/TutorialAssets/T_SmokeSubUV_8X8.uasset" 315
"../../../Engine/Content/Tutorial/SubEditors/TutorialAssets/T_soft_smoke.uasset" 316
"../../../Engine/Content/Tutorial/SubEditors/TutorialAssets/M_smoke_subUV_blackbody.uasset" 317
"../../../Engine/Content/Tutorial/SubEditors/TutorialAssets/TutorialParticleSystem.uasset" 318
"../../../Engine/Content/VREditor/Devices/Generic/GenericHMDMaterial.uasset" 319
"../../../Engine/Content/VREditor/Devices/Generic/GenericHMD.uasset" 320
"../../../Engine/Content/VREditor/FloatingText/LineMaterial.uasset" 321
"../../../Engine/Content/VREditor/FloatingText/JointSphere.uasset" 322
"../../../Engine/Content/VREditor/FloatingText/LineSegmentCylinder.uasset" 323
"../../../Engine/Content/VREditor/Fonts/VRText_RobotoLarge.uasset" 324
"../../../Engine/Content/VREditor/Fonts/VRTextMaterial.uasset" 325
"../../../Engine/Content/VREditor/Fonts/TranslucentVRTextMaterial.uasset" 326
"../../../Engine/Content/VREditor/LaserPointer/CursorPointer.uasset" 327
"../../../Engine/Content/VREditor/LaserPointer/VR_LaserPower_01.uasset" 328
"../../../Engine/Content/VREditor/TransformGizmo/TransformGizmoMaterial.uasset" 329
"../../../Engine/Content/VREditor/LaserPointer/HoverMaterial.uasset" 330
"../../../Engine/Content/VREditor/TransformGizmo/TranslucentTransformGizmoMaterial.uasset" 331
"../../../Engine/Content/VREditor/LaserPointer/TranslucentHoverMaterial.uasset" 332
"../../../Engine/Content/VREditor/LaserPointer/HoverMesh.uasset" 333
"../../../Engine/Content/VREditor/LaserPointer/LaserPointerMaterial.uasset" 334
"../../../Engine/Content/VREditor/LaserPointer/LaserPointerMaterialInst.uasset" 335
"../../../Engine/Content/VREditor/LaserPointer/TranslucentLaserPointerMaterialInst.uasset" 336
"../../../Engine/Content/VREditor/LaserPointer/LaserPointerMesh.uasset" 337
"../../../Engine/Content/VREditor/LaserPointer/LaserPointerMesh_End.uasset" 338
"../../../Engine/Content/VREditor/LaserPointer/LaserPointerMesh_Start.uasset" 339
"../../../Engine/Content/Functions/Engine_MaterialFunctions02/Utility/BreakOutFloat3Components.uasset" 340
"../../../Engine/Content/Functions/Engine_MaterialFunctions02/Math/Transform3x3Matrix.uasset" 341
"../../../Engine/Content/Functions/Engine_MaterialFunctions02/SplitComponents.uasset" 342
"../../../Engine/Content/Functions/Engine_MaterialFunctions02/Utility/MakeFloat3.uasset" 343
"../../../Engine/Content/VREditor/SnapGrid/SnapGridMaterial.uasset" 344
"../../../Engine/Content/VREditor/SnapGrid/SnapGridPlaneMesh.uasset" 345
"../../../Engine/Content/VREditor/Sounds/VR_teleport.uasset" 346
"../../../Engine/Content/VREditor/Sounds/UI/Click_on_Button_Cue.uasset" 347
"../../../Engine/Content/VREditor/Sounds/UI/Dockable_Window_Close.uasset" 348
"../../../Engine/Content/VREditor/Sounds/UI/Dockable_Window_Drop.uasset" 349
"../../../Engine/Content/VREditor/Sounds/UI/Dockable_Window_Open.uasset" 350
"../../../Engine/Content/VREditor/Sounds/UI/Dockable_Window_Pick_Up.uasset" 351
"../../../Engine/Content/VREditor/Sounds/UI/Drop_Item_From_ContentBrowser.uasset" 352
"../../../Engine/Content/VREditor/Sounds/UI/Floating_UI_Open-001.uasset" 353
"../../../Engine/Content/VREditor/Sounds/UI/Gizmo_Handle_Clicked.uasset" 354
"../../../Engine/Content/VREditor/Sounds/UI/Object_PickUp.uasset" 355
"../../../Engine/Content/VREditor/Sounds/UI/Object_Snaps_To_Another_Actor.uasset" 356
"../../../Engine/Content/VREditor/Sounds/UI/Object_Snaps_To_Grid.uasset" 357
"../../../Engine/Content/VREditor/Sounds/UI/Radial_Menu_FadeOut.uasset" 358
"../../../Engine/Content/VREditor/Sounds/UI/Scaling_Down.uasset" 359
"../../../Engine/Content/VREditor/Sounds/UI/Scaling_Up.uasset" 360
"../../../Engine/Content/VREditor/Sounds/UI/Selection_Changes.uasset" 361
"../../../Engine/Content/VREditor/Sounds/UI/Teleport_Mode_Entered.uasset" 362
"../../../Engine/Content/VREditor/Teleport/TeleportDirectionMaterial.uasset" 363
"../../../Engine/Content/VREditor/Teleport/TeleportDirectionMaterial_Inst.uasset" 364
"../../../Engine/Content/VREditor/Teleport/TeleportDirectionMesh.uasset" 365
"../../../Engine/Content/VREditor/TransformGizmo/BoundingBoxCorner.uasset" 366
"../../../Engine/Content/VREditor/TransformGizmo/BoundingBoxEdge.uasset" 367
"../../../Engine/Content/VREditor/TransformGizmo/PlaneTranslationHandle.uasset" 368
"../../../Engine/Content/VREditor/TransformGizmo/RotationHandleFull.uasset" 369
"../../../Engine/Content/VREditor/TransformGizmo/RotationHandleIndicator.uasset" 370
"../../../Engine/Content/VREditor/TransformGizmo/RotationHandleQuarter.uasset" 371
"../../../Engine/Content/VREditor/TransformGizmo/Main.uasset" 372
"../../../Engine/Content/VREditor/TransformGizmo/Xray.uasset" 373
"../../../Engine/Content/VREditor/TransformGizmo/SM_Dialog_Close.uasset" 374
"../../../Engine/Content/VREditor/TransformGizmo/SM_Dialog_Move.uasset" 375
"../../../Engine/Content/VREditor/TransformGizmo/SM_Sequencer_Key.uasset" 376
"../../../Engine/Content/VREditor/TransformGizmo/SM_Sequencer_Node.uasset" 377
"../../../Engine/Content/VREditor/TransformGizmo/StartRotationHandleIndicator.uasset" 378
"../../../Engine/Content/VREditor/TransformGizmo/TranslucentTransformGizmoMaterial_Inst.uasset" 379
"../../../Engine/Content/VREditor/TransformGizmo/TransformGizmoFreeRotation.uasset" 380
"../../../Engine/Content/VREditor/TransformGizmo/TransformGizmoMaterial_Inst.uasset" 381
"../../../Engine/Content/VREditor/TransformGizmo/TranslateArrowHandle.uasset" 382
"../../../Engine/Content/VREditor/TransformGizmo/UniformScaleHandle.uasset" 383
"../../../Engine/Content/VREditor/UI/KeyDiskMaterial.uasset" 384
"../../../Engine/Content/VREditor/UI/DiscMaterial.uasset" 385
"../../../Engine/Content/VREditor/UI/SM_Radial_Disk.uasset" 386
"../../../Engine/Content/VREditor/WorldMovementGrid/SimpleGrid.uasset" 387
"../../../Engine/Content/VREditor/WorldMovementGrid/GridMaterial.uasset" 388
"../../../Engine/Content/Functions/Engine_MaterialFunctions01/Density/ExponentialDensity.uasset" 389
"../../../Engine/Content/VREditor/WorldMovementGrid/GridPostProcess.uasset" 390
"../../../Engine/Content/EditorLandscapeResources/FlattenHeightMat.uasset" 391
"../../../Engine/Content/VREditor/WorldMovementGrid/PlaneMesh.uasset" 392
"../../../Engine/Plugins/2D/Paper2D/Content/PlaceholderTextures/DummySpriteTexture.uasset" 393
"../../../Engine/Plugins/2D/Paper2D/Content/DummySprite.uasset" 394
"../../../Engine/Plugins/2D/Paper2D/Content/DefaultPaperTerrainMaterial.uasset" 395
"../../../Engine/Plugins/2D/Paper2D/Content/DefaultSpriteMaterial.uasset" 396
"../../../Engine/Plugins/2D/Paper2D/Content/MaskedUnlitSpriteMaterial.uasset" 397
"../../../Engine/Plugins/2D/Paper2D/Content/OpaqueUnlitSpriteMaterial.uasset" 398
"../../../Engine/Plugins/Media/MediaCompositing/Content/DefaultMediaPlaneMaterial.uasset" 399
"../../../Engine/Content/Functions/Engine_MaterialFunctions02/Utility/MakeFloat4.uasset" 400
"../../../Engine/Plugins/Runtime/AppleARKit/Content/ARKitCameraMaterial.uasset" 401
"../../../Engine/Plugins/Runtime/Oculus/OculusVR/Content/Textures/GearVRController_AO.uasset" 402
"../../../Engine/Plugins/Runtime/Oculus/OculusVR/Content/Textures/GearVRController_Color.uasset" 403
"../../../Engine/Plugins/Runtime/Oculus/OculusVR/Content/Textures/GearVRController_Normal.uasset" 404
"../../../Engine/Plugins/Runtime/Oculus/OculusVR/Content/Materials/GearVRControllerMaterial.uasset" 405
"../../../Engine/Plugins/Runtime/Oculus/OculusVR/Content/Meshes/GearVrController.uasset" 406
"../../../Engine/Content/EngineSky/C_Sky_Cloud_Color.uasset" 407
"../../../Engine/Content/EngineSky/C_Sky_Horizon_Color.uasset" 408
"../../../Engine/Content/EngineSky/C_Sky_Zenith_Color.uasset" 409
"../../../Engine/Content/EngineSky/T_Sky_Blue.uasset" 410
"../../../Engine/Content/EngineSky/T_Sky_Clouds_M.uasset" 411
"../../../Engine/Content/EngineSky/T_Sky_Stars.uasset" 412
"../../../Engine/Content/EngineSky/M_Sky_Panning_Clouds2.uasset" 413
"../../../Engine/Content/EngineSky/SM_SkySphere.uasset" 414
"../../../Engine/Content/EngineSky/BP_Sky_Sphere.uasset" 415
"../../../Multiplayer_Project/Content/Blueprints/Gameplay/GameplayPC.uasset" 416
"../../../Multiplayer_Project/Content/Blueprints/Gameplay/GameplayGM.uasset" 417
"../../../Multiplayer_Project/Content/Maps/Arena01_BuiltData.uasset" 418
"../../../Multiplayer_Project/Content/Geometry/Meshes/CubeMaterial.uasset" 419
"../../../Multiplayer_Project/Content/Geometry/Meshes/1M_Cube.uasset" 420
"../../../Multiplayer_Project/Content/Geometry/Meshes/1M_Cube_Chamfer.uasset" 421
"../../../Multiplayer_Project/Content/Geometry/Meshes/TemplateFloor.uasset" 422
"../../../Multiplayer_Project/Content/ThirdPerson/Meshes/RampMaterial.uasset" 423
"../../../Multiplayer_Project/Content/ThirdPerson/Meshes/Bump_StaticMesh.uasset" 424
"../../../Multiplayer_Project/Content/ThirdPerson/Meshes/LeftArm_StaticMesh.uasset" 425
"../../../Multiplayer_Project/Content/ThirdPerson/Meshes/Linear_Stair_StaticMesh.uasset" 426
"../../../Multiplayer_Project/Content/ThirdPerson/Meshes/Ramp_StaticMesh.uasset" 427
"../../../Multiplayer_Project/Content/ThirdPerson/Meshes/RightArm_StaticMesh.uasset" 428
"../../../Multiplayer_Project/Content/Maps/Arena01.umap" 429
"../../../Multiplayer_Project/Content/Maps/Arena02_BuiltData.uasset" 430
"../../../Multiplayer_Project/Content/Maps/Arena02.umap" 431
"../../../Multiplayer_Project/Content/Blueprints/Lobby/LobbyPC.uasset" 432
"../../../Multiplayer_Project/Content/Blueprints/Lobby/LobbyGM.uasset" 433
"../../../Multiplayer_Project/Content/Maps/Lobby_BuiltData.uasset" 434
"../../../Engine/Content/MapTemplates/SM_Template_Map_Floor.uasset" 435
"../../../Multiplayer_Project/Content/Maps/Lobby.umap" 436
"../../../Multiplayer_Project/Content/Maps/MainMenu.umap" 437
"../../../Multiplayer_Project/Content/Maps/TravelMap.umap" 438
"../../../Engine/Content/BasicShapes/BasicShapeMaterial.uasset" 439
"../../../Multiplayer_Project/Content/InfinityBladeWarriors/Character/CompleteCharacters/Textures_Materials/CharM_Tusk/T_CharM_Horn_D.uasset" 440
"../../../Multiplayer_Project/Content/InfinityBladeWarriors/Character/CompleteCharacters/Textures_Materials/CharM_Tusk/M_Char_Horn.uasset" 441
"../../../Multiplayer_Project/Content/InfinityBladeWarriors/Character/CompleteCharacters/Textures_Materials/CharM_Tusk/T_CharM_Talon_D.uasset" 442
"../../../Multiplayer_Project/Content/InfinityBladeWarriors/Character/CompleteCharacters/Textures_Materials/CharM_Tusk/M_Char_Talon.uasset" 443
"../../../Engine/Content/Functions/Engine_MaterialFunctions01/Gradient/RadialGradientExponential.uasset" 444
"../../../Multiplayer_Project/Content/InfinityBladeWarriors/Maps/LevelContent/Architecture/T_MeterGrid_01_M.uasset" 445
"../../../Multiplayer_Project/Content/InfinityBladeWarriors/Maps/LevelContent/Architecture/M_CycWall_01.uasset" 446
"../../../Engine/Content/BasicShapes/Cube.uasset" 447
"../../../Engine/Content/MapTemplates/lut/LUT_Daytime.uasset" 448
"../../../Multiplayer_Project/Content/InfinityBladeWarriors/Character/CompleteCharacters/SK_CharM_Bladed.uasset" 449
"../../../Multiplayer_Project/Content/InfinityBladeWarriors/Character/CompleteCharacters/SK_CharM_Cardboard.uasset" 450
"../../../Multiplayer_Project/Content/InfinityBladeWarriors/Character/CompleteCharacters/SK_CharM_FrostGiant.uasset" 451
"../../../Multiplayer_Project/Content/InfinityBladeWarriors/Character/CompleteCharacters/Textures_Materials/CharM_Golden/M_Char_Golden.uasset" 452
"../../../Multiplayer_Project/Content/InfinityBladeWarriors/Character/CompleteCharacters/SK_CharM_Golden.uasset" 453
"../../../Multiplayer_Project/Content/InfinityBladeWarriors/Character/CompleteCharacters/Textures_Materials/CharM_Ragged/M_Char_Ragged.uasset" 454
"../../../Multiplayer_Project/Content/InfinityBladeWarriors/Character/CompleteCharacters/SK_CharM_Ragged0.uasset" 455
"../../../Multiplayer_Project/Content/InfinityBladeWarriors/Character/CompleteCharacters/SK_CharM_RaggedElite.uasset" 456
"../../../Engine/Content/Functions/Engine_MaterialFunctions02/ExampleContent/Textures/LowResBlurredNoise.uasset" 457
"../../../Multiplayer_Project/Content/InfinityBladeWarriors/Character/CompleteCharacters/Textures_Materials/CharM_Ram/T_CharM_Ram_B_D.uasset" 458
"../../../Multiplayer_Project/Content/InfinityBladeWarriors/Character/CompleteCharacters/Textures_Materials/CharM_Ram/T_CharM_Ram_N.uasset" 459
"../../../Multiplayer_Project/Content/InfinityBladeWarriors/Character/CompleteCharacters/Textures_Materials/CharM_Ram/M_Char_Ram.uasset" 460
"../../../Multiplayer_Project/Content/InfinityBladeWarriors/Character/CompleteCharacters/SK_CharM_Ram.uasset" 461
"../../../Multiplayer_Project/Content/InfinityBladeWarriors/Character/CompleteCharacters/Textures_Materials/CharM_Shell/M_Char_Shell.uasset" 462
"../../../Multiplayer_Project/Content/InfinityBladeWarriors/Character/CompleteCharacters/SK_CharM_Shell.uasset" 463
"../../../Multiplayer_Project/Content/InfinityBladeWarriors/Character/CompleteCharacters/Textures_Materials/CharM_solid/M_Char_Solid.uasset" 464
"../../../Multiplayer_Project/Content/InfinityBladeWarriors/Character/CompleteCharacters/SK_CharM_solid.uasset" 465
"../../../Multiplayer_Project/Content/InfinityBladeWarriors/Character/CompleteCharacters/SK_CharM_Standard.uasset" 466
"../../../Multiplayer_Project/Content/InfinityBladeWarriors/Maps/LevelContent/Architecture/M_1Meter_01.uasset" 467
"../../../Multiplayer_Project/Content/InfinityBladeWarriors/Maps/LevelContent/Architecture/SM_1Meter_01.uasset" 468
"../../../Multiplayer_Project/Content/InfinityBladeWarriors/Maps/LevelContent/Architecture/M_CycRoom_01.uasset" 469
"../../../Multiplayer_Project/Content/InfinityBladeWarriors/Maps/LevelContent/Architecture/SM_CycRoom_01.uasset" 470
"../../../Multiplayer_Project/Content/InfinityBladeWarriors/Maps/LevelContent/HDRI/HDRI_Epic_Courtyard_Daylight.uasset" 471
"../../../Multiplayer_Project/Content/InfinityBladeWarriors/Maps/Overview.umap" 472
"../../../Multiplayer_Project/Content/StarterContent/Blueprints/Assets/FogBrightnessLUT.uasset" 473
"../../../Multiplayer_Project/Content/StarterContent/Blueprints/Assets/SunlightColorLUT.uasset" 474
"../../../Multiplayer_Project/Content/StarterContent/Blueprints/Assets/M_LightStage_Arrows.uasset" 475
"../../../Engine/Content/MapTemplates/Sky/DaylightAmbientCubemap.uasset" 476
"../../../Multiplayer_Project/Content/StarterContent/Blueprints/Assets/M_LightStage_Skybox_Master.uasset" 477
"../../../Multiplayer_Project/Content/StarterContent/Blueprints/Assets/M_LightStage_Skybox_Black.uasset" 478
"../../../Multiplayer_Project/Content/StarterContent/Blueprints/Assets/M_LightStage_Skybox_HDRI.uasset" 479
"../../../Engine/Content/EditorMaterials/Thumbnails/SkySphereMaterial.uasset" 480
"../../../Multiplayer_Project/Content/StarterContent/Blueprints/Assets/Skybox.uasset" 481
"../../../Multiplayer_Project/Content/StarterContent/Blueprints/Assets/SM_Arrows.uasset" 482
"../../../Multiplayer_Project/Content/StarterContent/HDRI/HDRI_Epic_Courtyard_Daylight.uasset" 483
"../../../Multiplayer_Project/Content/StarterContent/Blueprints/BP_LightStudio.uasset" 484
"../../../Multiplayer_Project/Content/StarterContent/Maps/Advanced_Lighting_BuiltData.uasset" 485
"../../../Multiplayer_Project/Content/StarterContent/Materials/M_AssetPlatform.uasset" 486
"../../../Engine/Content/EditorMeshes/ColorCalibrator/M_ChromeBall.uasset" 487
"../../../Engine/Content/EditorMeshes/ColorCalibrator/M_ClearCoat.uasset" 488
"../../../Engine/Content/EditorMeshes/ColorCalibrator/M_ClearCoatBlack.uasset" 489
"../../../Engine/Content/EditorMeshes/ColorCalibrator/Color_checker.uasset" 490
"../../../Engine/Content/EditorMeshes/ColorCalibrator/M_ColorGrid.uasset" 491
"../../../Engine/Content/EditorMeshes/ColorCalibrator/M_GreyBall.uasset" 492
"../../../Engine/Content/EditorMeshes/ColorCalibrator/SM_ColorCalibrator.uasset" 493
"../../../Multiplayer_Project/Content/StarterContent/Architecture/SM_AssetPlatform.uasset" 494
"../../../Multiplayer_Project/Content/StarterContent/Maps/Advanced_Lighting.umap" 495
"../../../Multiplayer_Project/Content/StarterContent/Maps/Minimal_Default_BuiltData.uasset" 496
"../../../Multiplayer_Project/Content/StarterContent/Textures/T_MacroVariation.uasset" 497
"../../../Multiplayer_Project/Content/StarterContent/Materials/M_Metal_Brushed_Nickel.uasset" 498
"../../../Multiplayer_Project/Content/StarterContent/Textures/T_Metal_Aluminum_D.uasset" 499
"../../../Multiplayer_Project/Content/StarterContent/Textures/T_Metal_Gold_N.uasset" 500
"../../../Multiplayer_Project/Content/StarterContent/Materials/M_Metal_Burnished_Steel.uasset" 501
"../../../Multiplayer_Project/Content/StarterContent/Textures/T_Metal_Copper_D.uasset" 502
"../../../Multiplayer_Project/Content/StarterContent/Materials/M_Metal_Copper.uasset" 503
"../../../Multiplayer_Project/Content/StarterContent/Textures/T_Statue_M.uasset" 504
"../../../Multiplayer_Project/Content/StarterContent/Textures/T_Statue_N.uasset" 505
"../../../Multiplayer_Project/Content/StarterContent/Props/Materials/M_StatueGlass.uasset" 506
"../../../Multiplayer_Project/Content/StarterContent/Architecture/Floor_400x400.uasset" 507
"../../../Multiplayer_Project/Content/StarterContent/Audio/Starter_Background_Cue.uasset" 508
"../../../Multiplayer_Project/Content/StarterContent/Props/SM_Chair.uasset" 509
"../../../Multiplayer_Project/Content/StarterContent/Props/Materials/M_Statue.uasset" 510
"../../../Multiplayer_Project/Content/StarterContent/Props/SM_Statue.uasset" 511
"../../../Multiplayer_Project/Content/StarterContent/Textures/T_TableRound_M.uasset" 512
"../../../Multiplayer_Project/Content/StarterContent/Textures/T_TableRound_N.uasset" 513
"../../../Multiplayer_Project/Content/StarterContent/Props/Materials/M_TableRound.uasset" 514
"../../../Multiplayer_Project/Content/StarterContent/Props/SM_TableRound.uasset" 515
"../../../Multiplayer_Project/Content/StarterContent/Maps/Minimal_Default.umap" 516
"../../../Multiplayer_Project/Content/StarterContent/Audio/Fire01_Cue.uasset" 517
"../../../Multiplayer_Project/Content/StarterContent/Textures/T_Fire_SubUV.uasset" 518
"../../../Multiplayer_Project/Content/StarterContent/Textures/T_Fire_Tiled_D.uasset" 519
"../../../Multiplayer_Project/Content/StarterContent/Particles/Materials/M_Fire_SubUV.uasset" 520
"../../../Multiplayer_Project/Content/StarterContent/Textures/T_Water_N.uasset" 521
"../../../Multiplayer_Project/Content/StarterContent/Particles/Materials/M_Heat_Distortion.uasset" 522
"../../../Multiplayer_Project/Content/StarterContent/Particles/Materials/M_Radial_Gradient.uasset" 523
"../../../Multiplayer_Project/Content/StarterContent/Particles/P_Fire.uasset" 524
"../../../Multiplayer_Project/Content/StarterContent/Blueprints/Blueprint_Effect_Fire.uasset" 525
"../../../Multiplayer_Project/Content/StarterContent/Audio/Smoke01_Cue.uasset" 526
"../../../Multiplayer_Project/Content/StarterContent/Particles/P_Smoke.uasset" 527
"../../../Multiplayer_Project/Content/StarterContent/Blueprints/Blueprint_Effect_Smoke.uasset" 528
"../../../Multiplayer_Project/Content/StarterContent/Audio/Fire_Sparks01_Cue.uasset" 529
"../../../Multiplayer_Project/Content/StarterContent/Textures/T_Spark_Core.uasset" 530
"../../../Multiplayer_Project/Content/StarterContent/Particles/Materials/M_Spark.uasset" 531
"../../../Multiplayer_Project/Content/StarterContent/Particles/P_Sparks.uasset" 532
"../../../Multiplayer_Project/Content/StarterContent/Blueprints/Blueprint_Effect_Sparks.uasset" 533
"../../../Multiplayer_Project/Content/StarterContent/Audio/Steam01_Cue.uasset" 534
"../../../Multiplayer_Project/Content/StarterContent/Particles/P_Steam_Lit.uasset" 535
"../../../Multiplayer_Project/Content/StarterContent/Blueprints/Blueprint_Effect_Steam.uasset" 536
"../../../Multiplayer_Project/Content/StarterContent/Textures/T_Lamp_M.uasset" 537
"../../../Multiplayer_Project/Content/StarterContent/Textures/T_Lamp_N.uasset" 538
"../../../Multiplayer_Project/Content/StarterContent/Props/Materials/M_Lamp.uasset" 539
"../../../Multiplayer_Project/Content/StarterContent/Props/SM_Lamp_Ceiling.uasset" 540
"../../../Multiplayer_Project/Content/StarterContent/Blueprints/Blueprint_CeilingLight.uasset" 541
"../../../Multiplayer_Project/Content/StarterContent/Props/SM_Lamp_Wall.uasset" 542
"../../../Multiplayer_Project/Content/StarterContent/Blueprints/Blueprint_WallSconce.uasset" 543
"../../../Multiplayer_Project/Content/StarterContent/Maps/StarterMap_BuiltData.uasset" 544
"../../../Engine/Content/Functions/Engine_MaterialFunctions03/Procedurals/ComputeFilterWidth.uasset" 545
"../../../Engine/Content/EngineMaterials/AntiAliasedTextMaterialTranslucent.uasset" 546
"../../../Multiplayer_Project/Content/StarterContent/Textures/T_Brick_Clay_Beveled_D.uasset" 547
"../../../Multiplayer_Project/Content/StarterContent/Textures/T_Brick_Clay_Beveled_M.uasset" 548
"../../../Multiplayer_Project/Content/StarterContent/Textures/T_Brick_Clay_Beveled_N.uasset" 549
"../../../Multiplayer_Project/Content/StarterContent/Materials/M_Brick_Clay_Beveled.uasset" 550
"../../../Multiplayer_Project/Content/StarterContent/Textures/T_Brick_Clay_New_D.uasset" 551
"../../../Multiplayer_Project/Content/StarterContent/Textures/T_Brick_Clay_New_M.uasset" 552
"../../../Multiplayer_Project/Content/StarterContent/Textures/T_Brick_Clay_New_N.uasset" 553
"../../../Multiplayer_Project/Content/StarterContent/Materials/M_Brick_Clay_New.uasset" 554
"../../../Multiplayer_Project/Content/StarterContent/Textures/T_Brick_Clay_Old_N.uasset" 555
"../../../Multiplayer_Project/Content/StarterContent/Textures/T_Perlin_Noise_M.uasset" 556
"../../../Multiplayer_Project/Content/StarterContent/Materials/M_Brick_Clay_Old.uasset" 557
"../../../Multiplayer_Project/Content/StarterContent/Textures/T_Brick_Cut_Stone_D.uasset" 558
"../../../Multiplayer_Project/Content/StarterContent/Textures/T_Brick_Cut_Stone_N.uasset" 559
"../../../Multiplayer_Project/Content/StarterContent/Materials/M_Brick_Cut_Stone.uasset" 560
"../../../Multiplayer_Project/Content/StarterContent/Textures/T_Brick_Hewn_Stone_M.uasset" 561
"../../../Multiplayer_Project/Content/StarterContent/Textures/T_Brick_Hewn_Stone_N.uasset" 562
"../../../Multiplayer_Project/Content/StarterContent/Materials/M_Brick_Hewn_Stone.uasset" 563
"../../../Multiplayer_Project/Content/StarterContent/Textures/T_Ceramic_Tile_M.uasset" 564
"../../../Multiplayer_Project/Content/StarterContent/Textures/T_Ceramic_Tile_N.uasset" 565
"../../../Multiplayer_Project/Content/StarterContent/Textures/T_Rock_Marble_Polished_D.uasset" 566
"../../../Multiplayer_Project/Content/StarterContent/Materials/M_Ceramic_Tile_Checker.uasset" 567
"../../../Multiplayer_Project/Content/StarterContent/Textures/T_CobbleStone_Pebble_D.uasset" 568
"../../../Multiplayer_Project/Content/StarterContent/Textures/T_CobbleStone_Pebble_M.uasset" 569
"../../../Multiplayer_Project/Content/StarterContent/Textures/T_CobbleStone_Pebble_N.uasset" 570
"../../../Multiplayer_Project/Content/StarterContent/Materials/M_CobbleStone_Pebble.uasset" 571
"../../../Multiplayer_Project/Content/StarterContent/Textures/T_CobbleStone_Rough_D.uasset" 572
"../../../Multiplayer_Project/Content/StarterContent/Textures/T_CobbleStone_Rough_N.uasset" 573
"../../../Multiplayer_Project/Content/StarterContent/Textures/T_Gradinet_01.uasset" 574
"../../../Multiplayer_Project/Content/StarterContent/Textures/T_Rock_Smooth_Granite_D.uasset" 575
"../../../Multiplayer_Project/Content/StarterContent/Materials/M_CobbleStone_Rough.uasset" 576
"../../../Multiplayer_Project/Content/StarterContent/Textures/T_CobbleStone_Smooth_D.uasset" 577
"../../../Multiplayer_Project/Content/StarterContent/Textures/T_CobbleStone_Smooth_M.uasset" 578
"../../../Multiplayer_Project/Content/StarterContent/Textures/T_CobbleStone_Smooth_N.uasset" 579
"../../../Multiplayer_Project/Content/StarterContent/Materials/M_CobbleStone_Smooth.uasset" 580
"../../../Multiplayer_Project/Content/StarterContent/Textures/T_Concrete_Grime_D.uasset" 581
"../../../Multiplayer_Project/Content/StarterContent/Textures/T_Metal_Rust_N.uasset" 582
"../../../Multiplayer_Project/Content/StarterContent/Materials/M_Concrete_Grime.uasset" 583
"../../../Multiplayer_Project/Content/StarterContent/Textures/T_Concrete_Panels_D.uasset" 584
"../../../Multiplayer_Project/Content/StarterContent/Textures/T_Concrete_Panels_N.uasset" 585
"../../../Multiplayer_Project/Content/StarterContent/Materials/M_Concrete_Panels.uasset" 586
"../../../Multiplayer_Project/Content/StarterContent/Textures/T_Concrete_Poured_D.uasset" 587
"../../../Multiplayer_Project/Content/StarterContent/Textures/T_Concrete_Poured_N.uasset" 588
"../../../Multiplayer_Project/Content/StarterContent/Materials/M_Concrete_Poured.uasset" 589
"../../../Multiplayer_Project/Content/StarterContent/Textures/T_Concrete_Tiles_D.uasset" 590
"../../../Multiplayer_Project/Content/StarterContent/Textures/T_Concrete_Tiles_M.uasset" 591
"../../../Multiplayer_Project/Content/StarterContent/Textures/T_Concrete_Tiles_N.uasset" 592
"../../../Multiplayer_Project/Content/StarterContent/Textures/T_Concrete_Tiles_Variation_M.uasset" 593
"../../../Multiplayer_Project/Content/StarterContent/Materials/M_Concrete_Tiles.uasset" 594
"../../../Multiplayer_Project/Content/StarterContent/Textures/T_Ground_Grass_D.uasset" 595
"../../../Multiplayer_Project/Content/StarterContent/Textures/T_Ground_Grass_N.uasset" 596
"../../../Multiplayer_Project/Content/StarterContent/Materials/M_Ground_Grass.uasset" 597
"../../../Multiplayer_Project/Content/StarterContent/Textures/T_Ground_Gravel_D.uasset" 598
"../../../Multiplayer_Project/Content/StarterContent/Textures/T_Ground_Gravel_N.uasset" 599
"../../../Multiplayer_Project/Content/StarterContent/Materials/M_Ground_Gravel.uasset" 600
"../../../Multiplayer_Project/Content/StarterContent/Textures/T_ground_Moss_D.uasset" 601
"../../../Multiplayer_Project/Content/StarterContent/Textures/T_Ground_Moss_N.uasset" 602
"../../../Multiplayer_Project/Content/StarterContent/Materials/M_Ground_Moss.uasset" 603
"../../../Multiplayer_Project/Content/StarterContent/Materials/M_Metal_Chrome.uasset" 604
"../../../Multiplayer_Project/Content/StarterContent/Textures/T_Metal_Gold_D.uasset" 605
"../../../Multiplayer_Project/Content/StarterContent/Materials/M_Metal_Gold.uasset" 606
"../../../Multiplayer_Project/Content/StarterContent/Textures/T_Metal_Rust_D.uasset" 607
"../../../Multiplayer_Project/Content/StarterContent/Materials/M_Metal_Rust.uasset" 608
"../../../Multiplayer_Project/Content/StarterContent/Textures/T_Metal_Steel_D.uasset" 609
"../../../Multiplayer_Project/Content/StarterContent/Textures/T_Metal_Steel_N.uasset" 610
"../../../Multiplayer_Project/Content/StarterContent/Materials/M_Metal_Steel.uasset" 611
"../../../Multiplayer_Project/Content/StarterContent/Textures/T_Rock_Basalt_N.uasset" 612
"../../../Multiplayer_Project/Content/StarterContent/Materials/M_Rock_Basalt.uasset" 613
"../../../Multiplayer_Project/Content/StarterContent/Materials/M_Rock_Marble_Polished.uasset" 614
"../../../Multiplayer_Project/Content/StarterContent/Textures/T_Rock_Sandstone_D.uasset" 615
"../../../Multiplayer_Project/Content/StarterContent/Textures/T_Rock_Sandstone_N.uasset" 616
"../../../Multiplayer_Project/Content/StarterContent/Materials/M_Rock_Sandstone.uasset" 617
"../../../Multiplayer_Project/Content/StarterContent/Textures/T_Rock_Slate_D.uasset" 618
"../../../Multiplayer_Project/Content/StarterContent/Textures/T_Rock_Slate_N.uasset" 619
"../../../Multiplayer_Project/Content/StarterContent/Materials/M_Rock_Slate.uasset" 620
"../../../Multiplayer_Project/Content/StarterContent/Textures/T_Checker_Noise_M.uasset" 621
"../../../Multiplayer_Project/Content/StarterContent/Textures/T_Single_Tile_N.uasset" 622
"../../../Multiplayer_Project/Content/StarterContent/Textures/T_Tech_Dot_M.uasset" 623
"../../../Multiplayer_Project/Content/StarterContent/Textures/T_Tech_Dot_N.uasset" 624
"../../../Multiplayer_Project/Content/StarterContent/Materials/M_Tech_Checker_Dot.uasset" 625
"../../../Multiplayer_Project/Content/StarterContent/Textures/T_Tech_Hex_Tile_M.uasset" 626
"../../../Multiplayer_Project/Content/StarterContent/Textures/T_Tech_Hex_Tile_N.uasset" 627
"../../../Multiplayer_Project/Content/StarterContent/Materials/M_Tech_Hex_Tile.uasset" 628
"../../../Multiplayer_Project/Content/StarterContent/Materials/M_Tech_Hex_Tile_Pulse.uasset" 629
"../../../Multiplayer_Project/Content/StarterContent/Textures/T_Tech_Panel_M.uasset" 630
"../../../Multiplayer_Project/Content/StarterContent/Textures/T_Tech_Panel_N.uasset" 631
"../../../Multiplayer_Project/Content/StarterContent/Materials/M_Tech_Panel.uasset" 632
"../../../Multiplayer_Project/Content/StarterContent/Materials/M_Water_Lake.uasset" 633
"../../../Multiplayer_Project/Content/StarterContent/Textures/T_Water_M.uasset" 634
"../../../Multiplayer_Project/Content/StarterContent/Materials/M_Water_Ocean.uasset" 635
"../../../Multiplayer_Project/Content/StarterContent/Textures/T_Wood_Floor_Walnut_D.uasset" 636
"../../../Multiplayer_Project/Content/StarterContent/Textures/T_Wood_Floor_Walnut_M.uasset" 637
"../../../Multiplayer_Project/Content/StarterContent/Textures/T_Wood_Floor_Walnut_N.uasset" 638
"../../../Multiplayer_Project/Content/StarterContent/Materials/M_Wood_Floor_Walnut_Polished.uasset" 639
"../../../Engine/Content/Functions/Engine_MaterialFunctions01/Opacity/AlphaOffset.uasset" 640
"../../../Multiplayer_Project/Content/StarterContent/Materials/M_Wood_Floor_Walnut_Worn.uasset" 641
"../../../Multiplayer_Project/Content/StarterContent/Textures/T_Wood_Oak_D.uasset" 642
"../../../Multiplayer_Project/Content/StarterContent/Textures/T_Wood_Oak_N.uasset" 643
"../../../Multiplayer_Project/Content/StarterContent/Materials/M_Wood_Oak.uasset" 644
"../../../Multiplayer_Project/Content/StarterContent/Textures/T_Wood_Pine_D.uasset" 645
"../../../Multiplayer_Project/Content/StarterContent/Textures/T_Wood_Pine_N.uasset" 646
"../../../Multiplayer_Project/Content/StarterContent/Materials/M_Wood_Pine.uasset" 647
"../../../Multiplayer_Project/Content/StarterContent/Textures/T_Wood_Walnut_D.uasset" 648
"../../../Multiplayer_Project/Content/StarterContent/Textures/T_Wood_Walnut_N.uasset" 649
"../../../Multiplayer_Project/Content/StarterContent/Materials/M_Wood_Walnut.uasset" 650
"../../../Multiplayer_Project/Content/StarterContent/Architecture/Wall_400x200.uasset" 651
"../../../Multiplayer_Project/Content/StarterContent/Architecture/Wall_Door_400x300.uasset" 652
"../../../Multiplayer_Project/Content/StarterContent/Architecture/Wall_Window_400x300.uasset" 653
"../../../Multiplayer_Project/Content/StarterContent/Audio/Collapse_Cue.uasset" 654
"../../../Multiplayer_Project/Content/StarterContent/Audio/Starter_Music_Cue.uasset" 655
"../../../Multiplayer_Project/Content/StarterContent/Textures/T_Dust_Particle_D.uasset" 656
"../../../Multiplayer_Project/Content/StarterContent/Particles/Materials/M_Dust_Particle.uasset" 657
"../../../Multiplayer_Project/Content/StarterContent/Particles/P_Ambient_Dust.uasset" 658
"../../../Multiplayer_Project/Content/StarterContent/Props/MaterialSphere.uasset" 659
"../../../Multiplayer_Project/Content/StarterContent/Textures/T_Frame_M.uasset" 660
"../../../Multiplayer_Project/Content/StarterContent/Textures/T_Frame_N.uasset" 661
"../../../Multiplayer_Project/Content/StarterContent/Props/Materials/M_Frame.uasset" 662
"../../../Multiplayer_Project/Content/StarterContent/Props/SM_CornerFrame.uasset" 663
"../../../Multiplayer_Project/Content/StarterContent/Props/SM_DoorFrame.uasset" 664
"../../../Multiplayer_Project/Content/StarterContent/Props/SM_GlassWindow.uasset" 665
"../../../Multiplayer_Project/Content/StarterContent/Props/SM_PillarFrame.uasset" 666
"../../../Multiplayer_Project/Content/StarterContent/Props/SM_PillarFrame300.uasset" 667
"../../../Multiplayer_Project/Content/StarterContent/Props/SM_WindowFrame.uasset" 668
"../../../Multiplayer_Project/Content/StarterContent/Shapes/Shape_Cube.uasset" 669
"../../../Multiplayer_Project/Content/StarterContent/Shapes/Shape_QuadPyramid.uasset" 670
"../../../Multiplayer_Project/Content/StarterContent/Shapes/Shape_Sphere.uasset" 671
"../../../Multiplayer_Project/Content/StarterContent/Maps/StarterMap.umap" 672
"../../../Multiplayer_Project/Content/ThirdPersonBP/Maps/ThirdPersonExampleMap_BuiltData.uasset" 673
"../../../Multiplayer_Project/Content/ThirdPersonBP/Maps/ThirdPersonExampleMap.umap" 674
