Log file open, 03/20/18 12:40:13
LogWindows: Failed to load 'aqProf.dll' (GetLastError=126)
LogWindows: File 'aqProf.dll' does not exist
LogWindows: Failed to load 'VtuneApi.dll' (GetLastError=126)
LogWindows: File 'VtuneApi.dll' does not exist
LogWindows: Failed to load 'VtuneApi32e.dll' (GetLastError=126)
LogWindows: File 'VtuneApi32e.dll' does not exist
LogInit: Display: Running engine for game: Multiplayer_Project
LogPlatformFile: Not using cached read wrapper
LogInit: Display: RandInit(2105780327) SRandInit(2105780327).
LogInit: Read version file with build ID 'e06bb69e-6e77-4e3c-9cbe-70b3713e0af7'
LogInit: Registered custom module enumerator with build ID 'e06bb69e-6e77-4e3c-9cbe-70b3713e0af7'
LogTaskGraph: Started task graph with 5 named threads and 14 total threads with 3 sets of task threads.
LogStats: Stats thread started at 0.163628
LogD3D11RHI: Aftermath initialized
LogModuleManager: Display: Found up-to-date module file ../../../Engine/Plugins/Online/OnlineSubsystemSteam/Binaries/Win64/UE4Editor-OnlineSubsystemSteam.dll (API version 0).
LogModuleManager: Display: Found up-to-date module file ../../../Engine/Plugins/Online/OnlineSubsystem/Binaries/Win64/UE4Editor-OnlineSubsystem.dll (API version 0).
LogModuleManager: Display: Found up-to-date module file ../../../Engine/Plugins/Online/OnlineSubsystemUtils/Binaries/Win64/UE4Editor-OnlineSubsystemUtils.dll (API version 0).
LogModuleManager: Display: Found up-to-date module file ../../../Engine/Plugins/Online/OnlineSubsystemUtils/Binaries/Win64/UE4Editor-OnlineBlueprintSupport.dll (API version 0).
LogModuleManager: Display: Found up-to-date module file ../../../Engine/Plugins/2D/Paper2D/Binaries/Win64/UE4Editor-Paper2D.dll (API version 0).
LogModuleManager: Display: Found up-to-date module file ../../../Engine/Plugins/2D/Paper2D/Binaries/Win64/UE4Editor-Paper2DEditor.dll (API version 0).
LogModuleManager: Display: Found up-to-date module file ../../../Engine/Plugins/2D/Paper2D/Binaries/Win64/UE4Editor-PaperSpriteSheetImporter.dll (API version 0).
LogModuleManager: Display: Found up-to-date module file ../../../Engine/Plugins/2D/Paper2D/Binaries/Win64/UE4Editor-PaperTiledImporter.dll (API version 0).
LogModuleManager: Display: Found up-to-date module file ../../../Engine/Plugins/2D/Paper2D/Binaries/Win64/UE4Editor-SmartSnapping.dll (API version 0).
LogModuleManager: Display: Found up-to-date module file ../../../Engine/Plugins/Blendables/LightPropagationVolume/Binaries/Win64/UE4Editor-LightPropagationVolumeRuntime.dll (API version 0).
LogModuleManager: Display: Found up-to-date module file ../../../Engine/Plugins/Blendables/LightPropagationVolume/Binaries/Win64/UE4Editor-LightPropagationVolumeEditor.dll (API version 0).
LogModuleManager: Display: Found up-to-date module file ../../../Engine/Plugins/Developer/GitSourceControl/Binaries/Win64/UE4Editor-GitSourceControl.dll (API version 0).
LogModuleManager: Display: Found up-to-date module file ../../../Engine/Plugins/Developer/PerforceSourceControl/Binaries/Win64/UE4Editor-PerforceSourceControl.dll (API version 0).
LogModuleManager: Display: Found up-to-date module file ../../../Engine/Plugins/Developer/SubversionSourceControl/Binaries/Win64/UE4Editor-SubversionSourceControl.dll (API version 0).
LogModuleManager: Display: Found up-to-date module file ../../../Engine/Plugins/Developer/UObjectPlugin/Binaries/Win64/UE4Editor-UObjectPlugin.dll (API version 0).
LogModuleManager: Display: Found up-to-date module file ../../../Engine/Plugins/Developer/VisualStudioCodeSourceCodeAccess/Binaries/Win64/UE4Editor-VisualStudioCodeSourceCodeAccess.dll (API version 0).
LogModuleManager: Display: Found up-to-date module file ../../../Engine/Plugins/Developer/VisualStudioSourceCodeAccess/Binaries/Win64/UE4Editor-VisualStudioSourceCodeAccess.dll (API version 0).
LogModuleManager: Display: Found up-to-date module file ../../../Engine/Plugins/Editor/AssetManagerEditor/Binaries/Win64/UE4Editor-AssetManagerEditor.dll (API version 0).
LogModuleManager: Display: Found up-to-date module file ../../../Engine/Plugins/Editor/AudioCapture/Binaries/Win64/UE4Editor-AudioCapture.dll (API version 0).
LogModuleManager: Display: Found up-to-date module file ../../../Engine/Plugins/Editor/FacialAnimation/Binaries/Win64/UE4Editor-FacialAnimation.dll (API version 0).
LogModuleManager: Display: Found up-to-date module file ../../../Engine/Plugins/Editor/FacialAnimation/Binaries/Win64/UE4Editor-FacialAnimationEditor.dll (API version 0).
LogModuleManager: Display: Found up-to-date module file ../../../Engine/Plugins/Editor/GameplayTagsEditor/Binaries/Win64/UE4Editor-GameplayTagsEditor.dll (API version 0).
LogModuleManager: Display: Found up-to-date module file ../../../Engine/Plugins/Editor/MobileLauncherProfileWizard/Binaries/Win64/UE4Editor-MobileLauncherProfileWizard.dll (API version 0).
LogModuleManager: Display: Found up-to-date module file ../../../Engine/Plugins/Editor/PluginBrowser/Binaries/Win64/UE4Editor-PluginBrowser.dll (API version 0).
LogModuleManager: Display: Found up-to-date module file ../../../Engine/Plugins/Editor/SpeedTreeImporter/Binaries/Win64/UE4Editor-SpeedTreeImporter.dll (API version 0).
LogModuleManager: Display: Found up-to-date module file ../../../Engine/Plugins/Experimental/AlembicImporter/Binaries/Win64/UE4Editor-AlembicImporter.dll (API version 0).
LogModuleManager: Display: Found up-to-date module file ../../../Engine/Plugins/Experimental/AlembicImporter/Binaries/Win64/UE4Editor-AlembicLibrary.dll (API version 0).
LogModuleManager: Display: Found up-to-date module file ../../../Engine/Plugins/Experimental/CharacterAI/Binaries/Win64/UE4Editor-CharacterAI.dll (API version 0).
LogModuleManager: Display: Found up-to-date module file ../../../Engine/Plugins/Experimental/HTML5Networking/Binaries/Win64/UE4Editor-HTML5Networking.dll (API version 0).
LogModuleManager: Display: Found up-to-date module file ../../../Engine/Plugins/Media/AndroidMedia/Binaries/Win64/UE4Editor-AndroidMediaEditor.dll (API version 0).
LogModuleManager: Display: Found up-to-date module file ../../../Engine/Plugins/Media/AndroidMedia/Binaries/Win64/UE4Editor-AndroidMediaFactory.dll (API version 0).
LogModuleManager: Display: Found up-to-date module file ../../../Engine/Plugins/Media/AvfMedia/Binaries/Win64/UE4Editor-AvfMediaEditor.dll (API version 0).
LogModuleManager: Display: Found up-to-date module file ../../../Engine/Plugins/Media/AvfMedia/Binaries/Win64/UE4Editor-AvfMediaFactory.dll (API version 0).
LogModuleManager: Display: Found up-to-date module file ../../../Engine/Plugins/Media/AvfMedia/Binaries/Win64/UE4Editor-AvfMediaFactory.dll (API version 0).
LogModuleManager: Display: Found up-to-date module file ../../../Engine/Plugins/Media/ImgMedia/Binaries/Win64/UE4Editor-ImgMedia.dll (API version 0).
LogModuleManager: Display: Found up-to-date module file ../../../Engine/Plugins/Media/ImgMedia/Binaries/Win64/UE4Editor-ImgMediaEditor.dll (API version 0).
LogModuleManager: Display: Found up-to-date module file ../../../Engine/Plugins/Media/ImgMedia/Binaries/Win64/UE4Editor-ImgMediaFactory.dll (API version 0).
LogModuleManager: Display: Found up-to-date module file ../../../Engine/Plugins/Media/ImgMedia/Binaries/Win64/UE4Editor-ImgMediaFactory.dll (API version 0).
LogModuleManager: Display: Found up-to-date module file ../../../Engine/Plugins/Media/ImgMedia/Binaries/Win64/UE4Editor-OpenExrWrapper.dll (API version 0).
LogModuleManager: Display: Found up-to-date module file ../../../Engine/Plugins/Media/MediaCompositing/Binaries/Win64/UE4Editor-MediaCompositing.dll (API version 0).
LogModuleManager: Display: Found up-to-date module file ../../../Engine/Plugins/Media/MediaCompositing/Binaries/Win64/UE4Editor-MediaCompositingEditor.dll (API version 0).
LogModuleManager: Display: Found up-to-date module file ../../../Engine/Plugins/Media/MediaPlayerEditor/Binaries/Win64/UE4Editor-MediaPlayerEditor.dll (API version 0).
LogModuleManager: Display: Found up-to-date module file ../../../Engine/Plugins/Media/WmfMedia/Binaries/Win64/UE4Editor-WmfMedia.dll (API version 0).
LogModuleManager: Display: Found up-to-date module file ../../../Engine/Plugins/Media/WmfMedia/Binaries/Win64/UE4Editor-WmfMediaEditor.dll (API version 0).
LogModuleManager: Display: Found up-to-date module file ../../../Engine/Plugins/Media/WmfMedia/Binaries/Win64/UE4Editor-WmfMediaFactory.dll (API version 0).
LogModuleManager: Display: Found up-to-date module file ../../../Engine/Plugins/Media/WmfMedia/Binaries/Win64/UE4Editor-WmfMediaFactory.dll (API version 0).
LogModuleManager: Display: Found up-to-date module file ../../../Engine/Plugins/Messaging/TcpMessaging/Binaries/Win64/UE4Editor-TcpMessaging.dll (API version 0).
LogModuleManager: Display: Found up-to-date module file ../../../Engine/Plugins/Messaging/UdpMessaging/Binaries/Win64/UE4Editor-UdpMessaging.dll (API version 0).
LogModuleManager: Display: Found up-to-date module file ../../../Engine/Plugins/MovieScene/ActorSequence/Binaries/Win64/UE4Editor-ActorSequence.dll (API version 0).
LogModuleManager: Display: Found up-to-date module file ../../../Engine/Plugins/MovieScene/LevelSequenceEditor/Binaries/Win64/UE4Editor-LevelSequenceEditor.dll (API version 0).
LogModuleManager: Display: Found up-to-date module file ../../../Engine/Plugins/MovieScene/MatineeToLevelSequence/Binaries/Win64/UE4Editor-MatineeToLevelSequence.dll (API version 0).
LogModuleManager: Display: Found up-to-date module file ../../../Engine/Plugins/Runtime/AndroidPermission/Binaries/Win64/UE4Editor-AndroidPermission.dll (API version 0).
LogModuleManager: Display: Found up-to-date module file ../../../Engine/Plugins/Online/OnlineSubsystemNull/Binaries/Win64/UE4Editor-OnlineSubsystemNull.dll (API version 0).
LogModuleManager: Display: Found up-to-date module file ../../../Engine/Plugins/Runtime/AndroidDeviceProfileSelector/Binaries/Win64/UE4Editor-AndroidDeviceProfileSelector.dll (API version 0).
LogModuleManager: Display: Found up-to-date module file ../../../Engine/Plugins/Runtime/AppleARKit/Binaries/Win64/UE4Editor-AppleARKit.dll (API version 0).
LogModuleManager: Display: Found up-to-date module file ../../../Engine/Plugins/Runtime/ArchVisCharacter/Binaries/Win64/UE4Editor-ArchVisCharacter.dll (API version 0).
LogModuleManager: Display: Found up-to-date module file ../../../Engine/Plugins/Runtime/CableComponent/Binaries/Win64/UE4Editor-CableComponent.dll (API version 0).
LogModuleManager: Display: Found up-to-date module file ../../../Engine/Plugins/Runtime/CustomMeshComponent/Binaries/Win64/UE4Editor-CustomMeshComponent.dll (API version 0).
LogModuleManager: Display: Found up-to-date module file ../../../Engine/Plugins/Runtime/ExampleDeviceProfileSelector/Binaries/Win64/UE4Editor-ExampleDeviceProfileSelector.dll (API version 0).
LogModuleManager: Display: Found up-to-date module file ../../../Engine/Plugins/Runtime/ImmediatePhysics/Binaries/Win64/UE4Editor-ImmediatePhysics.dll (API version 0).
LogModuleManager: Display: Found up-to-date module file ../../../Engine/Plugins/Runtime/ImmediatePhysics/Binaries/Win64/UE4Editor-ImmediatePhysicsEditor.dll (API version 0).
LogModuleManager: Display: Found up-to-date module file ../../../Engine/Plugins/Runtime/LocationServicesBPLibrary/Binaries/Win64/UE4Editor-LocationServicesBPLibrary.dll (API version 0).
LogModuleManager: Display: Found up-to-date module file ../../../Engine/Plugins/Runtime/MobilePatchingUtils/Binaries/Win64/UE4Editor-MobilePatchingUtils.dll (API version 0).
LogModuleManager: Display: Found up-to-date module file ../../../Engine/Plugins/Runtime/Oculus/OculusVR/Binaries/Win64/UE4Editor-OculusHMD.dll (API version 0).
LogModuleManager: Display: Found up-to-date module file ../../../Engine/Plugins/Runtime/Oculus/OculusVR/Binaries/Win64/UE4Editor-OculusInput.dll (API version 0).
LogModuleManager: Display: Found up-to-date module file ../../../Engine/Plugins/Runtime/Oculus/OculusVR/Binaries/Win64/UE4Editor-OculusEditor.dll (API version 0).
LogModuleManager: Display: Found up-to-date module file ../../../Engine/Plugins/Runtime/PhysXVehicles/Binaries/Win64/UE4Editor-PhysXVehicles.dll (API version 0).
LogModuleManager: Display: Found up-to-date module file ../../../Engine/Plugins/Runtime/PhysXVehicles/Binaries/Win64/UE4Editor-PhysXVehiclesEditor.dll (API version 0).
LogModuleManager: Display: Found up-to-date module file ../../../Engine/Plugins/Runtime/ProceduralMeshComponent/Binaries/Win64/UE4Editor-ProceduralMeshComponent.dll (API version 0).
LogModuleManager: Display: Found up-to-date module file ../../../Engine/Plugins/Runtime/ProceduralMeshComponent/Binaries/Win64/UE4Editor-ProceduralMeshComponentEditor.dll (API version 0).
LogModuleManager: Display: Found up-to-date module file ../../../Engine/Plugins/Runtime/RuntimePhysXCooking/Binaries/Win64/UE4Editor-RuntimePhysXCooking.dll (API version 0).
LogModuleManager: Display: Found up-to-date module file ../../../Engine/Plugins/Runtime/Steam/SteamVR/Binaries/Win64/UE4Editor-SteamVR.dll (API version 0).
LogModuleManager: Display: Found up-to-date module file ../../../Engine/Plugins/Runtime/Steam/SteamVR/Binaries/Win64/UE4Editor-SteamVRController.dll (API version 0).
LogModuleManager: Display: Found up-to-date module file ../../../Engine/Plugins/Runtime/WindowsMoviePlayer/Binaries/Win64/UE4Editor-WindowsMoviePlayer.dll (API version 0).
LogPluginManager: Mounting plugin Paper2D
LogPluginManager: Mounting plugin LightPropagationVolume
LogPluginManager: Mounting plugin CodeLiteSourceCodeAccess
LogPluginManager: Mounting plugin GitSourceControl
LogPluginManager: Mounting plugin KDevelopSourceCodeAccess
LogPluginManager: Mounting plugin NullSourceCodeAccess
LogPluginManager: Mounting plugin PerforceSourceControl
LogPluginManager: Mounting plugin SubversionSourceControl
LogPluginManager: Mounting plugin UObjectPlugin
LogPluginManager: Mounting plugin VisualStudioCodeSourceCodeAccess
LogPluginManager: Mounting plugin VisualStudioSourceCodeAccess
LogPluginManager: Mounting plugin XCodeSourceCodeAccess
LogPluginManager: Mounting plugin AssetManagerEditor
LogPluginManager: Mounting plugin AudioCapture
LogPluginManager: Mounting plugin FacialAnimation
LogPluginManager: Mounting plugin GameplayTagsEditor
LogPluginManager: Mounting plugin MobileLauncherProfileWizard
LogPluginManager: Mounting plugin PluginBrowser
LogPluginManager: Mounting plugin SpeedTreeImporter
LogPluginManager: Mounting plugin AlembicImporter
LogPluginManager: Mounting plugin CharacterAI
LogPluginManager: Mounting plugin HTML5Networking
LogPluginManager: Mounting plugin AndroidMedia
LogPluginManager: Mounting plugin AvfMedia
LogPluginManager: Mounting plugin ImgMedia
LogPluginManager: Mounting plugin MediaCompositing
LogPluginManager: Mounting plugin MediaPlayerEditor
LogPluginManager: Mounting plugin WmfMedia
LogPluginManager: Mounting plugin TcpMessaging
LogPluginManager: Mounting plugin UdpMessaging
LogPluginManager: Mounting plugin ActorSequence
LogPluginManager: Mounting plugin LevelSequenceEditor
LogPluginManager: Mounting plugin MatineeToLevelSequence
LogPluginManager: Mounting plugin OnlineSubsystemGooglePlay
LogPluginManager: Mounting plugin OnlineSubsystemIOS
LogPluginManager: Mounting plugin OnlineSubsystem
LogPluginManager: Mounting plugin OnlineSubsystemNull
LogPluginManager: Mounting plugin OnlineSubsystemSteam
LogPluginManager: Mounting plugin OnlineSubsystemUtils
LogPluginManager: Mounting plugin AndroidDeviceProfileSelector
LogPluginManager: Mounting plugin AndroidMoviePlayer
LogPluginManager: Mounting plugin AndroidPermission
LogPluginManager: Mounting plugin AppleARKit
LogPluginManager: Mounting plugin AppleMoviePlayer
LogPluginManager: Mounting plugin ArchVisCharacter
LogPluginManager: Mounting plugin CableComponent
LogPluginManager: Mounting plugin CustomMeshComponent
LogPluginManager: Mounting plugin ExampleDeviceProfileSelector
LogPluginManager: Mounting plugin GoogleCloudMessaging
LogPluginManager: Mounting plugin ImmediatePhysics
LogPluginManager: Mounting plugin IOSDeviceProfileSelector
LogPluginManager: Mounting plugin LinuxDeviceProfileSelector
LogPluginManager: Mounting plugin LocationServicesBPLibrary
LogPluginManager: Mounting plugin MobilePatchingUtils
LogPluginManager: Mounting plugin OculusVR
LogPluginManager: Plugin shader directory ../../../Engine/Plugins/Runtime/Oculus/OculusVR/Shaders found
LogPluginManager: Mapping shader source directory ../../../Engine/Plugins/Runtime/Oculus/OculusVR/Shaders to virtual directory /Plugin/OculusVR
LogPluginManager: Mounting plugin PhysXVehicles
LogPluginManager: Mounting plugin ProceduralMeshComponent
LogPluginManager: Mounting plugin RuntimePhysXCooking
LogPluginManager: Mounting plugin SteamVR
LogPluginManager: Mounting plugin WindowsMoviePlayer
LogInit: Using libcurl 7.47.1
LogInit:  - built for x86_64-pc-win32
LogInit:  - supports SSL with OpenSSL/1.0.2g
LogInit:  - supports HTTP deflate (compression) using libz 1.2.8
LogInit:  - other features:
LogInit:      CURL_VERSION_SSL
LogInit:      CURL_VERSION_LIBZ
LogInit:      CURL_VERSION_IPV6
LogInit:      CURL_VERSION_ASYNCHDNS
LogInit:      CURL_VERSION_LARGEFILE
LogInit:      CURL_VERSION_IDN
LogInit:  CurlRequestOptions (configurable via config and command line):
LogInit:  - bVerifyPeer = false  - Libcurl will NOT verify peer certificate
LogInit:  - bUseHttpProxy = false  - Libcurl will NOT use HTTP proxy
LogInit:  - bDontReuseConnections = false  - Libcurl will reuse connections
LogInit:  - CertBundlePath = nullptr  - Libcurl will use whatever was configured at build time.
LogOnline: Display: STEAM: Loading Steam SDK 1.39
LogOnline: Warning: STEAM: Steam API disabled!
LogOnline: Display: STEAM: OnlineSubsystemSteam::Shutdown()
LogInit: WinSock: version 1.1 (2.2), MaxSocks=32767, MaxUdp=65467
LogInit: Build: ++UE4+Release-4.18-CL-0
LogInit: Engine Version: 4.18.3-0+++UE4+Release-4.18
LogInit: Compatible Engine Version: 4.18.0-0+++UE4+Release-4.18
LogInit: Net CL: 0
LogDevObjectVersion: Number of dev versions registered: 16
LogDevObjectVersion:   Dev-Blueprints (B0D832E4-1F89-4F0D-ACCF-7EB736FD4AA2): 10
LogDevObjectVersion:   Dev-Build (E1C64328-A22C-4D53-A36C-8E866417BD8C): 0
LogDevObjectVersion:   Dev-Core (375EC13C-06E4-48FB-B500-84F0262A717E): 2
LogDevObjectVersion:   Dev-Editor (E4B068ED-F494-42E9-A231-DA0B2E46BB41): 20
LogDevObjectVersion:   Dev-Framework (CFFC743F-43B0-4480-9391-14DF171D2073): 30
LogDevObjectVersion:   Dev-Mobile (B02B49B5-BB20-44E9-A304-32B752E40360): 0
LogDevObjectVersion:   Dev-Networking (A4E4105C-59A1-49B5-A7C5-40C4547EDFEE): 0
LogDevObjectVersion:   Dev-Online (39C831C9-5AE6-47DC-9A44-9C173E1C8E7C): 0
LogDevObjectVersion:   Dev-Physics (78F01B33-EBEA-4F98-B9B4-84EACCB95AA2): 0
LogDevObjectVersion:   Dev-Platform (6631380F-2D4D-43E0-8009-CF276956A95A): 0
LogDevObjectVersion:   Dev-Rendering (12F88B9F-8875-4AFC-A67C-D90C383ABD29): 20
LogDevObjectVersion:   Dev-Sequencer (7B5AE74C-D270-4C10-A958-57980B212A5A): 4
LogDevObjectVersion:   Dev-VR (D7296918-1DD6-4BDD-9DE2-64A83CC13884): 0
LogDevObjectVersion:   Dev-LoadTimes (C2A15278-BFE7-4AFE-6C17-90FF531DF755): 1
LogDevObjectVersion:   Private-Geometry (6EACA3D4-40EC-4CC1-B786-8BED09428FC5): 1
LogDevObjectVersion:   Dev-AnimPhys (29E575DD-E0A3-4627-9D10-D276232CDCEA): 12
LogInit: Compiled (64-bit): Feb 12 2018 12:19:40
LogInit: Compiled with Visual C++: 19.11.25507.01
LogInit: Build Configuration: Development
LogInit: Branch Name: ++UE4+Release-4.18
LogInit: Command line: 
LogInit: Base directory: C:/UE4/Engine/Binaries/Win64/
LogInit: Installed Engine Build: 0
LogInit: Presizing for max 8388607 objects, including 0 objects not considered by GC, pre-allocating 0 bytes for permanent pool.
LogInit: Object subsystem initialized
[2018.03.20-12.40.14:868][  0]LogInit: Selected Device Profile: [Windows]
[2018.03.20-12.40.14:868][  0]LogInit: Applying CVar settings loaded from the selected device profile: [Windows]
[2018.03.20-12.40.14:877][  0]LogInit: Computer: VS00014
[2018.03.20-12.40.14:877][  0]LogInit: User: ajparker
[2018.03.20-12.40.14:877][  0]LogInit: CPU Page size=4096, Cores=4
[2018.03.20-12.40.14:877][  0]LogInit: High frequency timer resolution =3.328124 MHz
[2018.03.20-12.40.14:877][  0]LogMemory: Memory total: Physical=15.9GB (16GB approx)
[2018.03.20-12.40.14:877][  0]LogMemory: Platform Memory Stats for Windows
[2018.03.20-12.40.14:877][  0]LogMemory: Process Physical Memory: 273.35 MB used, 273.35 MB peak
[2018.03.20-12.40.14:877][  0]LogMemory: Process Virtual Memory: 271.67 MB used, 271.67 MB peak
[2018.03.20-12.40.14:877][  0]LogMemory: Physical Memory: 5750.13 MB used,  10551.09 MB free, 16301.22 MB total
[2018.03.20-12.40.14:877][  0]LogMemory: Virtual Memory: 684.36 MB used,  10551.09 MB free, 134217728.00 MB total
[2018.03.20-12.40.14:980][  0]LogInit: Using OS detected language (en-US).
[2018.03.20-12.40.14:980][  0]LogInit: Using OS detected locale (en-GB).
[2018.03.20-12.40.14:982][  0]LogTextLocalizationManager: No specific localization for 'en-US' exists, so the 'en' localization will be used.
[2018.03.20-12.40.15:302][  0]LogInit: Setting process to per monitor DPI aware
[2018.03.20-12.40.15:539][  0]LogD3D11RHI: D3D11 adapters:
[2018.03.20-12.40.15:579][  0]LogD3D11RHI:    0. 'NVIDIA GeForce GTX 970' (Feature Level 11_0)
[2018.03.20-12.40.15:579][  0]LogD3D11RHI:       4058/0/8150 MB DedicatedVideo/DedicatedSystem/SharedSystem, Outputs:1, VendorId:0x10de
[2018.03.20-12.40.15:581][  0]LogD3D11RHI:    1. 'Microsoft Basic Render Driver' (Feature Level 11_0)
[2018.03.20-12.40.15:581][  0]LogD3D11RHI:       0/0/8150 MB DedicatedVideo/DedicatedSystem/SharedSystem, Outputs:0, VendorId:0x1414
[2018.03.20-12.40.15:581][  0]LogD3D11RHI: Chosen D3D11 Adapter: 0
[2018.03.20-12.40.15:586][  0]LogD3D11RHI: Creating new Direct3DDevice
[2018.03.20-12.40.15:586][  0]LogD3D11RHI:     GPU DeviceId: 0x13c2 (for the marketing name, search the web for "GPU Device Id")
[2018.03.20-12.40.15:586][  0]LogWindows: EnumDisplayDevices:
[2018.03.20-12.40.15:586][  0]LogWindows:    0. 'NVIDIA GeForce GTX 970' (P:1 D:1)
[2018.03.20-12.40.15:586][  0]LogWindows:    1. 'NVIDIA GeForce GTX 970' (P:0 D:0)
[2018.03.20-12.40.15:586][  0]LogWindows:    2. 'NVIDIA GeForce GTX 970' (P:0 D:0)
[2018.03.20-12.40.15:586][  0]LogWindows:    3. 'NVIDIA GeForce GTX 970' (P:0 D:0)
[2018.03.20-12.40.15:586][  0]LogWindows: DebugString: GetVideoDriverDetailsInvalid PrimaryIsNotTheChoosenAdapter GetVideoDriverDetailsInvalid PrimaryIsNotTheChoosenAdapter GetVideoDriverDetailsInvalid PrimaryIsNotTheChoosenAdapter GetVideoDriverDetailsInvalid PrimaryIsNotTheChoosenAdapter FoundDriverCount:0 
[2018.03.20-12.40.15:586][  0]LogD3D11RHI:     Adapter Name: NVIDIA GeForce GTX 970
[2018.03.20-12.40.15:586][  0]LogD3D11RHI:   Driver Version: Unknown (internal:Unknown, unified:Unknown)
[2018.03.20-12.40.15:586][  0]LogD3D11RHI:      Driver Date: Unknown
[2018.03.20-12.40.15:586][  0]LogRHI: Texture pool is 2840 MB (70% of 4058 MB)
[2018.03.20-12.40.15:611][  0]LogD3D11RHI: Async texture creation enabled
[2018.03.20-12.40.15:625][  0]LogD3D11RHI: GPU Timing Frequency: 1000.000000 (Debug: 2 1)
[2018.03.20-12.40.15:667][  0]LogShaderCompilers: Guid format shader working directory is -6 characters bigger than the processId version (../../../../Users/ajparker/Desktop/Multiplayer_Project/Intermediate/Shaders/WorkingDirectory/11584/).
[2018.03.20-12.40.15:667][  0]LogShaderCompilers: Cleaned the shader compiler working directory 'C:/Users/ajparker/AppData/Local/Temp/UnrealShaderWorkingDir/827F0749449C4DB7EFC67F9AF8C66B19/'.
[2018.03.20-12.40.15:667][  0]LogShaderCompilers: Display: Using Local Shader Compiler.
[2018.03.20-12.40.16:484][  0]LogTemp: Display: Loaded TP AllDesktopTargetPlatform
[2018.03.20-12.40.16:521][  0]LogTemp: Display: Loaded TP MacClientTargetPlatform
[2018.03.20-12.40.16:559][  0]LogTemp: Display: Loaded TP MacNoEditorTargetPlatform
[2018.03.20-12.40.16:597][  0]LogTemp: Display: Loaded TP MacServerTargetPlatform
[2018.03.20-12.40.16:636][  0]LogTemp: Display: Loaded TP MacTargetPlatform
[2018.03.20-12.40.16:673][  0]LogTemp: Display: Loaded TP WindowsClientTargetPlatform
[2018.03.20-12.40.16:711][  0]LogTemp: Display: Loaded TP WindowsNoEditorTargetPlatform
[2018.03.20-12.40.16:749][  0]LogTemp: Display: Loaded TP WindowsServerTargetPlatform
[2018.03.20-12.40.16:782][  0]LogTemp: Display: Loaded TP WindowsTargetPlatform
[2018.03.20-12.40.16:819][  0]LogTemp: Display: Loaded TP Android_ASTCTargetPlatform
[2018.03.20-12.40.16:854][  0]LogTemp: Display: Loaded TP Android_ATCTargetPlatform
[2018.03.20-12.40.16:891][  0]LogTemp: Display: Loaded TP Android_DXTTargetPlatform
[2018.03.20-12.40.16:928][  0]LogTemp: Display: Loaded TP Android_ETC1TargetPlatform
[2018.03.20-12.40.16:964][  0]LogTemp: Display: Loaded TP Android_ETC2TargetPlatform
[2018.03.20-12.40.17:035][  0]LogTemp: Display: Loaded TP Android_MultiTargetPlatform
[2018.03.20-12.40.17:035][  0]LogTemp: Display: Loaded TP Android_PVRTCTargetPlatform
[2018.03.20-12.40.17:071][  0]LogTemp: Display: Loaded TP AndroidTargetPlatform
[2018.03.20-12.40.17:100][  0]LogTemp: Display: Loaded TP HTML5TargetPlatform
[2018.03.20-12.40.17:172][  0]LogTemp: Display: Loaded TP IOSTargetPlatform
[2018.03.20-12.40.17:191][  0]LogTemp: Display: Loaded TP TVOSTargetPlatform
[2018.03.20-12.40.17:191][  0]LogTargetPlatformManager: Display: Building Assets For Windows
[2018.03.20-12.40.17:526][  0]LogDerivedDataCache: Display: Max Cache Size: 512 MB
[2018.03.20-12.40.17:581][  0]LogDerivedDataCache: Loaded boot cache 0.06s 78MB ../../../../Users/ajparker/Desktop/Multiplayer_Project/DerivedDataCache/Boot.ddc.
[2018.03.20-12.40.17:581][  0]LogDerivedDataCache: Display: Loaded Boot cache: ../../../../Users/ajparker/Desktop/Multiplayer_Project/DerivedDataCache/Boot.ddc
[2018.03.20-12.40.17:581][  0]LogDerivedDataCache: FDerivedDataBackendGraph:  Pak pak cache file ../../../../Users/ajparker/Desktop/Multiplayer_Project/DerivedDataCache/DDC.ddp not found, will not use a pak cache.
[2018.03.20-12.40.17:581][  0]LogDerivedDataCache: Unable to find inner node Pak for hierarchical cache Hierarchy.
[2018.03.20-12.40.17:581][  0]LogDerivedDataCache: FDerivedDataBackendGraph:  EnginePak pak cache file ../../../Engine/DerivedDataCache/DDC.ddp not found, will not use a pak cache.
[2018.03.20-12.40.17:581][  0]LogDerivedDataCache: Unable to find inner node EnginePak for hierarchical cache Hierarchy.
[2018.03.20-12.40.17:593][  0]LogDerivedDataCache: Using Local data cache path ../../../Engine/DerivedDataCache: Writable
[2018.03.20-12.40.17:593][  0]LogDerivedDataCache: Shared data cache path not found in *engine.ini, will not use an Shared cache.
[2018.03.20-12.40.17:593][  0]LogDerivedDataCache: Unable to find inner node Shared for hierarchical cache Hierarchy.
[2018.03.20-12.40.17:602][  0]LogMaterial: Verifying Global Shaders for PCD3D_SM5
[2018.03.20-12.40.17:602][  0]LogSlate: Using Freetype 2.6.0
[2018.03.20-12.40.17:602][  0]LogSlate: SlateFontCache - WITH_FREETYPE: 1, WITH_HARFBUZZ: 1
[2018.03.20-12.40.17:603][  0]LogSlate: SlateFontCache - WITH_FREETYPE: 1, WITH_HARFBUZZ: 1
[2018.03.20-12.40.17:870][  0]LogInit: Selected Device Profile: [Windows]
[2018.03.20-12.40.18:101][  0]LogMeshReduction: Using QuadricMeshReduction for automatic static mesh reduction
[2018.03.20-12.40.18:101][  0]LogMeshReduction: No automatic skeletal mesh reduction module available
[2018.03.20-12.40.18:101][  0]LogMeshReduction: No automatic mesh merging module available
[2018.03.20-12.40.18:101][  0]LogMeshReduction: No distributed automatic mesh merging module available
[2018.03.20-12.40.18:101][  0]LogMeshMerging: No automatic mesh merging module available
[2018.03.20-12.40.18:101][  0]LogMeshMerging: No distributed automatic mesh merging module available
[2018.03.20-12.40.18:131][  0]LogNetVersion: Multiplayer_Project , NetCL: 0, EngineNetVer: 2, GameNetVer: 0 (Checksum: 244139976)
[2018.03.20-12.40.18:270][  0]LogAssetRegistry: FAssetRegistry took 0.0238 seconds to start up
[2018.03.20-12.40.18:689][  0]LogPackageLocalizationCache: Processed 7 localized package path(s) for 2 prioritized culture(s) in 0.059176 seconds
[2018.03.20-12.40.18:693][  0]LogUObjectArray: 35833 objects as part of root set at end of initial load.
[2018.03.20-12.40.18:693][  0]LogUObjectAllocator: 7570416 out of 0 bytes used by permanent object pool.
[2018.03.20-12.40.18:693][  0]LogUObjectArray: CloseDisregardForGC: 0/0 objects in disregard for GC pool
[2018.03.20-12.40.19:196][  0]LogStreaming: Warning: Failed to read file '../../../Engine/Content/Editor/Slate/Launcher/Mac/Platform_Mac_24x.png' error.
[2018.03.20-12.40.19:196][  0]LogSlate: Could not find file for Slate resource: ../../../Engine/Content/Editor/Slate/Launcher/Mac/Platform_Mac_24x.png
[2018.03.20-12.40.19:196][  0]LogStreaming: Warning: Failed to read file '../../../Engine/Content/Editor/Slate/Launcher/Mac/Platform_Mac_128x.png' error.
[2018.03.20-12.40.19:196][  0]LogSlate: Could not find file for Slate resource: ../../../Engine/Content/Editor/Slate/Launcher/Mac/Platform_Mac_128x.png
[2018.03.20-12.40.19:196][  0]LogStreaming: Warning: Failed to read file '../../../Engine/Content/Editor/Slate/Launcher/Mac/Platform_Mac_128x.png' error.
[2018.03.20-12.40.19:196][  0]LogSlate: Could not find file for Slate resource: ../../../Engine/Content/Editor/Slate/Launcher/Mac/Platform_Mac_128x.png
[2018.03.20-12.40.19:196][  0]LogStreaming: Warning: Failed to read file '../../../Engine/Content/Editor/Slate/Launcher/Mac/Platform_Mac_24x.png' error.
[2018.03.20-12.40.19:196][  0]LogSlate: Could not find file for Slate resource: ../../../Engine/Content/Editor/Slate/Launcher/Mac/Platform_Mac_24x.png
[2018.03.20-12.40.19:196][  0]LogStreaming: Warning: Failed to read file '../../../Engine/Content/Editor/Slate/Launcher/Mac/Platform_Mac_128x.png' error.
[2018.03.20-12.40.19:196][  0]LogSlate: Could not find file for Slate resource: ../../../Engine/Content/Editor/Slate/Launcher/Mac/Platform_Mac_128x.png
[2018.03.20-12.40.19:196][  0]LogStreaming: Warning: Failed to read file '../../../Engine/Content/Editor/Slate/Launcher/Mac/Platform_Mac_128x.png' error.
[2018.03.20-12.40.19:196][  0]LogSlate: Could not find file for Slate resource: ../../../Engine/Content/Editor/Slate/Launcher/Mac/Platform_Mac_128x.png
[2018.03.20-12.40.19:196][  0]LogStreaming: Warning: Failed to read file '../../../Engine/Content/Editor/Slate/Launcher/Mac/Platform_Mac_24x.png' error.
[2018.03.20-12.40.19:196][  0]LogSlate: Could not find file for Slate resource: ../../../Engine/Content/Editor/Slate/Launcher/Mac/Platform_Mac_24x.png
[2018.03.20-12.40.19:196][  0]LogStreaming: Warning: Failed to read file '../../../Engine/Content/Editor/Slate/Launcher/Mac/Platform_Mac_128x.png' error.
[2018.03.20-12.40.19:196][  0]LogSlate: Could not find file for Slate resource: ../../../Engine/Content/Editor/Slate/Launcher/Mac/Platform_Mac_128x.png
[2018.03.20-12.40.19:196][  0]LogStreaming: Warning: Failed to read file '../../../Engine/Content/Editor/Slate/Launcher/Mac/Platform_Mac_128x.png' error.
[2018.03.20-12.40.19:196][  0]LogSlate: Could not find file for Slate resource: ../../../Engine/Content/Editor/Slate/Launcher/Mac/Platform_Mac_128x.png
[2018.03.20-12.40.19:196][  0]LogStreaming: Warning: Failed to read file '../../../Engine/Content/Editor/Slate/Launcher/Mac/Platform_Mac_24x.png' error.
[2018.03.20-12.40.19:196][  0]LogSlate: Could not find file for Slate resource: ../../../Engine/Content/Editor/Slate/Launcher/Mac/Platform_Mac_24x.png
[2018.03.20-12.40.19:197][  0]LogStreaming: Warning: Failed to read file '../../../Engine/Content/Editor/Slate/Launcher/Mac/Platform_Mac_128x.png' error.
[2018.03.20-12.40.19:197][  0]LogSlate: Could not find file for Slate resource: ../../../Engine/Content/Editor/Slate/Launcher/Mac/Platform_Mac_128x.png
[2018.03.20-12.40.19:197][  0]LogStreaming: Warning: Failed to read file '../../../Engine/Content/Editor/Slate/Launcher/Mac/Platform_Mac_128x.png' error.
[2018.03.20-12.40.19:197][  0]LogSlate: Could not find file for Slate resource: ../../../Engine/Content/Editor/Slate/Launcher/Mac/Platform_Mac_128x.png
[2018.03.20-12.40.19:197][  0]LogStreaming: Warning: Failed to read file '../../../Engine/Content/Editor/Slate/Launcher/Linux/Platform_Linux_24x.png' error.
[2018.03.20-12.40.19:197][  0]LogSlate: Could not find file for Slate resource: ../../../Engine/Content/Editor/Slate/Launcher/Linux/Platform_Linux_24x.png
[2018.03.20-12.40.19:197][  0]LogStreaming: Warning: Failed to read file '../../../Engine/Content/Editor/Slate/Launcher/Linux/Platform_Linux_128x.png' error.
[2018.03.20-12.40.19:197][  0]LogSlate: Could not find file for Slate resource: ../../../Engine/Content/Editor/Slate/Launcher/Linux/Platform_Linux_128x.png
[2018.03.20-12.40.19:197][  0]LogStreaming: Warning: Failed to read file '../../../Engine/Content/Editor/Slate/Launcher/Linux/Platform_Linux_128x.png' error.
[2018.03.20-12.40.19:197][  0]LogSlate: Could not find file for Slate resource: ../../../Engine/Content/Editor/Slate/Launcher/Linux/Platform_Linux_128x.png
[2018.03.20-12.40.19:197][  0]LogStreaming: Warning: Failed to read file '../../../Engine/Content/Editor/Slate/Launcher/Linux/Platform_Linux_24x.png' error.
[2018.03.20-12.40.19:197][  0]LogSlate: Could not find file for Slate resource: ../../../Engine/Content/Editor/Slate/Launcher/Linux/Platform_Linux_24x.png
[2018.03.20-12.40.19:197][  0]LogStreaming: Warning: Failed to read file '../../../Engine/Content/Editor/Slate/Launcher/Linux/Platform_Linux_128x.png' error.
[2018.03.20-12.40.19:197][  0]LogSlate: Could not find file for Slate resource: ../../../Engine/Content/Editor/Slate/Launcher/Linux/Platform_Linux_128x.png
[2018.03.20-12.40.19:197][  0]LogStreaming: Warning: Failed to read file '../../../Engine/Content/Editor/Slate/Launcher/Linux/Platform_Linux_128x.png' error.
[2018.03.20-12.40.19:197][  0]LogSlate: Could not find file for Slate resource: ../../../Engine/Content/Editor/Slate/Launcher/Linux/Platform_Linux_128x.png
[2018.03.20-12.40.19:197][  0]LogStreaming: Warning: Failed to read file '../../../Engine/Content/Editor/Slate/Launcher/Linux/Platform_Linux_24x.png' error.
[2018.03.20-12.40.19:197][  0]LogSlate: Could not find file for Slate resource: ../../../Engine/Content/Editor/Slate/Launcher/Linux/Platform_Linux_24x.png
[2018.03.20-12.40.19:197][  0]LogStreaming: Warning: Failed to read file '../../../Engine/Content/Editor/Slate/Launcher/Linux/Platform_Linux_128x.png' error.
[2018.03.20-12.40.19:197][  0]LogSlate: Could not find file for Slate resource: ../../../Engine/Content/Editor/Slate/Launcher/Linux/Platform_Linux_128x.png
[2018.03.20-12.40.19:197][  0]LogStreaming: Warning: Failed to read file '../../../Engine/Content/Editor/Slate/Launcher/Linux/Platform_Linux_128x.png' error.
[2018.03.20-12.40.19:197][  0]LogSlate: Could not find file for Slate resource: ../../../Engine/Content/Editor/Slate/Launcher/Linux/Platform_Linux_128x.png
[2018.03.20-12.40.19:197][  0]LogStreaming: Warning: Failed to read file '../../../Engine/Content/Editor/Slate/Launcher/Linux/Platform_Linux_24x.png' error.
[2018.03.20-12.40.19:197][  0]LogSlate: Could not find file for Slate resource: ../../../Engine/Content/Editor/Slate/Launcher/Linux/Platform_Linux_24x.png
[2018.03.20-12.40.19:197][  0]LogStreaming: Warning: Failed to read file '../../../Engine/Content/Editor/Slate/Launcher/Linux/Platform_Linux_128x.png' error.
[2018.03.20-12.40.19:197][  0]LogSlate: Could not find file for Slate resource: ../../../Engine/Content/Editor/Slate/Launcher/Linux/Platform_Linux_128x.png
[2018.03.20-12.40.19:197][  0]LogStreaming: Warning: Failed to read file '../../../Engine/Content/Editor/Slate/Launcher/Linux/Platform_Linux_128x.png' error.
[2018.03.20-12.40.19:197][  0]LogSlate: Could not find file for Slate resource: ../../../Engine/Content/Editor/Slate/Launcher/Linux/Platform_Linux_128x.png
[2018.03.20-12.40.19:197][  0]LogStreaming: Warning: Failed to read file '../../../Engine/Content/Editor/Slate/Launcher/Android/Platform_Android_24x.png' error.
[2018.03.20-12.40.19:197][  0]LogSlate: Could not find file for Slate resource: ../../../Engine/Content/Editor/Slate/Launcher/Android/Platform_Android_24x.png
[2018.03.20-12.40.19:198][  0]LogStreaming: Warning: Failed to read file '../../../Engine/Content/Editor/Slate/Launcher/Android/Platform_Android_128x.png' error.
[2018.03.20-12.40.19:198][  0]LogSlate: Could not find file for Slate resource: ../../../Engine/Content/Editor/Slate/Launcher/Android/Platform_Android_128x.png
[2018.03.20-12.40.19:198][  0]LogStreaming: Warning: Failed to read file '../../../Engine/Content/Editor/Slate/Launcher/Android/Platform_Android_128x.png' error.
[2018.03.20-12.40.19:198][  0]LogSlate: Could not find file for Slate resource: ../../../Engine/Content/Editor/Slate/Launcher/Android/Platform_Android_128x.png
[2018.03.20-12.40.19:198][  0]LogStreaming: Warning: Failed to read file '../../../Engine/Content/Editor/Slate/Launcher/Android/Platform_Android_24x.png' error.
[2018.03.20-12.40.19:198][  0]LogSlate: Could not find file for Slate resource: ../../../Engine/Content/Editor/Slate/Launcher/Android/Platform_Android_24x.png
[2018.03.20-12.40.19:198][  0]LogStreaming: Warning: Failed to read file '../../../Engine/Content/Editor/Slate/Launcher/Android/Platform_Android_128x.png' error.
[2018.03.20-12.40.19:198][  0]LogSlate: Could not find file for Slate resource: ../../../Engine/Content/Editor/Slate/Launcher/Android/Platform_Android_128x.png
[2018.03.20-12.40.19:198][  0]LogStreaming: Warning: Failed to read file '../../../Engine/Content/Editor/Slate/Launcher/Android/Platform_Android_128x.png' error.
[2018.03.20-12.40.19:198][  0]LogSlate: Could not find file for Slate resource: ../../../Engine/Content/Editor/Slate/Launcher/Android/Platform_Android_128x.png
[2018.03.20-12.40.19:198][  0]LogStreaming: Warning: Failed to read file '../../../Engine/Content/Editor/Slate/Launcher/Android/Platform_Android_ATC_24x.png' error.
[2018.03.20-12.40.19:198][  0]LogSlate: Could not find file for Slate resource: ../../../Engine/Content/Editor/Slate/Launcher/Android/Platform_Android_ATC_24x.png
[2018.03.20-12.40.19:198][  0]LogStreaming: Warning: Failed to read file '../../../Engine/Content/Editor/Slate/Launcher/Android/Platform_Android_128x.png' error.
[2018.03.20-12.40.19:198][  0]LogSlate: Could not find file for Slate resource: ../../../Engine/Content/Editor/Slate/Launcher/Android/Platform_Android_128x.png
[2018.03.20-12.40.19:198][  0]LogStreaming: Warning: Failed to read file '../../../Engine/Content/Editor/Slate/Launcher/Android/Platform_Android_128x.png' error.
[2018.03.20-12.40.19:198][  0]LogSlate: Could not find file for Slate resource: ../../../Engine/Content/Editor/Slate/Launcher/Android/Platform_Android_128x.png
[2018.03.20-12.40.19:198][  0]LogStreaming: Warning: Failed to read file '../../../Engine/Content/Editor/Slate/Launcher/Android/Platform_Android_DXT_24x.png' error.
[2018.03.20-12.40.19:198][  0]LogSlate: Could not find file for Slate resource: ../../../Engine/Content/Editor/Slate/Launcher/Android/Platform_Android_DXT_24x.png
[2018.03.20-12.40.19:198][  0]LogStreaming: Warning: Failed to read file '../../../Engine/Content/Editor/Slate/Launcher/Android/Platform_Android_128x.png' error.
[2018.03.20-12.40.19:198][  0]LogSlate: Could not find file for Slate resource: ../../../Engine/Content/Editor/Slate/Launcher/Android/Platform_Android_128x.png
[2018.03.20-12.40.19:198][  0]LogStreaming: Warning: Failed to read file '../../../Engine/Content/Editor/Slate/Launcher/Android/Platform_Android_128x.png' error.
[2018.03.20-12.40.19:198][  0]LogSlate: Could not find file for Slate resource: ../../../Engine/Content/Editor/Slate/Launcher/Android/Platform_Android_128x.png
[2018.03.20-12.40.19:198][  0]LogStreaming: Warning: Failed to read file '../../../Engine/Content/Editor/Slate/Launcher/Android/Platform_Android_ETC1_24x.png' error.
[2018.03.20-12.40.19:198][  0]LogSlate: Could not find file for Slate resource: ../../../Engine/Content/Editor/Slate/Launcher/Android/Platform_Android_ETC1_24x.png
[2018.03.20-12.40.19:198][  0]LogStreaming: Warning: Failed to read file '../../../Engine/Content/Editor/Slate/Launcher/Android/Platform_Android_128x.png' error.
[2018.03.20-12.40.19:198][  0]LogSlate: Could not find file for Slate resource: ../../../Engine/Content/Editor/Slate/Launcher/Android/Platform_Android_128x.png
[2018.03.20-12.40.19:198][  0]LogStreaming: Warning: Failed to read file '../../../Engine/Content/Editor/Slate/Launcher/Android/Platform_Android_128x.png' error.
[2018.03.20-12.40.19:198][  0]LogSlate: Could not find file for Slate resource: ../../../Engine/Content/Editor/Slate/Launcher/Android/Platform_Android_128x.png
[2018.03.20-12.40.19:198][  0]LogStreaming: Warning: Failed to read file '../../../Engine/Content/Editor/Slate/Launcher/Android/Platform_Android_ETC2_24x.png' error.
[2018.03.20-12.40.19:198][  0]LogSlate: Could not find file for Slate resource: ../../../Engine/Content/Editor/Slate/Launcher/Android/Platform_Android_ETC2_24x.png
[2018.03.20-12.40.19:198][  0]LogStreaming: Warning: Failed to read file '../../../Engine/Content/Editor/Slate/Launcher/Android/Platform_Android_128x.png' error.
[2018.03.20-12.40.19:198][  0]LogSlate: Could not find file for Slate resource: ../../../Engine/Content/Editor/Slate/Launcher/Android/Platform_Android_128x.png
[2018.03.20-12.40.19:198][  0]LogStreaming: Warning: Failed to read file '../../../Engine/Content/Editor/Slate/Launcher/Android/Platform_Android_128x.png' error.
[2018.03.20-12.40.19:198][  0]LogSlate: Could not find file for Slate resource: ../../../Engine/Content/Editor/Slate/Launcher/Android/Platform_Android_128x.png
[2018.03.20-12.40.19:198][  0]LogStreaming: Warning: Failed to read file '../../../Engine/Content/Editor/Slate/Launcher/Android/Platform_Android_PVRTC_24x.png' error.
[2018.03.20-12.40.19:198][  0]LogSlate: Could not find file for Slate resource: ../../../Engine/Content/Editor/Slate/Launcher/Android/Platform_Android_PVRTC_24x.png
[2018.03.20-12.40.19:198][  0]LogStreaming: Warning: Failed to read file '../../../Engine/Content/Editor/Slate/Launcher/Android/Platform_Android_128x.png' error.
[2018.03.20-12.40.19:198][  0]LogSlate: Could not find file for Slate resource: ../../../Engine/Content/Editor/Slate/Launcher/Android/Platform_Android_128x.png
[2018.03.20-12.40.19:198][  0]LogStreaming: Warning: Failed to read file '../../../Engine/Content/Editor/Slate/Launcher/Android/Platform_Android_128x.png' error.
[2018.03.20-12.40.19:198][  0]LogSlate: Could not find file for Slate resource: ../../../Engine/Content/Editor/Slate/Launcher/Android/Platform_Android_128x.png
[2018.03.20-12.40.19:198][  0]LogStreaming: Warning: Failed to read file '../../../Engine/Content/Editor/Slate/Launcher/Android/Platform_Android_ASTC_24x.png' error.
[2018.03.20-12.40.19:198][  0]LogSlate: Could not find file for Slate resource: ../../../Engine/Content/Editor/Slate/Launcher/Android/Platform_Android_ASTC_24x.png
[2018.03.20-12.40.19:198][  0]LogStreaming: Warning: Failed to read file '../../../Engine/Content/Editor/Slate/Launcher/Android/Platform_Android_128x.png' error.
[2018.03.20-12.40.19:198][  0]LogSlate: Could not find file for Slate resource: ../../../Engine/Content/Editor/Slate/Launcher/Android/Platform_Android_128x.png
[2018.03.20-12.40.19:199][  0]LogStreaming: Warning: Failed to read file '../../../Engine/Content/Editor/Slate/Launcher/Android/Platform_Android_128x.png' error.
[2018.03.20-12.40.19:199][  0]LogSlate: Could not find file for Slate resource: ../../../Engine/Content/Editor/Slate/Launcher/Android/Platform_Android_128x.png
[2018.03.20-12.40.20:832][  0]LogTcpMessaging: Initializing TcpMessaging bridge
[2018.03.20-12.40.20:865][  0]LogUdpMessaging: Initializing bridge on interface 0.0.0.0:0 to multicast group 230.0.0.1:6666.
[2018.03.20-12.40.21:384][  0]LogMaterial: Uniform references updated for custom material expression Custom.
[2018.03.20-12.40.21:703][  0]SourceControl: Source control is disabled
[2018.03.20-12.40.21:703][  0]SourceControl: Source control is disabled
[2018.03.20-12.40.21:743][  0]SourceControl: Source control is disabled
[2018.03.20-12.40.21:781][  0]SourceControl: Source control is disabled
[2018.03.20-12.40.22:341][  0]LogAndroidPermission: UAndroidPermissionCallbackProxy::GetInstance
[2018.03.20-12.40.22:540][  0]LogOcInput: OculusInput pre-init called
[2018.03.20-12.40.22:741][  0]LogEngine: Initializing Engine...
[2018.03.20-12.40.22:743][  0]LogHMD: Failed to initialize OpenVR with code 110
[2018.03.20-12.40.22:925][  0]LogStats: UGameplayTagsManager::ConstructGameplayTagTree: Construct from data asset -  0.000 s
[2018.03.20-12.40.22:925][  0]LogStats: UGameplayTagsManager::ConstructGameplayTagTree: GameplayTagTreeChangedEvent.Broadcast -  0.000 s
[2018.03.20-12.40.23:020][  0]LogAIModule: Creating AISystem for world Untitled
[2018.03.20-12.40.23:027][  0]LogInit: XAudio2 using 'AG271QG4-C (NVIDIA High Definition Audio)' : 2 channels at 48 kHz using 16 bits per sample (channel mask 0x3)
[2018.03.20-12.40.23:044][  0]LogInit: FAudioDevice initialized.
[2018.03.20-12.40.23:149][  0]LogDerivedDataCache: Saved boot cache 0.10s 78MB ../../../../Users/ajparker/Desktop/Multiplayer_Project/DerivedDataCache/Boot.ddc.
[2018.03.20-12.40.23:158][  0]LogInit: Texture streaming: Enabled
[2018.03.20-12.40.23:230][  0]LogEngineSessionManager: EngineSessionManager initialized
[2018.03.20-12.40.23:332][  0]LogInit: Transaction tracking system initialized
[2018.03.20-12.40.23:561][  0]BlueprintLog: New page: Editor Load
[2018.03.20-12.40.24:215][  0]LocalizationService: Localization service is disabled
[2018.03.20-12.40.24:775][  0]LogConsoleResponse: Display: 
[2018.03.20-12.40.24:926][  0]LogCook: Display: Max memory allowance for cook 16384mb min free memory 0mb
[2018.03.20-12.40.24:926][  0]LogCook: Display: Mobile HDR setting 1
[2018.03.20-12.40.24:926][  0]LogGameplayTags: Display: UGameplayTagsManager::DoneAddingNativeTags. DelegateIsBound: 0
[2018.03.20-12.40.25:769][  0]LogFileCache: Scanning file cache for directory 'C:/Users/ajparker/Desktop/Multiplayer_Project/Content/' took 0.01s
[2018.03.20-12.40.25:807][  0]SourceControl: Source control is disabled
[2018.03.20-12.40.25:807][  0]Cmd: MAP LOAD FILE="../../../../Users/ajparker/Desktop/Multiplayer_Project/Content/Maps/MainMenu.umap" TEMPLATE=0 SHOWPROGRESS=1 FEATURELEVEL=3
[2018.03.20-12.40.25:808][  0]LightingResults: New page: Lighting Build
[2018.03.20-12.40.25:839][  0]MapCheck: New page: Map Check
[2018.03.20-12.40.25:839][  0]LightingResults: New page: Lighting Build
[2018.03.20-12.40.25:928][  0]LogLinker: Warning: Can't find file '/Game/StarterContent/Textures/T_Brick_Clay_Old_D'
[2018.03.20-12.40.25:928][  0]LogLinker: Warning: Can't find file for asset '/Game/StarterContent/Textures/T_Brick_Clay_Old_D' while loading ../../../../Users/ajparker/Desktop/Multiplayer_Project/Content/UI/Lobby/InGame.uasset.
[2018.03.20-12.40.25:928][  0]LoadErrors: Error: /Game/UI/Lobby/InGame : Can't find file for asset. /Game/StarterContent/Textures/T_Brick_Clay_Old_D
[2018.03.20-12.40.25:928][  0]LogLinker: Warning: Can't find file '/Game/StarterContent/Textures/T_Brick_Hewn_Stone_D'
[2018.03.20-12.40.25:928][  0]LogLinker: Warning: Can't find file for asset '/Game/StarterContent/Textures/T_Brick_Hewn_Stone_D' while loading ../../../../Users/ajparker/Desktop/Multiplayer_Project/Content/UI/Lobby/InGame.uasset.
[2018.03.20-12.40.25:928][  0]LoadErrors: Error: /Game/UI/Lobby/InGame : Can't find file for asset. /Game/StarterContent/Textures/T_Brick_Hewn_Stone_D
[2018.03.20-12.40.25:928][  0]LogLinker: Warning: Can't find file '/Game/StarterContent/Textures/T_Brick_Clay_Old_D'
[2018.03.20-12.40.25:928][  0]LogLinker: Warning: Can't find file for asset '/Game/StarterContent/Textures/T_Brick_Clay_Old_D' while loading ../../../../Users/ajparker/Desktop/Multiplayer_Project/Content/UI/Lobby/InGame.uasset.
[2018.03.20-12.40.25:928][  0]LoadErrors: Error: /Game/UI/Lobby/InGame : Can't find file for asset. /Game/StarterContent/Textures/T_Brick_Clay_Old_D
[2018.03.20-12.40.25:928][  0]LogLinker: Warning: Can't find file '/Game/StarterContent/Textures/T_Brick_Hewn_Stone_D'
[2018.03.20-12.40.25:929][  0]LogLinker: Warning: Can't find file for asset '/Game/StarterContent/Textures/T_Brick_Hewn_Stone_D' while loading ../../../../Users/ajparker/Desktop/Multiplayer_Project/Content/UI/Lobby/InGame.uasset.
[2018.03.20-12.40.25:929][  0]LoadErrors: Error: /Game/UI/Lobby/InGame : Can't find file for asset. /Game/StarterContent/Textures/T_Brick_Hewn_Stone_D
[2018.03.20-12.40.25:929][  0]LogLinker: Warning: Can't find file '/Game/StarterContent/Textures/T_Brick_Clay_Old_D'
[2018.03.20-12.40.25:929][  0]LoadErrors: Failed to load /Game/StarterContent/Textures/T_Brick_Clay_Old_D.T_Brick_Clay_Old_D Referenced by Default__OptionsMenu_C
[2018.03.20-12.40.25:929][  0]LogLinker: Warning: Can't find file for asset '/Game/StarterContent/Textures/T_Brick_Clay_Old_D' while loading ../../../../Users/ajparker/Desktop/Multiplayer_Project/Content/UI/Lobby/InGame.uasset.
[2018.03.20-12.40.25:929][  0]LoadErrors: Failed to load /Game/StarterContent/Textures/T_Brick_Clay_Old_D.T_Brick_Clay_Old_D Referenced by Default__OptionsMenu_C
[2018.03.20-12.40.25:929][  0]LoadErrors: Error: /Game/UI/Lobby/InGame : Can't find file for asset. /Game/StarterContent/Textures/T_Brick_Clay_Old_D
[2018.03.20-12.40.25:929][  0]LogLinker: Warning: Can't find file '/Game/StarterContent/Textures/T_Brick_Hewn_Stone_D'
[2018.03.20-12.40.25:929][  0]LoadErrors: Failed to load /Game/StarterContent/Textures/T_Brick_Hewn_Stone_D.T_Brick_Hewn_Stone_D Referenced by Default__OptionsMenu_C
[2018.03.20-12.40.25:929][  0]LogLinker: Warning: Can't find file for asset '/Game/StarterContent/Textures/T_Brick_Hewn_Stone_D' while loading ../../../../Users/ajparker/Desktop/Multiplayer_Project/Content/UI/Lobby/InGame.uasset.
[2018.03.20-12.40.25:929][  0]LoadErrors: Failed to load /Game/StarterContent/Textures/T_Brick_Hewn_Stone_D.T_Brick_Hewn_Stone_D Referenced by Default__OptionsMenu_C
[2018.03.20-12.40.25:929][  0]LoadErrors: Error: /Game/UI/Lobby/InGame : Can't find file for asset. /Game/StarterContent/Textures/T_Brick_Hewn_Stone_D
[2018.03.20-12.40.26:022][  0]LogLinker: Warning: Can't find file '/Game/StarterContent/Textures/T_Brick_Clay_Old_D'
[2018.03.20-12.40.26:022][  0]LogLinker: Warning: Can't find file for asset '/Game/StarterContent/Textures/T_Brick_Clay_Old_D' while loading ../../../../Users/ajparker/Desktop/Multiplayer_Project/Content/UI/MainMenu/OptionsMenu.uasset.
[2018.03.20-12.40.26:022][  0]LoadErrors: Error: /Game/UI/MainMenu/OptionsMenu : Can't find file for asset. /Game/StarterContent/Textures/T_Brick_Clay_Old_D
[2018.03.20-12.40.26:022][  0]LogLinker: Warning: Can't find file '/Game/StarterContent/Textures/T_Brick_Hewn_Stone_D'
[2018.03.20-12.40.26:022][  0]LogLinker: Warning: Can't find file for asset '/Game/StarterContent/Textures/T_Brick_Hewn_Stone_D' while loading ../../../../Users/ajparker/Desktop/Multiplayer_Project/Content/UI/MainMenu/OptionsMenu.uasset.
[2018.03.20-12.40.26:022][  0]LoadErrors: Error: /Game/UI/MainMenu/OptionsMenu : Can't find file for asset. /Game/StarterContent/Textures/T_Brick_Hewn_Stone_D
[2018.03.20-12.40.26:022][  0]LogLinker: Warning: Can't find file '/Game/StarterContent/Textures/T_Brick_Clay_Old_D'
[2018.03.20-12.40.26:022][  0]LogLinker: Warning: Can't find file for asset '/Game/StarterContent/Textures/T_Brick_Clay_Old_D' while loading ../../../../Users/ajparker/Desktop/Multiplayer_Project/Content/UI/MainMenu/OptionsMenu.uasset.
[2018.03.20-12.40.26:022][  0]LoadErrors: Error: /Game/UI/MainMenu/OptionsMenu : Can't find file for asset. /Game/StarterContent/Textures/T_Brick_Clay_Old_D
[2018.03.20-12.40.26:022][  0]LogLinker: Warning: Can't find file '/Game/StarterContent/Textures/T_Brick_Hewn_Stone_D'
[2018.03.20-12.40.26:022][  0]LogLinker: Warning: Can't find file for asset '/Game/StarterContent/Textures/T_Brick_Hewn_Stone_D' while loading ../../../../Users/ajparker/Desktop/Multiplayer_Project/Content/UI/MainMenu/OptionsMenu.uasset.
[2018.03.20-12.40.26:023][  0]LoadErrors: Error: /Game/UI/MainMenu/OptionsMenu : Can't find file for asset. /Game/StarterContent/Textures/T_Brick_Hewn_Stone_D
[2018.03.20-12.40.26:150][  0]LogAIModule: Creating AISystem for world MainMenu
[2018.03.20-12.40.26:151][  0]LogEditorServer: Finished looking for orphan Actors (0.000 secs)
[2018.03.20-12.40.26:161][  0]Cmd: MAP CHECKDEP NOCLEARLOG
[2018.03.20-12.40.26:197][  0]MapCheck: Map check complete: 0 Error(s), 0 Warning(s), took 35.541ms to complete.
[2018.03.20-12.40.26:197][  0]LogFileHelpers: Loading map 'MainMenu' took 0.390
[2018.03.20-12.40.26:265][  0]LogWindowsTextInputMethodSystem: Display: IME system now deactivated.
[2018.03.20-12.40.26:338][  0]LogCollectionManager: Loaded 0 collections in 0.001241 seconds
[2018.03.20-12.40.26:413][  0]LogFileCache: Scanning file cache for directory 'C:/Users/ajparker/Desktop/Multiplayer_Project/Saved/Collections/' took 0.01s
[2018.03.20-12.40.26:413][  0]LogFileCache: Scanning file cache for directory 'C:/Users/ajparker/Desktop/Multiplayer_Project/Content/Developers/ajparker/Collections/' took 0.01s
[2018.03.20-12.40.26:413][  0]LogFileCache: Scanning file cache for directory 'C:/Users/ajparker/Desktop/Multiplayer_Project/Content/Collections/' took 0.01s
[2018.03.20-12.40.26:413][  0]LogCollectionManager: Rebuilt the GUID cache for 0 collections in 0.000000 seconds
[2018.03.20-12.40.26:420][  0]LogContentBrowser: Native class hierarchy populated in 0.0071 seconds. Added 2364 classes and 520 folders.
[2018.03.20-12.40.26:469][  0]LogContentBrowser: Native class hierarchy updated for 'WidgetCarousel' in 0.0002 seconds. Added 0 classes and 0 folders.
[2018.03.20-12.40.26:497][  0]LogContentBrowser: Native class hierarchy updated for 'AddContentDialog' in 0.0002 seconds. Added 0 classes and 0 folders.
[2018.03.20-12.40.26:530][  0]LogContentBrowser: Native class hierarchy updated for 'SceneOutliner' in 0.0002 seconds. Added 1 classes and 2 folders.
[2018.03.20-12.40.26:599][  0]LogSlate: Took 0.000208 seconds to synchronously load lazily loaded font '../../../Engine/Content/Slate/Fonts/Roboto-Regular.ttf' (155K)
[2018.03.20-12.40.26:601][  0]LogSlate: Took 0.000177 seconds to synchronously load lazily loaded font '../../../Engine/Content/Slate/Fonts/Roboto-Bold.ttf' (160K)
[2018.03.20-12.40.26:606][  0]LogSlate: Took 0.000127 seconds to synchronously load lazily loaded font '../../../Engine/Content/Editor/Slate/Fonts/FontAwesome.ttf' (139K)
[2018.03.20-12.40.26:671][  0]LogRenderer: Reallocating scene render targets to support 1616x808 Format 10 NumSamples 1 (Frame:1).
[2018.03.20-12.40.26:853][  0]LogContentBrowser: Native class hierarchy updated for 'HierarchicalLODOutliner' in 0.0002 seconds. Added 1 classes and 2 folders.
[2018.03.20-12.40.26:853][  0]LogLoad: (Engine Initialization) Total time: 13.90 seconds
[2018.03.20-12.40.26:853][  0]LogLoad: (Engine Initialization) Total Blueprint compile time: 0.00 seconds
[2018.03.20-12.40.26:853][  0]LogExternalProfiler: No external profilers were discovered.  External profiling features will not be available.
[2018.03.20-12.40.26:881][  0]LogContentStreaming: Texture pool size now 1000 MB
[2018.03.20-12.40.26:895][  1]LogAssetRegistry: Asset discovery search completed in 8.6472 seconds
[2018.03.20-12.40.26:897][  1]LogCollectionManager: Rebuilt the object cache for 0 collections in 0.000003 seconds (found 0 objects)
[2018.03.20-12.40.26:897][  1]LogCollectionManager: Fixed up redirectors for 0 collections in 0.000033 seconds (updated 0 objects)
[2018.03.20-12.40.29:950][361]LogSlate: Took 0.000120 seconds to synchronously load lazily loaded font '../../../Engine/Content/Slate/Fonts/Roboto-Light.ttf' (159K)
[2018.03.20-12.40.30:020][361]LogLinker: Warning: Can't find file '/Game/InfinityBladeWarriors/Animations/0_BaseAnimBP'
[2018.03.20-12.40.30:020][361]LogLinker: Warning: Can't find file for asset '/Game/InfinityBladeWarriors/Animations/0_BaseAnimBP' while loading ../../../../Users/ajparker/Desktop/Multiplayer_Project/Content/Blueprints/Characters/0_Base.uasset.
[2018.03.20-12.40.30:020][361]LoadErrors: Error: /Game/Blueprints/Characters/0_Base : Can't find file for asset. /Game/InfinityBladeWarriors/Animations/0_BaseAnimBP
[2018.03.20-12.40.30:022][361]LogLinker: Warning: Can't find file '/Game/InfinityBladeWarriors/Animations/0_BaseAnimBP'
[2018.03.20-12.40.30:022][361]LogLinker: Warning: Can't find file for asset '/Game/InfinityBladeWarriors/Animations/0_BaseAnimBP' while loading ../../../../Users/ajparker/Desktop/Multiplayer_Project/Content/Blueprints/Characters/0_Base.uasset.
[2018.03.20-12.40.30:022][361]LogLinker: Warning: Can't find file '/Game/InfinityBladeWarriors/Character/CompleteCharacters/sk_CharM_Base'
[2018.03.20-12.40.30:022][361]LogLinker: Warning: Can't find file for asset '/Game/InfinityBladeWarriors/Character/CompleteCharacters/sk_CharM_Base' while loading ../../../../Users/ajparker/Desktop/Multiplayer_Project/Content/Blueprints/Characters/0_Base.uasset.
[2018.03.20-12.40.30:022][361]LoadErrors: Error: /Game/Blueprints/Characters/0_Base : Can't find file for asset. /Game/InfinityBladeWarriors/Character/CompleteCharacters/sk_CharM_Base
[2018.03.20-12.40.30:022][361]LogLinker: Warning: Can't find file '/Game/InfinityBladeWarriors/Character/CompleteCharacters/sk_CharM_Base'
[2018.03.20-12.40.30:022][361]LogLinker: Warning: Can't find file for asset '/Game/InfinityBladeWarriors/Character/CompleteCharacters/sk_CharM_Base' while loading ../../../../Users/ajparker/Desktop/Multiplayer_Project/Content/Blueprints/Characters/0_Base.uasset.
[2018.03.20-12.40.30:023][361]LogLinker: Warning: Can't find file '/Game/InfinityBladeWarriors/Animations/0_BaseAnimBP'
[2018.03.20-12.40.30:024][361]LogLinker: Warning: Can't find file for asset '/Game/InfinityBladeWarriors/Animations/0_BaseAnimBP' while loading ../../../../Users/ajparker/Desktop/Multiplayer_Project/Content/Blueprints/Gameplay/GameplayGM.uasset.
[2018.03.20-12.40.30:024][361]LoadErrors: Error: /Game/Blueprints/Gameplay/GameplayGM : Can't find file for asset. /Game/InfinityBladeWarriors/Animations/0_BaseAnimBP
[2018.03.20-12.40.30:024][361]LogLinker: Warning: Can't find file '/Game/InfinityBladeWarriors/Animations/0_BaseAnimBP'
[2018.03.20-12.40.30:024][361]LogLinker: Warning: Can't find file for asset '/Game/InfinityBladeWarriors/Animations/0_BaseAnimBP' while loading ../../../../Users/ajparker/Desktop/Multiplayer_Project/Content/Blueprints/Gameplay/GameplayGM.uasset.
[2018.03.20-12.40.30:024][361]LogLinker: Warning: Can't find file '/Game/InfinityBladeWarriors/Character/CompleteCharacters/sk_CharM_Base'
[2018.03.20-12.40.30:024][361]LogLinker: Warning: Can't find file for asset '/Game/InfinityBladeWarriors/Character/CompleteCharacters/sk_CharM_Base' while loading ../../../../Users/ajparker/Desktop/Multiplayer_Project/Content/Blueprints/Gameplay/GameplayGM.uasset.
[2018.03.20-12.40.30:024][361]LoadErrors: Error: /Game/Blueprints/Gameplay/GameplayGM : Can't find file for asset. /Game/InfinityBladeWarriors/Character/CompleteCharacters/sk_CharM_Base
[2018.03.20-12.40.30:024][361]LogLinker: Warning: Can't find file '/Game/InfinityBladeWarriors/Character/CompleteCharacters/sk_CharM_Base'
[2018.03.20-12.40.30:024][361]LogLinker: Warning: Can't find file for asset '/Game/InfinityBladeWarriors/Character/CompleteCharacters/sk_CharM_Base' while loading ../../../../Users/ajparker/Desktop/Multiplayer_Project/Content/Blueprints/Gameplay/GameplayGM.uasset.
[2018.03.20-12.40.30:025][361]LogLinker: Warning: Can't find file '/Game/InfinityBladeWarriors/Animations/0_BaseAnimBP'
[2018.03.20-12.40.30:025][361]LoadErrors: Failed to load /Game/InfinityBladeWarriors/Animations/0_BaseAnimBP.0_BaseAnimBP_C Referenced by Default__0_Base_C
[2018.03.20-12.40.30:025][361]LogLinker: Warning: Can't find file for asset '/Game/InfinityBladeWarriors/Animations/0_BaseAnimBP' while loading ../../../../Users/ajparker/Desktop/Multiplayer_Project/Content/Blueprints/Gameplay/GameplayGM.uasset.
[2018.03.20-12.40.30:025][361]LogLinker: Warning: Can't find file '/Game/InfinityBladeWarriors/Character/CompleteCharacters/sk_CharM_Base'
[2018.03.20-12.40.30:025][361]LoadErrors: Failed to load /Game/InfinityBladeWarriors/Character/CompleteCharacters/sk_CharM_Base.sk_CharM_Base Referenced by Default__0_Base_C
[2018.03.20-12.40.30:025][361]LogLinker: Warning: Can't find file for asset '/Game/InfinityBladeWarriors/Character/CompleteCharacters/sk_CharM_Base' while loading ../../../../Users/ajparker/Desktop/Multiplayer_Project/Content/Blueprints/Gameplay/GameplayGM.uasset.
[2018.03.20-12.40.30:755][361]LogSlate: Took 0.000141 seconds to synchronously load lazily loaded font '../../../Engine/Content/Slate/Fonts/Roboto-Regular.ttf' (155K)
[2018.03.20-12.40.30:955][361]LogTexture: Display: Building textures: HQ_Lightmap0_5 (AutoDXT, 64X64)
[2018.03.20-12.40.30:955][361]LogTexture: Display: Building textures: HQ_Lightmap0_4 (AutoDXT, 128X128)
[2018.03.20-12.40.30:955][361]LogTexture: Display: Building textures: LQ_Lightmap_0_2 (DXT1, 1024X1024)
[2018.03.20-12.40.30:955][361]LogTexture: Display: Building textures: LQ_Lightmap_0_1 (DXT1, 1024X1024)
[2018.03.20-12.40.30:955][361]LogTexture: Display: Building textures: HQ_Lightmap0_2 (AutoDXT, 1024X1024)
[2018.03.20-12.40.30:955][361]LogTexture: Display: Building textures: LQ_Lightmap_0_3 (DXT1, 1024X1024)
[2018.03.20-12.40.30:955][361]LogTexture: Display: Building textures: HQ_Lightmap0_1 (AutoDXT, 1024X1024)
[2018.03.20-12.40.30:955][361]LogTexture: Display: Building textures: HQ_Lightmap0_3 (AutoDXT, 1024X1024)
[2018.03.20-12.40.31:605][361]LogTexture: Display: Building textures: LQ_Lightmap_0_4 (DXT1, 128X128)
[2018.03.20-12.40.31:605][361]LogTexture: Display: Building textures: LQ_Lightmap_0_5 (DXT1, 64X64)
[2018.03.20-12.40.31:605][361]LogTexture: Display: Building textures: SkyOcclusion0_1 (AutoDXT, 1024X512)
[2018.03.20-12.40.31:605][361]LogTexture: Display: Building textures: SkyOcclusion0_2 (AutoDXT, 1024X512)
[2018.03.20-12.40.31:605][361]LogTexture: Display: Building textures: SkyOcclusion0_3 (AutoDXT, 1024X512)
[2018.03.20-12.40.31:605][361]LogTexture: Display: Building textures: SkyOcclusion0_4 (AutoDXT, 128X64)
[2018.03.20-12.40.31:605][361]LogTexture: Display: Building textures: SkyOcclusion0_5 (AutoDXT, 64X32)
[2018.03.20-12.40.31:786][361]LogAIModule: Creating AISystem for world Arena01
[2018.03.20-12.40.31:828][361]Cmd: MAP LOAD FILE="../../../../Users/ajparker/Desktop/Multiplayer_Project/Content/Maps/Arena01.umap" TEMPLATE=0 SHOWPROGRESS=1 FEATURELEVEL=3
[2018.03.20-12.40.31:828][361]LightingResults: New page: Lighting Build
[2018.03.20-12.40.31:829][361]LoadErrors: New page: Loading map: Arena01.umap
[2018.03.20-12.40.31:829][361]MapCheck: New page: Map Check
[2018.03.20-12.40.31:829][361]LightingResults: New page: Lighting Build
[2018.03.20-12.40.31:904][361]LogEditorServer: Finished looking for orphan Actors (0.000 secs)
[2018.03.20-12.40.31:935][361]Cmd: MAP CHECKDEP NOCLEARLOG
[2018.03.20-12.40.32:006][361]MapCheck: Map check complete: 0 Error(s), 0 Warning(s), took 70.638ms to complete.
[2018.03.20-12.40.32:006][361]LogFileHelpers: Loading map 'Arena01' took 0.179
[2018.03.20-12.40.39:859][279]LogWindowsTextInputMethodSystem: Display: IME system now deactivated.
[2018.03.20-12.40.40:042][280]Cmd: QUIT_EDITOR
[2018.03.20-12.40.40:066][280]LogExit: Preparing to exit.
[2018.03.20-12.40.40:925][280]LogDirectoryWatcher: A directory notification for 'C:/Users/ajparker/Desktop/Multiplayer_Project/Content/' was aborted.
[2018.03.20-12.40.40:968][280]LogExit: Editor shut down
[2018.03.20-12.40.40:970][280]LogExit: Transaction tracking system shut down
[2018.03.20-12.40.41:208][280]LogDirectoryWatcher: A directory notification for '../../../Engine/Content/' was aborted.
[2018.03.20-12.40.41:208][280]LogDirectoryWatcher: A directory notification for '../../../../Users/ajparker/Desktop/Multiplayer_Project/Content/' was aborted.
[2018.03.20-12.40.41:208][280]LogDirectoryWatcher: A directory notification for '../../../Engine/Plugins/2D/Paper2D/Content/' was aborted.
[2018.03.20-12.40.41:208][280]LogDirectoryWatcher: A directory notification for '../../../Engine/Plugins/Media/MediaCompositing/Content/' was aborted.
[2018.03.20-12.40.41:208][280]LogDirectoryWatcher: A directory notification for '../../../Engine/Plugins/Runtime/AppleARKit/Content/' was aborted.
[2018.03.20-12.40.41:208][280]LogDirectoryWatcher: A directory notification for '../../../Engine/Plugins/Runtime/Oculus/OculusVR/Content/' was aborted.
[2018.03.20-12.40.41:208][280]LogDirectoryWatcher: A directory notification for '../../../Engine/Plugins/Runtime/Steam/SteamVR/Content/' was aborted.
[2018.03.20-12.40.41:260][280]LogExit: Object subsystem successfully closed.
[2018.03.20-12.40.41:276][280]LogD3D11RHI: Shutdown
[2018.03.20-12.40.41:276][280]LogD3D11RHI: CleanupD3DDevice
[2018.03.20-12.40.41:277][280]LogD3D11RHI: ~FD3D11DynamicRHI
[2018.03.20-12.40.41:289][280]LogModuleManager: Shutting down and abandoning module HierarchicalLODOutliner (538)
[2018.03.20-12.40.41:289][280]LogModuleManager: Shutting down and abandoning module DesktopPlatform (536)
[2018.03.20-12.40.41:289][280]LogModuleManager: Shutting down and abandoning module SceneOutliner (534)
[2018.03.20-12.40.41:289][280]LogModuleManager: Shutting down and abandoning module AddContentDialog (532)
[2018.03.20-12.40.41:289][280]LogDirectoryWatcher: A directory notification for 'C:/UE4/FeaturePacks/' was aborted.
[2018.03.20-12.40.41:289][280]LogModuleManager: Shutting down and abandoning module WidgetCarousel (531)
[2018.03.20-12.40.41:289][280]LogModuleManager: Shutting down and abandoning module EditorWidgets (528)
[2018.03.20-12.40.41:289][280]LogModuleManager: Shutting down and abandoning module CollectionManager (526)
[2018.03.20-12.40.41:290][280]LogDirectoryWatcher: A directory notification for 'C:/Users/ajparker/Desktop/Multiplayer_Project/Content/Collections/' was aborted.
[2018.03.20-12.40.41:290][280]LogDirectoryWatcher: A directory notification for 'C:/Users/ajparker/Desktop/Multiplayer_Project/Content/Developers/ajparker/Collections/' was aborted.
[2018.03.20-12.40.41:290][280]LogDirectoryWatcher: A directory notification for 'C:/Users/ajparker/Desktop/Multiplayer_Project/Saved/Collections/' was aborted.
[2018.03.20-12.40.41:290][280]LogModuleManager: Shutting down and abandoning module StatsViewer (524)
[2018.03.20-12.40.41:290][280]LogModuleManager: Shutting down and abandoning module FoliageEdit (522)
[2018.03.20-12.40.41:290][280]LogModuleManager: Shutting down and abandoning module LandscapeEditor (520)
[2018.03.20-12.40.41:290][280]LogModuleManager: Shutting down and abandoning module MeshPaintMode (518)
[2018.03.20-12.40.41:290][280]LogModuleManager: Shutting down and abandoning module SceneDepthPickerMode (516)
[2018.03.20-12.40.41:290][280]LogModuleManager: Shutting down and abandoning module ActorPickerMode (514)
[2018.03.20-12.40.41:290][280]LogModuleManager: Shutting down and abandoning module GeometryMode (512)
[2018.03.20-12.40.41:290][280]LogModuleManager: Shutting down and abandoning module TextureAlignMode (510)
[2018.03.20-12.40.41:290][280]LogModuleManager: Shutting down and abandoning module BspMode (508)
[2018.03.20-12.40.41:290][280]LogModuleManager: Shutting down and abandoning module PIEPreviewDeviceProfileSelector (506)
[2018.03.20-12.40.41:290][280]LogModuleManager: Shutting down and abandoning module HardwareSurvey (504)
[2018.03.20-12.40.41:290][280]LogModuleManager: Shutting down and abandoning module SequenceRecorderSections (502)
[2018.03.20-12.40.41:290][280]LogModuleManager: Shutting down and abandoning module AutomationWorker (500)
[2018.03.20-12.40.41:290][280]LogModuleManager: Shutting down and abandoning module MatineeToLevelSequence (498)
[2018.03.20-12.40.41:290][280]LogModuleManager: Shutting down and abandoning module LevelSequenceEditor (496)
[2018.03.20-12.40.41:290][280]LogModuleManager: Shutting down and abandoning module PlacementMode (495)
[2018.03.20-12.40.41:290][280]LogModuleManager: Shutting down and abandoning module WmfMediaFactory (492)
[2018.03.20-12.40.41:290][280]LogModuleManager: Shutting down and abandoning module WmfMediaEditor (490)
[2018.03.20-12.40.41:290][280]LogModuleManager: Shutting down and abandoning module OpenExrWrapper (488)
[2018.03.20-12.40.41:290][280]LogModuleManager: Shutting down and abandoning module ImgMediaFactory (486)
[2018.03.20-12.40.41:290][280]LogModuleManager: Shutting down and abandoning module ImgMediaEditor (484)
[2018.03.20-12.40.41:290][280]LogModuleManager: Shutting down and abandoning module AvfMediaFactory (482)
[2018.03.20-12.40.41:290][280]LogModuleManager: Shutting down and abandoning module AvfMediaEditor (480)
[2018.03.20-12.40.41:290][280]LogModuleManager: Shutting down and abandoning module AndroidMediaFactory (478)
[2018.03.20-12.40.41:290][280]LogModuleManager: Shutting down and abandoning module AndroidMediaEditor (476)
[2018.03.20-12.40.41:290][280]LogModuleManager: Shutting down and abandoning module CharacterAI (474)
[2018.03.20-12.40.41:290][280]LogModuleManager: Shutting down and abandoning module AudioCapture (472)
[2018.03.20-12.40.41:290][280]LogModuleManager: Shutting down and abandoning module SequenceRecorder (471)
[2018.03.20-12.40.41:290][280]LogModuleManager: Shutting down and abandoning module SmartSnapping (468)
[2018.03.20-12.40.41:290][280]LogModuleManager: Shutting down and abandoning module SessionServices (466)
[2018.03.20-12.40.41:290][280]LogModuleManager: Shutting down and abandoning module ViewportSnapping (464)
[2018.03.20-12.40.41:290][280]LogModuleManager: Shutting down and abandoning module ViewportInteraction (462)
[2018.03.20-12.40.41:290][280]LogModuleManager: Shutting down and abandoning module ClothPainter (460)
[2018.03.20-12.40.41:290][280]LogModuleManager: Shutting down and abandoning module SkeletalMeshEditor (459)
[2018.03.20-12.40.41:290][280]LogModuleManager: Shutting down and abandoning module LogVisualizer (456)
[2018.03.20-12.40.41:290][280]LogModuleManager: Shutting down and abandoning module IntroTutorials (454)
[2018.03.20-12.40.41:290][280]LogModuleManager: Shutting down and abandoning module GameProjectGeneration (453)
[2018.03.20-12.40.41:291][280]LogModuleManager: Shutting down and abandoning module IOSPlatformEditor (450)
[2018.03.20-12.40.41:291][280]LogModuleManager: Shutting down and abandoning module HTML5PlatformEditor (448)
[2018.03.20-12.40.41:291][280]LogModuleManager: Shutting down and abandoning module AndroidPlatformEditor (446)
[2018.03.20-12.40.41:291][280]LogModuleManager: Shutting down and abandoning module AndroidDeviceDetection (445)
[2018.03.20-12.40.41:536][280]LogModuleManager: Shutting down and abandoning module WindowsPlatformEditor (442)
[2018.03.20-12.40.41:536][280]LogModuleManager: Shutting down and abandoning module IOSRuntimeSettings (440)
[2018.03.20-12.40.41:536][280]LogModuleManager: Shutting down and abandoning module AndroidRuntimeSettings (438)
[2018.03.20-12.40.41:536][280]LogModuleManager: Shutting down and abandoning module InputBindingEditor (436)
[2018.03.20-12.40.41:536][280]LogModuleManager: Shutting down and abandoning module MergeActors (434)
[2018.03.20-12.40.41:536][280]LogModuleManager: Shutting down and abandoning module SizeMap (432)
[2018.03.20-12.40.41:536][280]LogModuleManager: Shutting down and abandoning module TreeMap (430)
[2018.03.20-12.40.41:536][280]LogModuleManager: Shutting down and abandoning module ReferenceViewer (428)
[2018.03.20-12.40.41:536][280]LogModuleManager: Shutting down and abandoning module LocalizationDashboard (426)
[2018.03.20-12.40.41:536][280]LogModuleManager: Shutting down and abandoning module LocalizationService (425)
[2018.03.20-12.40.41:536][280]LogModuleManager: Shutting down and abandoning module HardwareTargeting (422)
[2018.03.20-12.40.41:536][280]LogModuleManager: Shutting down and abandoning module DeviceProfileEditor (420)
[2018.03.20-12.40.41:536][280]LogModuleManager: Shutting down and abandoning module UndoHistory (418)
[2018.03.20-12.40.41:536][280]LogModuleManager: Shutting down and abandoning module XmlParser (416)
[2018.03.20-12.40.41:536][280]LogModuleManager: Shutting down and abandoning module Blutility (414)
[2018.03.20-12.40.41:536][280]LogModuleManager: Shutting down and abandoning module ProjectSettingsViewer (412)
[2018.03.20-12.40.41:536][280]LogModuleManager: Shutting down and abandoning module ProjectTargetPlatformEditor (411)
[2018.03.20-12.40.41:536][280]LogModuleManager: Shutting down and abandoning module EditorSettingsViewer (408)
[2018.03.20-12.40.41:536][280]LogModuleManager: Shutting down and abandoning module SettingsEditor (406)
[2018.03.20-12.40.41:536][280]LogModuleManager: Shutting down and abandoning module ProjectLauncher (404)
[2018.03.20-12.40.41:536][280]LogModuleManager: Shutting down and abandoning module SessionFrontend (402)
[2018.03.20-12.40.41:536][280]LogModuleManager: Shutting down and abandoning module ProfilerClient (400)
[2018.03.20-12.40.41:536][280]LogModuleManager: Shutting down and abandoning module DeviceManager (398)
[2018.03.20-12.40.41:536][280]LogModuleManager: Shutting down and abandoning module TargetDeviceServices (397)
[2018.03.20-12.40.41:597][280]LogModuleManager: Shutting down and abandoning module AutomationController (394)
[2018.03.20-12.40.41:597][280]LogModuleManager: Shutting down and abandoning module AutomationWindow (392)
[2018.03.20-12.40.41:597][280]LogModuleManager: Shutting down and abandoning module Layers (390)
[2018.03.20-12.40.41:597][280]LogModuleManager: Shutting down and abandoning module ComponentVisualizers (388)
[2018.03.20-12.40.41:597][280]LogModuleManager: Shutting down and abandoning module DetailCustomizations (386)
[2018.03.20-12.40.41:597][280]LogModuleManager: Shutting down and abandoning module PackagesDialog (384)
[2018.03.20-12.40.41:597][280]LogModuleManager: Shutting down and abandoning module Persona (382)
[2018.03.20-12.40.41:597][280]LogModuleManager: Shutting down and abandoning module AdvancedPreviewScene (381)
[2018.03.20-12.40.41:597][280]LogModuleManager: Shutting down and abandoning module AnimGraph (379)
[2018.03.20-12.40.41:597][280]LogModuleManager: Shutting down and abandoning module Kismet (376)
[2018.03.20-12.40.41:598][280]LogModuleManager: Shutting down and abandoning module ClassViewer (374)
[2018.03.20-12.40.41:598][280]LogModuleManager: Shutting down and abandoning module Toolbox (372)
[2018.03.20-12.40.41:598][280]LogModuleManager: Shutting down and abandoning module ModuleUI (370)
[2018.03.20-12.40.41:598][280]LogModuleManager: Shutting down and abandoning module MovieSceneTools (368)
[2018.03.20-12.40.41:598][280]LogModuleManager: Shutting down and abandoning module OutputLog (366)
[2018.03.20-12.40.41:598][280]LogModuleManager: Shutting down and abandoning module GammaUI (364)
[2018.03.20-12.40.41:598][280]LogModuleManager: Shutting down and abandoning module Documentation (362)
[2018.03.20-12.40.41:598][280]LogModuleManager: Shutting down and abandoning module MovieSceneTracks (360)
[2018.03.20-12.40.41:598][280]LogModuleManager: Shutting down and abandoning module MovieScene (358)
[2018.03.20-12.40.41:598][280]LogModuleManager: Shutting down and abandoning module StreamingPauseRendering (356)
[2018.03.20-12.40.41:598][280]LogModuleManager: Shutting down and abandoning module LauncherPlatform (354)
[2018.03.20-12.40.41:598][280]LogModuleManager: Shutting down and abandoning module AnalyticsET (352)
[2018.03.20-12.40.41:598][280]LogModuleManager: Shutting down and abandoning module PortalServices (350)
[2018.03.20-12.40.41:598][280]LogModuleManager: Shutting down and abandoning module PortalRpc (348)
[2018.03.20-12.40.41:598][280]LogModuleManager: Shutting down and abandoning module MessagingRpc (346)
[2018.03.20-12.40.41:598][280]LogModuleManager: Shutting down and abandoning module AIModule (344)
[2018.03.20-12.40.41:598][280]LogModuleManager: Shutting down and abandoning module GameplayDebugger (343)
[2018.03.20-12.40.41:598][280]LogModuleManager: Shutting down and abandoning module AITestSuite (341)
[2018.03.20-12.40.41:598][280]LogModuleManager: Shutting down and abandoning module ProfilerService (338)
[2018.03.20-12.40.41:725][280]LogModuleManager: Shutting down and abandoning module TaskGraph (336)
[2018.03.20-12.40.41:725][280]LogModuleManager: Shutting down and abandoning module SteamVRController (334)
[2018.03.20-12.40.41:725][280]LogModuleManager: Shutting down and abandoning module ProceduralMeshComponentEditor (332)
[2018.03.20-12.40.41:725][280]LogModuleManager: Shutting down and abandoning module ProceduralMeshComponent (330)
[2018.03.20-12.40.41:725][280]LogModuleManager: Shutting down and abandoning module OculusInput (328)
[2018.03.20-12.40.41:725][280]LogModuleManager: Shutting down and abandoning module MobilePatchingUtils (326)
[2018.03.20-12.40.41:726][280]LogModuleManager: Shutting down and abandoning module CustomMeshComponent (324)
[2018.03.20-12.40.41:726][280]LogModuleManager: Shutting down and abandoning module CableComponent (322)
[2018.03.20-12.40.41:726][280]LogModuleManager: Shutting down and abandoning module ArchVisCharacter (320)
[2018.03.20-12.40.41:726][280]LogModuleManager: Shutting down and abandoning module AndroidPermission (318)
[2018.03.20-12.40.41:726][280]LogModuleManager: Shutting down and abandoning module ActorSequence (316)
[2018.03.20-12.40.41:726][280]LogModuleManager: Shutting down and abandoning module MediaPlayerEditor (314)
[2018.03.20-12.40.41:726][280]LogModuleManager: Shutting down and abandoning module MediaCompositingEditor (312)
[2018.03.20-12.40.41:726][280]LogModuleManager: Shutting down and abandoning module MediaCompositing (310)
[2018.03.20-12.40.41:726][280]LogModuleManager: Shutting down and abandoning module HTML5Networking (308)
[2018.03.20-12.40.41:726][280]LogModuleManager: Shutting down and abandoning module AlembicImporter (306)
[2018.03.20-12.40.41:726][280]LogModuleManager: Shutting down and abandoning module AlembicLibrary (305)
[2018.03.20-12.40.41:726][280]LogModuleManager: Shutting down and abandoning module GeometryCache (304)
[2018.03.20-12.40.41:726][280]LogModuleManager: Shutting down and abandoning module GeometryCacheEd (303)
[2018.03.20-12.40.41:726][280]LogModuleManager: Shutting down and abandoning module SpeedTreeImporter (298)
[2018.03.20-12.40.41:726][280]LogModuleManager: Shutting down and abandoning module PluginBrowser (296)
[2018.03.20-12.40.41:726][280]LogModuleManager: Shutting down and abandoning module MobileLauncherProfileWizard (294)
[2018.03.20-12.40.41:726][280]LogModuleManager: Shutting down and abandoning module VisualStudioSourceCodeAccess (292)
[2018.03.20-12.40.41:726][280]LogModuleManager: Shutting down and abandoning module VisualStudioCodeSourceCodeAccess (290)
[2018.03.20-12.40.41:726][280]LogModuleManager: Shutting down and abandoning module UObjectPlugin (288)
[2018.03.20-12.40.41:726][280]LogModuleManager: Shutting down and abandoning module SubversionSourceControl (286)
[2018.03.20-12.40.41:726][280]LogModuleManager: Shutting down and abandoning module PerforceSourceControl (284)
[2018.03.20-12.40.41:726][280]LogModuleManager: Shutting down and abandoning module GitSourceControl (282)
[2018.03.20-12.40.41:726][280]LogModuleManager: Shutting down and abandoning module SourceControl (281)
[2018.03.20-12.40.41:726][280]LogModuleManager: Shutting down and abandoning module LightPropagationVolumeEditor (278)
[2018.03.20-12.40.41:726][280]LogModuleManager: Shutting down and abandoning module PaperTiledImporter (276)
[2018.03.20-12.40.41:726][280]LogModuleManager: Shutting down and abandoning module PaperSpriteSheetImporter (274)
[2018.03.20-12.40.41:726][280]LogModuleManager: Shutting down and abandoning module Paper2DEditor (272)
[2018.03.20-12.40.41:726][280]LogModuleManager: Shutting down and abandoning module MeshPaint (271)
[2018.03.20-12.40.41:726][280]LogModuleManager: Shutting down and abandoning module LevelEditor (269)
[2018.03.20-12.40.41:728][280]LogModuleManager: Shutting down and abandoning module PixelInspectorModule (268)
[2018.03.20-12.40.41:728][280]LogModuleManager: Shutting down and abandoning module MainFrame (266)
[2018.03.20-12.40.41:728][280]LogModuleManager: Shutting down and abandoning module HotReload (265)
[2018.03.20-12.40.41:728][280]LogDirectoryWatcher: A directory notification for 'C:/Users/ajparker/Desktop/Multiplayer_Project/Binaries/Win64' was aborted.
[2018.03.20-12.40.41:728][280]LogModuleManager: Shutting down and abandoning module RuntimePhysXCooking (260)
[2018.03.20-12.40.41:728][280]LogModuleManager: Shutting down and abandoning module PhysXVehiclesEditor (258)
[2018.03.20-12.40.41:728][280]LogModuleManager: Shutting down and abandoning module PhysXVehicles (256)
[2018.03.20-12.40.41:728][280]LogModuleManager: Shutting down and abandoning module OculusEditor (254)
[2018.03.20-12.40.41:728][280]LogModuleManager: Shutting down and abandoning module LocationServicesBPLibrary (252)
[2018.03.20-12.40.41:728][280]LogModuleManager: Shutting down and abandoning module ImmediatePhysicsEditor (250)
[2018.03.20-12.40.41:728][280]LogModuleManager: Shutting down and abandoning module ImmediatePhysics (248)
[2018.03.20-12.40.41:728][280]LogModuleManager: Shutting down and abandoning module UdpMessaging (246)
[2018.03.20-12.40.41:829][280]LogModuleManager: Shutting down and abandoning module TcpMessaging (244)
[2018.03.20-12.40.41:930][280]LogModuleManager: Shutting down and abandoning module GameplayTagsEditor (242)
[2018.03.20-12.40.41:930][280]LogModuleManager: Shutting down and abandoning module FacialAnimationEditor (240)
[2018.03.20-12.40.41:930][280]LogModuleManager: Shutting down and abandoning module FacialAnimation (238)
[2018.03.20-12.40.41:930][280]LogModuleManager: Shutting down and abandoning module AssetManagerEditor (236)
[2018.03.20-12.40.41:930][280]LogModuleManager: Shutting down and abandoning module GraphEditor (235)
[2018.03.20-12.40.41:930][280]LogModuleManager: Shutting down and abandoning module ContentBrowser (233)
[2018.03.20-12.40.41:930][280]LogModuleManager: Shutting down and abandoning module LightPropagationVolumeRuntime (230)
[2018.03.20-12.40.41:931][280]LogModuleManager: Shutting down and abandoning module Paper2D (228)
[2018.03.20-12.40.41:931][280]LogModuleManager: Shutting down and abandoning module WindowsMoviePlayer (226)
[2018.03.20-12.40.41:931][280]LogModuleManager: Shutting down and abandoning module WmfMedia (224)
[2018.03.20-12.40.41:932][280]LogModuleManager: Shutting down and abandoning module ImgMedia (222)
[2018.03.20-12.40.41:932][280]LogModuleManager: Shutting down and abandoning module PacketHandler (220)
[2018.03.20-12.40.41:932][280]LogModuleManager: Shutting down and abandoning module ClothingSystemEditor (218)
[2018.03.20-12.40.41:932][280]LogModuleManager: Shutting down and abandoning module ClothingSystemRuntime (216)
[2018.03.20-12.40.41:932][280]LogModuleManager: Shutting down and abandoning module MediaAssets (214)
[2018.03.20-12.40.41:932][280]LogModuleManager: Shutting down and abandoning module Media (213)
[2018.03.20-12.40.41:938][280]LogModuleManager: Shutting down and abandoning module Overlay (210)
[2018.03.20-12.40.41:938][280]LogModuleManager: Shutting down and abandoning module OverlayEditor (209)
[2018.03.20-12.40.41:938][280]LogModuleManager: Shutting down and abandoning module VREditor (206)
[2018.03.20-12.40.41:938][280]LogModuleManager: Shutting down and abandoning module StringTableEditor (204)
[2018.03.20-12.40.41:938][280]LogModuleManager: Shutting down and abandoning module GameplayTasksEditor (202)
[2018.03.20-12.40.41:938][280]LogModuleManager: Shutting down and abandoning module BehaviorTreeEditor (200)
[2018.03.20-12.40.41:938][280]LogModuleManager: Shutting down and abandoning module FunctionalTesting (198)
[2018.03.20-12.40.41:938][280]LogModuleManager: Shutting down and abandoning module CollisionAnalyzer (196)
[2018.03.20-12.40.41:938][280]LogModuleManager: Shutting down and abandoning module WorkspaceMenuStructure (195)
[2018.03.20-12.40.41:938][280]LogModuleManager: Shutting down and abandoning module UMG (192)
[2018.03.20-12.40.41:938][280]LogModuleManager: Shutting down and abandoning module UMGEditor (191)
[2018.03.20-12.40.41:938][280]LogModuleManager: Shutting down and abandoning module Sequencer (190)
[2018.03.20-12.40.41:938][280]LogModuleManager: Shutting down and abandoning module MessageLog (187)
[2018.03.20-12.40.41:938][280]LogModuleManager: Shutting down and abandoning module SlateReflector (182)
[2018.03.20-12.40.41:938][280]LogModuleManager: Shutting down and abandoning module Slate (180)
[2018.03.20-12.40.41:938][280]LogModuleManager: Shutting down and abandoning module EditorStyle (178)
[2018.03.20-12.40.41:940][280]LogModuleManager: Shutting down and abandoning module MRMesh (176)
[2018.03.20-12.40.41:940][280]LogModuleManager: Shutting down and abandoning module SourceCodeAccess (174)
[2018.03.20-12.40.41:940][280]LogModuleManager: Shutting down and abandoning module HeadMountedDisplay (172)
[2018.03.20-12.40.41:940][280]LogModuleManager: Shutting down and abandoning module XAudio2 (170)
[2018.03.20-12.40.41:940][280]LogModuleManager: Shutting down and abandoning module Networking (168)
[2018.03.20-12.40.41:940][280]LogModuleManager: Shutting down and abandoning module Core (166)
[2018.03.20-12.40.41:940][280]LogModuleManager: Shutting down and abandoning module LevelSequence (162)
[2018.03.20-12.40.41:940][280]LogModuleManager: Shutting down and abandoning module DirectoryWatcher (160)
[2018.03.20-12.40.41:940][280]LogModuleManager: Shutting down and abandoning module KismetCompiler (158)
[2018.03.20-12.40.41:940][280]LogModuleManager: Shutting down and abandoning module MeshUtilities (156)
[2018.03.20-12.40.41:940][280]LogModuleManager: Shutting down and abandoning module MeshMergeUtilities (155)
[2018.03.20-12.40.41:940][280]LogModuleManager: Shutting down and abandoning module MeshReductionInterface (154)
[2018.03.20-12.40.41:940][280]LogModuleManager: Shutting down and abandoning module QuadricMeshReduction (153)
[2018.03.20-12.40.41:940][280]LogModuleManager: Shutting down and abandoning module MaterialBaking (149)
[2018.03.20-12.40.41:940][280]LogModuleManager: Shutting down and abandoning module DerivedDataCache (146)
[2018.03.20-12.40.42:100][280]LogDerivedDataCache: Shutdown
[2018.03.20-12.40.42:100][280]LogModuleManager: Shutting down and abandoning module TargetPlatform (144)
[2018.03.20-12.40.42:100][280]LogModuleManager: Shutting down and abandoning module VulkanShaderFormat (143)
[2018.03.20-12.40.42:100][280]LogModuleManager: Shutting down and abandoning module ShaderFormatVectorVM (141)
[2018.03.20-12.40.42:100][280]LogModuleManager: Shutting down and abandoning module ShaderFormatOpenGL (139)
[2018.03.20-12.40.42:100][280]LogModuleManager: Shutting down and abandoning module ShaderFormatD3D (137)
[2018.03.20-12.40.42:100][280]LogModuleManager: Shutting down and abandoning module MetalShaderFormat (135)
[2018.03.20-12.40.42:100][280]LogModuleManager: Shutting down and abandoning module TextureFormatUncompressed (133)
[2018.03.20-12.40.42:100][280]LogModuleManager: Shutting down and abandoning module TextureFormatPVR (131)
[2018.03.20-12.40.42:100][280]LogModuleManager: Shutting down and abandoning module TextureFormatDXT (129)
[2018.03.20-12.40.42:100][280]LogModuleManager: Shutting down and abandoning module TextureFormatIntelISPCTexComp (127)
[2018.03.20-12.40.42:100][280]LogModuleManager: Shutting down and abandoning module TextureFormatASTC (125)
[2018.03.20-12.40.42:100][280]LogModuleManager: Shutting down and abandoning module ImageWrapper (124)
[2018.03.20-12.40.42:100][280]LogModuleManager: Shutting down and abandoning module TextureFormatAndroid (121)
[2018.03.20-12.40.42:100][280]LogModuleManager: Shutting down and abandoning module AudioFormatOpus (119)
[2018.03.20-12.40.42:100][280]LogModuleManager: Shutting down and abandoning module AudioFormatOgg (117)
[2018.03.20-12.40.42:100][280]LogModuleManager: Shutting down and abandoning module AudioFormatADPCM (115)
[2018.03.20-12.40.42:100][280]LogModuleManager: Shutting down and abandoning module TVOSTargetPlatform (113)
[2018.03.20-12.40.42:101][280]LogModuleManager: Shutting down and abandoning module Messaging (111)
[2018.03.20-12.40.42:101][280]LogModuleManager: Shutting down and abandoning module IOSTargetPlatform (109)
[2018.03.20-12.40.42:101][280]LogModuleManager: Shutting down and abandoning module HTML5TargetPlatform (107)
[2018.03.20-12.40.42:101][280]LogModuleManager: Shutting down and abandoning module AndroidTargetPlatform (105)
[2018.03.20-12.40.42:101][280]LogModuleManager: Shutting down and abandoning module Android_PVRTCTargetPlatform (103)
[2018.03.20-12.40.42:101][280]LogModuleManager: Shutting down and abandoning module Android_MultiTargetPlatform (101)
[2018.03.20-12.40.42:101][280]LogModuleManager: Shutting down and abandoning module Android_ETC2TargetPlatform (99)
[2018.03.20-12.40.42:101][280]LogModuleManager: Shutting down and abandoning module Android_ETC1TargetPlatform (97)
[2018.03.20-12.40.42:101][280]LogModuleManager: Shutting down and abandoning module Android_DXTTargetPlatform (95)
[2018.03.20-12.40.42:101][280]LogModuleManager: Shutting down and abandoning module Android_ATCTargetPlatform (93)
[2018.03.20-12.40.42:101][280]LogModuleManager: Shutting down and abandoning module Android_ASTCTargetPlatform (91)
[2018.03.20-12.40.42:101][280]LogModuleManager: Shutting down and abandoning module WindowsTargetPlatform (89)
[2018.03.20-12.40.42:101][280]LogModuleManager: Shutting down and abandoning module WindowsServerTargetPlatform (87)
[2018.03.20-12.40.42:101][280]LogModuleManager: Shutting down and abandoning module WindowsNoEditorTargetPlatform (85)
[2018.03.20-12.40.42:101][280]LogModuleManager: Shutting down and abandoning module WindowsClientTargetPlatform (83)
[2018.03.20-12.40.42:101][280]LogModuleManager: Shutting down and abandoning module MacTargetPlatform (81)
[2018.03.20-12.40.42:101][280]LogModuleManager: Shutting down and abandoning module MacServerTargetPlatform (79)
[2018.03.20-12.40.42:101][280]LogModuleManager: Shutting down and abandoning module MacNoEditorTargetPlatform (77)
[2018.03.20-12.40.42:101][280]LogModuleManager: Shutting down and abandoning module MacClientTargetPlatform (75)
[2018.03.20-12.40.42:101][280]LogModuleManager: Shutting down and abandoning module AllDesktopTargetPlatform (73)
[2018.03.20-12.40.42:101][280]LogModuleManager: Shutting down and abandoning module InputCore (70)
[2018.03.20-12.40.42:101][280]LogModuleManager: Shutting down and abandoning module Settings (68)
[2018.03.20-12.40.42:101][280]LogModuleManager: Shutting down and abandoning module PhysXCooking (66)
[2018.03.20-12.40.42:101][280]LogModuleManager: Shutting down and abandoning module SteamVR (64)
[2018.03.20-12.40.42:101][280]LogModuleManager: Shutting down and abandoning module OculusHMD (62)
[2018.03.20-12.40.42:101][280]LogModuleManager: Shutting down and abandoning module ExampleDeviceProfileSelector (60)
[2018.03.20-12.40.42:101][280]LogModuleManager: Shutting down and abandoning module AppleARKit (58)
[2018.03.20-12.40.42:101][280]LogModuleManager: Shutting down and abandoning module AugmentedReality (57)
[2018.03.20-12.40.42:101][280]LogModuleManager: Shutting down and abandoning module OnlineBlueprintSupport (54)
[2018.03.20-12.40.42:101][280]LogModuleManager: Shutting down and abandoning module OnlineSubsystem (50)
[2018.03.20-12.40.42:101][280]LogOnline: Display: OSS: FOnlineSubsystemNull::Shutdown()
[2018.03.20-12.40.42:101][280]LogOnline: Display: OSS: FOnlineAsyncTaskManager::Stop() ActiveTask:0000000000000000 Tasks[0/0]
[2018.03.20-12.40.42:101][280]LogOnline: Display: OSS: FOnlineAsyncTaskManager::Exit() started
[2018.03.20-12.40.42:101][280]LogOnline: Display: OSS: FOnlineAsyncTaskManager::Exit() finished
[2018.03.20-12.40.42:101][280]LogModuleManager: Shutting down and abandoning module XMPP (43)
[2018.03.20-12.40.42:102][280]LogModuleManager: Shutting down and abandoning module HTTP (41)
[2018.03.20-12.40.42:102][280]LogHttp: Display: Http module shutting down, but needs to wait on 1 outstanding Http requests:
[2018.03.20-12.40.42:102][280]LogHttp: Display: 	verb=[POST] url=[https://datarouter.ol.epicgames.com/datarouter/api/v1/public/data?SessionID=%7BCDB0CC28-45D8-A75E-1860-0CB336D41540%7D&AppID=UEEditor.UnrealEngine.Release&AppVersion=4.18.3-0%2B%2B%2BUE4%2BRelease-4.18&UserID=7f84041e48f1a101af33478ea7f6a5f7%7C%7Cf8c1d95d-95d2-42b9-9de0-942cb888a314&AppEnvironment=datacollector-source&UploadType=eteventstream] status=Processing
[2018.03.20-12.40.42:116][280]LogModuleManager: Shutting down and abandoning module SSL (40)
[2018.03.20-12.40.42:117][280]LogModuleManager: Shutting down and abandoning module AnimationModifiers (36)
[2018.03.20-12.40.42:117][280]LogModuleManager: Shutting down and abandoning module PropertyEditor (35)
[2018.03.20-12.40.42:117][280]LogModuleManager: Shutting down and abandoning module AudioEditor (32)
[2018.03.20-12.40.42:117][280]LogModuleManager: Shutting down and abandoning module TextureCompressor (30)
[2018.03.20-12.40.42:117][280]LogModuleManager: Shutting down and abandoning module ShaderCore (28)
[2018.03.20-12.40.42:117][280]LogModuleManager: Shutting down and abandoning module Landscape (26)
[2018.03.20-12.40.42:117][280]LogModuleManager: Shutting down and abandoning module SlateRHIRenderer (24)
[2018.03.20-12.40.42:118][280]LogModuleManager: Shutting down and abandoning module OpenGLDrv (22)
[2018.03.20-12.40.42:118][280]LogModuleManager: Shutting down and abandoning module D3D11RHI (20)
[2018.03.20-12.40.42:118][280]LogModuleManager: Shutting down and abandoning module AnimGraphRuntime (18)
[2018.03.20-12.40.42:118][280]LogModuleManager: Shutting down and abandoning module Renderer (16)
[2018.03.20-12.40.42:118][280]LogModuleManager: Shutting down and abandoning module Engine (14)
[2018.03.20-12.40.42:118][280]LogModuleManager: Shutting down and abandoning module CoreUObject (12)
[2018.03.20-12.40.42:118][280]LogModuleManager: Shutting down and abandoning module NetworkFile (10)
[2018.03.20-12.40.42:118][280]LogModuleManager: Shutting down and abandoning module CookedIterativeFile (8)
[2018.03.20-12.40.42:118][280]LogModuleManager: Shutting down and abandoning module StreamingFile (6)
[2018.03.20-12.40.42:118][280]LogModuleManager: Shutting down and abandoning module SandboxFile (4)
[2018.03.20-12.40.42:118][280]LogModuleManager: Shutting down and abandoning module PakFile (2)
[2018.03.20-12.40.42:121][280]LogExit: Exiting.
[2018.03.20-12.40.42:132][280]Log file closed, 03/20/18 12:40:42
