Log file open, 03/12/18 06:44:13
LogWindows: Failed to load 'aqProf.dll' (GetLastError=126)
LogWindows: File 'aqProf.dll' does not exist
LogWindows: Failed to load 'VSPerf140.dll' (GetLastError=126)
LogWindows: File 'VSPerf140.dll' does not exist
LogWindows: Failed to load 'VtuneApi.dll' (GetLastError=126)
LogWindows: File 'VtuneApi.dll' does not exist
LogWindows: Failed to load 'VtuneApi32e.dll' (GetLastError=126)
LogWindows: File 'VtuneApi32e.dll' does not exist
LogInit: Display: Running engine for game: Multiplayer_Project
LogPlatformFile: Not using cached read wrapper
LogInit: Display: RandInit(723444282) SRandInit(723444282).
LogInit: Read version file with build ID '3709383'
LogInit: Overriding engine version to CL 3832480, compatible CL 3709383
LogInit: Registered custom module enumerator with build ID '3709383'
LogTaskGraph: Started task graph with 5 named threads and 14 total threads with 3 sets of task threads.
LogStats: Stats thread started at 0.208813
LogD3D11RHI: Aftermath initialized
LogModuleManager: Display: Found up-to-date module file ../../../Engine/Plugins/Online/OnlineSubsystemSteam/Binaries/Win64/UE4Editor-OnlineSubsystemSteam.dll (API version 3709383).
LogModuleManager: Display: Found up-to-date module file ../../../Engine/Plugins/Online/OnlineSubsystem/Binaries/Win64/UE4Editor-OnlineSubsystem.dll (API version 3709383).
LogModuleManager: Display: Found up-to-date module file ../../../Engine/Plugins/Online/OnlineSubsystemUtils/Binaries/Win64/UE4Editor-OnlineSubsystemUtils.dll (API version 3709383).
LogModuleManager: Display: Found up-to-date module file ../../../Engine/Plugins/Online/OnlineSubsystemUtils/Binaries/Win64/UE4Editor-OnlineBlueprintSupport.dll (API version 3709383).
LogModuleManager: Display: Found up-to-date module file ../../../Engine/Plugins/2D/Paper2D/Binaries/Win64/UE4Editor-Paper2D.dll (API version 3709383).
LogModuleManager: Display: Found up-to-date module file ../../../Engine/Plugins/2D/Paper2D/Binaries/Win64/UE4Editor-Paper2DEditor.dll (API version 3709383).
LogModuleManager: Display: Found up-to-date module file ../../../Engine/Plugins/2D/Paper2D/Binaries/Win64/UE4Editor-PaperSpriteSheetImporter.dll (API version 3709383).
LogModuleManager: Display: Found up-to-date module file ../../../Engine/Plugins/2D/Paper2D/Binaries/Win64/UE4Editor-PaperTiledImporter.dll (API version 3709383).
LogModuleManager: Display: Found up-to-date module file ../../../Engine/Plugins/2D/Paper2D/Binaries/Win64/UE4Editor-SmartSnapping.dll (API version 3709383).
LogModuleManager: Display: Found up-to-date module file ../../../Engine/Plugins/Blendables/LightPropagationVolume/Binaries/Win64/UE4Editor-LightPropagationVolumeRuntime.dll (API version 3709383).
LogModuleManager: Display: Found up-to-date module file ../../../Engine/Plugins/Blendables/LightPropagationVolume/Binaries/Win64/UE4Editor-LightPropagationVolumeEditor.dll (API version 3709383).
LogModuleManager: Display: Found up-to-date module file ../../../Engine/Plugins/Developer/GitSourceControl/Binaries/Win64/UE4Editor-GitSourceControl.dll (API version 3709383).
LogModuleManager: Display: Found up-to-date module file ../../../Engine/Plugins/Developer/PerforceSourceControl/Binaries/Win64/UE4Editor-PerforceSourceControl.dll (API version 3709383).
LogModuleManager: Display: Found up-to-date module file ../../../Engine/Plugins/Developer/SubversionSourceControl/Binaries/Win64/UE4Editor-SubversionSourceControl.dll (API version 3709383).
LogModuleManager: Display: Found up-to-date module file ../../../Engine/Plugins/Developer/UObjectPlugin/Binaries/Win64/UE4Editor-UObjectPlugin.dll (API version 3709383).
LogModuleManager: Display: Found up-to-date module file ../../../Engine/Plugins/Developer/VisualStudioCodeSourceCodeAccess/Binaries/Win64/UE4Editor-VisualStudioCodeSourceCodeAccess.dll (API version 3709383).
LogModuleManager: Display: Found up-to-date module file ../../../Engine/Plugins/Developer/VisualStudioSourceCodeAccess/Binaries/Win64/UE4Editor-VisualStudioSourceCodeAccess.dll (API version 3709383).
LogModuleManager: Display: Found up-to-date module file ../../../Engine/Plugins/Editor/AssetManagerEditor/Binaries/Win64/UE4Editor-AssetManagerEditor.dll (API version 3709383).
LogModuleManager: Display: Found up-to-date module file ../../../Engine/Plugins/Editor/AudioCapture/Binaries/Win64/UE4Editor-AudioCapture.dll (API version 3709383).
LogModuleManager: Display: Found up-to-date module file ../../../Engine/Plugins/Editor/FacialAnimation/Binaries/Win64/UE4Editor-FacialAnimation.dll (API version 3709383).
LogModuleManager: Display: Found up-to-date module file ../../../Engine/Plugins/Editor/FacialAnimation/Binaries/Win64/UE4Editor-FacialAnimationEditor.dll (API version 3709383).
LogModuleManager: Display: Found up-to-date module file ../../../Engine/Plugins/Editor/GameplayTagsEditor/Binaries/Win64/UE4Editor-GameplayTagsEditor.dll (API version 3709383).
LogModuleManager: Display: Found up-to-date module file ../../../Engine/Plugins/Editor/MobileLauncherProfileWizard/Binaries/Win64/UE4Editor-MobileLauncherProfileWizard.dll (API version 3709383).
LogModuleManager: Display: Found up-to-date module file ../../../Engine/Plugins/Editor/PluginBrowser/Binaries/Win64/UE4Editor-PluginBrowser.dll (API version 3709383).
LogModuleManager: Display: Found up-to-date module file ../../../Engine/Plugins/Editor/SpeedTreeImporter/Binaries/Win64/UE4Editor-SpeedTreeImporter.dll (API version 3709383).
LogModuleManager: Display: Found up-to-date module file ../../../Engine/Plugins/Experimental/AlembicImporter/Binaries/Win64/UE4Editor-AlembicImporter.dll (API version 3709383).
LogModuleManager: Display: Found up-to-date module file ../../../Engine/Plugins/Experimental/AlembicImporter/Binaries/Win64/UE4Editor-AlembicLibrary.dll (API version 3709383).
LogModuleManager: Display: Found up-to-date module file ../../../Engine/Plugins/Experimental/CharacterAI/Binaries/Win64/UE4Editor-CharacterAI.dll (API version 3709383).
LogModuleManager: Display: Found up-to-date module file ../../../Engine/Plugins/Experimental/HTML5Networking/Binaries/Win64/UE4Editor-HTML5Networking.dll (API version 3709383).
LogModuleManager: Display: Found up-to-date module file ../../../Engine/Plugins/Media/AndroidMedia/Binaries/Win64/UE4Editor-AndroidMediaEditor.dll (API version 3709383).
LogModuleManager: Display: Found up-to-date module file ../../../Engine/Plugins/Media/AndroidMedia/Binaries/Win64/UE4Editor-AndroidMediaFactory.dll (API version 3709383).
LogModuleManager: Display: Found up-to-date module file ../../../Engine/Plugins/Media/AvfMedia/Binaries/Win64/UE4Editor-AvfMediaEditor.dll (API version 3709383).
LogModuleManager: Display: Found up-to-date module file ../../../Engine/Plugins/Media/AvfMedia/Binaries/Win64/UE4Editor-AvfMediaFactory.dll (API version 3709383).
LogModuleManager: Display: Found up-to-date module file ../../../Engine/Plugins/Media/AvfMedia/Binaries/Win64/UE4Editor-AvfMediaFactory.dll (API version 3709383).
LogModuleManager: Display: Found up-to-date module file ../../../Engine/Plugins/Media/ImgMedia/Binaries/Win64/UE4Editor-ImgMedia.dll (API version 3709383).
LogModuleManager: Display: Found up-to-date module file ../../../Engine/Plugins/Media/ImgMedia/Binaries/Win64/UE4Editor-ImgMediaEditor.dll (API version 3709383).
LogModuleManager: Display: Found up-to-date module file ../../../Engine/Plugins/Media/ImgMedia/Binaries/Win64/UE4Editor-ImgMediaFactory.dll (API version 3709383).
LogModuleManager: Display: Found up-to-date module file ../../../Engine/Plugins/Media/ImgMedia/Binaries/Win64/UE4Editor-ImgMediaFactory.dll (API version 3709383).
LogModuleManager: Display: Found up-to-date module file ../../../Engine/Plugins/Media/ImgMedia/Binaries/Win64/UE4Editor-OpenExrWrapper.dll (API version 3709383).
LogModuleManager: Display: Found up-to-date module file ../../../Engine/Plugins/Media/MediaCompositing/Binaries/Win64/UE4Editor-MediaCompositing.dll (API version 3709383).
LogModuleManager: Display: Found up-to-date module file ../../../Engine/Plugins/Media/MediaCompositing/Binaries/Win64/UE4Editor-MediaCompositingEditor.dll (API version 3709383).
LogModuleManager: Display: Found up-to-date module file ../../../Engine/Plugins/Media/MediaPlayerEditor/Binaries/Win64/UE4Editor-MediaPlayerEditor.dll (API version 3709383).
LogModuleManager: Display: Found up-to-date module file ../../../Engine/Plugins/Media/WmfMedia/Binaries/Win64/UE4Editor-WmfMedia.dll (API version 3709383).
LogModuleManager: Display: Found up-to-date module file ../../../Engine/Plugins/Media/WmfMedia/Binaries/Win64/UE4Editor-WmfMediaEditor.dll (API version 3709383).
LogModuleManager: Display: Found up-to-date module file ../../../Engine/Plugins/Media/WmfMedia/Binaries/Win64/UE4Editor-WmfMediaFactory.dll (API version 3709383).
LogModuleManager: Display: Found up-to-date module file ../../../Engine/Plugins/Media/WmfMedia/Binaries/Win64/UE4Editor-WmfMediaFactory.dll (API version 3709383).
LogModuleManager: Display: Found up-to-date module file ../../../Engine/Plugins/Messaging/TcpMessaging/Binaries/Win64/UE4Editor-TcpMessaging.dll (API version 3709383).
LogModuleManager: Display: Found up-to-date module file ../../../Engine/Plugins/Messaging/UdpMessaging/Binaries/Win64/UE4Editor-UdpMessaging.dll (API version 3709383).
LogModuleManager: Display: Found up-to-date module file ../../../Engine/Plugins/MovieScene/ActorSequence/Binaries/Win64/UE4Editor-ActorSequence.dll (API version 3709383).
LogModuleManager: Display: Found up-to-date module file ../../../Engine/Plugins/MovieScene/LevelSequenceEditor/Binaries/Win64/UE4Editor-LevelSequenceEditor.dll (API version 3709383).
LogModuleManager: Display: Found up-to-date module file ../../../Engine/Plugins/MovieScene/MatineeToLevelSequence/Binaries/Win64/UE4Editor-MatineeToLevelSequence.dll (API version 3709383).
LogModuleManager: Display: Found up-to-date module file ../../../Engine/Plugins/Runtime/AndroidPermission/Binaries/Win64/UE4Editor-AndroidPermission.dll (API version 3709383).
LogModuleManager: Display: Found up-to-date module file ../../../Engine/Plugins/Online/OnlineSubsystemNull/Binaries/Win64/UE4Editor-OnlineSubsystemNull.dll (API version 3709383).
LogModuleManager: Display: Found up-to-date module file ../../../Engine/Plugins/Runtime/AndroidDeviceProfileSelector/Binaries/Win64/UE4Editor-AndroidDeviceProfileSelector.dll (API version 3709383).
LogModuleManager: Display: Found up-to-date module file ../../../Engine/Plugins/Runtime/AppleARKit/Binaries/Win64/UE4Editor-AppleARKit.dll (API version 3709383).
LogModuleManager: Display: Found up-to-date module file ../../../Engine/Plugins/Runtime/ArchVisCharacter/Binaries/Win64/UE4Editor-ArchVisCharacter.dll (API version 3709383).
LogModuleManager: Display: Found up-to-date module file ../../../Engine/Plugins/Runtime/CableComponent/Binaries/Win64/UE4Editor-CableComponent.dll (API version 3709383).
LogModuleManager: Display: Found up-to-date module file ../../../Engine/Plugins/Runtime/CustomMeshComponent/Binaries/Win64/UE4Editor-CustomMeshComponent.dll (API version 3709383).
LogModuleManager: Display: Found up-to-date module file ../../../Engine/Plugins/Runtime/ExampleDeviceProfileSelector/Binaries/Win64/UE4Editor-ExampleDeviceProfileSelector.dll (API version 3709383).
LogModuleManager: Display: Found up-to-date module file ../../../Engine/Plugins/Runtime/ImmediatePhysics/Binaries/Win64/UE4Editor-ImmediatePhysics.dll (API version 3709383).
LogModuleManager: Display: Found up-to-date module file ../../../Engine/Plugins/Runtime/ImmediatePhysics/Binaries/Win64/UE4Editor-ImmediatePhysicsEditor.dll (API version 3709383).
LogModuleManager: Display: Found up-to-date module file ../../../Engine/Plugins/Runtime/LocationServicesBPLibrary/Binaries/Win64/UE4Editor-LocationServicesBPLibrary.dll (API version 3709383).
LogModuleManager: Display: Found up-to-date module file ../../../Engine/Plugins/Runtime/MobilePatchingUtils/Binaries/Win64/UE4Editor-MobilePatchingUtils.dll (API version 3709383).
LogModuleManager: Display: Found up-to-date module file ../../../Engine/Plugins/Runtime/Oculus/OculusVR/Binaries/Win64/UE4Editor-OculusHMD.dll (API version 3709383).
LogModuleManager: Display: Found up-to-date module file ../../../Engine/Plugins/Runtime/Oculus/OculusVR/Binaries/Win64/UE4Editor-OculusInput.dll (API version 3709383).
LogModuleManager: Display: Found up-to-date module file ../../../Engine/Plugins/Runtime/Oculus/OculusVR/Binaries/Win64/UE4Editor-OculusEditor.dll (API version 3709383).
LogModuleManager: Display: Found up-to-date module file ../../../Engine/Plugins/Runtime/PhysXVehicles/Binaries/Win64/UE4Editor-PhysXVehicles.dll (API version 3709383).
LogModuleManager: Display: Found up-to-date module file ../../../Engine/Plugins/Runtime/PhysXVehicles/Binaries/Win64/UE4Editor-PhysXVehiclesEditor.dll (API version 3709383).
LogModuleManager: Display: Found up-to-date module file ../../../Engine/Plugins/Runtime/ProceduralMeshComponent/Binaries/Win64/UE4Editor-ProceduralMeshComponent.dll (API version 3709383).
LogModuleManager: Display: Found up-to-date module file ../../../Engine/Plugins/Runtime/ProceduralMeshComponent/Binaries/Win64/UE4Editor-ProceduralMeshComponentEditor.dll (API version 3709383).
LogModuleManager: Display: Found up-to-date module file ../../../Engine/Plugins/Runtime/RuntimePhysXCooking/Binaries/Win64/UE4Editor-RuntimePhysXCooking.dll (API version 3709383).
LogModuleManager: Display: Found up-to-date module file ../../../Engine/Plugins/Runtime/Steam/SteamVR/Binaries/Win64/UE4Editor-SteamVR.dll (API version 3709383).
LogModuleManager: Display: Found up-to-date module file ../../../Engine/Plugins/Runtime/Steam/SteamVR/Binaries/Win64/UE4Editor-SteamVRController.dll (API version 3709383).
LogModuleManager: Display: Found up-to-date module file ../../../Engine/Plugins/Runtime/WindowsMoviePlayer/Binaries/Win64/UE4Editor-WindowsMoviePlayer.dll (API version 3709383).
LogPluginManager: Mounting plugin Paper2D
LogPluginManager: Mounting plugin LightPropagationVolume
LogPluginManager: Mounting plugin CodeLiteSourceCodeAccess
LogPluginManager: Mounting plugin GitSourceControl
LogPluginManager: Mounting plugin KDevelopSourceCodeAccess
LogPluginManager: Mounting plugin NullSourceCodeAccess
LogPluginManager: Mounting plugin PerforceSourceControl
LogPluginManager: Mounting plugin SubversionSourceControl
LogPluginManager: Mounting plugin UObjectPlugin
LogPluginManager: Mounting plugin VisualStudioCodeSourceCodeAccess
LogPluginManager: Mounting plugin VisualStudioSourceCodeAccess
LogPluginManager: Mounting plugin XCodeSourceCodeAccess
LogPluginManager: Mounting plugin AssetManagerEditor
LogPluginManager: Mounting plugin AudioCapture
LogPluginManager: Mounting plugin FacialAnimation
LogPluginManager: Mounting plugin GameplayTagsEditor
LogPluginManager: Mounting plugin MobileLauncherProfileWizard
LogPluginManager: Mounting plugin PluginBrowser
LogPluginManager: Mounting plugin SpeedTreeImporter
LogPluginManager: Mounting plugin AlembicImporter
LogPluginManager: Mounting plugin CharacterAI
LogPluginManager: Mounting plugin HTML5Networking
LogPluginManager: Mounting plugin AndroidMedia
LogPluginManager: Mounting plugin AvfMedia
LogPluginManager: Mounting plugin ImgMedia
LogPluginManager: Mounting plugin MediaCompositing
LogPluginManager: Mounting plugin MediaPlayerEditor
LogPluginManager: Mounting plugin WmfMedia
LogPluginManager: Mounting plugin TcpMessaging
LogPluginManager: Mounting plugin UdpMessaging
LogPluginManager: Mounting plugin ActorSequence
LogPluginManager: Mounting plugin LevelSequenceEditor
LogPluginManager: Mounting plugin MatineeToLevelSequence
LogPluginManager: Mounting plugin OnlineSubsystemGooglePlay
LogPluginManager: Mounting plugin OnlineSubsystemIOS
LogPluginManager: Mounting plugin OnlineSubsystem
LogPluginManager: Mounting plugin OnlineSubsystemNull
LogPluginManager: Mounting plugin OnlineSubsystemSteam
LogPluginManager: Mounting plugin OnlineSubsystemUtils
LogPluginManager: Mounting plugin AndroidDeviceProfileSelector
LogPluginManager: Mounting plugin AndroidMoviePlayer
LogPluginManager: Mounting plugin AndroidPermission
LogPluginManager: Mounting plugin AppleARKit
LogPluginManager: Mounting plugin AppleMoviePlayer
LogPluginManager: Mounting plugin ArchVisCharacter
LogPluginManager: Mounting plugin CableComponent
LogPluginManager: Mounting plugin CustomMeshComponent
LogPluginManager: Mounting plugin ExampleDeviceProfileSelector
LogPluginManager: Mounting plugin GoogleCloudMessaging
LogPluginManager: Mounting plugin ImmediatePhysics
LogPluginManager: Mounting plugin IOSDeviceProfileSelector
LogPluginManager: Mounting plugin LinuxDeviceProfileSelector
LogPluginManager: Mounting plugin LocationServicesBPLibrary
LogPluginManager: Mounting plugin MobilePatchingUtils
LogPluginManager: Mounting plugin OculusVR
LogPluginManager: Plugin shader directory ../../../Engine/Plugins/Runtime/Oculus/OculusVR/Shaders found
LogPluginManager: Mapping shader source directory ../../../Engine/Plugins/Runtime/Oculus/OculusVR/Shaders to virtual directory /Plugin/OculusVR
LogPluginManager: Mounting plugin PhysXVehicles
LogPluginManager: Mounting plugin ProceduralMeshComponent
LogPluginManager: Mounting plugin RuntimePhysXCooking
LogPluginManager: Mounting plugin SteamVR
LogPluginManager: Mounting plugin WindowsMoviePlayer
LogInit: Using libcurl 7.47.1
LogInit:  - built for x86_64-pc-win32
LogInit:  - supports SSL with OpenSSL/1.0.2g
LogInit:  - supports HTTP deflate (compression) using libz 1.2.8
LogInit:  - other features:
LogInit:      CURL_VERSION_SSL
LogInit:      CURL_VERSION_LIBZ
LogInit:      CURL_VERSION_IPV6
LogInit:      CURL_VERSION_ASYNCHDNS
LogInit:      CURL_VERSION_LARGEFILE
LogInit:      CURL_VERSION_IDN
LogInit:  CurlRequestOptions (configurable via config and command line):
LogInit:  - bVerifyPeer = false  - Libcurl will NOT verify peer certificate
LogInit:  - bUseHttpProxy = false  - Libcurl will NOT use HTTP proxy
LogInit:  - bDontReuseConnections = false  - Libcurl will reuse connections
LogInit:  - CertBundlePath = nullptr  - Libcurl will use whatever was configured at build time.
LogOnline: Display: STEAM: Loading Steam SDK 1.39
LogOnline: Warning: STEAM: Steam API disabled!
LogOnline: Display: STEAM: OnlineSubsystemSteam::Shutdown()
LogInit: WinSock: version 1.1 (2.2), MaxSocks=32767, MaxUdp=65467
LogInit: Build: ++UE4+Release-4.18-CL-3832480
LogInit: Engine Version: 4.18.3-3832480+++UE4+Release-4.18
LogInit: Compatible Engine Version: 4.18.0-3709383+++UE4+Release-4.18
LogInit: Net CL: 3709383
LogDevObjectVersion: Number of dev versions registered: 16
LogDevObjectVersion:   Dev-Blueprints (B0D832E4-1F89-4F0D-ACCF-7EB736FD4AA2): 10
LogDevObjectVersion:   Dev-Build (E1C64328-A22C-4D53-A36C-8E866417BD8C): 0
LogDevObjectVersion:   Dev-Core (375EC13C-06E4-48FB-B500-84F0262A717E): 2
LogDevObjectVersion:   Dev-Editor (E4B068ED-F494-42E9-A231-DA0B2E46BB41): 20
LogDevObjectVersion:   Dev-Framework (CFFC743F-43B0-4480-9391-14DF171D2073): 30
LogDevObjectVersion:   Dev-Mobile (B02B49B5-BB20-44E9-A304-32B752E40360): 0
LogDevObjectVersion:   Dev-Networking (A4E4105C-59A1-49B5-A7C5-40C4547EDFEE): 0
LogDevObjectVersion:   Dev-Online (39C831C9-5AE6-47DC-9A44-9C173E1C8E7C): 0
LogDevObjectVersion:   Dev-Physics (78F01B33-EBEA-4F98-B9B4-84EACCB95AA2): 0
LogDevObjectVersion:   Dev-Platform (6631380F-2D4D-43E0-8009-CF276956A95A): 0
LogDevObjectVersion:   Dev-Rendering (12F88B9F-8875-4AFC-A67C-D90C383ABD29): 20
LogDevObjectVersion:   Dev-Sequencer (7B5AE74C-D270-4C10-A958-57980B212A5A): 4
LogDevObjectVersion:   Dev-VR (D7296918-1DD6-4BDD-9DE2-64A83CC13884): 0
LogDevObjectVersion:   Dev-LoadTimes (C2A15278-BFE7-4AFE-6C17-90FF531DF755): 1
LogDevObjectVersion:   Private-Geometry (6EACA3D4-40EC-4CC1-B786-8BED09428FC5): 1
LogDevObjectVersion:   Dev-AnimPhys (29E575DD-E0A3-4627-9D10-D276232CDCEA): 12
LogInit: Compiled (64-bit): Jan 12 2018 02:04:55
LogInit: Compiled with Visual C++: 19.00.24215.01
LogInit: Build Configuration: Development
LogInit: Branch Name: ++UE4+Release-4.18
LogInit: Command line: -EpicPortal 
LogInit: Base directory: C:/Program Files/Epic Games/UE_4.18/Engine/Binaries/Win64/
LogInit: Installed Engine Build: 1
LogInit: Presizing for max 8388607 objects, including 0 objects not considered by GC, pre-allocating 0 bytes for permanent pool.
LogInit: Object subsystem initialized
[2018.03.12-12.44.17:478][  0]LogInit: Selected Device Profile: [Windows]
[2018.03.12-12.44.17:479][  0]LogInit: Applying CVar settings loaded from the selected device profile: [Windows]
[2018.03.12-12.44.17:517][  0]LogInit: Computer: DESKTOP-EKPT9U8
[2018.03.12-12.44.17:517][  0]LogInit: User: SamuelJones
[2018.03.12-12.44.17:517][  0]LogInit: CPU Page size=4096, Cores=4
[2018.03.12-12.44.17:517][  0]LogInit: High frequency timer resolution =2.241007 MHz
[2018.03.12-12.44.17:517][  0]LogMemory: Memory total: Physical=15.9GB (16GB approx)
[2018.03.12-12.44.17:517][  0]LogMemory: Platform Memory Stats for Windows
[2018.03.12-12.44.17:517][  0]LogMemory: Process Physical Memory: 277.11 MB used, 277.11 MB peak
[2018.03.12-12.44.17:517][  0]LogMemory: Process Virtual Memory: 272.11 MB used, 272.11 MB peak
[2018.03.12-12.44.17:517][  0]LogMemory: Physical Memory: 2482.76 MB used,  13839.93 MB free, 16322.68 MB total
[2018.03.12-12.44.17:517][  0]LogMemory: Virtual Memory: 683.17 MB used,  13839.93 MB free, 134217728.00 MB total
[2018.03.12-12.44.18:175][  0]LogInit: Using OS detected language (en-US).
[2018.03.12-12.44.18:175][  0]LogInit: Using OS detected locale (en-GB).
[2018.03.12-12.44.18:286][  0]LogTextLocalizationManager: No specific localization for 'en-US' exists, so the 'en' localization will be used.
[2018.03.12-12.44.19:289][  0]LogInit: Setting process to per monitor DPI aware
[2018.03.12-12.44.24:782][  0]LogD3D11RHI: D3D11 adapters:
[2018.03.12-12.44.24:890][  0]LogD3D11RHI:    0. 'NVIDIA GeForce GT 650M' (Feature Level 11_0)
[2018.03.12-12.44.24:891][  0]LogD3D11RHI:       484/0/8161 MB DedicatedVideo/DedicatedSystem/SharedSystem, Outputs:1, VendorId:0x10de
[2018.03.12-12.44.24:897][  0]LogD3D11RHI:    1. 'Microsoft Basic Render Driver' (Feature Level 11_0)
[2018.03.12-12.44.24:897][  0]LogD3D11RHI:       0/0/8161 MB DedicatedVideo/DedicatedSystem/SharedSystem, Outputs:0, VendorId:0x1414
[2018.03.12-12.44.24:898][  0]LogD3D11RHI: Chosen D3D11 Adapter: 0
[2018.03.12-12.44.24:908][  0]LogD3D11RHI: Creating new Direct3DDevice
[2018.03.12-12.44.24:908][  0]LogD3D11RHI:     GPU DeviceId: 0xfd5 (for the marketing name, search the web for "GPU Device Id")
[2018.03.12-12.44.24:908][  0]LogWindows: EnumDisplayDevices:
[2018.03.12-12.44.24:908][  0]LogWindows:    0. 'NVIDIA GeForce GT 650M' (P:1 D:1)
[2018.03.12-12.44.24:909][  0]LogWindows:    1. 'NVIDIA GeForce GT 650M' (P:0 D:0)
[2018.03.12-12.44.24:909][  0]LogWindows:    2. 'NVIDIA GeForce GT 650M' (P:0 D:0)
[2018.03.12-12.44.24:909][  0]LogWindows:    3. 'NVIDIA GeForce GT 650M' (P:0 D:0)
[2018.03.12-12.44.24:909][  0]LogWindows: DebugString: GetVideoDriverDetailsInvalid PrimaryIsNotTheChoosenAdapter GetVideoDriverDetailsInvalid PrimaryIsNotTheChoosenAdapter GetVideoDriverDetailsInvalid PrimaryIsNotTheChoosenAdapter GetVideoDriverDetailsInvalid PrimaryIsNotTheChoosenAdapter FoundDriverCount:0 
[2018.03.12-12.44.24:910][  0]LogD3D11RHI:     Adapter Name: NVIDIA GeForce GT 650M
[2018.03.12-12.44.24:910][  0]LogD3D11RHI:   Driver Version: Unknown (internal:Unknown, unified:Unknown)
[2018.03.12-12.44.24:910][  0]LogD3D11RHI:      Driver Date: Unknown
[2018.03.12-12.44.24:910][  0]LogRHI: Texture pool is 339 MB (70% of 484 MB)
[2018.03.12-12.44.24:985][  0]LogD3D11RHI: Async texture creation enabled
[2018.03.12-12.44.25:014][  0]LogD3D11RHI: GPU Timing Frequency: 1000.000000 (Debug: 2 1)
[2018.03.12-12.44.25:018][  0]LogShaderCompilers: Guid format shader working directory is -28 characters bigger than the processId version (../../../../../../Users/Samuel Jones/Desktop/Multiplayer_Test/Multiplayer_Project/Intermediate/Shaders/WorkingDirectory/1656/).
[2018.03.12-12.44.25:018][  0]LogShaderCompilers: Cleaned the shader compiler working directory 'C:/Users/Samuel Jones/AppData/Local/Temp/UnrealShaderWorkingDir/89EE575D444E0AEF53A671A3D47D631E/'.
[2018.03.12-12.44.25:018][  0]LogShaderCompilers: Display: Using Local Shader Compiler.
[2018.03.12-12.44.29:346][  0]LogTemp: Display: Loaded TP AllDesktopTargetPlatform
[2018.03.12-12.44.29:496][  0]LogTemp: Display: Loaded TP MacClientTargetPlatform
[2018.03.12-12.44.29:635][  0]LogTemp: Display: Loaded TP MacNoEditorTargetPlatform
[2018.03.12-12.44.29:776][  0]LogTemp: Display: Loaded TP MacServerTargetPlatform
[2018.03.12-12.44.29:931][  0]LogTemp: Display: Loaded TP MacTargetPlatform
[2018.03.12-12.44.30:065][  0]LogTemp: Display: Loaded TP WindowsClientTargetPlatform
[2018.03.12-12.44.30:199][  0]LogTemp: Display: Loaded TP WindowsNoEditorTargetPlatform
[2018.03.12-12.44.30:336][  0]LogTemp: Display: Loaded TP WindowsServerTargetPlatform
[2018.03.12-12.44.30:450][  0]LogTemp: Display: Loaded TP WindowsTargetPlatform
[2018.03.12-12.44.30:577][  0]LogTemp: Display: Loaded TP Android_ASTCTargetPlatform
[2018.03.12-12.44.30:703][  0]LogTemp: Display: Loaded TP Android_ATCTargetPlatform
[2018.03.12-12.44.30:842][  0]LogTemp: Display: Loaded TP Android_DXTTargetPlatform
[2018.03.12-12.44.30:969][  0]LogTemp: Display: Loaded TP Android_ETC1TargetPlatform
[2018.03.12-12.44.31:098][  0]LogTemp: Display: Loaded TP Android_ETC2TargetPlatform
[2018.03.12-12.44.31:352][  0]LogTemp: Display: Loaded TP Android_MultiTargetPlatform
[2018.03.12-12.44.31:353][  0]LogTemp: Display: Loaded TP Android_PVRTCTargetPlatform
[2018.03.12-12.44.31:477][  0]LogTemp: Display: Loaded TP AndroidTargetPlatform
[2018.03.12-12.44.31:577][  0]LogTemp: Display: Loaded TP HTML5TargetPlatform
[2018.03.12-12.44.31:765][  0]LogTemp: Display: Loaded TP IOSTargetPlatform
[2018.03.12-12.44.31:835][  0]LogTemp: Display: Loaded TP TVOSTargetPlatform
[2018.03.12-12.44.31:961][  0]LogTemp: Display: Loaded TP LinuxClientTargetPlatform
[2018.03.12-12.44.32:087][  0]LogTemp: Display: Loaded TP LinuxNoEditorTargetPlatform
[2018.03.12-12.44.32:205][  0]LogTemp: Display: Loaded TP LinuxServerTargetPlatform
[2018.03.12-12.44.32:334][  0]LogTemp: Display: Loaded TP LinuxTargetPlatform
[2018.03.12-12.44.32:334][  0]LogTargetPlatformManager: Display: Building Assets For Windows
[2018.03.12-12.44.33:434][  0]LogDerivedDataCache: Display: Max Cache Size: 512 MB
[2018.03.12-12.44.33:554][  0]LogDerivedDataCache: Loaded boot cache 0.12s 92MB C:/Users/Samuel Jones/AppData/Local/UnrealEngine/4.18/DerivedDataCache/Boot.ddc.
[2018.03.12-12.44.33:554][  0]LogDerivedDataCache: Display: Loaded Boot cache: C:/Users/Samuel Jones/AppData/Local/UnrealEngine/4.18/DerivedDataCache/Boot.ddc
[2018.03.12-12.44.33:554][  0]LogDerivedDataCache: FDerivedDataBackendGraph:  Pak pak cache file ../../../../../../Users/Samuel Jones/Desktop/Multiplayer_Test/Multiplayer_Project/DerivedDataCache/DDC.ddp not found, will not use a pak cache.
[2018.03.12-12.44.33:554][  0]LogDerivedDataCache: Unable to find inner node Pak for hierarchical cache Hierarchy.
[2018.03.12-12.44.33:554][  0]LogDerivedDataCache: FDerivedDataBackendGraph:  CompressedPak pak cache file ../../../../../../Users/Samuel Jones/Desktop/Multiplayer_Test/Multiplayer_Project/DerivedDataCache/Compressed.ddp not found, will not use a pak cache.
[2018.03.12-12.44.33:554][  0]LogDerivedDataCache: Unable to find inner node CompressedPak for hierarchical cache Hierarchy.
[2018.03.12-12.44.33:580][  0]LogDerivedDataCache: Display: Pak cache opened for reading ../../../Engine/DerivedDataCache/Compressed.ddp.
[2018.03.12-12.44.33:594][  0]LogDerivedDataCache: Using Local data cache path C:/Users/Samuel Jones/AppData/Local/UnrealEngine/Common/DerivedDataCache: Writable
[2018.03.12-12.44.33:613][  0]LogMaterial: Verifying Global Shaders for PCD3D_SM5
[2018.03.12-12.44.33:613][  0]LogSlate: Using Freetype 2.6.0
[2018.03.12-12.44.33:614][  0]LogSlate: SlateFontCache - WITH_FREETYPE: 1, WITH_HARFBUZZ: 1
[2018.03.12-12.44.33:614][  0]LogSlate: SlateFontCache - WITH_FREETYPE: 1, WITH_HARFBUZZ: 1
[2018.03.12-12.44.34:375][  0]LogInit: Selected Device Profile: [Windows]
[2018.03.12-12.44.35:115][  0]LogSimplygon: Simplygon DLL not present - disabling.
[2018.03.12-12.44.35:222][  0]LogMeshReduction: Using SimplygonSwarm for distributed automatic mesh merging
[2018.03.12-12.44.35:222][  0]LogMeshReduction: Using QuadricMeshReduction for automatic static mesh reduction
[2018.03.12-12.44.35:222][  0]LogMeshReduction: No automatic skeletal mesh reduction module available
[2018.03.12-12.44.35:222][  0]LogMeshReduction: No automatic mesh merging module available
[2018.03.12-12.44.35:222][  0]LogMeshMerging: No automatic mesh merging module available
[2018.03.12-12.44.35:276][  0]LogNetVersion: Multiplayer_Project , NetCL: 3709383, EngineNetVer: 2, GameNetVer: 0 (Checksum: 1516079218)
[2018.03.12-12.44.35:604][  0]LogAssetRegistry: FAssetRegistry took 0.0301 seconds to start up
[2018.03.12-12.44.36:542][  0]LogPackageLocalizationCache: Processed 7 localized package path(s) for 2 prioritized culture(s) in 0.119408 seconds
[2018.03.12-12.44.36:550][  0]LogUObjectArray: 35877 objects as part of root set at end of initial load.
[2018.03.12-12.44.36:550][  0]LogUObjectAllocator: 7577632 out of 0 bytes used by permanent object pool.
[2018.03.12-12.44.36:550][  0]LogUObjectArray: CloseDisregardForGC: 0/0 objects in disregard for GC pool
[2018.03.12-12.44.42:326][  0]LogTcpMessaging: Initializing TcpMessaging bridge
[2018.03.12-12.44.42:411][  0]LogUdpMessaging: Initializing bridge on interface 0.0.0.0:0 to multicast group 230.0.0.1:6666.
[2018.03.12-12.44.43:997][  0]LogMaterial: Uniform references updated for custom material expression Custom.
[2018.03.12-12.44.45:002][  0]SourceControl: Source control is disabled
[2018.03.12-12.44.45:002][  0]SourceControl: Source control is disabled
[2018.03.12-12.44.45:139][  0]SourceControl: Source control is disabled
[2018.03.12-12.44.45:267][  0]SourceControl: Source control is disabled
[2018.03.12-12.44.47:114][  0]LogAndroidPermission: UAndroidPermissionCallbackProxy::GetInstance
[2018.03.12-12.44.47:568][  0]LogOcInput: OculusInput pre-init called
[2018.03.12-12.44.48:024][  0]LogEngine: Initializing Engine...
[2018.03.12-12.44.48:027][  0]LogHMD: Failed to initialize OpenVR with code 110
[2018.03.12-12.44.48:293][  0]LogStats: UGameplayTagsManager::ConstructGameplayTagTree: Construct from data asset -  0.000 s
[2018.03.12-12.44.48:293][  0]LogStats: UGameplayTagsManager::ConstructGameplayTagTree: GameplayTagTreeChangedEvent.Broadcast -  0.000 s
[2018.03.12-12.44.48:514][  0]LogAIModule: Creating AISystem for world Untitled
[2018.03.12-12.44.48:526][  0]LogInit: XAudio2 using 'Speakers (Cirrus Logic CS4206B (AB 83))' : 4 channels at 48 kHz using 16 bits per sample (channel mask 0x107)
[2018.03.12-12.44.48:556][  0]LogInit: FAudioDevice initialized.
[2018.03.12-12.44.48:649][  0]LogDerivedDataCache: Saved boot cache 0.09s 92MB C:/Users/Samuel Jones/AppData/Local/UnrealEngine/4.18/DerivedDataCache/Boot.ddc.
[2018.03.12-12.44.48:667][  0]LogInit: Texture streaming: Enabled
[2018.03.12-12.44.48:840][  0]LogEngineSessionManager: EngineSessionManager initialized
[2018.03.12-12.44.49:064][  0]LogInit: Transaction tracking system initialized
[2018.03.12-12.44.49:606][  0]BlueprintLog: New page: Editor Load
[2018.03.12-12.44.51:147][  0]LocalizationService: Localization service is disabled
[2018.03.12-12.44.52:399][  0]LogConsoleResponse: Display: 
[2018.03.12-12.44.52:819][  0]LogCook: Display: Max memory allowance for cook 16384mb min free memory 0mb
[2018.03.12-12.44.52:820][  0]LogCook: Display: Mobile HDR setting 1
[2018.03.12-12.44.52:820][  0]LogGameplayTags: Display: UGameplayTagsManager::DoneAddingNativeTags. DelegateIsBound: 0
[2018.03.12-12.44.53:070][  0]LogFileCache: Scanning file cache for directory 'C:/Users/Samuel Jones/Desktop/Multiplayer_Test/Multiplayer_Project/Content/' took 0.03s
[2018.03.12-12.44.54:814][  0]SourceControl: Source control is disabled
[2018.03.12-12.44.54:814][  0]Cmd: MAP LOAD FILE="../../../../../../Users/Samuel Jones/Desktop/Multiplayer_Test/Multiplayer_Project/Content/Maps/MainMenu.umap" TEMPLATE=0 SHOWPROGRESS=1 FEATURELEVEL=3
[2018.03.12-12.44.54:819][  0]LightingResults: New page: Lighting Build
[2018.03.12-12.44.54:888][  0]MapCheck: New page: Map Check
[2018.03.12-12.44.54:888][  0]LightingResults: New page: Lighting Build
[2018.03.12-12.44.55:368][  0]LogAIModule: Creating AISystem for world MainMenu
[2018.03.12-12.44.55:369][  0]LogEditorServer: Finished looking for orphan Actors (0.000 secs)
[2018.03.12-12.44.55:382][  0]Cmd: MAP CHECKDEP NOCLEARLOG
[2018.03.12-12.44.55:450][  0]MapCheck: Map check complete: 0 Error(s), 0 Warning(s), took 67.595ms to complete.
[2018.03.12-12.44.55:450][  0]LogFileHelpers: Loading map 'MainMenu' took 0.636
[2018.03.12-12.44.55:623][  0]LogCollectionManager: Loaded 0 collections in 0.002233 seconds
[2018.03.12-12.44.55:728][  0]LogFileCache: Scanning file cache for directory 'C:/Users/Samuel Jones/Desktop/Multiplayer_Test/Multiplayer_Project/Saved/Collections/' took 0.01s
[2018.03.12-12.44.55:728][  0]LogFileCache: Scanning file cache for directory 'C:/Users/Samuel Jones/Desktop/Multiplayer_Test/Multiplayer_Project/Content/Developers/SamuelJones/Collections/' took 0.01s
[2018.03.12-12.44.55:728][  0]LogFileCache: Scanning file cache for directory 'C:/Users/Samuel Jones/Desktop/Multiplayer_Test/Multiplayer_Project/Content/Collections/' took 0.01s
[2018.03.12-12.44.55:728][  0]LogCollectionManager: Rebuilt the GUID cache for 0 collections in 0.000000 seconds
[2018.03.12-12.44.55:740][  0]LogContentBrowser: Native class hierarchy populated in 0.0114 seconds. Added 2365 classes and 522 folders.
[2018.03.12-12.44.55:853][  0]LogContentBrowser: Native class hierarchy updated for 'WidgetCarousel' in 0.0003 seconds. Added 0 classes and 0 folders.
[2018.03.12-12.44.55:908][  0]LogContentBrowser: Native class hierarchy updated for 'AddContentDialog' in 0.0003 seconds. Added 0 classes and 0 folders.
[2018.03.12-12.44.55:980][  0]LogContentBrowser: Native class hierarchy updated for 'SceneOutliner' in 0.0003 seconds. Added 1 classes and 2 folders.
[2018.03.12-12.44.56:077][  0]LogSlate: Took 0.000435 seconds to synchronously load lazily loaded font '../../../Engine/Content/Slate/Fonts/Roboto-Regular.ttf' (155K)
[2018.03.12-12.44.56:080][  0]LogSlate: Took 0.000328 seconds to synchronously load lazily loaded font '../../../Engine/Content/Slate/Fonts/Roboto-Bold.ttf' (160K)
[2018.03.12-12.44.56:090][  0]LogSlate: Took 0.000286 seconds to synchronously load lazily loaded font '../../../Engine/Content/Editor/Slate/Fonts/FontAwesome.ttf' (139K)
[2018.03.12-12.44.56:227][  0]LogRenderer: Reallocating scene render targets to support 980x444 Format 10 NumSamples 1 (Frame:1).
[2018.03.12-12.44.56:419][  0]LogContentBrowser: Native class hierarchy updated for 'HierarchicalLODOutliner' in 0.0004 seconds. Added 1 classes and 2 folders.
[2018.03.12-12.44.56:419][  0]LogLoad: (Engine Initialization) Total time: 45.58 seconds
[2018.03.12-12.44.56:419][  0]LogLoad: (Engine Initialization) Total Blueprint compile time: 0.00 seconds
[2018.03.12-12.44.56:419][  0]LogExternalProfiler: No external profilers were discovered.  External profiling features will not be available.
[2018.03.12-12.44.56:778][  0]LogContentStreaming: Texture pool size now 1000 MB
[2018.03.12-12.44.56:819][  0]LogSlate: Took 0.000182 seconds to synchronously load lazily loaded font '../../../Engine/Content/Slate/Fonts/Roboto-Light.ttf' (159K)
[2018.03.12-12.44.57:432][  2]LogAssetRegistry: Asset discovery search completed in 21.8494 seconds
[2018.03.12-12.44.57:435][  2]LogCollectionManager: Rebuilt the object cache for 0 collections in 0.000000 seconds (found 0 objects)
[2018.03.12-12.44.57:435][  2]LogCollectionManager: Fixed up redirectors for 0 collections in 0.000088 seconds (updated 0 objects)
[2018.03.12-12.45.05:377][283]LogSlate: Took 0.000511 seconds to synchronously load lazily loaded font '../../../Engine/Content/Slate/Fonts/Roboto-Light.ttf' (159K)
[2018.03.12-12.45.06:440][283]LogSlate: Took 0.000413 seconds to synchronously load lazily loaded font '../../../Engine/Content/Slate/Fonts/Roboto-Regular.ttf' (155K)
[2018.03.12-12.45.06:787][283]LogAIModule: Creating AISystem for world Lobby
[2018.03.12-12.45.06:851][283]Cmd: MAP LOAD FILE="../../../../../../Users/Samuel Jones/Desktop/Multiplayer_Test/Multiplayer_Project/Content/Maps/Lobby.umap" TEMPLATE=0 SHOWPROGRESS=1 FEATURELEVEL=3
[2018.03.12-12.45.06:852][283]LightingResults: New page: Lighting Build
[2018.03.12-12.45.06:854][283]LoadErrors: New page: Loading map: Lobby.umap
[2018.03.12-12.45.06:855][283]MapCheck: New page: Map Check
[2018.03.12-12.45.06:855][283]LightingResults: New page: Lighting Build
[2018.03.12-12.45.07:092][283]LogEditorServer: Finished looking for orphan Actors (0.000 secs)
[2018.03.12-12.45.07:192][283]Cmd: MAP CHECKDEP NOCLEARLOG
[2018.03.12-12.45.07:413][283]MapCheck: Map check complete: 0 Error(s), 0 Warning(s), took 220.851ms to complete.
[2018.03.12-12.45.07:416][283]LogFileHelpers: Loading map 'Lobby' took 0.566
[2018.03.12-12.45.12:396][381]LogSlate: Only BGRA pngs, bmps or icos are supported in by External Image Picker
[2018.03.12-12.45.12:553][381]LogTemp: Executing iPhonePackager certificates Engine -bundlename com.YourCompany.MultiplayerProject
[2018.03.12-12.45.12:553][381]LogTemp: CWD: C:\Program Files\Epic Games\UE_4.18\Engine\Binaries\DotNET\IOS
[2018.03.12-12.45.12:553][381]LogTemp: Initial Dir: C:\Program Files\Epic Games\UE_4.18
[2018.03.12-12.45.12:553][381]LogTemp: Env CWD: C:\Program Files\Epic Games\UE_4.18\Engine\Binaries\DotNET\IOS
[2018.03.12-12.45.12:564][381]LogTemp: BranchPath = DESKTOP-EKPT9U8/C/Program Files/Epic Games/UE_4.18/Engine/Binaries --- GameBranchPath = DESKTOP-EKPT9U8/C/Program Files/Epic Games/UE_4.18/Engine/Binaries
[2018.03.12-12.45.12:645][382]LogTemp: IPP ERROR: Could not find provision directory 'C:\Users\Samuel Jones\AppData\Local/Apple Computer/MobileDevice/Provisioning Profiles/'.
[2018.03.12-12.45.19:473][593]LogSlate: Warning: Prevented a slow task dialog from being summoned while a context menu was open
[2018.03.12-12.45.26:043][805]LogSavePackage: Save=471.07ms
[2018.03.12-12.45.26:044][805]LogSavePackage: Moving '../../../../../../Users/Samuel Jones/Desktop/Multiplayer_Test/Multiplayer_Project/Saved/Lobby0487EB3247281FB5FD02A7AFAB0F30F4.tmp' to '../../../../../../Users/Samuel Jones/Desktop/Multiplayer_Test/Multiplayer_Project/Content/Maps/Lobby.umap'
[2018.03.12-12.45.26:060][805]LogSavePackage: Display: Finished SavePackage ../../../../../../Users/Samuel Jones/Desktop/Multiplayer_Test/Multiplayer_Project/Content/Maps/Lobby.umap
[2018.03.12-12.45.26:143][805]Cmd: OBJ SAVEPACKAGE PACKAGE="/Game/Maps/Lobby_BuiltData" FILE="../../../../../../Users/Samuel Jones/Desktop/Multiplayer_Test/Multiplayer_Project/Content/Maps/Lobby_BuiltData.uasset" SILENT=true
[2018.03.12-12.45.26:227][805]LogSavePackage: Save=44.75ms
[2018.03.12-12.45.26:227][805]LogSavePackage: Moving '../../../../../../Users/Samuel Jones/Desktop/Multiplayer_Test/Multiplayer_Project/Saved/Lobby_BuiltDataC8EE3FC14CA99E7319C611AB424C714D.tmp' to '../../../../../../Users/Samuel Jones/Desktop/Multiplayer_Test/Multiplayer_Project/Content/Maps/Lobby_BuiltData.uasset'
[2018.03.12-12.45.26:232][805]LogSavePackage: Display: Finished SavePackage ../../../../../../Users/Samuel Jones/Desktop/Multiplayer_Test/Multiplayer_Project/Content/Maps/Lobby_BuiltData.uasset
[2018.03.12-12.45.32:505][ 26]LogContentBrowser: Native class hierarchy updated for 'BlueprintGraph' in 0.0019 seconds. Added 116 classes and 0 folders.
[2018.03.12-12.45.35:004][ 26]LogSlate: Took 0.000567 seconds to synchronously load lazily loaded font '../../../Engine/Content/Editor/Slate/Fonts/Roboto-BoldCondensed.ttf' (158K)
[2018.03.12-12.45.35:312][ 27]LogSlate: Took 0.000665 seconds to synchronously load lazily loaded font '../../../Engine/Content/Editor/Slate/Fonts/Roboto-Italic.ttf' (157K)
[2018.03.12-12.45.39:590][145]Cmd: OBJ SAVEPACKAGE PACKAGE="/Game/UI/Lobby/InGame" FILE="../../../../../../Users/Samuel Jones/Desktop/Multiplayer_Test/Multiplayer_Project/Content/UI/Lobby/InGame.uasset" SILENT=true
[2018.03.12-12.45.39:852][145]LogSavePackage: Save=217.43ms
[2018.03.12-12.45.39:852][145]LogSavePackage: Moving '../../../../../../Users/Samuel Jones/Desktop/Multiplayer_Test/Multiplayer_Project/Saved/InGame9C1651944562D5436DF7A79346AE3EC5.tmp' to '../../../../../../Users/Samuel Jones/Desktop/Multiplayer_Test/Multiplayer_Project/Content/UI/Lobby/InGame.uasset'
[2018.03.12-12.45.39:857][145]LogSavePackage: Display: Finished SavePackage ../../../../../../Users/Samuel Jones/Desktop/Multiplayer_Test/Multiplayer_Project/Content/UI/Lobby/InGame.uasset
[2018.03.12-12.45.45:062][281]LogSlate: Took 0.000441 seconds to synchronously load lazily loaded font '../../../Engine/Content/Slate/Fonts/Roboto-Light.ttf' (159K)
[2018.03.12-12.47.01:796][548]LogVSAccessor: Warning: Couldn't access Visual Studio
[2018.03.12-12.47.01:805][548]LogVSAccessor: Warning: Couldn't access module table
[2018.03.12-12.47.01:806][548]LogVSAccessor: Warning: Couldn't access module table
[2018.03.12-12.47.01:806][548]LogVSAccessor: Warning: Couldn't access module table
[2018.03.12-12.47.01:807][548]LogVSAccessor: Warning: Couldn't access module table
[2018.03.12-12.47.01:807][548]LogVSAccessor: Warning: Couldn't access module table
[2018.03.12-12.47.01:807][548]LogVSAccessor: Warning: Couldn't access module table
[2018.03.12-12.47.01:807][548]LogVSAccessor: Warning: Couldn't access module table
[2018.03.12-12.47.01:808][548]LogVSAccessor: Warning: Couldn't access module table
[2018.03.12-12.47.01:808][548]LogVSAccessor: Warning: Couldn't access module table
[2018.03.12-12.47.01:808][548]LogVSAccessor: Warning: Couldn't access module table
[2018.03.12-12.47.01:809][548]LogVSAccessor: Warning: Couldn't access module table
[2018.03.12-12.47.01:809][548]LogVSAccessor: Warning: Couldn't access module table
[2018.03.12-12.47.01:809][548]LogVSAccessor: Warning: Couldn't access module table
[2018.03.12-12.47.01:810][548]LogVSAccessor: Warning: Couldn't access module table
[2018.03.12-12.47.01:810][548]LogVSAccessor: Warning: Couldn't access module table
[2018.03.12-12.47.01:810][548]LogVSAccessor: Warning: Couldn't access module table
[2018.03.12-12.47.01:811][548]LogVSAccessor: Warning: Couldn't access module table
[2018.03.12-12.47.01:811][548]LogVSAccessor: Warning: Couldn't access module table
[2018.03.12-12.47.01:811][548]LogVSAccessor: Warning: Couldn't access module table
[2018.03.12-12.47.01:811][548]LogVSAccessor: Warning: Couldn't access module table
[2018.03.12-12.47.01:812][548]LogVSAccessor: Warning: Couldn't access module table
[2018.03.12-12.47.01:812][548]LogVSAccessor: Warning: Couldn't access module table
[2018.03.12-12.47.01:812][548]LogVSAccessor: Warning: Couldn't access module table
[2018.03.12-12.47.01:813][548]LogVSAccessor: Warning: Couldn't access module table
[2018.03.12-12.47.01:813][548]LogVSAccessor: Warning: Couldn't access module table
[2018.03.12-12.47.01:813][548]LogVSAccessor: Warning: Couldn't access module table
[2018.03.12-12.47.01:814][548]LogVSAccessor: Warning: Couldn't access module table
[2018.03.12-12.47.01:814][548]LogVSAccessor: Warning: Couldn't access module table
[2018.03.12-12.47.01:814][548]LogVSAccessor: Warning: Couldn't access module table
[2018.03.12-12.47.01:815][548]LogVSAccessor: Warning: Couldn't access module table
[2018.03.12-12.47.01:815][548]LogVSAccessor: Warning: Couldn't access module table
[2018.03.12-12.47.01:815][548]LogVSAccessor: Warning: Couldn't access module table
[2018.03.12-12.47.01:815][548]LogVSAccessor: Warning: Couldn't access module table
[2018.03.12-12.47.01:816][548]LogVSAccessor: Warning: Couldn't access module table
[2018.03.12-12.47.01:816][548]LogVSAccessor: Warning: Couldn't access module table
[2018.03.12-12.47.01:817][548]LogVSAccessor: Warning: Couldn't access module table
[2018.03.12-12.47.01:817][548]LogVSAccessor: Warning: Couldn't access module table
[2018.03.12-12.47.01:817][548]LogVSAccessor: Warning: Couldn't access module table
[2018.03.12-12.47.01:817][548]LogVSAccessor: Warning: Couldn't access module table
[2018.03.12-12.47.01:818][548]LogVSAccessor: Warning: Couldn't access module table
[2018.03.12-12.47.01:818][548]LogVSAccessor: Warning: Couldn't access module table
[2018.03.12-12.47.01:818][548]LogVSAccessor: Warning: Couldn't access module table
[2018.03.12-12.47.01:819][548]LogVSAccessor: Warning: Couldn't access module table
[2018.03.12-12.47.01:819][548]LogVSAccessor: Warning: Couldn't access module table
[2018.03.12-12.47.01:819][548]LogVSAccessor: Warning: Couldn't access module table
[2018.03.12-12.47.01:820][548]LogVSAccessor: Warning: Couldn't access module table
[2018.03.12-12.47.01:820][548]LogVSAccessor: Warning: Couldn't access module table
[2018.03.12-12.47.01:820][548]LogVSAccessor: Warning: Couldn't access module table
[2018.03.12-12.47.01:821][548]LogVSAccessor: Warning: Couldn't access module table
[2018.03.12-12.47.01:821][548]LogVSAccessor: Warning: Couldn't access module table
[2018.03.12-12.47.01:821][548]LogVSAccessor: Warning: Couldn't access module table
[2018.03.12-12.47.01:821][548]LogVSAccessor: Warning: Couldn't access module table
[2018.03.12-12.47.01:822][548]LogVSAccessor: Warning: Couldn't access module table
[2018.03.12-12.47.01:822][548]LogVSAccessor: Warning: Couldn't access module table
[2018.03.12-12.47.01:822][548]LogVSAccessor: Warning: Couldn't access module table
[2018.03.12-12.47.01:823][548]LogVSAccessor: Warning: Couldn't access module table
[2018.03.12-12.47.01:823][548]LogVSAccessor: Warning: Couldn't access module table
[2018.03.12-12.47.01:823][548]LogVSAccessor: Warning: Couldn't access module table
[2018.03.12-12.47.01:824][548]LogVSAccessor: Warning: Couldn't access module table
[2018.03.12-12.47.01:824][548]LogVSAccessor: Warning: Couldn't access module table
[2018.03.12-12.47.01:824][548]LogVSAccessor: Warning: Couldn't access module table
[2018.03.12-12.47.01:824][548]LogVSAccessor: Warning: Couldn't access module table
[2018.03.12-12.47.01:825][548]LogVSAccessor: Warning: Couldn't access module table
[2018.03.12-12.47.01:825][548]LogVSAccessor: Warning: Couldn't access module table
[2018.03.12-12.47.01:825][548]LogVSAccessor: Warning: Couldn't access module table
[2018.03.12-12.47.01:826][548]LogVSAccessor: Warning: Couldn't access module table
[2018.03.12-12.47.01:826][548]LogVSAccessor: Warning: Couldn't access module table
[2018.03.12-12.47.01:827][548]LogVSAccessor: Warning: Couldn't access module table
[2018.03.12-12.47.01:827][548]LogVSAccessor: Warning: Couldn't access module table
[2018.03.12-12.47.01:827][548]LogVSAccessor: Warning: Couldn't access module table
[2018.03.12-12.47.01:828][548]LogVSAccessor: Warning: Couldn't access module table
[2018.03.12-12.47.01:828][548]LogVSAccessor: Warning: Couldn't access module table
[2018.03.12-12.47.01:829][548]LogVSAccessor: Warning: Couldn't access module table
[2018.03.12-12.47.01:829][548]LogVSAccessor: Warning: Couldn't access module table
[2018.03.12-12.47.01:830][548]LogVSAccessor: Warning: Couldn't access module table
[2018.03.12-12.47.01:830][548]LogVSAccessor: Warning: Couldn't access module table
[2018.03.12-12.47.01:830][548]LogVSAccessor: Warning: Couldn't access module table
[2018.03.12-12.47.01:843][548]LogVSAccessor: Warning: Couldn't access module table
[2018.03.12-12.47.01:844][548]LogVSAccessor: Warning: Couldn't access module table
[2018.03.12-12.47.01:844][548]LogVSAccessor: Warning: Couldn't access module table
[2018.03.12-12.47.01:915][548]LogVSAccessor: Warning: Couldn't access module table
[2018.03.12-12.47.01:916][548]LogVSAccessor: Warning: Couldn't access module table
[2018.03.12-12.47.01:931][548]LogVSAccessor: Warning: Couldn't access module table
[2018.03.12-12.47.01:931][548]LogVSAccessor: Warning: Couldn't access module table
[2018.03.12-12.47.01:932][548]LogVSAccessor: Warning: Couldn't access module table
[2018.03.12-12.47.01:937][548]LogVSAccessor: Warning: Couldn't access module table
[2018.03.12-12.47.01:941][548]LogVSAccessor: Warning: Couldn't access module table
[2018.03.12-12.47.01:942][548]LogVSAccessor: Warning: Couldn't access module table
[2018.03.12-12.47.01:954][548]LogVSAccessor: Warning: Couldn't access module table
[2018.03.12-12.47.01:954][548]LogVSAccessor: Warning: Couldn't access module table
[2018.03.12-12.47.01:955][548]LogVSAccessor: Warning: Couldn't access module table
[2018.03.12-12.47.01:958][548]LogVSAccessor: Warning: Couldn't access module table
[2018.03.12-12.47.01:958][548]LogVSAccessor: Warning: Couldn't access module table
[2018.03.12-12.47.01:963][548]LogVSAccessor: Warning: Couldn't access module table
[2018.03.12-12.47.06:705][676]LogSlate: Warning: Prevented a slow task dialog from being summoned while a context menu was open
[2018.03.12-12.47.28:966][338]Cmd: OBJ SAVEPACKAGE PACKAGE="/Game/UI/Lobby/LobbyMenu" FILE="../../../../../../Users/Samuel Jones/Desktop/Multiplayer_Test/Multiplayer_Project/Content/UI/Lobby/LobbyMenu.uasset" SILENT=true
[2018.03.12-12.47.29:136][338]LogSavePackage: Save=123.85ms
[2018.03.12-12.47.29:136][338]LogSavePackage: Moving '../../../../../../Users/Samuel Jones/Desktop/Multiplayer_Test/Multiplayer_Project/Saved/LobbyMenuC9C5E5804937A34072E7AFA295263091.tmp' to '../../../../../../Users/Samuel Jones/Desktop/Multiplayer_Test/Multiplayer_Project/Content/UI/Lobby/LobbyMenu.uasset'
[2018.03.12-12.47.29:148][338]LogSavePackage: Display: Finished SavePackage ../../../../../../Users/Samuel Jones/Desktop/Multiplayer_Test/Multiplayer_Project/Content/UI/Lobby/LobbyMenu.uasset
[2018.03.12-12.47.29:944][368]BlueprintLog: New page: Compile LobbyMenu
[2018.03.12-12.48.30:926][302]LogSlate: Warning: Prevented a slow task dialog from being summoned while a context menu was open
[2018.03.12-12.48.37:027][482]BlueprintLog: New page: Compile LobbyMenu
[2018.03.12-12.48.37:090][482]LogBlueprint: Error: [Compiler LobbyMenu] This blueprint (self) is not a InGame_C, therefore ' Target ' must have a connection.
[2018.03.12-12.48.37:165][482]LogBlueprint: Warning: [Compiler LobbyMenu] [0266.33] Compile of LobbyMenu failed. 1 Fatal Issue(s) 0 Warning(s) [in 137 ms] (/Game/UI/Lobby/LobbyMenu.LobbyMenu)
[2018.03.12-12.48.37:901][502]Cmd: OBJ SAVEPACKAGE PACKAGE="/Game/UI/Lobby/LobbyMenu" FILE="../../../../../../Users/Samuel Jones/Desktop/Multiplayer_Test/Multiplayer_Project/Content/UI/Lobby/LobbyMenu.uasset" SILENT=true
[2018.03.12-12.48.38:053][502]LogSavePackage: Save=122.42ms
[2018.03.12-12.48.38:053][502]LogSavePackage: Moving '../../../../../../Users/Samuel Jones/Desktop/Multiplayer_Test/Multiplayer_Project/Saved/LobbyMenuF35EE3B44B0EE058806A50912A1BB32F.tmp' to '../../../../../../Users/Samuel Jones/Desktop/Multiplayer_Test/Multiplayer_Project/Content/UI/Lobby/LobbyMenu.uasset'
[2018.03.12-12.48.38:063][502]LogSavePackage: Display: Finished SavePackage ../../../../../../Users/Samuel Jones/Desktop/Multiplayer_Test/Multiplayer_Project/Content/UI/Lobby/LobbyMenu.uasset
[2018.03.12-12.48.46:129][728]LogSlate: Only BGRA pngs, bmps or icos are supported in by External Image Picker
[2018.03.12-12.48.46:295][730]LogTemp: Executing iPhonePackager certificates Engine -bundlename com.YourCompany.MultiplayerProject
[2018.03.12-12.48.46:295][730]LogTemp: CWD: C:\Program Files\Epic Games\UE_4.18\Engine\Binaries\DotNET\IOS
[2018.03.12-12.48.46:295][730]LogTemp: Initial Dir: C:\Program Files\Epic Games\UE_4.18
[2018.03.12-12.48.46:295][730]LogTemp: Env CWD: C:\Program Files\Epic Games\UE_4.18\Engine\Binaries\DotNET\IOS
[2018.03.12-12.48.46:308][730]LogTemp: BranchPath = DESKTOP-EKPT9U8/C/Program Files/Epic Games/UE_4.18/Engine/Binaries --- GameBranchPath = DESKTOP-EKPT9U8/C/Program Files/Epic Games/UE_4.18/Engine/Binaries
[2018.03.12-12.48.46:347][730]LogTemp: IPP ERROR: Could not find provision directory 'C:\Users\Samuel Jones\AppData\Local/Apple Computer/MobileDevice/Provisioning Profiles/'.
[2018.03.12-12.48.49:885][870]LogSlate: Warning: Prevented a slow task dialog from being summoned while a context menu was open
[2018.03.12-12.49.32:330][367]Cmd: OBJ SAVEPACKAGE PACKAGE="/Game/UI/Lobby/LobbyMenu" FILE="../../../../../../Users/Samuel Jones/Desktop/Multiplayer_Test/Multiplayer_Project/Content/UI/Lobby/LobbyMenu.uasset" SILENT=true
[2018.03.12-12.49.32:480][367]LogSavePackage: Save=110.00ms
[2018.03.12-12.49.32:480][367]LogSavePackage: Moving '../../../../../../Users/Samuel Jones/Desktop/Multiplayer_Test/Multiplayer_Project/Saved/LobbyMenu4CB5CBBD48532ED2CC716BA0E0B3A006.tmp' to '../../../../../../Users/Samuel Jones/Desktop/Multiplayer_Test/Multiplayer_Project/Content/UI/Lobby/LobbyMenu.uasset'
[2018.03.12-12.49.32:489][367]LogSavePackage: Display: Finished SavePackage ../../../../../../Users/Samuel Jones/Desktop/Multiplayer_Test/Multiplayer_Project/Content/UI/Lobby/LobbyMenu.uasset
[2018.03.12-12.50.15:798][892]Cmd: OBJ SAVEPACKAGE PACKAGE="/Game/UI/Lobby/LobbyMenu" FILE="../../../../../../Users/Samuel Jones/Desktop/Multiplayer_Test/Multiplayer_Project/Content/UI/Lobby/LobbyMenu.uasset" SILENT=true
[2018.03.12-12.50.15:948][892]LogSavePackage: Save=110.24ms
[2018.03.12-12.50.15:948][892]LogSavePackage: Moving '../../../../../../Users/Samuel Jones/Desktop/Multiplayer_Test/Multiplayer_Project/Saved/LobbyMenu07CB502A4B869E5A137A5D9280DB0CD8.tmp' to '../../../../../../Users/Samuel Jones/Desktop/Multiplayer_Test/Multiplayer_Project/Content/UI/Lobby/LobbyMenu.uasset'
[2018.03.12-12.50.15:960][892]LogSavePackage: Display: Finished SavePackage ../../../../../../Users/Samuel Jones/Desktop/Multiplayer_Test/Multiplayer_Project/Content/UI/Lobby/LobbyMenu.uasset
[2018.03.12-12.51.46:014][764]Cmd: OBJ SAVEPACKAGE PACKAGE="/Game/UI/Lobby/LobbyMenu" FILE="../../../../../../Users/Samuel Jones/Desktop/Multiplayer_Test/Multiplayer_Project/Content/UI/Lobby/LobbyMenu.uasset" SILENT=true
[2018.03.12-12.51.46:160][764]LogSavePackage: Save=115.47ms
[2018.03.12-12.51.46:160][764]LogSavePackage: Moving '../../../../../../Users/Samuel Jones/Desktop/Multiplayer_Test/Multiplayer_Project/Saved/LobbyMenu0CFC2A394263DC90ADEAAB924C78311E.tmp' to '../../../../../../Users/Samuel Jones/Desktop/Multiplayer_Test/Multiplayer_Project/Content/UI/Lobby/LobbyMenu.uasset'
[2018.03.12-12.51.46:170][764]LogSavePackage: Display: Finished SavePackage ../../../../../../Users/Samuel Jones/Desktop/Multiplayer_Test/Multiplayer_Project/Content/UI/Lobby/LobbyMenu.uasset
[2018.03.12-12.51.55:984][ 40]BlueprintLog: New page: Compile LobbyMenu
[2018.03.12-12.51.57:492][ 70]Cmd: OBJ SAVEPACKAGE PACKAGE="/Game/UI/Lobby/LobbyMenu" FILE="../../../../../../Users/Samuel Jones/Desktop/Multiplayer_Test/Multiplayer_Project/Content/UI/Lobby/LobbyMenu.uasset" SILENT=true
[2018.03.12-12.51.57:639][ 70]LogSavePackage: Save=117.43ms
[2018.03.12-12.51.57:640][ 70]LogSavePackage: Moving '../../../../../../Users/Samuel Jones/Desktop/Multiplayer_Test/Multiplayer_Project/Saved/LobbyMenuE19E13A1451AE06B5DBBC98A2414AB92.tmp' to '../../../../../../Users/Samuel Jones/Desktop/Multiplayer_Test/Multiplayer_Project/Content/UI/Lobby/LobbyMenu.uasset'
[2018.03.12-12.51.57:644][ 70]LogSavePackage: Display: Finished SavePackage ../../../../../../Users/Samuel Jones/Desktop/Multiplayer_Test/Multiplayer_Project/Content/UI/Lobby/LobbyMenu.uasset
[2018.03.12-12.52.00:729][191]LogTemp: Repeating last play command: Selected Viewport
[2018.03.12-12.52.00:965][191]LogBlueprintUserMessages: Early PlayInEditor Detection: Level '/Game/Maps/Lobby.Lobby:PersistentLevel' has LevelScriptBlueprint '/Game/Maps/Lobby.Lobby:PersistentLevel.Lobby' with GeneratedClass '/Game/Maps/Lobby.Lobby_C' with ClassGeneratedBy '/Game/Maps/Lobby.Lobby:PersistentLevel.Lobby'
[2018.03.12-12.52.00:966][191]LogPlayLevel: PlayLevel: No blueprints needed recompiling
[2018.03.12-12.52.00:966][191]LogOnline: Display: OSS: FOnlineSubsystemNull::Shutdown()
[2018.03.12-12.52.00:966][191]LogOnline: Display: OSS: FOnlineAsyncTaskManager::Stop() ActiveTask:0000000000000000 Tasks[0/0]
[2018.03.12-12.52.00:968][191]LogOnline: Display: OSS: FOnlineAsyncTaskManager::Exit() started
[2018.03.12-12.52.00:968][191]LogOnline: Display: OSS: FOnlineAsyncTaskManager::Exit() finished
[2018.03.12-12.52.00:968][191]LogOnline: Warning: STEAM: Steam API disabled!
[2018.03.12-12.52.00:968][191]LogOnline: Display: STEAM: OnlineSubsystemSteam::Shutdown()
[2018.03.12-12.52.00:982][191]PIE: New page: PIE session: Lobby (12 Mar 2018 00:52:00)
[2018.03.12-12.52.00:983][191]LogPlayLevel: Creating play world package: /Game/Maps/UEDPIE_0_Lobby
[2018.03.12-12.52.01:005][191]LogPlayLevel: PIE: StaticDuplicateObject took: (0.021455s)
[2018.03.12-12.52.01:006][191]LogAIModule: Creating AISystem for world Lobby
[2018.03.12-12.52.01:007][191]LogPlayLevel: PIE: World Init took: (0.001632s)
[2018.03.12-12.52.01:007][191]LogPlayLevel: PIE: Created PIE world by copying editor world from /Game/Maps/Lobby.Lobby to /Game/Maps/UEDPIE_0_Lobby.Lobby (0.023755s)
[2018.03.12-12.52.01:070][191]LogInit: XAudio2 using 'Speakers (Cirrus Logic CS4206B (AB 83))' : 4 channels at 48 kHz using 16 bits per sample (channel mask 0x107)
[2018.03.12-12.52.01:085][191]LogInit: FAudioDevice initialized.
[2018.03.12-12.52.01:144][191]LogLoad: Game class is 'LobbyGM_C'
[2018.03.12-12.52.01:149][191]LogWorld: Bringing World /Game/Maps/UEDPIE_0_Lobby.Lobby up for play (max tick rate 0) at 2018.03.12-06.52.01
[2018.03.12-12.52.01:150][191]LogWorld: Bringing up level for play took: 0.003431
[2018.03.12-12.52.01:441][191]LogContentBrowser: Native class hierarchy updated for 'MovieSceneCapture' in 0.0008 seconds. Added 11 classes and 0 folders.
[2018.03.12-12.52.01:452][191]PIE: Play in editor start time for /Game/Maps/UEDPIE_0_Lobby 1.343
[2018.03.12-12.52.01:453][191]LogBlueprintUserMessages: Late PlayInEditor Detection: Level '/Game/Maps/Lobby.Lobby:PersistentLevel' has LevelScriptBlueprint '/Game/Maps/Lobby.Lobby:PersistentLevel.Lobby' with GeneratedClass '/Game/Maps/Lobby.Lobby_C' with ClassGeneratedBy '/Game/Maps/Lobby.Lobby:PersistentLevel.Lobby'
[2018.03.12-12.52.14:243][744]LogBlueprintUserMessages: Early EndPlayMap Detection: Level '/Game/Maps/Lobby.Lobby:PersistentLevel' has LevelScriptBlueprint '/Game/Maps/Lobby.Lobby:PersistentLevel.Lobby' with GeneratedClass '/Game/Maps/Lobby.Lobby_C' with ClassGeneratedBy '/Game/Maps/Lobby.Lobby:PersistentLevel.Lobby'
[2018.03.12-12.52.14:293][744]LogOnline: Display: OSS: FOnlineSubsystemNull::Shutdown()
[2018.03.12-12.52.14:294][744]LogOnline: Display: OSS: FOnlineAsyncTaskManager::Stop() ActiveTask:0000000000000000 Tasks[0/0]
[2018.03.12-12.52.14:295][744]LogOnline: Display: OSS: FOnlineAsyncTaskManager::Exit() started
[2018.03.12-12.52.14:295][744]LogOnline: Display: OSS: FOnlineAsyncTaskManager::Exit() finished
[2018.03.12-12.52.14:295][744]LogPlayLevel: Display: Shutting down PIE online subsystems
[2018.03.12-12.52.14:296][744]LogBlueprintUserMessages: Late EndPlayMap Detection: Level '/Game/Maps/Lobby.Lobby:PersistentLevel' has LevelScriptBlueprint '/Game/Maps/Lobby.Lobby:PersistentLevel.Lobby' with GeneratedClass '/Game/Maps/Lobby.Lobby_C' with ClassGeneratedBy '/Game/Maps/Lobby.Lobby:PersistentLevel.Lobby'
[2018.03.12-12.52.14:380][745]LogPlayLevel: Display: Destroying online subsystem :Context_10
[2018.03.12-12.52.14:380][745]LogOnline: Display: OSS: FOnlineSubsystemNull::Shutdown()
[2018.03.12-12.52.18:870][929]LogWindowsTextInputMethodSystem: Display: IME system now deactivated.
[2018.03.12-12.52.19:272][930]Cmd: QUIT_EDITOR
[2018.03.12-12.52.20:254][930]LogExit: Preparing to exit.
[2018.03.12-12.52.20:610][930]LogDirectoryWatcher: A directory notification for 'C:/Users/Samuel Jones/Desktop/Multiplayer_Test/Multiplayer_Project/Content/' was aborted.
[2018.03.12-12.52.20:694][930]LogExit: Editor shut down
[2018.03.12-12.52.20:704][930]LogExit: Transaction tracking system shut down
[2018.03.12-12.52.20:942][930]LogDirectoryWatcher: A directory notification for '../../../Engine/Content/' was aborted.
[2018.03.12-12.52.20:942][930]LogDirectoryWatcher: A directory notification for '../../../../../../Users/Samuel Jones/Desktop/Multiplayer_Test/Multiplayer_Project/Content/' was aborted.
[2018.03.12-12.52.20:942][930]LogDirectoryWatcher: A directory notification for '../../../Engine/Plugins/2D/Paper2D/Content/' was aborted.
[2018.03.12-12.52.20:943][930]LogDirectoryWatcher: A directory notification for '../../../Engine/Plugins/Media/MediaCompositing/Content/' was aborted.
[2018.03.12-12.52.20:943][930]LogDirectoryWatcher: A directory notification for '../../../Engine/Plugins/Runtime/AppleARKit/Content/' was aborted.
[2018.03.12-12.52.20:943][930]LogDirectoryWatcher: A directory notification for '../../../Engine/Plugins/Runtime/Oculus/OculusVR/Content/' was aborted.
[2018.03.12-12.52.20:943][930]LogDirectoryWatcher: A directory notification for '../../../Engine/Plugins/Runtime/Steam/SteamVR/Content/' was aborted.
[2018.03.12-12.52.21:145][930]LogExit: Object subsystem successfully closed.
[2018.03.12-12.52.21:178][930]LogD3D11RHI: Shutdown
[2018.03.12-12.52.21:179][930]LogD3D11RHI: CleanupD3DDevice
[2018.03.12-12.52.21:183][930]LogD3D11RHI: ~FD3D11DynamicRHI
[2018.03.12-12.52.21:245][930]LogModuleManager: Shutting down and abandoning module MovieSceneCapture (560)
[2018.03.12-12.52.21:245][930]LogModuleManager: Shutting down and abandoning module Voice (558)
[2018.03.12-12.52.21:246][930]LogModuleManager: Shutting down and abandoning module SequencerWidgets (556)
[2018.03.12-12.52.21:246][930]LogModuleManager: Shutting down and abandoning module BlueprintGraph (554)
[2018.03.12-12.52.21:246][930]LogModuleManager: Shutting down and abandoning module ExternalImagePicker (552)
[2018.03.12-12.52.21:246][930]LogModuleManager: Shutting down and abandoning module HierarchicalLODOutliner (550)
[2018.03.12-12.52.21:246][930]LogModuleManager: Shutting down and abandoning module SceneOutliner (548)
[2018.03.12-12.52.21:246][930]LogModuleManager: Shutting down and abandoning module AddContentDialog (546)
[2018.03.12-12.52.21:246][930]LogDirectoryWatcher: A directory notification for 'C:/Program Files/Epic Games/UE_4.18/FeaturePacks/' was aborted.
[2018.03.12-12.52.21:249][930]LogModuleManager: Shutting down and abandoning module WidgetCarousel (545)
[2018.03.12-12.52.21:249][930]LogModuleManager: Shutting down and abandoning module EditorWidgets (542)
[2018.03.12-12.52.21:250][930]LogModuleManager: Shutting down and abandoning module CollectionManager (540)
[2018.03.12-12.52.21:250][930]LogDirectoryWatcher: A directory notification for 'C:/Users/Samuel Jones/Desktop/Multiplayer_Test/Multiplayer_Project/Content/Collections/' was aborted.
[2018.03.12-12.52.21:250][930]LogDirectoryWatcher: A directory notification for 'C:/Users/Samuel Jones/Desktop/Multiplayer_Test/Multiplayer_Project/Content/Developers/SamuelJones/Collections/' was aborted.
[2018.03.12-12.52.21:250][930]LogDirectoryWatcher: A directory notification for 'C:/Users/Samuel Jones/Desktop/Multiplayer_Test/Multiplayer_Project/Saved/Collections/' was aborted.
[2018.03.12-12.52.21:251][930]LogModuleManager: Shutting down and abandoning module StatsViewer (538)
[2018.03.12-12.52.21:251][930]LogModuleManager: Shutting down and abandoning module FoliageEdit (536)
[2018.03.12-12.52.21:251][930]LogModuleManager: Shutting down and abandoning module LandscapeEditor (534)
[2018.03.12-12.52.21:251][930]LogModuleManager: Shutting down and abandoning module MeshPaintMode (532)
[2018.03.12-12.52.21:252][930]LogModuleManager: Shutting down and abandoning module SceneDepthPickerMode (530)
[2018.03.12-12.52.21:252][930]LogModuleManager: Shutting down and abandoning module ActorPickerMode (528)
[2018.03.12-12.52.21:252][930]LogModuleManager: Shutting down and abandoning module GeometryMode (526)
[2018.03.12-12.52.21:252][930]LogModuleManager: Shutting down and abandoning module TextureAlignMode (524)
[2018.03.12-12.52.21:252][930]LogModuleManager: Shutting down and abandoning module BspMode (522)
[2018.03.12-12.52.21:252][930]LogModuleManager: Shutting down and abandoning module PIEPreviewDeviceProfileSelector (520)
[2018.03.12-12.52.21:252][930]LogModuleManager: Shutting down and abandoning module HardwareSurvey (518)
[2018.03.12-12.52.21:252][930]LogModuleManager: Shutting down and abandoning module SequenceRecorderSections (516)
[2018.03.12-12.52.21:252][930]LogModuleManager: Shutting down and abandoning module AutomationWorker (514)
[2018.03.12-12.52.21:252][930]LogModuleManager: Shutting down and abandoning module MatineeToLevelSequence (512)
[2018.03.12-12.52.21:253][930]LogModuleManager: Shutting down and abandoning module LevelSequenceEditor (510)
[2018.03.12-12.52.21:253][930]LogModuleManager: Shutting down and abandoning module PlacementMode (509)
[2018.03.12-12.52.21:253][930]LogModuleManager: Shutting down and abandoning module WmfMediaFactory (506)
[2018.03.12-12.52.21:253][930]LogModuleManager: Shutting down and abandoning module WmfMediaEditor (504)
[2018.03.12-12.52.21:253][930]LogModuleManager: Shutting down and abandoning module OpenExrWrapper (502)
[2018.03.12-12.52.21:253][930]LogModuleManager: Shutting down and abandoning module ImgMediaFactory (500)
[2018.03.12-12.52.21:253][930]LogModuleManager: Shutting down and abandoning module ImgMediaEditor (498)
[2018.03.12-12.52.21:254][930]LogModuleManager: Shutting down and abandoning module AvfMediaFactory (496)
[2018.03.12-12.52.21:254][930]LogModuleManager: Shutting down and abandoning module AvfMediaEditor (494)
[2018.03.12-12.52.21:254][930]LogModuleManager: Shutting down and abandoning module AndroidMediaFactory (492)
[2018.03.12-12.52.21:254][930]LogModuleManager: Shutting down and abandoning module AndroidMediaEditor (490)
[2018.03.12-12.52.21:254][930]LogModuleManager: Shutting down and abandoning module CharacterAI (488)
[2018.03.12-12.52.21:254][930]LogModuleManager: Shutting down and abandoning module AudioCapture (486)
[2018.03.12-12.52.21:254][930]LogModuleManager: Shutting down and abandoning module SequenceRecorder (485)
[2018.03.12-12.52.21:254][930]LogModuleManager: Shutting down and abandoning module SmartSnapping (482)
[2018.03.12-12.52.21:254][930]LogModuleManager: Shutting down and abandoning module SessionServices (480)
[2018.03.12-12.52.21:255][930]LogModuleManager: Shutting down and abandoning module ViewportSnapping (478)
[2018.03.12-12.52.21:255][930]LogModuleManager: Shutting down and abandoning module ViewportInteraction (476)
[2018.03.12-12.52.21:255][930]LogModuleManager: Shutting down and abandoning module ClothPainter (474)
[2018.03.12-12.52.21:255][930]LogModuleManager: Shutting down and abandoning module SkeletalMeshEditor (473)
[2018.03.12-12.52.21:255][930]LogModuleManager: Shutting down and abandoning module LogVisualizer (470)
[2018.03.12-12.52.21:255][930]LogModuleManager: Shutting down and abandoning module IntroTutorials (468)
[2018.03.12-12.52.21:256][930]LogModuleManager: Shutting down and abandoning module GameProjectGeneration (467)
[2018.03.12-12.52.21:256][930]LogModuleManager: Shutting down and abandoning module IOSPlatformEditor (464)
[2018.03.12-12.52.21:256][930]LogModuleManager: Shutting down and abandoning module HTML5PlatformEditor (462)
[2018.03.12-12.52.21:256][930]LogModuleManager: Shutting down and abandoning module AndroidPlatformEditor (460)
[2018.03.12-12.52.21:256][930]LogModuleManager: Shutting down and abandoning module AndroidDeviceDetection (459)
[2018.03.12-12.52.21:947][930]LogModuleManager: Shutting down and abandoning module WindowsPlatformEditor (456)
[2018.03.12-12.52.21:947][930]LogModuleManager: Shutting down and abandoning module IOSRuntimeSettings (454)
[2018.03.12-12.52.21:947][930]LogModuleManager: Shutting down and abandoning module AndroidRuntimeSettings (452)
[2018.03.12-12.52.21:947][930]LogModuleManager: Shutting down and abandoning module InputBindingEditor (450)
[2018.03.12-12.52.21:947][930]LogModuleManager: Shutting down and abandoning module MergeActors (448)
[2018.03.12-12.52.21:947][930]LogModuleManager: Shutting down and abandoning module SizeMap (446)
[2018.03.12-12.52.21:948][930]LogModuleManager: Shutting down and abandoning module TreeMap (444)
[2018.03.12-12.52.21:948][930]LogModuleManager: Shutting down and abandoning module ReferenceViewer (442)
[2018.03.12-12.52.21:948][930]LogModuleManager: Shutting down and abandoning module LocalizationDashboard (440)
[2018.03.12-12.52.21:948][930]LogModuleManager: Shutting down and abandoning module LocalizationService (439)
[2018.03.12-12.52.21:948][930]LogModuleManager: Shutting down and abandoning module HardwareTargeting (436)
[2018.03.12-12.52.21:948][930]LogModuleManager: Shutting down and abandoning module DeviceProfileEditor (434)
[2018.03.12-12.52.21:948][930]LogModuleManager: Shutting down and abandoning module UndoHistory (432)
[2018.03.12-12.52.21:948][930]LogModuleManager: Shutting down and abandoning module XmlParser (430)
[2018.03.12-12.52.21:948][930]LogModuleManager: Shutting down and abandoning module Blutility (428)
[2018.03.12-12.52.21:948][930]LogModuleManager: Shutting down and abandoning module ProjectSettingsViewer (426)
[2018.03.12-12.52.21:948][930]LogModuleManager: Shutting down and abandoning module ProjectTargetPlatformEditor (425)
[2018.03.12-12.52.21:949][930]LogModuleManager: Shutting down and abandoning module EditorSettingsViewer (422)
[2018.03.12-12.52.21:949][930]LogModuleManager: Shutting down and abandoning module SettingsEditor (420)
[2018.03.12-12.52.21:949][930]LogModuleManager: Shutting down and abandoning module ProjectLauncher (418)
[2018.03.12-12.52.21:949][930]LogModuleManager: Shutting down and abandoning module SessionFrontend (416)
[2018.03.12-12.52.21:949][930]LogModuleManager: Shutting down and abandoning module ProfilerClient (414)
[2018.03.12-12.52.21:949][930]LogModuleManager: Shutting down and abandoning module DeviceManager (412)
[2018.03.12-12.52.21:949][930]LogModuleManager: Shutting down and abandoning module TargetDeviceServices (411)
[2018.03.12-12.52.22:004][930]LogModuleManager: Shutting down and abandoning module AutomationController (408)
[2018.03.12-12.52.22:004][930]LogModuleManager: Shutting down and abandoning module AutomationWindow (406)
[2018.03.12-12.52.22:004][930]LogModuleManager: Shutting down and abandoning module Layers (404)
[2018.03.12-12.52.22:004][930]LogModuleManager: Shutting down and abandoning module ComponentVisualizers (402)
[2018.03.12-12.52.22:004][930]LogModuleManager: Shutting down and abandoning module DetailCustomizations (400)
[2018.03.12-12.52.22:004][930]LogModuleManager: Shutting down and abandoning module PackagesDialog (398)
[2018.03.12-12.52.22:005][930]LogModuleManager: Shutting down and abandoning module Persona (396)
[2018.03.12-12.52.22:005][930]LogModuleManager: Shutting down and abandoning module AdvancedPreviewScene (395)
[2018.03.12-12.52.22:005][930]LogModuleManager: Shutting down and abandoning module AnimGraph (393)
[2018.03.12-12.52.22:005][930]LogModuleManager: Shutting down and abandoning module Kismet (390)
[2018.03.12-12.52.22:027][930]LogModuleManager: Shutting down and abandoning module ClassViewer (388)
[2018.03.12-12.52.22:032][930]LogModuleManager: Shutting down and abandoning module Toolbox (386)
[2018.03.12-12.52.22:032][930]LogModuleManager: Shutting down and abandoning module ModuleUI (384)
[2018.03.12-12.52.22:032][930]LogModuleManager: Shutting down and abandoning module MovieSceneTools (382)
[2018.03.12-12.52.22:032][930]LogModuleManager: Shutting down and abandoning module OutputLog (380)
[2018.03.12-12.52.22:032][930]LogModuleManager: Shutting down and abandoning module GammaUI (378)
[2018.03.12-12.52.22:032][930]LogModuleManager: Shutting down and abandoning module Documentation (376)
[2018.03.12-12.52.22:033][930]LogModuleManager: Shutting down and abandoning module MovieSceneTracks (374)
[2018.03.12-12.52.22:033][930]LogModuleManager: Shutting down and abandoning module MovieScene (372)
[2018.03.12-12.52.22:033][930]LogModuleManager: Shutting down and abandoning module StreamingPauseRendering (370)
[2018.03.12-12.52.22:033][930]LogModuleManager: Shutting down and abandoning module LauncherPlatform (368)
[2018.03.12-12.52.22:033][930]LogModuleManager: Shutting down and abandoning module AnalyticsET (366)
[2018.03.12-12.52.22:033][930]LogModuleManager: Shutting down and abandoning module PortalServices (364)
[2018.03.12-12.52.22:033][930]LogModuleManager: Shutting down and abandoning module PortalRpc (362)
[2018.03.12-12.52.22:033][930]LogModuleManager: Shutting down and abandoning module MessagingRpc (360)
[2018.03.12-12.52.22:033][930]LogModuleManager: Shutting down and abandoning module AIModule (358)
[2018.03.12-12.52.22:033][930]LogModuleManager: Shutting down and abandoning module GameplayDebugger (357)
[2018.03.12-12.52.22:034][930]LogModuleManager: Shutting down and abandoning module AITestSuite (355)
[2018.03.12-12.52.22:034][930]LogModuleManager: Shutting down and abandoning module DesktopPlatform (352)
[2018.03.12-12.52.22:034][930]LogModuleManager: Shutting down and abandoning module ProfilerService (350)
[2018.03.12-12.52.22:151][930]LogModuleManager: Shutting down and abandoning module TaskGraph (348)
[2018.03.12-12.52.22:151][930]LogModuleManager: Shutting down and abandoning module SteamVRController (346)
[2018.03.12-12.52.22:151][930]LogModuleManager: Shutting down and abandoning module ProceduralMeshComponentEditor (344)
[2018.03.12-12.52.22:151][930]LogModuleManager: Shutting down and abandoning module ProceduralMeshComponent (342)
[2018.03.12-12.52.22:151][930]LogModuleManager: Shutting down and abandoning module OculusInput (340)
[2018.03.12-12.52.22:151][930]LogModuleManager: Shutting down and abandoning module MobilePatchingUtils (338)
[2018.03.12-12.52.22:151][930]LogModuleManager: Shutting down and abandoning module CustomMeshComponent (336)
[2018.03.12-12.52.22:151][930]LogModuleManager: Shutting down and abandoning module CableComponent (334)
[2018.03.12-12.52.22:151][930]LogModuleManager: Shutting down and abandoning module ArchVisCharacter (332)
[2018.03.12-12.52.22:151][930]LogModuleManager: Shutting down and abandoning module AndroidPermission (330)
[2018.03.12-12.52.22:151][930]LogModuleManager: Shutting down and abandoning module ActorSequence (328)
[2018.03.12-12.52.22:152][930]LogModuleManager: Shutting down and abandoning module MediaPlayerEditor (326)
[2018.03.12-12.52.22:152][930]LogModuleManager: Shutting down and abandoning module MediaCompositingEditor (324)
[2018.03.12-12.52.22:152][930]LogModuleManager: Shutting down and abandoning module MediaCompositing (322)
[2018.03.12-12.52.22:152][930]LogModuleManager: Shutting down and abandoning module HTML5Networking (320)
[2018.03.12-12.52.22:152][930]LogModuleManager: Shutting down and abandoning module AlembicImporter (318)
[2018.03.12-12.52.22:152][930]LogModuleManager: Shutting down and abandoning module AlembicLibrary (317)
[2018.03.12-12.52.22:152][930]LogModuleManager: Shutting down and abandoning module GeometryCache (316)
[2018.03.12-12.52.22:152][930]LogModuleManager: Shutting down and abandoning module GeometryCacheEd (315)
[2018.03.12-12.52.22:152][930]LogModuleManager: Shutting down and abandoning module SpeedTreeImporter (310)
[2018.03.12-12.52.22:152][930]LogModuleManager: Shutting down and abandoning module PluginBrowser (308)
[2018.03.12-12.52.22:152][930]LogModuleManager: Shutting down and abandoning module MobileLauncherProfileWizard (306)
[2018.03.12-12.52.22:153][930]LogModuleManager: Shutting down and abandoning module VisualStudioSourceCodeAccess (304)
[2018.03.12-12.52.22:153][930]LogModuleManager: Shutting down and abandoning module VisualStudioCodeSourceCodeAccess (302)
[2018.03.12-12.52.22:153][930]LogModuleManager: Shutting down and abandoning module UObjectPlugin (300)
[2018.03.12-12.52.22:153][930]LogModuleManager: Shutting down and abandoning module SubversionSourceControl (298)
[2018.03.12-12.52.22:153][930]LogModuleManager: Shutting down and abandoning module PerforceSourceControl (296)
[2018.03.12-12.52.22:153][930]LogModuleManager: Shutting down and abandoning module GitSourceControl (294)
[2018.03.12-12.52.22:153][930]LogModuleManager: Shutting down and abandoning module SourceControl (293)
[2018.03.12-12.52.22:153][930]LogModuleManager: Shutting down and abandoning module LightPropagationVolumeEditor (290)
[2018.03.12-12.52.22:153][930]LogModuleManager: Shutting down and abandoning module PaperTiledImporter (288)
[2018.03.12-12.52.22:153][930]LogModuleManager: Shutting down and abandoning module PaperSpriteSheetImporter (286)
[2018.03.12-12.52.22:153][930]LogModuleManager: Shutting down and abandoning module Paper2DEditor (284)
[2018.03.12-12.52.22:154][930]LogModuleManager: Shutting down and abandoning module MeshPaint (283)
[2018.03.12-12.52.22:154][930]LogModuleManager: Shutting down and abandoning module LevelEditor (281)
[2018.03.12-12.52.22:156][930]LogModuleManager: Shutting down and abandoning module PixelInspectorModule (280)
[2018.03.12-12.52.22:156][930]LogModuleManager: Shutting down and abandoning module MainFrame (278)
[2018.03.12-12.52.22:156][930]LogModuleManager: Shutting down and abandoning module HotReload (277)
[2018.03.12-12.52.22:158][930]LogModuleManager: Shutting down and abandoning module RuntimePhysXCooking (272)
[2018.03.12-12.52.22:158][930]LogModuleManager: Shutting down and abandoning module PhysXVehiclesEditor (270)
[2018.03.12-12.52.22:158][930]LogModuleManager: Shutting down and abandoning module PhysXVehicles (268)
[2018.03.12-12.52.22:158][930]LogModuleManager: Shutting down and abandoning module OculusEditor (266)
[2018.03.12-12.52.22:158][930]LogModuleManager: Shutting down and abandoning module LocationServicesBPLibrary (264)
[2018.03.12-12.52.22:158][930]LogModuleManager: Shutting down and abandoning module ImmediatePhysicsEditor (262)
[2018.03.12-12.52.22:158][930]LogModuleManager: Shutting down and abandoning module ImmediatePhysics (260)
[2018.03.12-12.52.22:158][930]LogModuleManager: Shutting down and abandoning module UdpMessaging (258)
[2018.03.12-12.52.22:259][930]LogModuleManager: Shutting down and abandoning module TcpMessaging (256)
[2018.03.12-12.52.22:360][930]LogModuleManager: Shutting down and abandoning module GameplayTagsEditor (254)
[2018.03.12-12.52.22:360][930]LogModuleManager: Shutting down and abandoning module FacialAnimationEditor (252)
[2018.03.12-12.52.22:360][930]LogModuleManager: Shutting down and abandoning module FacialAnimation (250)
[2018.03.12-12.52.22:360][930]LogModuleManager: Shutting down and abandoning module AssetManagerEditor (248)
[2018.03.12-12.52.22:360][930]LogModuleManager: Shutting down and abandoning module GraphEditor (247)
[2018.03.12-12.52.22:360][930]LogModuleManager: Shutting down and abandoning module ContentBrowser (245)
[2018.03.12-12.52.22:363][930]LogModuleManager: Shutting down and abandoning module LightPropagationVolumeRuntime (242)
[2018.03.12-12.52.22:363][930]LogModuleManager: Shutting down and abandoning module Paper2D (240)
[2018.03.12-12.52.22:363][930]LogModuleManager: Shutting down and abandoning module WindowsMoviePlayer (238)
[2018.03.12-12.52.22:363][930]LogModuleManager: Shutting down and abandoning module WmfMedia (236)
[2018.03.12-12.52.22:367][930]LogModuleManager: Shutting down and abandoning module ImgMedia (234)
[2018.03.12-12.52.22:367][930]LogModuleManager: Shutting down and abandoning module PacketHandler (232)
[2018.03.12-12.52.22:367][930]LogModuleManager: Shutting down and abandoning module ClothingSystemEditor (230)
[2018.03.12-12.52.22:367][930]LogModuleManager: Shutting down and abandoning module ClothingSystemRuntime (228)
[2018.03.12-12.52.22:368][930]LogModuleManager: Shutting down and abandoning module MediaAssets (226)
[2018.03.12-12.52.22:368][930]LogModuleManager: Shutting down and abandoning module Media (225)
[2018.03.12-12.52.22:375][930]LogModuleManager: Shutting down and abandoning module Overlay (222)
[2018.03.12-12.52.22:375][930]LogModuleManager: Shutting down and abandoning module OverlayEditor (221)
[2018.03.12-12.52.22:375][930]LogModuleManager: Shutting down and abandoning module VREditor (218)
[2018.03.12-12.52.22:375][930]LogModuleManager: Shutting down and abandoning module StringTableEditor (216)
[2018.03.12-12.52.22:375][930]LogModuleManager: Shutting down and abandoning module GameplayTasksEditor (214)
[2018.03.12-12.52.22:375][930]LogModuleManager: Shutting down and abandoning module BehaviorTreeEditor (212)
[2018.03.12-12.52.22:375][930]LogModuleManager: Shutting down and abandoning module FunctionalTesting (210)
[2018.03.12-12.52.22:376][930]LogModuleManager: Shutting down and abandoning module CollisionAnalyzer (208)
[2018.03.12-12.52.22:376][930]LogModuleManager: Shutting down and abandoning module WorkspaceMenuStructure (207)
[2018.03.12-12.52.22:376][930]LogModuleManager: Shutting down and abandoning module UMG (204)
[2018.03.12-12.52.22:376][930]LogModuleManager: Shutting down and abandoning module UMGEditor (203)
[2018.03.12-12.52.22:376][930]LogModuleManager: Shutting down and abandoning module Sequencer (202)
[2018.03.12-12.52.22:376][930]LogModuleManager: Shutting down and abandoning module MessageLog (199)
[2018.03.12-12.52.22:376][930]LogModuleManager: Shutting down and abandoning module SlateReflector (194)
[2018.03.12-12.52.22:376][930]LogModuleManager: Shutting down and abandoning module Slate (192)
[2018.03.12-12.52.22:376][930]LogModuleManager: Shutting down and abandoning module EditorStyle (190)
[2018.03.12-12.52.22:383][930]LogModuleManager: Shutting down and abandoning module MRMesh (188)
[2018.03.12-12.52.22:383][930]LogModuleManager: Shutting down and abandoning module SourceCodeAccess (186)
[2018.03.12-12.52.22:384][930]LogModuleManager: Shutting down and abandoning module HeadMountedDisplay (184)
[2018.03.12-12.52.22:384][930]LogModuleManager: Shutting down and abandoning module XAudio2 (182)
[2018.03.12-12.52.22:384][930]LogModuleManager: Shutting down and abandoning module Networking (180)
[2018.03.12-12.52.22:384][930]LogModuleManager: Shutting down and abandoning module Core (178)
[2018.03.12-12.52.22:384][930]LogModuleManager: Shutting down and abandoning module LevelSequence (174)
[2018.03.12-12.52.22:384][930]LogModuleManager: Shutting down and abandoning module DirectoryWatcher (172)
[2018.03.12-12.52.22:386][930]LogModuleManager: Shutting down and abandoning module KismetCompiler (170)
[2018.03.12-12.52.22:386][930]LogModuleManager: Shutting down and abandoning module MeshUtilities (168)
[2018.03.12-12.52.22:386][930]LogModuleManager: Shutting down and abandoning module MeshMergeUtilities (167)
[2018.03.12-12.52.22:386][930]LogModuleManager: Shutting down and abandoning module MeshReductionInterface (166)
[2018.03.12-12.52.22:386][930]LogModuleManager: Shutting down and abandoning module SimplygonSwarm (165)
[2018.03.12-12.52.22:386][930]LogModuleManager: Shutting down and abandoning module SimplygonMeshReduction (163)
[2018.03.12-12.52.22:386][930]LogModuleManager: Shutting down and abandoning module QuadricMeshReduction (161)
[2018.03.12-12.52.22:386][930]LogModuleManager: Shutting down and abandoning module MaterialBaking (157)
[2018.03.12-12.52.22:386][930]LogModuleManager: Shutting down and abandoning module DerivedDataCache (154)
[2018.03.12-12.52.22:407][930]LogDerivedDataCache: Shutdown
[2018.03.12-12.52.22:407][930]LogModuleManager: Shutting down and abandoning module TargetPlatform (152)
[2018.03.12-12.52.22:407][930]LogModuleManager: Shutting down and abandoning module VulkanShaderFormat (151)
[2018.03.12-12.52.22:407][930]LogModuleManager: Shutting down and abandoning module ShaderFormatVectorVM (149)
[2018.03.12-12.52.22:407][930]LogModuleManager: Shutting down and abandoning module ShaderFormatOpenGL (147)
[2018.03.12-12.52.22:407][930]LogModuleManager: Shutting down and abandoning module ShaderFormatD3D (145)
[2018.03.12-12.52.22:407][930]LogModuleManager: Shutting down and abandoning module MetalShaderFormat (143)
[2018.03.12-12.52.22:408][930]LogModuleManager: Shutting down and abandoning module TextureFormatUncompressed (141)
[2018.03.12-12.52.22:408][930]LogModuleManager: Shutting down and abandoning module TextureFormatPVR (139)
[2018.03.12-12.52.22:408][930]LogModuleManager: Shutting down and abandoning module TextureFormatDXT (137)
[2018.03.12-12.52.22:408][930]LogModuleManager: Shutting down and abandoning module TextureFormatIntelISPCTexComp (135)
[2018.03.12-12.52.22:408][930]LogModuleManager: Shutting down and abandoning module TextureFormatASTC (133)
[2018.03.12-12.52.22:408][930]LogModuleManager: Shutting down and abandoning module ImageWrapper (132)
[2018.03.12-12.52.22:408][930]LogModuleManager: Shutting down and abandoning module TextureFormatAndroid (129)
[2018.03.12-12.52.22:408][930]LogModuleManager: Shutting down and abandoning module AudioFormatOpus (127)
[2018.03.12-12.52.22:408][930]LogModuleManager: Shutting down and abandoning module AudioFormatOgg (125)
[2018.03.12-12.52.22:408][930]LogModuleManager: Shutting down and abandoning module AudioFormatADPCM (123)
[2018.03.12-12.52.22:408][930]LogModuleManager: Shutting down and abandoning module LinuxTargetPlatform (121)
[2018.03.12-12.52.22:408][930]LogModuleManager: Shutting down and abandoning module LinuxServerTargetPlatform (119)
[2018.03.12-12.52.22:408][930]LogModuleManager: Shutting down and abandoning module LinuxNoEditorTargetPlatform (117)
[2018.03.12-12.52.22:408][930]LogModuleManager: Shutting down and abandoning module LinuxClientTargetPlatform (115)
[2018.03.12-12.52.22:409][930]LogModuleManager: Shutting down and abandoning module TVOSTargetPlatform (113)
[2018.03.12-12.52.22:409][930]LogModuleManager: Shutting down and abandoning module Messaging (111)
[2018.03.12-12.52.22:409][930]LogModuleManager: Shutting down and abandoning module IOSTargetPlatform (109)
[2018.03.12-12.52.22:409][930]LogModuleManager: Shutting down and abandoning module HTML5TargetPlatform (107)
[2018.03.12-12.52.22:409][930]LogModuleManager: Shutting down and abandoning module AndroidTargetPlatform (105)
[2018.03.12-12.52.22:409][930]LogModuleManager: Shutting down and abandoning module Android_PVRTCTargetPlatform (103)
[2018.03.12-12.52.22:409][930]LogModuleManager: Shutting down and abandoning module Android_MultiTargetPlatform (101)
[2018.03.12-12.52.22:409][930]LogModuleManager: Shutting down and abandoning module Android_ETC2TargetPlatform (99)
[2018.03.12-12.52.22:409][930]LogModuleManager: Shutting down and abandoning module Android_ETC1TargetPlatform (97)
[2018.03.12-12.52.22:409][930]LogModuleManager: Shutting down and abandoning module Android_DXTTargetPlatform (95)
[2018.03.12-12.52.22:409][930]LogModuleManager: Shutting down and abandoning module Android_ATCTargetPlatform (93)
[2018.03.12-12.52.22:409][930]LogModuleManager: Shutting down and abandoning module Android_ASTCTargetPlatform (91)
[2018.03.12-12.52.22:409][930]LogModuleManager: Shutting down and abandoning module WindowsTargetPlatform (89)
[2018.03.12-12.52.22:409][930]LogModuleManager: Shutting down and abandoning module WindowsServerTargetPlatform (87)
[2018.03.12-12.52.22:409][930]LogModuleManager: Shutting down and abandoning module WindowsNoEditorTargetPlatform (85)
[2018.03.12-12.52.22:409][930]LogModuleManager: Shutting down and abandoning module WindowsClientTargetPlatform (83)
[2018.03.12-12.52.22:409][930]LogModuleManager: Shutting down and abandoning module MacTargetPlatform (81)
[2018.03.12-12.52.22:409][930]LogModuleManager: Shutting down and abandoning module MacServerTargetPlatform (79)
[2018.03.12-12.52.22:410][930]LogModuleManager: Shutting down and abandoning module MacNoEditorTargetPlatform (77)
[2018.03.12-12.52.22:410][930]LogModuleManager: Shutting down and abandoning module MacClientTargetPlatform (75)
[2018.03.12-12.52.22:410][930]LogModuleManager: Shutting down and abandoning module AllDesktopTargetPlatform (73)
[2018.03.12-12.52.22:410][930]LogModuleManager: Shutting down and abandoning module InputCore (70)
[2018.03.12-12.52.22:410][930]LogModuleManager: Shutting down and abandoning module Settings (68)
[2018.03.12-12.52.22:410][930]LogModuleManager: Shutting down and abandoning module PhysXCooking (66)
[2018.03.12-12.52.22:410][930]LogModuleManager: Shutting down and abandoning module SteamVR (64)
[2018.03.12-12.52.22:410][930]LogModuleManager: Shutting down and abandoning module OculusHMD (62)
[2018.03.12-12.52.22:410][930]LogModuleManager: Shutting down and abandoning module ExampleDeviceProfileSelector (60)
[2018.03.12-12.52.22:410][930]LogModuleManager: Shutting down and abandoning module AppleARKit (58)
[2018.03.12-12.52.22:410][930]LogModuleManager: Shutting down and abandoning module AugmentedReality (57)
[2018.03.12-12.52.22:410][930]LogModuleManager: Shutting down and abandoning module OnlineBlueprintSupport (54)
[2018.03.12-12.52.22:410][930]LogModuleManager: Shutting down and abandoning module OnlineSubsystem (50)
[2018.03.12-12.52.22:410][930]LogOnline: Display: OSS: FOnlineSubsystemNull::Shutdown()
[2018.03.12-12.52.22:410][930]LogOnline: Display: OSS: FOnlineAsyncTaskManager::Stop() ActiveTask:0000000000000000 Tasks[0/0]
[2018.03.12-12.52.22:412][930]LogOnline: Display: OSS: FOnlineAsyncTaskManager::Exit() started
[2018.03.12-12.52.22:412][930]LogOnline: Display: OSS: FOnlineAsyncTaskManager::Exit() finished
[2018.03.12-12.52.22:412][930]LogModuleManager: Shutting down and abandoning module XMPP (43)
[2018.03.12-12.52.22:412][930]LogModuleManager: Shutting down and abandoning module HTTP (41)
[2018.03.12-12.52.22:412][930]LogHttp: Display: Http module shutting down, but needs to wait on 1 outstanding Http requests:
[2018.03.12-12.52.22:412][930]LogHttp: Display: 	verb=[POST] url=[https://datarouter.ol.epicgames.com/datarouter/api/v1/public/data?SessionID=%7B02790C52-4C19-CDEC-8A6F-5198C1ACF247%7D&AppID=UEEditor.Rocket.Release&AppVersion=4.18.3-3832480%2B%2B%2BUE4%2BRelease-4.18&UserID=e84924774c2888b1dc050aa2fec1e71d%7Cab82d8f57509469a8171774633e6e5e6%7C5b5f5390-e609-4ad3-a296-5df869db6483&AppEnvironment=datacollector-binary&UploadType=eteventstream] status=Processing
[2018.03.12-12.52.22:447][930]LogModuleManager: Shutting down and abandoning module SSL (40)
[2018.03.12-12.52.22:451][930]LogModuleManager: Shutting down and abandoning module AnimationModifiers (36)
[2018.03.12-12.52.22:451][930]LogModuleManager: Shutting down and abandoning module PropertyEditor (35)
[2018.03.12-12.52.22:451][930]LogModuleManager: Shutting down and abandoning module AudioEditor (32)
[2018.03.12-12.52.22:452][930]LogModuleManager: Shutting down and abandoning module TextureCompressor (30)
[2018.03.12-12.52.22:452][930]LogModuleManager: Shutting down and abandoning module ShaderCore (28)
[2018.03.12-12.52.22:452][930]LogModuleManager: Shutting down and abandoning module Landscape (26)
[2018.03.12-12.52.22:452][930]LogModuleManager: Shutting down and abandoning module SlateRHIRenderer (24)
[2018.03.12-12.52.22:455][930]LogModuleManager: Shutting down and abandoning module OpenGLDrv (22)
[2018.03.12-12.52.22:455][930]LogModuleManager: Shutting down and abandoning module D3D11RHI (20)
[2018.03.12-12.52.22:455][930]LogModuleManager: Shutting down and abandoning module AnimGraphRuntime (18)
[2018.03.12-12.52.22:455][930]LogModuleManager: Shutting down and abandoning module Renderer (16)
[2018.03.12-12.52.22:455][930]LogModuleManager: Shutting down and abandoning module Engine (14)
[2018.03.12-12.52.22:455][930]LogModuleManager: Shutting down and abandoning module CoreUObject (12)
[2018.03.12-12.52.22:455][930]LogModuleManager: Shutting down and abandoning module NetworkFile (10)
[2018.03.12-12.52.22:455][930]LogModuleManager: Shutting down and abandoning module CookedIterativeFile (8)
[2018.03.12-12.52.22:455][930]LogModuleManager: Shutting down and abandoning module StreamingFile (6)
[2018.03.12-12.52.22:455][930]LogModuleManager: Shutting down and abandoning module SandboxFile (4)
[2018.03.12-12.52.22:455][930]LogModuleManager: Shutting down and abandoning module PakFile (2)
[2018.03.12-12.52.22:464][930]LogExit: Exiting.
[2018.03.12-12.52.22:501][930]Log file closed, 03/12/18 06:52:22
