Log file open, 03/14/18 08:03:28
LogWindows: Failed to load 'aqProf.dll' (GetLastError=126)
LogWindows: File 'aqProf.dll' does not exist
LogWindows: Failed to load 'VSPerf140.dll' (GetLastError=126)
LogWindows: File 'VSPerf140.dll' does not exist
LogWindows: Failed to load 'VtuneApi.dll' (GetLastError=126)
LogWindows: File 'VtuneApi.dll' does not exist
LogWindows: Failed to load 'VtuneApi32e.dll' (GetLastError=126)
LogWindows: File 'VtuneApi32e.dll' does not exist
LogInit: Display: Running engine for game: Multiplayer_Project
LogPlatformFile: Not using cached read wrapper
LogInit: Display: RandInit(1357426744) SRandInit(1357426744).
LogInit: Read version file with build ID '3709383'
LogInit: Overriding engine version to CL 3832480, compatible CL 3709383
LogInit: Registered custom module enumerator with build ID '3709383'
LogTaskGraph: Started task graph with 5 named threads and 14 total threads with 3 sets of task threads.
LogStats: Stats thread started at 0.207076
LogD3D11RHI: Aftermath initialized
LogModuleManager: Display: Found up-to-date module file ../../../Engine/Plugins/Online/OnlineSubsystemSteam/Binaries/Win64/UE4Editor-OnlineSubsystemSteam.dll (API version 3709383).
LogModuleManager: Display: Found up-to-date module file ../../../Engine/Plugins/Online/OnlineSubsystem/Binaries/Win64/UE4Editor-OnlineSubsystem.dll (API version 3709383).
LogModuleManager: Display: Found up-to-date module file ../../../Engine/Plugins/Online/OnlineSubsystemUtils/Binaries/Win64/UE4Editor-OnlineSubsystemUtils.dll (API version 3709383).
LogModuleManager: Display: Found up-to-date module file ../../../Engine/Plugins/Online/OnlineSubsystemUtils/Binaries/Win64/UE4Editor-OnlineBlueprintSupport.dll (API version 3709383).
LogModuleManager: Display: Found up-to-date module file ../../../Engine/Plugins/2D/Paper2D/Binaries/Win64/UE4Editor-Paper2D.dll (API version 3709383).
LogModuleManager: Display: Found up-to-date module file ../../../Engine/Plugins/2D/Paper2D/Binaries/Win64/UE4Editor-Paper2DEditor.dll (API version 3709383).
LogModuleManager: Display: Found up-to-date module file ../../../Engine/Plugins/2D/Paper2D/Binaries/Win64/UE4Editor-PaperSpriteSheetImporter.dll (API version 3709383).
LogModuleManager: Display: Found up-to-date module file ../../../Engine/Plugins/2D/Paper2D/Binaries/Win64/UE4Editor-PaperTiledImporter.dll (API version 3709383).
LogModuleManager: Display: Found up-to-date module file ../../../Engine/Plugins/2D/Paper2D/Binaries/Win64/UE4Editor-SmartSnapping.dll (API version 3709383).
LogModuleManager: Display: Found up-to-date module file ../../../Engine/Plugins/Blendables/LightPropagationVolume/Binaries/Win64/UE4Editor-LightPropagationVolumeRuntime.dll (API version 3709383).
LogModuleManager: Display: Found up-to-date module file ../../../Engine/Plugins/Blendables/LightPropagationVolume/Binaries/Win64/UE4Editor-LightPropagationVolumeEditor.dll (API version 3709383).
LogModuleManager: Display: Found up-to-date module file ../../../Engine/Plugins/Developer/GitSourceControl/Binaries/Win64/UE4Editor-GitSourceControl.dll (API version 3709383).
LogModuleManager: Display: Found up-to-date module file ../../../Engine/Plugins/Developer/PerforceSourceControl/Binaries/Win64/UE4Editor-PerforceSourceControl.dll (API version 3709383).
LogModuleManager: Display: Found up-to-date module file ../../../Engine/Plugins/Developer/SubversionSourceControl/Binaries/Win64/UE4Editor-SubversionSourceControl.dll (API version 3709383).
LogModuleManager: Display: Found up-to-date module file ../../../Engine/Plugins/Developer/UObjectPlugin/Binaries/Win64/UE4Editor-UObjectPlugin.dll (API version 3709383).
LogModuleManager: Display: Found up-to-date module file ../../../Engine/Plugins/Developer/VisualStudioCodeSourceCodeAccess/Binaries/Win64/UE4Editor-VisualStudioCodeSourceCodeAccess.dll (API version 3709383).
LogModuleManager: Display: Found up-to-date module file ../../../Engine/Plugins/Developer/VisualStudioSourceCodeAccess/Binaries/Win64/UE4Editor-VisualStudioSourceCodeAccess.dll (API version 3709383).
LogModuleManager: Display: Found up-to-date module file ../../../Engine/Plugins/Editor/AssetManagerEditor/Binaries/Win64/UE4Editor-AssetManagerEditor.dll (API version 3709383).
LogModuleManager: Display: Found up-to-date module file ../../../Engine/Plugins/Editor/AudioCapture/Binaries/Win64/UE4Editor-AudioCapture.dll (API version 3709383).
LogModuleManager: Display: Found up-to-date module file ../../../Engine/Plugins/Editor/FacialAnimation/Binaries/Win64/UE4Editor-FacialAnimation.dll (API version 3709383).
LogModuleManager: Display: Found up-to-date module file ../../../Engine/Plugins/Editor/FacialAnimation/Binaries/Win64/UE4Editor-FacialAnimationEditor.dll (API version 3709383).
LogModuleManager: Display: Found up-to-date module file ../../../Engine/Plugins/Editor/GameplayTagsEditor/Binaries/Win64/UE4Editor-GameplayTagsEditor.dll (API version 3709383).
LogModuleManager: Display: Found up-to-date module file ../../../Engine/Plugins/Editor/MobileLauncherProfileWizard/Binaries/Win64/UE4Editor-MobileLauncherProfileWizard.dll (API version 3709383).
LogModuleManager: Display: Found up-to-date module file ../../../Engine/Plugins/Editor/PluginBrowser/Binaries/Win64/UE4Editor-PluginBrowser.dll (API version 3709383).
LogModuleManager: Display: Found up-to-date module file ../../../Engine/Plugins/Editor/SpeedTreeImporter/Binaries/Win64/UE4Editor-SpeedTreeImporter.dll (API version 3709383).
LogModuleManager: Display: Found up-to-date module file ../../../Engine/Plugins/Experimental/AlembicImporter/Binaries/Win64/UE4Editor-AlembicImporter.dll (API version 3709383).
LogModuleManager: Display: Found up-to-date module file ../../../Engine/Plugins/Experimental/AlembicImporter/Binaries/Win64/UE4Editor-AlembicLibrary.dll (API version 3709383).
LogModuleManager: Display: Found up-to-date module file ../../../Engine/Plugins/Experimental/CharacterAI/Binaries/Win64/UE4Editor-CharacterAI.dll (API version 3709383).
LogModuleManager: Display: Found up-to-date module file ../../../Engine/Plugins/Experimental/HTML5Networking/Binaries/Win64/UE4Editor-HTML5Networking.dll (API version 3709383).
LogModuleManager: Display: Found up-to-date module file ../../../Engine/Plugins/Media/AndroidMedia/Binaries/Win64/UE4Editor-AndroidMediaEditor.dll (API version 3709383).
LogModuleManager: Display: Found up-to-date module file ../../../Engine/Plugins/Media/AndroidMedia/Binaries/Win64/UE4Editor-AndroidMediaFactory.dll (API version 3709383).
LogModuleManager: Display: Found up-to-date module file ../../../Engine/Plugins/Media/AvfMedia/Binaries/Win64/UE4Editor-AvfMediaEditor.dll (API version 3709383).
LogModuleManager: Display: Found up-to-date module file ../../../Engine/Plugins/Media/AvfMedia/Binaries/Win64/UE4Editor-AvfMediaFactory.dll (API version 3709383).
LogModuleManager: Display: Found up-to-date module file ../../../Engine/Plugins/Media/AvfMedia/Binaries/Win64/UE4Editor-AvfMediaFactory.dll (API version 3709383).
LogModuleManager: Display: Found up-to-date module file ../../../Engine/Plugins/Media/ImgMedia/Binaries/Win64/UE4Editor-ImgMedia.dll (API version 3709383).
LogModuleManager: Display: Found up-to-date module file ../../../Engine/Plugins/Media/ImgMedia/Binaries/Win64/UE4Editor-ImgMediaEditor.dll (API version 3709383).
LogModuleManager: Display: Found up-to-date module file ../../../Engine/Plugins/Media/ImgMedia/Binaries/Win64/UE4Editor-ImgMediaFactory.dll (API version 3709383).
LogModuleManager: Display: Found up-to-date module file ../../../Engine/Plugins/Media/ImgMedia/Binaries/Win64/UE4Editor-ImgMediaFactory.dll (API version 3709383).
LogModuleManager: Display: Found up-to-date module file ../../../Engine/Plugins/Media/ImgMedia/Binaries/Win64/UE4Editor-OpenExrWrapper.dll (API version 3709383).
LogModuleManager: Display: Found up-to-date module file ../../../Engine/Plugins/Media/MediaCompositing/Binaries/Win64/UE4Editor-MediaCompositing.dll (API version 3709383).
LogModuleManager: Display: Found up-to-date module file ../../../Engine/Plugins/Media/MediaCompositing/Binaries/Win64/UE4Editor-MediaCompositingEditor.dll (API version 3709383).
LogModuleManager: Display: Found up-to-date module file ../../../Engine/Plugins/Media/MediaPlayerEditor/Binaries/Win64/UE4Editor-MediaPlayerEditor.dll (API version 3709383).
LogModuleManager: Display: Found up-to-date module file ../../../Engine/Plugins/Media/WmfMedia/Binaries/Win64/UE4Editor-WmfMedia.dll (API version 3709383).
LogModuleManager: Display: Found up-to-date module file ../../../Engine/Plugins/Media/WmfMedia/Binaries/Win64/UE4Editor-WmfMediaEditor.dll (API version 3709383).
LogModuleManager: Display: Found up-to-date module file ../../../Engine/Plugins/Media/WmfMedia/Binaries/Win64/UE4Editor-WmfMediaFactory.dll (API version 3709383).
LogModuleManager: Display: Found up-to-date module file ../../../Engine/Plugins/Media/WmfMedia/Binaries/Win64/UE4Editor-WmfMediaFactory.dll (API version 3709383).
LogModuleManager: Display: Found up-to-date module file ../../../Engine/Plugins/Messaging/TcpMessaging/Binaries/Win64/UE4Editor-TcpMessaging.dll (API version 3709383).
LogModuleManager: Display: Found up-to-date module file ../../../Engine/Plugins/Messaging/UdpMessaging/Binaries/Win64/UE4Editor-UdpMessaging.dll (API version 3709383).
LogModuleManager: Display: Found up-to-date module file ../../../Engine/Plugins/MovieScene/ActorSequence/Binaries/Win64/UE4Editor-ActorSequence.dll (API version 3709383).
LogModuleManager: Display: Found up-to-date module file ../../../Engine/Plugins/MovieScene/LevelSequenceEditor/Binaries/Win64/UE4Editor-LevelSequenceEditor.dll (API version 3709383).
LogModuleManager: Display: Found up-to-date module file ../../../Engine/Plugins/MovieScene/MatineeToLevelSequence/Binaries/Win64/UE4Editor-MatineeToLevelSequence.dll (API version 3709383).
LogModuleManager: Display: Found up-to-date module file ../../../Engine/Plugins/Runtime/AndroidPermission/Binaries/Win64/UE4Editor-AndroidPermission.dll (API version 3709383).
LogModuleManager: Display: Found up-to-date module file ../../../Engine/Plugins/Online/OnlineSubsystemNull/Binaries/Win64/UE4Editor-OnlineSubsystemNull.dll (API version 3709383).
LogModuleManager: Display: Found up-to-date module file ../../../Engine/Plugins/Runtime/AndroidDeviceProfileSelector/Binaries/Win64/UE4Editor-AndroidDeviceProfileSelector.dll (API version 3709383).
LogModuleManager: Display: Found up-to-date module file ../../../Engine/Plugins/Runtime/AppleARKit/Binaries/Win64/UE4Editor-AppleARKit.dll (API version 3709383).
LogModuleManager: Display: Found up-to-date module file ../../../Engine/Plugins/Runtime/ArchVisCharacter/Binaries/Win64/UE4Editor-ArchVisCharacter.dll (API version 3709383).
LogModuleManager: Display: Found up-to-date module file ../../../Engine/Plugins/Runtime/CableComponent/Binaries/Win64/UE4Editor-CableComponent.dll (API version 3709383).
LogModuleManager: Display: Found up-to-date module file ../../../Engine/Plugins/Runtime/CustomMeshComponent/Binaries/Win64/UE4Editor-CustomMeshComponent.dll (API version 3709383).
LogModuleManager: Display: Found up-to-date module file ../../../Engine/Plugins/Runtime/ExampleDeviceProfileSelector/Binaries/Win64/UE4Editor-ExampleDeviceProfileSelector.dll (API version 3709383).
LogModuleManager: Display: Found up-to-date module file ../../../Engine/Plugins/Runtime/ImmediatePhysics/Binaries/Win64/UE4Editor-ImmediatePhysics.dll (API version 3709383).
LogModuleManager: Display: Found up-to-date module file ../../../Engine/Plugins/Runtime/ImmediatePhysics/Binaries/Win64/UE4Editor-ImmediatePhysicsEditor.dll (API version 3709383).
LogModuleManager: Display: Found up-to-date module file ../../../Engine/Plugins/Runtime/LocationServicesBPLibrary/Binaries/Win64/UE4Editor-LocationServicesBPLibrary.dll (API version 3709383).
LogModuleManager: Display: Found up-to-date module file ../../../Engine/Plugins/Runtime/MobilePatchingUtils/Binaries/Win64/UE4Editor-MobilePatchingUtils.dll (API version 3709383).
LogModuleManager: Display: Found up-to-date module file ../../../Engine/Plugins/Runtime/Oculus/OculusVR/Binaries/Win64/UE4Editor-OculusHMD.dll (API version 3709383).
LogModuleManager: Display: Found up-to-date module file ../../../Engine/Plugins/Runtime/Oculus/OculusVR/Binaries/Win64/UE4Editor-OculusInput.dll (API version 3709383).
LogModuleManager: Display: Found up-to-date module file ../../../Engine/Plugins/Runtime/Oculus/OculusVR/Binaries/Win64/UE4Editor-OculusEditor.dll (API version 3709383).
LogModuleManager: Display: Found up-to-date module file ../../../Engine/Plugins/Runtime/PhysXVehicles/Binaries/Win64/UE4Editor-PhysXVehicles.dll (API version 3709383).
LogModuleManager: Display: Found up-to-date module file ../../../Engine/Plugins/Runtime/PhysXVehicles/Binaries/Win64/UE4Editor-PhysXVehiclesEditor.dll (API version 3709383).
LogModuleManager: Display: Found up-to-date module file ../../../Engine/Plugins/Runtime/ProceduralMeshComponent/Binaries/Win64/UE4Editor-ProceduralMeshComponent.dll (API version 3709383).
LogModuleManager: Display: Found up-to-date module file ../../../Engine/Plugins/Runtime/ProceduralMeshComponent/Binaries/Win64/UE4Editor-ProceduralMeshComponentEditor.dll (API version 3709383).
LogModuleManager: Display: Found up-to-date module file ../../../Engine/Plugins/Runtime/RuntimePhysXCooking/Binaries/Win64/UE4Editor-RuntimePhysXCooking.dll (API version 3709383).
LogModuleManager: Display: Found up-to-date module file ../../../Engine/Plugins/Runtime/Steam/SteamVR/Binaries/Win64/UE4Editor-SteamVR.dll (API version 3709383).
LogModuleManager: Display: Found up-to-date module file ../../../Engine/Plugins/Runtime/Steam/SteamVR/Binaries/Win64/UE4Editor-SteamVRController.dll (API version 3709383).
LogModuleManager: Display: Found up-to-date module file ../../../Engine/Plugins/Runtime/WindowsMoviePlayer/Binaries/Win64/UE4Editor-WindowsMoviePlayer.dll (API version 3709383).
LogPluginManager: Mounting plugin Paper2D
LogPluginManager: Mounting plugin LightPropagationVolume
LogPluginManager: Mounting plugin CodeLiteSourceCodeAccess
LogPluginManager: Mounting plugin GitSourceControl
LogPluginManager: Mounting plugin KDevelopSourceCodeAccess
LogPluginManager: Mounting plugin NullSourceCodeAccess
LogPluginManager: Mounting plugin PerforceSourceControl
LogPluginManager: Mounting plugin SubversionSourceControl
LogPluginManager: Mounting plugin UObjectPlugin
LogPluginManager: Mounting plugin VisualStudioCodeSourceCodeAccess
LogPluginManager: Mounting plugin VisualStudioSourceCodeAccess
LogPluginManager: Mounting plugin XCodeSourceCodeAccess
LogPluginManager: Mounting plugin AssetManagerEditor
LogPluginManager: Mounting plugin AudioCapture
LogPluginManager: Mounting plugin FacialAnimation
LogPluginManager: Mounting plugin GameplayTagsEditor
LogPluginManager: Mounting plugin MobileLauncherProfileWizard
LogPluginManager: Mounting plugin PluginBrowser
LogPluginManager: Mounting plugin SpeedTreeImporter
LogPluginManager: Mounting plugin AlembicImporter
LogPluginManager: Mounting plugin CharacterAI
LogPluginManager: Mounting plugin HTML5Networking
LogPluginManager: Mounting plugin AndroidMedia
LogPluginManager: Mounting plugin AvfMedia
LogPluginManager: Mounting plugin ImgMedia
LogPluginManager: Mounting plugin MediaCompositing
LogPluginManager: Mounting plugin MediaPlayerEditor
LogPluginManager: Mounting plugin WmfMedia
LogPluginManager: Mounting plugin TcpMessaging
LogPluginManager: Mounting plugin UdpMessaging
LogPluginManager: Mounting plugin ActorSequence
LogPluginManager: Mounting plugin LevelSequenceEditor
LogPluginManager: Mounting plugin MatineeToLevelSequence
LogPluginManager: Mounting plugin OnlineSubsystemGooglePlay
LogPluginManager: Mounting plugin OnlineSubsystemIOS
LogPluginManager: Mounting plugin OnlineSubsystem
LogPluginManager: Mounting plugin OnlineSubsystemNull
LogPluginManager: Mounting plugin OnlineSubsystemSteam
LogPluginManager: Mounting plugin OnlineSubsystemUtils
LogPluginManager: Mounting plugin AndroidDeviceProfileSelector
LogPluginManager: Mounting plugin AndroidMoviePlayer
LogPluginManager: Mounting plugin AndroidPermission
LogPluginManager: Mounting plugin AppleARKit
LogPluginManager: Mounting plugin AppleMoviePlayer
LogPluginManager: Mounting plugin ArchVisCharacter
LogPluginManager: Mounting plugin CableComponent
LogPluginManager: Mounting plugin CustomMeshComponent
LogPluginManager: Mounting plugin ExampleDeviceProfileSelector
LogPluginManager: Mounting plugin GoogleCloudMessaging
LogPluginManager: Mounting plugin ImmediatePhysics
LogPluginManager: Mounting plugin IOSDeviceProfileSelector
LogPluginManager: Mounting plugin LinuxDeviceProfileSelector
LogPluginManager: Mounting plugin LocationServicesBPLibrary
LogPluginManager: Mounting plugin MobilePatchingUtils
LogPluginManager: Mounting plugin OculusVR
LogPluginManager: Plugin shader directory ../../../Engine/Plugins/Runtime/Oculus/OculusVR/Shaders found
LogPluginManager: Mapping shader source directory ../../../Engine/Plugins/Runtime/Oculus/OculusVR/Shaders to virtual directory /Plugin/OculusVR
LogPluginManager: Mounting plugin PhysXVehicles
LogPluginManager: Mounting plugin ProceduralMeshComponent
LogPluginManager: Mounting plugin RuntimePhysXCooking
LogPluginManager: Mounting plugin SteamVR
LogPluginManager: Mounting plugin WindowsMoviePlayer
LogInit: Using libcurl 7.47.1
LogInit:  - built for x86_64-pc-win32
LogInit:  - supports SSL with OpenSSL/1.0.2g
LogInit:  - supports HTTP deflate (compression) using libz 1.2.8
LogInit:  - other features:
LogInit:      CURL_VERSION_SSL
LogInit:      CURL_VERSION_LIBZ
LogInit:      CURL_VERSION_IPV6
LogInit:      CURL_VERSION_ASYNCHDNS
LogInit:      CURL_VERSION_LARGEFILE
LogInit:      CURL_VERSION_IDN
LogInit:  CurlRequestOptions (configurable via config and command line):
LogInit:  - bVerifyPeer = false  - Libcurl will NOT verify peer certificate
LogInit:  - bUseHttpProxy = false  - Libcurl will NOT use HTTP proxy
LogInit:  - bDontReuseConnections = false  - Libcurl will reuse connections
LogInit:  - CertBundlePath = nullptr  - Libcurl will use whatever was configured at build time.
LogOnline: Display: STEAM: Loading Steam SDK 1.39
LogOnline: Warning: STEAM: Steam API disabled!
LogOnline: Display: STEAM: OnlineSubsystemSteam::Shutdown()
LogInit: WinSock: version 1.1 (2.2), MaxSocks=32767, MaxUdp=65467
LogInit: Build: ++UE4+Release-4.18-CL-3832480
LogInit: Engine Version: 4.18.3-3832480+++UE4+Release-4.18
LogInit: Compatible Engine Version: 4.18.0-3709383+++UE4+Release-4.18
LogInit: Net CL: 3709383
LogDevObjectVersion: Number of dev versions registered: 16
LogDevObjectVersion:   Dev-Blueprints (B0D832E4-1F89-4F0D-ACCF-7EB736FD4AA2): 10
LogDevObjectVersion:   Dev-Build (E1C64328-A22C-4D53-A36C-8E866417BD8C): 0
LogDevObjectVersion:   Dev-Core (375EC13C-06E4-48FB-B500-84F0262A717E): 2
LogDevObjectVersion:   Dev-Editor (E4B068ED-F494-42E9-A231-DA0B2E46BB41): 20
LogDevObjectVersion:   Dev-Framework (CFFC743F-43B0-4480-9391-14DF171D2073): 30
LogDevObjectVersion:   Dev-Mobile (B02B49B5-BB20-44E9-A304-32B752E40360): 0
LogDevObjectVersion:   Dev-Networking (A4E4105C-59A1-49B5-A7C5-40C4547EDFEE): 0
LogDevObjectVersion:   Dev-Online (39C831C9-5AE6-47DC-9A44-9C173E1C8E7C): 0
LogDevObjectVersion:   Dev-Physics (78F01B33-EBEA-4F98-B9B4-84EACCB95AA2): 0
LogDevObjectVersion:   Dev-Platform (6631380F-2D4D-43E0-8009-CF276956A95A): 0
LogDevObjectVersion:   Dev-Rendering (12F88B9F-8875-4AFC-A67C-D90C383ABD29): 20
LogDevObjectVersion:   Dev-Sequencer (7B5AE74C-D270-4C10-A958-57980B212A5A): 4
LogDevObjectVersion:   Dev-VR (D7296918-1DD6-4BDD-9DE2-64A83CC13884): 0
LogDevObjectVersion:   Dev-LoadTimes (C2A15278-BFE7-4AFE-6C17-90FF531DF755): 1
LogDevObjectVersion:   Private-Geometry (6EACA3D4-40EC-4CC1-B786-8BED09428FC5): 1
LogDevObjectVersion:   Dev-AnimPhys (29E575DD-E0A3-4627-9D10-D276232CDCEA): 12
LogInit: Compiled (64-bit): Jan 12 2018 02:04:55
LogInit: Compiled with Visual C++: 19.00.24215.01
LogInit: Build Configuration: Development
LogInit: Branch Name: ++UE4+Release-4.18
LogInit: Command line: -EpicPortal 
LogInit: Base directory: C:/Program Files/Epic Games/UE_4.18/Engine/Binaries/Win64/
LogInit: Installed Engine Build: 1
LogInit: Presizing for max 8388607 objects, including 0 objects not considered by GC, pre-allocating 0 bytes for permanent pool.
LogInit: Object subsystem initialized
[2018.03.14-14.03.30:821][  0]LogInit: Selected Device Profile: [Windows]
[2018.03.14-14.03.30:821][  0]LogInit: Applying CVar settings loaded from the selected device profile: [Windows]
[2018.03.14-14.03.30:837][  0]LogInit: Computer: DESKTOP-EKPT9U8
[2018.03.14-14.03.30:837][  0]LogInit: User: SamuelJones
[2018.03.14-14.03.30:837][  0]LogInit: CPU Page size=4096, Cores=4
[2018.03.14-14.03.30:837][  0]LogInit: High frequency timer resolution =2.241011 MHz
[2018.03.14-14.03.30:837][  0]LogMemory: Memory total: Physical=15.9GB (16GB approx)
[2018.03.14-14.03.30:837][  0]LogMemory: Platform Memory Stats for Windows
[2018.03.14-14.03.30:837][  0]LogMemory: Process Physical Memory: 277.21 MB used, 277.21 MB peak
[2018.03.14-14.03.30:838][  0]LogMemory: Process Virtual Memory: 270.05 MB used, 270.05 MB peak
[2018.03.14-14.03.30:838][  0]LogMemory: Physical Memory: 3081.79 MB used,  13240.89 MB free, 16322.68 MB total
[2018.03.14-14.03.30:838][  0]LogMemory: Virtual Memory: 681.09 MB used,  13240.89 MB free, 134217728.00 MB total
[2018.03.14-14.03.31:090][  0]LogInit: Using OS detected language (en-US).
[2018.03.14-14.03.31:090][  0]LogInit: Using OS detected locale (en-GB).
[2018.03.14-14.03.31:094][  0]LogTextLocalizationManager: No specific localization for 'en-US' exists, so the 'en' localization will be used.
[2018.03.14-14.03.31:577][  0]LogInit: Setting process to per monitor DPI aware
[2018.03.14-14.03.31:920][  0]LogD3D11RHI: D3D11 adapters:
[2018.03.14-14.03.31:972][  0]LogD3D11RHI:    0. 'NVIDIA GeForce GT 650M' (Feature Level 11_0)
[2018.03.14-14.03.31:972][  0]LogD3D11RHI:       484/0/8161 MB DedicatedVideo/DedicatedSystem/SharedSystem, Outputs:1, VendorId:0x10de
[2018.03.14-14.03.31:974][  0]LogD3D11RHI:    1. 'Microsoft Basic Render Driver' (Feature Level 11_0)
[2018.03.14-14.03.31:974][  0]LogD3D11RHI:       0/0/8161 MB DedicatedVideo/DedicatedSystem/SharedSystem, Outputs:0, VendorId:0x1414
[2018.03.14-14.03.31:974][  0]LogD3D11RHI: Chosen D3D11 Adapter: 0
[2018.03.14-14.03.31:979][  0]LogD3D11RHI: Creating new Direct3DDevice
[2018.03.14-14.03.31:979][  0]LogD3D11RHI:     GPU DeviceId: 0xfd5 (for the marketing name, search the web for "GPU Device Id")
[2018.03.14-14.03.31:979][  0]LogWindows: EnumDisplayDevices:
[2018.03.14-14.03.31:980][  0]LogWindows:    0. 'NVIDIA GeForce GT 650M' (P:1 D:1)
[2018.03.14-14.03.31:980][  0]LogWindows:    1. 'NVIDIA GeForce GT 650M' (P:0 D:0)
[2018.03.14-14.03.31:980][  0]LogWindows:    2. 'NVIDIA GeForce GT 650M' (P:0 D:0)
[2018.03.14-14.03.31:980][  0]LogWindows:    3. 'NVIDIA GeForce GT 650M' (P:0 D:0)
[2018.03.14-14.03.31:980][  0]LogWindows: DebugString: GetVideoDriverDetailsInvalid PrimaryIsNotTheChoosenAdapter GetVideoDriverDetailsInvalid PrimaryIsNotTheChoosenAdapter GetVideoDriverDetailsInvalid PrimaryIsNotTheChoosenAdapter GetVideoDriverDetailsInvalid PrimaryIsNotTheChoosenAdapter FoundDriverCount:0 
[2018.03.14-14.03.31:980][  0]LogD3D11RHI:     Adapter Name: NVIDIA GeForce GT 650M
[2018.03.14-14.03.31:980][  0]LogD3D11RHI:   Driver Version: Unknown (internal:Unknown, unified:Unknown)
[2018.03.14-14.03.31:980][  0]LogD3D11RHI:      Driver Date: Unknown
[2018.03.14-14.03.31:980][  0]LogRHI: Texture pool is 339 MB (70% of 484 MB)
[2018.03.14-14.03.32:021][  0]LogD3D11RHI: Async texture creation enabled
[2018.03.14-14.03.32:038][  0]LogD3D11RHI: GPU Timing Frequency: 1000.000000 (Debug: 2 1)
[2018.03.14-14.03.32:040][  0]LogShaderCompilers: Guid format shader working directory is -33 characters bigger than the processId version (../../../../../../Users/Samuel Jones/Documents/GitHub/VR_Courtroom/Multiplayer_Project/Intermediate/Shaders/WorkingDirectory/5196/).
[2018.03.14-14.03.32:040][  0]LogShaderCompilers: Cleaned the shader compiler working directory 'C:/Users/Samuel Jones/AppData/Local/Temp/UnrealShaderWorkingDir/A346205848D9EA79E58179B417DCECF5/'.
[2018.03.14-14.03.32:040][  0]LogShaderCompilers: Display: Using Local Shader Compiler.
[2018.03.14-14.03.33:344][  0]LogTemp: Display: Loaded TP AllDesktopTargetPlatform
[2018.03.14-14.03.33:431][  0]LogTemp: Display: Loaded TP MacClientTargetPlatform
[2018.03.14-14.03.33:509][  0]LogTemp: Display: Loaded TP MacNoEditorTargetPlatform
[2018.03.14-14.03.33:592][  0]LogTemp: Display: Loaded TP MacServerTargetPlatform
[2018.03.14-14.03.33:679][  0]LogTemp: Display: Loaded TP MacTargetPlatform
[2018.03.14-14.03.33:768][  0]LogTemp: Display: Loaded TP WindowsClientTargetPlatform
[2018.03.14-14.03.33:851][  0]LogTemp: Display: Loaded TP WindowsNoEditorTargetPlatform
[2018.03.14-14.03.33:932][  0]LogTemp: Display: Loaded TP WindowsServerTargetPlatform
[2018.03.14-14.03.34:016][  0]LogTemp: Display: Loaded TP WindowsTargetPlatform
[2018.03.14-14.03.34:106][  0]LogTemp: Display: Loaded TP Android_ASTCTargetPlatform
[2018.03.14-14.03.34:189][  0]LogTemp: Display: Loaded TP Android_ATCTargetPlatform
[2018.03.14-14.03.34:269][  0]LogTemp: Display: Loaded TP Android_DXTTargetPlatform
[2018.03.14-14.03.34:351][  0]LogTemp: Display: Loaded TP Android_ETC1TargetPlatform
[2018.03.14-14.03.34:429][  0]LogTemp: Display: Loaded TP Android_ETC2TargetPlatform
[2018.03.14-14.03.34:598][  0]LogTemp: Display: Loaded TP Android_MultiTargetPlatform
[2018.03.14-14.03.34:598][  0]LogTemp: Display: Loaded TP Android_PVRTCTargetPlatform
[2018.03.14-14.03.34:675][  0]LogTemp: Display: Loaded TP AndroidTargetPlatform
[2018.03.14-14.03.34:738][  0]LogTemp: Display: Loaded TP HTML5TargetPlatform
[2018.03.14-14.03.34:872][  0]LogTemp: Display: Loaded TP IOSTargetPlatform
[2018.03.14-14.03.34:923][  0]LogTemp: Display: Loaded TP TVOSTargetPlatform
[2018.03.14-14.03.35:003][  0]LogTemp: Display: Loaded TP LinuxClientTargetPlatform
[2018.03.14-14.03.35:086][  0]LogTemp: Display: Loaded TP LinuxNoEditorTargetPlatform
[2018.03.14-14.03.35:165][  0]LogTemp: Display: Loaded TP LinuxServerTargetPlatform
[2018.03.14-14.03.35:251][  0]LogTemp: Display: Loaded TP LinuxTargetPlatform
[2018.03.14-14.03.35:251][  0]LogTargetPlatformManager: Display: Building Assets For Windows
[2018.03.14-14.03.36:025][  0]LogDerivedDataCache: Display: Max Cache Size: 512 MB
[2018.03.14-14.03.36:107][  0]LogDerivedDataCache: Loaded boot cache 0.08s 78MB C:/Users/Samuel Jones/AppData/Local/UnrealEngine/4.18/DerivedDataCache/Boot.ddc.
[2018.03.14-14.03.36:107][  0]LogDerivedDataCache: Display: Loaded Boot cache: C:/Users/Samuel Jones/AppData/Local/UnrealEngine/4.18/DerivedDataCache/Boot.ddc
[2018.03.14-14.03.36:107][  0]LogDerivedDataCache: FDerivedDataBackendGraph:  Pak pak cache file ../../../../../../Users/Samuel Jones/Documents/GitHub/VR_Courtroom/Multiplayer_Project/DerivedDataCache/DDC.ddp not found, will not use a pak cache.
[2018.03.14-14.03.36:107][  0]LogDerivedDataCache: Unable to find inner node Pak for hierarchical cache Hierarchy.
[2018.03.14-14.03.36:107][  0]LogDerivedDataCache: FDerivedDataBackendGraph:  CompressedPak pak cache file ../../../../../../Users/Samuel Jones/Documents/GitHub/VR_Courtroom/Multiplayer_Project/DerivedDataCache/Compressed.ddp not found, will not use a pak cache.
[2018.03.14-14.03.36:107][  0]LogDerivedDataCache: Unable to find inner node CompressedPak for hierarchical cache Hierarchy.
[2018.03.14-14.03.36:128][  0]LogDerivedDataCache: Display: Pak cache opened for reading ../../../Engine/DerivedDataCache/Compressed.ddp.
[2018.03.14-14.03.36:141][  0]LogDerivedDataCache: Using Local data cache path C:/Users/Samuel Jones/AppData/Local/UnrealEngine/Common/DerivedDataCache: Writable
[2018.03.14-14.03.36:154][  0]LogMaterial: Verifying Global Shaders for PCD3D_SM5
[2018.03.14-14.03.36:154][  0]LogSlate: Using Freetype 2.6.0
[2018.03.14-14.03.36:155][  0]LogSlate: SlateFontCache - WITH_FREETYPE: 1, WITH_HARFBUZZ: 1
[2018.03.14-14.03.36:155][  0]LogSlate: SlateFontCache - WITH_FREETYPE: 1, WITH_HARFBUZZ: 1
[2018.03.14-14.03.36:745][  0]LogInit: Selected Device Profile: [Windows]
[2018.03.14-14.03.37:242][  0]LogSimplygon: Simplygon DLL not present - disabling.
[2018.03.14-14.03.37:305][  0]LogMeshReduction: Using SimplygonSwarm for distributed automatic mesh merging
[2018.03.14-14.03.37:305][  0]LogMeshReduction: Using QuadricMeshReduction for automatic static mesh reduction
[2018.03.14-14.03.37:305][  0]LogMeshReduction: No automatic skeletal mesh reduction module available
[2018.03.14-14.03.37:305][  0]LogMeshReduction: No automatic mesh merging module available
[2018.03.14-14.03.37:305][  0]LogMeshMerging: No automatic mesh merging module available
[2018.03.14-14.03.37:345][  0]LogNetVersion: Multiplayer_Project , NetCL: 3709383, EngineNetVer: 2, GameNetVer: 0 (Checksum: 1516079218)
[2018.03.14-14.03.37:590][  0]LogAssetRegistry: FAssetRegistry took 0.0288 seconds to start up
[2018.03.14-14.03.38:303][  0]LogPackageLocalizationCache: Processed 7 localized package path(s) for 2 prioritized culture(s) in 0.082548 seconds
[2018.03.14-14.03.38:309][  0]LogUObjectArray: 35877 objects as part of root set at end of initial load.
[2018.03.14-14.03.38:309][  0]LogUObjectAllocator: 7577640 out of 0 bytes used by permanent object pool.
[2018.03.14-14.03.38:309][  0]LogUObjectArray: CloseDisregardForGC: 0/0 objects in disregard for GC pool
[2018.03.14-14.03.42:312][  0]LogTcpMessaging: Initializing TcpMessaging bridge
[2018.03.14-14.03.42:371][  0]LogUdpMessaging: Initializing bridge on interface 0.0.0.0:0 to multicast group 230.0.0.1:6666.
[2018.03.14-14.03.43:441][  0]LogMaterial: Uniform references updated for custom material expression Custom.
[2018.03.14-14.03.44:113][  0]SourceControl: Source control is disabled
[2018.03.14-14.03.44:113][  0]SourceControl: Source control is disabled
[2018.03.14-14.03.44:195][  0]SourceControl: Source control is disabled
[2018.03.14-14.03.44:279][  0]SourceControl: Source control is disabled
[2018.03.14-14.03.45:524][  0]LogAndroidPermission: UAndroidPermissionCallbackProxy::GetInstance
[2018.03.14-14.03.45:990][  0]LogOcInput: OculusInput pre-init called
[2018.03.14-14.03.46:440][  0]LogEngine: Initializing Engine...
[2018.03.14-14.03.46:443][  0]LogHMD: Failed to initialize OpenVR with code 110
[2018.03.14-14.03.46:713][  0]LogStats: UGameplayTagsManager::ConstructGameplayTagTree: Construct from data asset -  0.000 s
[2018.03.14-14.03.46:713][  0]LogStats: UGameplayTagsManager::ConstructGameplayTagTree: GameplayTagTreeChangedEvent.Broadcast -  0.000 s
[2018.03.14-14.03.46:926][  0]LogAIModule: Creating AISystem for world Untitled
[2018.03.14-14.03.46:940][  0]LogInit: XAudio2 using 'Speakers (Cirrus Logic CS4206B (AB 83))' : 4 channels at 48 kHz using 16 bits per sample (channel mask 0x107)
[2018.03.14-14.03.46:964][  0]LogInit: FAudioDevice initialized.
[2018.03.14-14.03.47:051][  0]LogDerivedDataCache: Saved boot cache 0.09s 78MB C:/Users/Samuel Jones/AppData/Local/UnrealEngine/4.18/DerivedDataCache/Boot.ddc.
[2018.03.14-14.03.47:064][  0]LogInit: Texture streaming: Enabled
[2018.03.14-14.03.47:219][  0]LogEngineSessionManager: EngineSessionManager initialized
[2018.03.14-14.03.47:417][  0]LogInit: Transaction tracking system initialized
[2018.03.14-14.03.47:917][  0]BlueprintLog: New page: Editor Load
[2018.03.14-14.03.49:332][  0]LocalizationService: Localization service is disabled
[2018.03.14-14.03.50:548][  0]LogConsoleResponse: Display: 
[2018.03.14-14.03.50:795][  0]LogCook: Display: Max memory allowance for cook 16384mb min free memory 0mb
[2018.03.14-14.03.50:795][  0]LogCook: Display: Mobile HDR setting 1
[2018.03.14-14.03.50:795][  0]LogGameplayTags: Display: UGameplayTagsManager::DoneAddingNativeTags. DelegateIsBound: 0
[2018.03.14-14.03.51:891][  0]LogFileCache: Scanning file cache for directory 'C:/Users/Samuel Jones/Documents/GitHub/VR_Courtroom/Multiplayer_Project/Content/' took 0.02s
[2018.03.14-14.03.52:821][  0]SourceControl: Source control is disabled
[2018.03.14-14.03.52:821][  0]Cmd: MAP LOAD FILE="../../../../../../Users/Samuel Jones/Documents/GitHub/VR_Courtroom/Multiplayer_Project/Content/Maps/MainMenu.umap" TEMPLATE=0 SHOWPROGRESS=1 FEATURELEVEL=3
[2018.03.14-14.03.52:821][  0]LightingResults: New page: Lighting Build
[2018.03.14-14.03.52:886][  0]MapCheck: New page: Map Check
[2018.03.14-14.03.52:886][  0]LightingResults: New page: Lighting Build
[2018.03.14-14.03.53:434][  0]LogAIModule: Creating AISystem for world MainMenu
[2018.03.14-14.03.53:436][  0]LogEditorServer: Finished looking for orphan Actors (0.000 secs)
[2018.03.14-14.03.53:448][  0]Cmd: MAP CHECKDEP NOCLEARLOG
[2018.03.14-14.03.53:521][  0]MapCheck: Map check complete: 0 Error(s), 0 Warning(s), took 72.043ms to complete.
[2018.03.14-14.03.53:521][  0]LogFileHelpers: Loading map 'MainMenu' took 0.700
[2018.03.14-14.03.53:591][  0]LogWindowsTextInputMethodSystem: Display: IME system now deactivated.
[2018.03.14-14.03.53:714][  0]LogCollectionManager: Loaded 0 collections in 0.002491 seconds
[2018.03.14-14.03.53:820][  0]LogFileCache: Scanning file cache for directory 'C:/Users/Samuel Jones/Documents/GitHub/VR_Courtroom/Multiplayer_Project/Saved/Collections/' took 0.01s
[2018.03.14-14.03.53:820][  0]LogFileCache: Scanning file cache for directory 'C:/Users/Samuel Jones/Documents/GitHub/VR_Courtroom/Multiplayer_Project/Content/Developers/SamuelJones/Collections/' took 0.01s
[2018.03.14-14.03.53:820][  0]LogFileCache: Scanning file cache for directory 'C:/Users/Samuel Jones/Documents/GitHub/VR_Courtroom/Multiplayer_Project/Content/Collections/' took 0.01s
[2018.03.14-14.03.53:820][  0]LogCollectionManager: Rebuilt the GUID cache for 0 collections in 0.000000 seconds
[2018.03.14-14.03.53:832][  0]LogContentBrowser: Native class hierarchy populated in 0.0117 seconds. Added 2365 classes and 522 folders.
[2018.03.14-14.03.53:943][  0]LogContentBrowser: Native class hierarchy updated for 'WidgetCarousel' in 0.0004 seconds. Added 0 classes and 0 folders.
[2018.03.14-14.03.54:000][  0]LogContentBrowser: Native class hierarchy updated for 'AddContentDialog' in 0.0003 seconds. Added 0 classes and 0 folders.
[2018.03.14-14.03.54:066][  0]LogContentBrowser: Native class hierarchy updated for 'SceneOutliner' in 0.0003 seconds. Added 1 classes and 2 folders.
[2018.03.14-14.03.54:151][  0]LogSlate: Took 0.000377 seconds to synchronously load lazily loaded font '../../../Engine/Content/Slate/Fonts/Roboto-Regular.ttf' (155K)
[2018.03.14-14.03.54:156][  0]LogSlate: Took 0.000371 seconds to synchronously load lazily loaded font '../../../Engine/Content/Slate/Fonts/Roboto-Bold.ttf' (160K)
[2018.03.14-14.03.54:163][  0]LogSlate: Took 0.000274 seconds to synchronously load lazily loaded font '../../../Engine/Content/Editor/Slate/Fonts/FontAwesome.ttf' (139K)
[2018.03.14-14.03.54:290][  0]LogRenderer: Reallocating scene render targets to support 772x440 Format 10 NumSamples 1 (Frame:1).
[2018.03.14-14.03.54:569][  0]LogContentBrowser: Native class hierarchy updated for 'HierarchicalLODOutliner' in 0.0004 seconds. Added 1 classes and 2 folders.
[2018.03.14-14.03.54:569][  0]LogLoad: (Engine Initialization) Total time: 27.31 seconds
[2018.03.14-14.03.54:569][  0]LogLoad: (Engine Initialization) Total Blueprint compile time: 0.00 seconds
[2018.03.14-14.03.54:569][  0]LogExternalProfiler: No external profilers were discovered.  External profiling features will not be available.
[2018.03.14-14.03.54:609][  0]LogContentStreaming: Texture pool size now 1000 MB
[2018.03.14-14.03.54:660][  0]LogSlate: Took 0.000207 seconds to synchronously load lazily loaded font '../../../Engine/Content/Slate/Fonts/Roboto-Light.ttf' (159K)
[2018.03.14-14.03.54:680][  1]LogAssetRegistry: Asset discovery search completed in 17.1122 seconds
[2018.03.14-14.03.54:682][  1]LogCollectionManager: Rebuilt the object cache for 0 collections in 0.000000 seconds (found 0 objects)
[2018.03.14-14.03.54:682][  1]LogCollectionManager: Fixed up redirectors for 0 collections in 0.000077 seconds (updated 0 objects)
[2018.03.14-14.03.58:122][184]LogRenderer: Reallocating scene render targets to support 772x448 Format 10 NumSamples 1 (Frame:184).
[2018.03.14-14.03.58:163][185]LogRenderer: Reallocating scene render targets to support 772x460 Format 10 NumSamples 1 (Frame:186).
[2018.03.14-14.03.58:209][186]LogRenderer: Reallocating scene render targets to support 772x468 Format 10 NumSamples 1 (Frame:188).
[2018.03.14-14.03.58:269][187]LogRenderer: Reallocating scene render targets to support 772x484 Format 10 NumSamples 1 (Frame:190).
[2018.03.14-14.03.58:323][188]LogRenderer: Reallocating scene render targets to support 772x500 Format 10 NumSamples 1 (Frame:192).
[2018.03.14-14.03.58:379][189]LogRenderer: Reallocating scene render targets to support 772x504 Format 10 NumSamples 1 (Frame:194).
[2018.03.14-14.03.58:423][190]LogRenderer: Reallocating scene render targets to support 772x516 Format 10 NumSamples 1 (Frame:196).
[2018.03.14-14.03.58:475][191]LogRenderer: Reallocating scene render targets to support 772x524 Format 10 NumSamples 1 (Frame:198).
[2018.03.14-14.03.58:535][192]LogRenderer: Reallocating scene render targets to support 772x536 Format 10 NumSamples 1 (Frame:200).
[2018.03.14-14.03.58:716][201]LogRenderer: Reallocating scene render targets to support 772x540 Format 10 NumSamples 1 (Frame:202).
[2018.03.14-14.03.58:799][203]LogRenderer: Reallocating scene render targets to support 772x544 Format 10 NumSamples 1 (Frame:206).
[2018.03.14-14.04.00:368][287]LogSlate: Took 0.000189 seconds to synchronously load lazily loaded font '../../../Engine/Content/Slate/Fonts/Roboto-Light.ttf' (159K)
[2018.03.14-14.04.00:638][287]LogAIModule: Creating AISystem for world Lobby
[2018.03.14-14.04.00:664][287]Cmd: MAP LOAD FILE="../../../../../../Users/Samuel Jones/Documents/GitHub/VR_Courtroom/Multiplayer_Project/Content/Maps/Lobby.umap" TEMPLATE=0 SHOWPROGRESS=1 FEATURELEVEL=3
[2018.03.14-14.04.00:664][287]LightingResults: New page: Lighting Build
[2018.03.14-14.04.00:665][287]LoadErrors: New page: Loading map: Lobby.umap
[2018.03.14-14.04.00:665][287]MapCheck: New page: Map Check
[2018.03.14-14.04.00:665][287]LightingResults: New page: Lighting Build
[2018.03.14-14.04.00:773][287]LogEditorServer: Finished looking for orphan Actors (0.000 secs)
[2018.03.14-14.04.00:819][287]Cmd: MAP CHECKDEP NOCLEARLOG
[2018.03.14-14.04.00:895][287]MapCheck: Map check complete: 0 Error(s), 0 Warning(s), took 75.544ms to complete.
[2018.03.14-14.04.00:896][287]LogFileHelpers: Loading map 'Lobby' took 0.233
[2018.03.14-14.04.05:056][534]LogEditorViewport: Clicking on Actor (LMB): PlayerStart (Player Start3)
[2018.03.14-14.04.20:242][423]LogSlate: Took 0.000429 seconds to synchronously load lazily loaded font '../../../Engine/Content/Editor/Slate/Fonts/Roboto-Italic.ttf' (157K)
[2018.03.14-14.04.40:739][638]LogEditorViewport: Clicking on Actor (LMB): BP_Sky_Sphere_C (Sky Sphere)
[2018.03.14-14.05.31:849][690]Cmd: DELETE
[2018.03.14-14.05.31:849][690]Cmd: ACTOR DELETE
[2018.03.14-14.05.31:851][690]LogEditorActor: Deleted Actor: 0_Base_C
[2018.03.14-14.05.31:892][690]LogEditorActor: Deleted 1 Actors (0.043 secs)
[2018.03.14-14.06.36:257][496]LogContentBrowser: Native class hierarchy updated for 'BlueprintGraph' in 0.0009 seconds. Added 116 classes and 0 folders.
[2018.03.14-14.06.37:306][496]LogSlate: Took 0.000275 seconds to synchronously load lazily loaded font '../../../Engine/Content/Editor/Slate/Fonts/Roboto-BoldCondensed.ttf' (158K)
[2018.03.14-14.06.57:965][599]LogSavePackage: Save=221.96ms
[2018.03.14-14.06.57:965][599]LogSavePackage: Moving '../../../../../../Users/Samuel Jones/Documents/GitHub/VR_Courtroom/Multiplayer_Project/Saved/GameInfoInstanceF541F1F84D5C603F806870A1920420A7.tmp' to '../../../../../../Users/Samuel Jones/Documents/GitHub/VR_Courtroom/Multiplayer_Project/Content/Blueprints/AllLevels/GameInfoInstance.uasset'
[2018.03.14-14.06.57:969][599]LogSavePackage: Display: Finished SavePackage ../../../../../../Users/Samuel Jones/Documents/GitHub/VR_Courtroom/Multiplayer_Project/Content/Blueprints/AllLevels/GameInfoInstance.uasset
[2018.03.14-14.06.59:878][696]LogSavePackage: Save=238.69ms
[2018.03.14-14.06.59:879][696]LogSavePackage: Moving '../../../../../../Users/Samuel Jones/Documents/GitHub/VR_Courtroom/Multiplayer_Project/Saved/Lobby293CE33F42BD20CB2824879E891D31D0.tmp' to '../../../../../../Users/Samuel Jones/Documents/GitHub/VR_Courtroom/Multiplayer_Project/Content/Maps/Lobby.umap'
[2018.03.14-14.06.59:883][696]LogSavePackage: Display: Finished SavePackage ../../../../../../Users/Samuel Jones/Documents/GitHub/VR_Courtroom/Multiplayer_Project/Content/Maps/Lobby.umap
[2018.03.14-14.06.59:922][696]Cmd: OBJ SAVEPACKAGE PACKAGE="/Game/Maps/Lobby_BuiltData" FILE="../../../../../../Users/Samuel Jones/Documents/GitHub/VR_Courtroom/Multiplayer_Project/Content/Maps/Lobby_BuiltData.uasset" SILENT=true
[2018.03.14-14.06.59:959][696]LogSavePackage: Save=19.87ms
[2018.03.14-14.06.59:959][696]LogSavePackage: Moving '../../../../../../Users/Samuel Jones/Documents/GitHub/VR_Courtroom/Multiplayer_Project/Saved/Lobby_BuiltData8BD929D84FEE27A9D430F18FAD728A66.tmp' to '../../../../../../Users/Samuel Jones/Documents/GitHub/VR_Courtroom/Multiplayer_Project/Content/Maps/Lobby_BuiltData.uasset'
[2018.03.14-14.06.59:962][696]LogSavePackage: Display: Finished SavePackage ../../../../../../Users/Samuel Jones/Documents/GitHub/VR_Courtroom/Multiplayer_Project/Content/Maps/Lobby_BuiltData.uasset
[2018.03.14-14.07.30:903][540]Cmd: DELETE
[2018.03.14-14.07.30:903][540]Cmd: ACTOR DELETE
[2018.03.14-14.07.30:905][540]LogEditorActor: Deleted Actor: Pawn
[2018.03.14-14.07.30:923][540]LogEditorActor: Deleted 1 Actors (0.020 secs)
[2018.03.14-14.07.32:102][611]LogEditorViewport: Clicking on Actor (LMB): StaticMeshActor (Floor)
[2018.03.14-14.07.32:753][643]LogEditorViewport: Clicking on Actor (LMB): StaticMeshActor (Floor)
[2018.03.14-14.07.33:298][674]LogEditorViewport: Clicking on Actor (LMB): Character (Character)
[2018.03.14-14.07.34:782][757]Cmd: DELETE
[2018.03.14-14.07.34:782][757]Cmd: ACTOR DELETE
[2018.03.14-14.07.34:784][757]LogEditorActor: Deleted Actor: Character
[2018.03.14-14.07.34:801][757]LogEditorActor: Deleted 1 Actors (0.019 secs)
[2018.03.14-14.07.41:931][183]LogEditor: Attempting to add actor of class 'ArchVisCharacter' to level at -300.00,580.00,288.00
[2018.03.14-14.07.42:736][228]LogEditor: Attempting to add actor of class 'ArchVisCharacter' to level at -330.00,230.00,108.00
[2018.03.14-14.07.43:803][286]LogEditorViewport: Clicking on Actor (LMB): StaticMeshActor (Floor)
[2018.03.14-14.07.45:276][369]Cmd: DELETE
[2018.03.14-14.07.45:276][369]Cmd: ACTOR DELETE
[2018.03.14-14.07.45:278][369]LogEditorActor: Deleted Actor: StaticMeshActor
[2018.03.14-14.07.45:296][369]LogEditorActor: Deleted 1 Actors (0.019 secs)
[2018.03.14-14.07.47:023][473]Cmd: TRANSACTION UNDO
[2018.03.14-14.07.47:023][473]LogEditorTransaction: Undo Delete Actors
[2018.03.14-14.07.47:063][473]LogSlate: Took 0.000269 seconds to synchronously load lazily loaded font '../../../Engine/Content/Slate/Fonts/Roboto-Light.ttf' (159K)
[2018.03.14-14.07.48:732][569]LogEditorViewport: Clicking on Actor (LMB): StaticMeshActor (Floor)
[2018.03.14-14.07.49:546][616]LogEditorViewport: Clicking on Actor (LMB): BP_Sky_Sphere_C (Sky Sphere)
[2018.03.14-14.07.50:202][652]LogEditorViewport: Clicking on Actor (LMB): BP_Sky_Sphere_C (Sky Sphere)
[2018.03.14-14.07.55:645][971]Cmd: DELETE
[2018.03.14-14.07.55:645][971]Cmd: ACTOR DELETE
[2018.03.14-14.07.55:647][971]LogEditorActor: Deleted Actor: ArchVisCharacter
[2018.03.14-14.07.55:665][971]LogEditorActor: Deleted 1 Actors (0.020 secs)
[2018.03.14-14.08.01:736][319]LogSavePackage: Save=227.97ms
[2018.03.14-14.08.01:736][319]LogSavePackage: Moving '../../../../../../Users/Samuel Jones/Documents/GitHub/VR_Courtroom/Multiplayer_Project/Saved/Lobby7234940A4D2C7497C38EE3A4FD96DE5F.tmp' to '../../../../../../Users/Samuel Jones/Documents/GitHub/VR_Courtroom/Multiplayer_Project/Content/Maps/Lobby.umap'
[2018.03.14-14.08.01:741][319]LogSavePackage: Display: Finished SavePackage ../../../../../../Users/Samuel Jones/Documents/GitHub/VR_Courtroom/Multiplayer_Project/Content/Maps/Lobby.umap
[2018.03.14-14.08.01:779][319]Cmd: OBJ SAVEPACKAGE PACKAGE="/Game/Maps/Lobby_BuiltData" FILE="../../../../../../Users/Samuel Jones/Documents/GitHub/VR_Courtroom/Multiplayer_Project/Content/Maps/Lobby_BuiltData.uasset" SILENT=true
[2018.03.14-14.08.01:806][319]LogSavePackage: Save=15.26ms
[2018.03.14-14.08.01:806][319]LogSavePackage: Moving '../../../../../../Users/Samuel Jones/Documents/GitHub/VR_Courtroom/Multiplayer_Project/Saved/Lobby_BuiltData5CC593644AC9625C7235BDBC0C0AF9C9.tmp' to '../../../../../../Users/Samuel Jones/Documents/GitHub/VR_Courtroom/Multiplayer_Project/Content/Maps/Lobby_BuiltData.uasset'
[2018.03.14-14.08.01:808][319]LogSavePackage: Display: Finished SavePackage ../../../../../../Users/Samuel Jones/Documents/GitHub/VR_Courtroom/Multiplayer_Project/Content/Maps/Lobby_BuiltData.uasset
[2018.03.14-14.08.26:593][459]LogContentBrowser: Native class hierarchy updated for 'PhysicsAssetEditor' in 0.0004 seconds. Added 7 classes and 3 folders.
[2018.03.14-14.08.48:608][540]LogTemp: Repeating last play command: Selected Viewport
[2018.03.14-14.08.48:684][540]LogBlueprintUserMessages: Early PlayInEditor Detection: Level '/Game/Maps/Lobby.Lobby:PersistentLevel' has LevelScriptBlueprint '/Game/Maps/Lobby.Lobby:PersistentLevel.Lobby' with GeneratedClass '/Game/Maps/Lobby.Lobby_C' with ClassGeneratedBy '/Game/Maps/Lobby.Lobby:PersistentLevel.Lobby'
[2018.03.14-14.08.48:684][540]LogPlayLevel: PlayLevel: No blueprints needed recompiling
[2018.03.14-14.08.48:684][540]LogOnline: Display: OSS: FOnlineSubsystemNull::Shutdown()
[2018.03.14-14.08.48:684][540]LogOnline: Display: OSS: FOnlineAsyncTaskManager::Stop() ActiveTask:0000000000000000 Tasks[0/0]
[2018.03.14-14.08.48:685][540]LogOnline: Display: OSS: FOnlineAsyncTaskManager::Exit() started
[2018.03.14-14.08.48:685][540]LogOnline: Display: OSS: FOnlineAsyncTaskManager::Exit() finished
[2018.03.14-14.08.48:685][540]LogOnline: Warning: STEAM: Steam API disabled!
[2018.03.14-14.08.48:685][540]LogOnline: Display: STEAM: OnlineSubsystemSteam::Shutdown()
[2018.03.14-14.08.48:697][540]PIE: New page: PIE session: Lobby (14 Mar 2018 02:08:48)
[2018.03.14-14.08.48:709][540]LogPlayLevel: Creating play world package: /Game/Maps/UEDPIE_0_Lobby
[2018.03.14-14.08.48:717][540]LogPlayLevel: PIE: StaticDuplicateObject took: (0.007914s)
[2018.03.14-14.08.48:718][540]LogAIModule: Creating AISystem for world Lobby
[2018.03.14-14.08.48:718][540]LogPlayLevel: PIE: World Init took: (0.000796s)
[2018.03.14-14.08.48:718][540]LogPlayLevel: PIE: Created PIE world by copying editor world from /Game/Maps/Lobby.Lobby to /Game/Maps/UEDPIE_0_Lobby.Lobby (0.009071s)
[2018.03.14-14.08.48:746][540]LogInit: XAudio2 using 'Speakers (Cirrus Logic CS4206B (AB 83))' : 4 channels at 48 kHz using 16 bits per sample (channel mask 0x107)
[2018.03.14-14.08.48:752][540]LogInit: FAudioDevice initialized.
[2018.03.14-14.08.48:799][540]LogLoad: Game class is 'LobbyGM_C'
[2018.03.14-14.08.48:801][540]LogWorld: Bringing World /Game/Maps/UEDPIE_0_Lobby.Lobby up for play (max tick rate 60) at 2018.03.14-08.08.48
[2018.03.14-14.08.48:802][540]LogWorld: Bringing up level for play took: 0.001183
[2018.03.14-14.08.48:915][540]LogContentBrowser: Native class hierarchy updated for 'MovieSceneCapture' in 0.0006 seconds. Added 11 classes and 0 folders.
[2018.03.14-14.08.48:917][540]PIE: Play in editor start time for /Game/Maps/UEDPIE_0_Lobby -0.189
[2018.03.14-14.08.48:917][540]LogBlueprintUserMessages: Late PlayInEditor Detection: Level '/Game/Maps/Lobby.Lobby:PersistentLevel' has LevelScriptBlueprint '/Game/Maps/Lobby.Lobby:PersistentLevel.Lobby' with GeneratedClass '/Game/Maps/Lobby.Lobby_C' with ClassGeneratedBy '/Game/Maps/Lobby.Lobby:PersistentLevel.Lobby'
[2018.03.14-14.08.51:597][697]LogBlueprintUserMessages: Early EndPlayMap Detection: Level '/Game/Maps/Lobby.Lobby:PersistentLevel' has LevelScriptBlueprint '/Game/Maps/Lobby.Lobby:PersistentLevel.Lobby' with GeneratedClass '/Game/Maps/Lobby.Lobby_C' with ClassGeneratedBy '/Game/Maps/Lobby.Lobby:PersistentLevel.Lobby'
[2018.03.14-14.08.51:636][697]LogOnline: Display: OSS: FOnlineSubsystemNull::Shutdown()
[2018.03.14-14.08.51:636][697]LogOnline: Display: OSS: FOnlineAsyncTaskManager::Stop() ActiveTask:0000000000000000 Tasks[0/0]
[2018.03.14-14.08.51:637][697]LogOnline: Display: OSS: FOnlineAsyncTaskManager::Exit() started
[2018.03.14-14.08.51:637][697]LogOnline: Display: OSS: FOnlineAsyncTaskManager::Exit() finished
[2018.03.14-14.08.51:637][697]LogPlayLevel: Display: Shutting down PIE online subsystems
[2018.03.14-14.08.51:638][697]LogBlueprintUserMessages: Late EndPlayMap Detection: Level '/Game/Maps/Lobby.Lobby:PersistentLevel' has LevelScriptBlueprint '/Game/Maps/Lobby.Lobby:PersistentLevel.Lobby' with GeneratedClass '/Game/Maps/Lobby.Lobby_C' with ClassGeneratedBy '/Game/Maps/Lobby.Lobby:PersistentLevel.Lobby'
[2018.03.14-14.08.51:701][699]LogPlayLevel: Display: Destroying online subsystem :Context_3
[2018.03.14-14.08.51:701][699]LogOnline: Display: OSS: FOnlineSubsystemNull::Shutdown()
[2018.03.14-14.09.02:546][349]LogTemp: Repeating last play command: Selected Viewport
[2018.03.14-14.09.02:572][349]LogBlueprintUserMessages: Early PlayInEditor Detection: Level '/Game/Maps/Lobby.Lobby:PersistentLevel' has LevelScriptBlueprint '/Game/Maps/Lobby.Lobby:PersistentLevel.Lobby' with GeneratedClass '/Game/Maps/Lobby.Lobby_C' with ClassGeneratedBy '/Game/Maps/Lobby.Lobby:PersistentLevel.Lobby'
[2018.03.14-14.09.02:573][349]LogPlayLevel: PlayLevel: No blueprints needed recompiling
[2018.03.14-14.09.02:573][349]PIE: New page: PIE session: Lobby (14 Mar 2018 02:09:02)
[2018.03.14-14.09.02:573][349]LogPlayLevel: Creating play world package: /Game/Maps/UEDPIE_0_Lobby
[2018.03.14-14.09.02:584][349]LogPlayLevel: PIE: StaticDuplicateObject took: (0.010385s)
[2018.03.14-14.09.02:585][349]LogAIModule: Creating AISystem for world Lobby
[2018.03.14-14.09.02:585][349]LogPlayLevel: PIE: World Init took: (0.000796s)
[2018.03.14-14.09.02:585][349]LogPlayLevel: PIE: Created PIE world by copying editor world from /Game/Maps/Lobby.Lobby to /Game/Maps/UEDPIE_0_Lobby.Lobby (0.011585s)
[2018.03.14-14.09.02:608][349]LogInit: XAudio2 using 'Speakers (Cirrus Logic CS4206B (AB 83))' : 4 channels at 48 kHz using 16 bits per sample (channel mask 0x107)
[2018.03.14-14.09.02:614][349]LogInit: FAudioDevice initialized.
[2018.03.14-14.09.02:649][349]LogLoad: Game class is 'LobbyGM_C'
[2018.03.14-14.09.02:651][349]LogWorld: Bringing World /Game/Maps/UEDPIE_0_Lobby.Lobby up for play (max tick rate 60) at 2018.03.14-08.09.02
[2018.03.14-14.09.02:651][349]LogWorld: Bringing up level for play took: 0.001014
[2018.03.14-14.09.02:666][349]PIE: Play in editor start time for /Game/Maps/UEDPIE_0_Lobby -0.44
[2018.03.14-14.09.02:666][349]LogBlueprintUserMessages: Late PlayInEditor Detection: Level '/Game/Maps/Lobby.Lobby:PersistentLevel' has LevelScriptBlueprint '/Game/Maps/Lobby.Lobby:PersistentLevel.Lobby' with GeneratedClass '/Game/Maps/Lobby.Lobby_C' with ClassGeneratedBy '/Game/Maps/Lobby.Lobby:PersistentLevel.Lobby'
[2018.03.14-14.09.06:714][589]LogBlueprintUserMessages: Early EndPlayMap Detection: Level '/Game/Maps/Lobby.Lobby:PersistentLevel' has LevelScriptBlueprint '/Game/Maps/Lobby.Lobby:PersistentLevel.Lobby' with GeneratedClass '/Game/Maps/Lobby.Lobby_C' with ClassGeneratedBy '/Game/Maps/Lobby.Lobby:PersistentLevel.Lobby'
[2018.03.14-14.09.06:751][589]LogOnline: Display: OSS: FOnlineSubsystemNull::Shutdown()
[2018.03.14-14.09.06:751][589]LogOnline: Display: OSS: FOnlineAsyncTaskManager::Stop() ActiveTask:0000000000000000 Tasks[0/0]
[2018.03.14-14.09.06:752][589]LogOnline: Display: OSS: FOnlineAsyncTaskManager::Exit() started
[2018.03.14-14.09.06:752][589]LogOnline: Display: OSS: FOnlineAsyncTaskManager::Exit() finished
[2018.03.14-14.09.06:752][589]LogPlayLevel: Display: Shutting down PIE online subsystems
[2018.03.14-14.09.06:752][589]LogBlueprintUserMessages: Late EndPlayMap Detection: Level '/Game/Maps/Lobby.Lobby:PersistentLevel' has LevelScriptBlueprint '/Game/Maps/Lobby.Lobby:PersistentLevel.Lobby' with GeneratedClass '/Game/Maps/Lobby.Lobby_C' with ClassGeneratedBy '/Game/Maps/Lobby.Lobby:PersistentLevel.Lobby'
[2018.03.14-14.09.06:816][591]LogPlayLevel: Display: Destroying online subsystem :Context_4
[2018.03.14-14.09.06:816][591]LogOnline: Display: OSS: FOnlineSubsystemNull::Shutdown()
[2018.03.14-14.09.47:475][ 20]LogTemp: Repeating last play command: Selected Viewport
[2018.03.14-14.09.47:498][ 20]LogBlueprintUserMessages: Early PlayInEditor Detection: Level '/Game/Maps/Lobby.Lobby:PersistentLevel' has LevelScriptBlueprint '/Game/Maps/Lobby.Lobby:PersistentLevel.Lobby' with GeneratedClass '/Game/Maps/Lobby.Lobby_C' with ClassGeneratedBy '/Game/Maps/Lobby.Lobby:PersistentLevel.Lobby'
[2018.03.14-14.09.47:498][ 20]LogPlayLevel: PlayLevel: No blueprints needed recompiling
[2018.03.14-14.09.47:498][ 20]PIE: New page: PIE session: Lobby (14 Mar 2018 02:09:47)
[2018.03.14-14.09.47:499][ 20]LogPlayLevel: Creating play world package: /Game/Maps/UEDPIE_0_Lobby
[2018.03.14-14.09.47:507][ 20]LogPlayLevel: PIE: StaticDuplicateObject took: (0.008076s)
[2018.03.14-14.09.47:508][ 20]LogAIModule: Creating AISystem for world Lobby
[2018.03.14-14.09.47:508][ 20]LogPlayLevel: PIE: World Init took: (0.000757s)
[2018.03.14-14.09.47:508][ 20]LogPlayLevel: PIE: Created PIE world by copying editor world from /Game/Maps/Lobby.Lobby to /Game/Maps/UEDPIE_0_Lobby.Lobby (0.009139s)
[2018.03.14-14.09.47:534][ 20]LogInit: XAudio2 using 'Speakers (Cirrus Logic CS4206B (AB 83))' : 4 channels at 48 kHz using 16 bits per sample (channel mask 0x107)
[2018.03.14-14.09.47:540][ 20]LogInit: FAudioDevice initialized.
[2018.03.14-14.09.47:575][ 20]LogLoad: Game class is 'LobbyGM_C'
[2018.03.14-14.09.47:577][ 20]LogWorld: Bringing World /Game/Maps/UEDPIE_0_Lobby.Lobby up for play (max tick rate 60) at 2018.03.14-08.09.47
[2018.03.14-14.09.47:577][ 20]LogWorld: Bringing up level for play took: 0.001089
[2018.03.14-14.09.47:591][ 20]PIE: Play in editor start time for /Game/Maps/UEDPIE_0_Lobby 0.485
[2018.03.14-14.09.47:591][ 20]LogBlueprintUserMessages: Late PlayInEditor Detection: Level '/Game/Maps/Lobby.Lobby:PersistentLevel' has LevelScriptBlueprint '/Game/Maps/Lobby.Lobby:PersistentLevel.Lobby' with GeneratedClass '/Game/Maps/Lobby.Lobby_C' with ClassGeneratedBy '/Game/Maps/Lobby.Lobby:PersistentLevel.Lobby'
[2018.03.14-14.09.50:603][198]LogBlueprintUserMessages: Early EndPlayMap Detection: Level '/Game/Maps/Lobby.Lobby:PersistentLevel' has LevelScriptBlueprint '/Game/Maps/Lobby.Lobby:PersistentLevel.Lobby' with GeneratedClass '/Game/Maps/Lobby.Lobby_C' with ClassGeneratedBy '/Game/Maps/Lobby.Lobby:PersistentLevel.Lobby'
[2018.03.14-14.09.50:641][198]LogOnline: Display: OSS: FOnlineSubsystemNull::Shutdown()
[2018.03.14-14.09.50:641][198]LogOnline: Display: OSS: FOnlineAsyncTaskManager::Stop() ActiveTask:0000000000000000 Tasks[0/0]
[2018.03.14-14.09.50:642][198]LogOnline: Display: OSS: FOnlineAsyncTaskManager::Exit() started
[2018.03.14-14.09.50:642][198]LogOnline: Display: OSS: FOnlineAsyncTaskManager::Exit() finished
[2018.03.14-14.09.50:642][198]LogPlayLevel: Display: Shutting down PIE online subsystems
[2018.03.14-14.09.50:642][198]LogBlueprintUserMessages: Late EndPlayMap Detection: Level '/Game/Maps/Lobby.Lobby:PersistentLevel' has LevelScriptBlueprint '/Game/Maps/Lobby.Lobby:PersistentLevel.Lobby' with GeneratedClass '/Game/Maps/Lobby.Lobby_C' with ClassGeneratedBy '/Game/Maps/Lobby.Lobby:PersistentLevel.Lobby'
[2018.03.14-14.09.50:722][200]LogPlayLevel: Display: Destroying online subsystem :Context_5
[2018.03.14-14.09.50:722][200]LogOnline: Display: OSS: FOnlineSubsystemNull::Shutdown()
[2018.03.14-14.10.15:280][668]LogTemp: Repeating last play command: Selected Viewport
[2018.03.14-14.10.15:305][668]LogBlueprintUserMessages: Early PlayInEditor Detection: Level '/Game/Maps/Lobby.Lobby:PersistentLevel' has LevelScriptBlueprint '/Game/Maps/Lobby.Lobby:PersistentLevel.Lobby' with GeneratedClass '/Game/Maps/Lobby.Lobby_C' with ClassGeneratedBy '/Game/Maps/Lobby.Lobby:PersistentLevel.Lobby'
[2018.03.14-14.10.15:305][668]LogPlayLevel: PlayLevel: No blueprints needed recompiling
[2018.03.14-14.10.15:306][668]PIE: New page: PIE session: Lobby (14 Mar 2018 02:10:15)
[2018.03.14-14.10.15:306][668]LogPlayLevel: Creating play world package: /Game/Maps/UEDPIE_0_Lobby
[2018.03.14-14.10.15:315][668]LogPlayLevel: PIE: StaticDuplicateObject took: (0.009140s)
[2018.03.14-14.10.15:316][668]LogAIModule: Creating AISystem for world Lobby
[2018.03.14-14.10.15:316][668]LogPlayLevel: PIE: World Init took: (0.000754s)
[2018.03.14-14.10.15:316][668]LogPlayLevel: PIE: Created PIE world by copying editor world from /Game/Maps/Lobby.Lobby to /Game/Maps/UEDPIE_0_Lobby.Lobby (0.010234s)
[2018.03.14-14.10.15:341][668]LogInit: XAudio2 using 'Speakers (Cirrus Logic CS4206B (AB 83))' : 4 channels at 48 kHz using 16 bits per sample (channel mask 0x107)
[2018.03.14-14.10.15:346][668]LogInit: FAudioDevice initialized.
[2018.03.14-14.10.15:378][668]LogLoad: Game class is 'LobbyGM_C'
[2018.03.14-14.10.15:380][668]LogWorld: Bringing World /Game/Maps/UEDPIE_0_Lobby.Lobby up for play (max tick rate 60) at 2018.03.14-08.10.15
[2018.03.14-14.10.15:380][668]LogWorld: Bringing up level for play took: 0.001074
[2018.03.14-14.10.15:394][668]PIE: Play in editor start time for /Game/Maps/UEDPIE_0_Lobby 0.288
[2018.03.14-14.10.15:394][668]LogBlueprintUserMessages: Late PlayInEditor Detection: Level '/Game/Maps/Lobby.Lobby:PersistentLevel' has LevelScriptBlueprint '/Game/Maps/Lobby.Lobby:PersistentLevel.Lobby' with GeneratedClass '/Game/Maps/Lobby.Lobby_C' with ClassGeneratedBy '/Game/Maps/Lobby.Lobby:PersistentLevel.Lobby'
[2018.03.14-14.10.16:794][749]LogBlueprintUserMessages: Early EndPlayMap Detection: Level '/Game/Maps/Lobby.Lobby:PersistentLevel' has LevelScriptBlueprint '/Game/Maps/Lobby.Lobby:PersistentLevel.Lobby' with GeneratedClass '/Game/Maps/Lobby.Lobby_C' with ClassGeneratedBy '/Game/Maps/Lobby.Lobby:PersistentLevel.Lobby'
[2018.03.14-14.10.16:835][749]LogOnline: Display: OSS: FOnlineSubsystemNull::Shutdown()
[2018.03.14-14.10.16:835][749]LogOnline: Display: OSS: FOnlineAsyncTaskManager::Stop() ActiveTask:0000000000000000 Tasks[0/0]
[2018.03.14-14.10.16:836][749]LogOnline: Display: OSS: FOnlineAsyncTaskManager::Exit() started
[2018.03.14-14.10.16:836][749]LogOnline: Display: OSS: FOnlineAsyncTaskManager::Exit() finished
[2018.03.14-14.10.16:836][749]LogPlayLevel: Display: Shutting down PIE online subsystems
[2018.03.14-14.10.16:836][749]LogBlueprintUserMessages: Late EndPlayMap Detection: Level '/Game/Maps/Lobby.Lobby:PersistentLevel' has LevelScriptBlueprint '/Game/Maps/Lobby.Lobby:PersistentLevel.Lobby' with GeneratedClass '/Game/Maps/Lobby.Lobby_C' with ClassGeneratedBy '/Game/Maps/Lobby.Lobby:PersistentLevel.Lobby'
[2018.03.14-14.10.16:909][751]LogPlayLevel: Display: Destroying online subsystem :Context_6
[2018.03.14-14.10.16:909][751]LogOnline: Display: OSS: FOnlineSubsystemNull::Shutdown()
[2018.03.14-14.10.30:572][543]LogMaterial: Missing cached shader map for material Material_0, compiling. 
[2018.03.14-14.10.30:859][544]LogMaterial: Missing cached shader map for material Material_1, compiling. 
[2018.03.14-14.10.30:986][545]LogMaterial: Missing cached shader map for material Material_2, compiling. 
[2018.03.14-14.10.31:096][546]LogMaterial: Missing cached shader map for material Material_3, compiling. 
[2018.03.14-14.10.43:188][ 38]LogSlate: Took 0.000453 seconds to synchronously load lazily loaded font '../../../Engine/Content/Slate/Fonts/Roboto-Regular.ttf' (155K)
[2018.03.14-14.10.58:947][789]LogUObjectGlobals: Display: ReloadPackage failed to find a replacement object for 'Default__0_Base_C:CollisionCylinder.BodySetup_0' (transient) in the new package '/Game/Blueprints/Characters/0_Base'. Any existing references to this object will be nulled out.
[2018.03.14-14.11.39:945][ 15]LogUProjectInfo: Found projects:
[2018.03.14-14.11.42:898][192]Cmd: CLOSE_SLATE_MAINFRAME
[2018.03.14-14.11.44:355][192]LogSavePackage: Save=12.70ms
[2018.03.14-14.11.44:355][192]LogSavePackage: Moving '../../../../../../Users/Samuel Jones/Documents/GitHub/VR_Courtroom/Multiplayer_Project/Saved/LobbyGM4183857A440B7BA6315811AFFFD4F5A6.tmp' to '../../../../../../Users/Samuel Jones/Documents/GitHub/VR_Courtroom/Multiplayer_Project/Content/Blueprints/Lobby/LobbyGM.uasset'
[2018.03.14-14.11.44:360][192]LogSavePackage: Display: Finished SavePackage ../../../../../../Users/Samuel Jones/Documents/GitHub/VR_Courtroom/Multiplayer_Project/Content/Blueprints/Lobby/LobbyGM.uasset
[2018.03.14-14.11.44:473][192]LogWindowsTextInputMethodSystem: Display: IME system now deactivated.
[2018.03.14-14.11.44:684][193]Cmd: QUIT_EDITOR
[2018.03.14-14.11.45:434][193]LogExit: Preparing to exit.
[2018.03.14-14.11.46:563][193]LogDirectoryWatcher: A directory notification for 'C:/Users/Samuel Jones/Documents/GitHub/VR_Courtroom/Multiplayer_Project/Content/' was aborted.
[2018.03.14-14.11.46:602][193]LogExit: Editor shut down
[2018.03.14-14.11.46:607][193]LogExit: Transaction tracking system shut down
[2018.03.14-14.11.46:825][193]LogDirectoryWatcher: A directory notification for '../../../Engine/Content/' was aborted.
[2018.03.14-14.11.46:825][193]LogDirectoryWatcher: A directory notification for '../../../../../../Users/Samuel Jones/Documents/GitHub/VR_Courtroom/Multiplayer_Project/Content/' was aborted.
[2018.03.14-14.11.46:825][193]LogDirectoryWatcher: A directory notification for '../../../Engine/Plugins/2D/Paper2D/Content/' was aborted.
[2018.03.14-14.11.46:825][193]LogDirectoryWatcher: A directory notification for '../../../Engine/Plugins/Media/MediaCompositing/Content/' was aborted.
[2018.03.14-14.11.46:825][193]LogDirectoryWatcher: A directory notification for '../../../Engine/Plugins/Runtime/AppleARKit/Content/' was aborted.
[2018.03.14-14.11.46:826][193]LogDirectoryWatcher: A directory notification for '../../../Engine/Plugins/Runtime/Oculus/OculusVR/Content/' was aborted.
[2018.03.14-14.11.46:826][193]LogDirectoryWatcher: A directory notification for '../../../Engine/Plugins/Runtime/Steam/SteamVR/Content/' was aborted.
[2018.03.14-14.11.46:931][193]LogExit: Object subsystem successfully closed.
[2018.03.14-14.11.46:948][193]LogD3D11RHI: Shutdown
[2018.03.14-14.11.46:948][193]LogD3D11RHI: CleanupD3DDevice
[2018.03.14-14.11.46:950][193]LogD3D11RHI: ~FD3D11DynamicRHI
[2018.03.14-14.11.46:971][193]LogModuleManager: Shutting down and abandoning module MovieSceneCapture (560)
[2018.03.14-14.11.46:972][193]LogModuleManager: Shutting down and abandoning module Voice (558)
[2018.03.14-14.11.46:972][193]LogModuleManager: Shutting down and abandoning module PhysicsAssetEditor (556)
[2018.03.14-14.11.46:972][193]LogModuleManager: Shutting down and abandoning module PortalProxies (554)
[2018.03.14-14.11.46:972][193]LogModuleManager: Shutting down and abandoning module BlueprintGraph (552)
[2018.03.14-14.11.46:972][193]LogModuleManager: Shutting down and abandoning module HierarchicalLODOutliner (550)
[2018.03.14-14.11.46:972][193]LogModuleManager: Shutting down and abandoning module SceneOutliner (548)
[2018.03.14-14.11.46:972][193]LogModuleManager: Shutting down and abandoning module AddContentDialog (546)
[2018.03.14-14.11.46:972][193]LogDirectoryWatcher: A directory notification for 'C:/Program Files/Epic Games/UE_4.18/FeaturePacks/' was aborted.
[2018.03.14-14.11.46:973][193]LogModuleManager: Shutting down and abandoning module WidgetCarousel (545)
[2018.03.14-14.11.46:973][193]LogModuleManager: Shutting down and abandoning module EditorWidgets (542)
[2018.03.14-14.11.46:973][193]LogModuleManager: Shutting down and abandoning module CollectionManager (540)
[2018.03.14-14.11.46:973][193]LogDirectoryWatcher: A directory notification for 'C:/Users/Samuel Jones/Documents/GitHub/VR_Courtroom/Multiplayer_Project/Content/Collections/' was aborted.
[2018.03.14-14.11.46:973][193]LogDirectoryWatcher: A directory notification for 'C:/Users/Samuel Jones/Documents/GitHub/VR_Courtroom/Multiplayer_Project/Content/Developers/SamuelJones/Collections/' was aborted.
[2018.03.14-14.11.46:973][193]LogDirectoryWatcher: A directory notification for 'C:/Users/Samuel Jones/Documents/GitHub/VR_Courtroom/Multiplayer_Project/Saved/Collections/' was aborted.
[2018.03.14-14.11.46:973][193]LogModuleManager: Shutting down and abandoning module StatsViewer (538)
[2018.03.14-14.11.46:973][193]LogModuleManager: Shutting down and abandoning module FoliageEdit (536)
[2018.03.14-14.11.46:973][193]LogModuleManager: Shutting down and abandoning module LandscapeEditor (534)
[2018.03.14-14.11.46:973][193]LogModuleManager: Shutting down and abandoning module MeshPaintMode (532)
[2018.03.14-14.11.46:973][193]LogModuleManager: Shutting down and abandoning module SceneDepthPickerMode (530)
[2018.03.14-14.11.46:973][193]LogModuleManager: Shutting down and abandoning module ActorPickerMode (528)
[2018.03.14-14.11.46:973][193]LogModuleManager: Shutting down and abandoning module GeometryMode (526)
[2018.03.14-14.11.46:974][193]LogModuleManager: Shutting down and abandoning module TextureAlignMode (524)
[2018.03.14-14.11.46:974][193]LogModuleManager: Shutting down and abandoning module BspMode (522)
[2018.03.14-14.11.46:974][193]LogModuleManager: Shutting down and abandoning module PIEPreviewDeviceProfileSelector (520)
[2018.03.14-14.11.46:974][193]LogModuleManager: Shutting down and abandoning module HardwareSurvey (518)
[2018.03.14-14.11.46:974][193]LogModuleManager: Shutting down and abandoning module SequenceRecorderSections (516)
[2018.03.14-14.11.46:974][193]LogModuleManager: Shutting down and abandoning module AutomationWorker (514)
[2018.03.14-14.11.46:974][193]LogModuleManager: Shutting down and abandoning module MatineeToLevelSequence (512)
[2018.03.14-14.11.46:974][193]LogModuleManager: Shutting down and abandoning module LevelSequenceEditor (510)
[2018.03.14-14.11.46:974][193]LogModuleManager: Shutting down and abandoning module PlacementMode (509)
[2018.03.14-14.11.46:974][193]LogModuleManager: Shutting down and abandoning module WmfMediaFactory (506)
[2018.03.14-14.11.46:974][193]LogModuleManager: Shutting down and abandoning module WmfMediaEditor (504)
[2018.03.14-14.11.46:974][193]LogModuleManager: Shutting down and abandoning module OpenExrWrapper (502)
[2018.03.14-14.11.46:974][193]LogModuleManager: Shutting down and abandoning module ImgMediaFactory (500)
[2018.03.14-14.11.46:974][193]LogModuleManager: Shutting down and abandoning module ImgMediaEditor (498)
[2018.03.14-14.11.46:974][193]LogModuleManager: Shutting down and abandoning module AvfMediaFactory (496)
[2018.03.14-14.11.46:974][193]LogModuleManager: Shutting down and abandoning module AvfMediaEditor (494)
[2018.03.14-14.11.46:974][193]LogModuleManager: Shutting down and abandoning module AndroidMediaFactory (492)
[2018.03.14-14.11.46:974][193]LogModuleManager: Shutting down and abandoning module AndroidMediaEditor (490)
[2018.03.14-14.11.46:974][193]LogModuleManager: Shutting down and abandoning module CharacterAI (488)
[2018.03.14-14.11.46:974][193]LogModuleManager: Shutting down and abandoning module AudioCapture (486)
[2018.03.14-14.11.46:974][193]LogModuleManager: Shutting down and abandoning module SequenceRecorder (485)
[2018.03.14-14.11.46:974][193]LogModuleManager: Shutting down and abandoning module SmartSnapping (482)
[2018.03.14-14.11.46:974][193]LogModuleManager: Shutting down and abandoning module SessionServices (480)
[2018.03.14-14.11.46:974][193]LogModuleManager: Shutting down and abandoning module ViewportSnapping (478)
[2018.03.14-14.11.46:974][193]LogModuleManager: Shutting down and abandoning module ViewportInteraction (476)
[2018.03.14-14.11.46:974][193]LogModuleManager: Shutting down and abandoning module ClothPainter (474)
[2018.03.14-14.11.46:974][193]LogModuleManager: Shutting down and abandoning module SkeletalMeshEditor (473)
[2018.03.14-14.11.46:974][193]LogModuleManager: Shutting down and abandoning module LogVisualizer (470)
[2018.03.14-14.11.46:975][193]LogModuleManager: Shutting down and abandoning module IntroTutorials (468)
[2018.03.14-14.11.46:975][193]LogModuleManager: Shutting down and abandoning module GameProjectGeneration (467)
[2018.03.14-14.11.46:975][193]LogModuleManager: Shutting down and abandoning module IOSPlatformEditor (464)
[2018.03.14-14.11.46:975][193]LogModuleManager: Shutting down and abandoning module HTML5PlatformEditor (462)
[2018.03.14-14.11.46:975][193]LogModuleManager: Shutting down and abandoning module AndroidPlatformEditor (460)
[2018.03.14-14.11.46:975][193]LogModuleManager: Shutting down and abandoning module AndroidDeviceDetection (459)
[2018.03.14-14.11.47:111][193]LogModuleManager: Shutting down and abandoning module WindowsPlatformEditor (456)
[2018.03.14-14.11.47:112][193]LogModuleManager: Shutting down and abandoning module IOSRuntimeSettings (454)
[2018.03.14-14.11.47:112][193]LogModuleManager: Shutting down and abandoning module AndroidRuntimeSettings (452)
[2018.03.14-14.11.47:112][193]LogModuleManager: Shutting down and abandoning module InputBindingEditor (450)
[2018.03.14-14.11.47:112][193]LogModuleManager: Shutting down and abandoning module MergeActors (448)
[2018.03.14-14.11.47:112][193]LogModuleManager: Shutting down and abandoning module SizeMap (446)
[2018.03.14-14.11.47:112][193]LogModuleManager: Shutting down and abandoning module TreeMap (444)
[2018.03.14-14.11.47:112][193]LogModuleManager: Shutting down and abandoning module ReferenceViewer (442)
[2018.03.14-14.11.47:112][193]LogModuleManager: Shutting down and abandoning module LocalizationDashboard (440)
[2018.03.14-14.11.47:112][193]LogModuleManager: Shutting down and abandoning module LocalizationService (439)
[2018.03.14-14.11.47:112][193]LogModuleManager: Shutting down and abandoning module HardwareTargeting (436)
[2018.03.14-14.11.47:112][193]LogModuleManager: Shutting down and abandoning module DeviceProfileEditor (434)
[2018.03.14-14.11.47:112][193]LogModuleManager: Shutting down and abandoning module UndoHistory (432)
[2018.03.14-14.11.47:112][193]LogModuleManager: Shutting down and abandoning module XmlParser (430)
[2018.03.14-14.11.47:112][193]LogModuleManager: Shutting down and abandoning module Blutility (428)
[2018.03.14-14.11.47:112][193]LogModuleManager: Shutting down and abandoning module ProjectSettingsViewer (426)
[2018.03.14-14.11.47:112][193]LogModuleManager: Shutting down and abandoning module ProjectTargetPlatformEditor (425)
[2018.03.14-14.11.47:112][193]LogModuleManager: Shutting down and abandoning module EditorSettingsViewer (422)
[2018.03.14-14.11.47:112][193]LogModuleManager: Shutting down and abandoning module SettingsEditor (420)
[2018.03.14-14.11.47:112][193]LogModuleManager: Shutting down and abandoning module ProjectLauncher (418)
[2018.03.14-14.11.47:112][193]LogModuleManager: Shutting down and abandoning module SessionFrontend (416)
[2018.03.14-14.11.47:112][193]LogModuleManager: Shutting down and abandoning module ProfilerClient (414)
[2018.03.14-14.11.47:112][193]LogModuleManager: Shutting down and abandoning module DeviceManager (412)
[2018.03.14-14.11.47:112][193]LogModuleManager: Shutting down and abandoning module TargetDeviceServices (411)
[2018.03.14-14.11.47:167][193]LogModuleManager: Shutting down and abandoning module AutomationController (408)
[2018.03.14-14.11.47:167][193]LogModuleManager: Shutting down and abandoning module AutomationWindow (406)
[2018.03.14-14.11.47:167][193]LogModuleManager: Shutting down and abandoning module Layers (404)
[2018.03.14-14.11.47:167][193]LogModuleManager: Shutting down and abandoning module ComponentVisualizers (402)
[2018.03.14-14.11.47:167][193]LogModuleManager: Shutting down and abandoning module DetailCustomizations (400)
[2018.03.14-14.11.47:167][193]LogModuleManager: Shutting down and abandoning module PackagesDialog (398)
[2018.03.14-14.11.47:167][193]LogModuleManager: Shutting down and abandoning module Persona (396)
[2018.03.14-14.11.47:167][193]LogModuleManager: Shutting down and abandoning module AdvancedPreviewScene (395)
[2018.03.14-14.11.47:167][193]LogModuleManager: Shutting down and abandoning module AnimGraph (393)
[2018.03.14-14.11.47:167][193]LogModuleManager: Shutting down and abandoning module Kismet (390)
[2018.03.14-14.11.47:175][193]LogModuleManager: Shutting down and abandoning module ClassViewer (388)
[2018.03.14-14.11.47:177][193]LogModuleManager: Shutting down and abandoning module Toolbox (386)
[2018.03.14-14.11.47:177][193]LogModuleManager: Shutting down and abandoning module ModuleUI (384)
[2018.03.14-14.11.47:177][193]LogModuleManager: Shutting down and abandoning module MovieSceneTools (382)
[2018.03.14-14.11.47:177][193]LogModuleManager: Shutting down and abandoning module OutputLog (380)
[2018.03.14-14.11.47:177][193]LogModuleManager: Shutting down and abandoning module GammaUI (378)
[2018.03.14-14.11.47:177][193]LogModuleManager: Shutting down and abandoning module Documentation (376)
[2018.03.14-14.11.47:177][193]LogModuleManager: Shutting down and abandoning module MovieSceneTracks (374)
[2018.03.14-14.11.47:177][193]LogModuleManager: Shutting down and abandoning module MovieScene (372)
[2018.03.14-14.11.47:177][193]LogModuleManager: Shutting down and abandoning module StreamingPauseRendering (370)
[2018.03.14-14.11.47:177][193]LogModuleManager: Shutting down and abandoning module LauncherPlatform (368)
[2018.03.14-14.11.47:177][193]LogModuleManager: Shutting down and abandoning module AnalyticsET (366)
[2018.03.14-14.11.47:177][193]LogModuleManager: Shutting down and abandoning module PortalServices (364)
[2018.03.14-14.11.47:177][193]LogModuleManager: Shutting down and abandoning module PortalRpc (362)
[2018.03.14-14.11.47:177][193]LogModuleManager: Shutting down and abandoning module MessagingRpc (360)
[2018.03.14-14.11.47:177][193]LogModuleManager: Shutting down and abandoning module AIModule (358)
[2018.03.14-14.11.47:177][193]LogModuleManager: Shutting down and abandoning module GameplayDebugger (357)
[2018.03.14-14.11.47:177][193]LogModuleManager: Shutting down and abandoning module AITestSuite (355)
[2018.03.14-14.11.47:177][193]LogModuleManager: Shutting down and abandoning module DesktopPlatform (352)
[2018.03.14-14.11.47:178][193]LogModuleManager: Shutting down and abandoning module ProfilerService (350)
[2018.03.14-14.11.47:405][193]LogModuleManager: Shutting down and abandoning module TaskGraph (348)
[2018.03.14-14.11.47:405][193]LogModuleManager: Shutting down and abandoning module SteamVRController (346)
[2018.03.14-14.11.47:405][193]LogModuleManager: Shutting down and abandoning module ProceduralMeshComponentEditor (344)
[2018.03.14-14.11.47:405][193]LogModuleManager: Shutting down and abandoning module ProceduralMeshComponent (342)
[2018.03.14-14.11.47:406][193]LogModuleManager: Shutting down and abandoning module OculusInput (340)
[2018.03.14-14.11.47:406][193]LogModuleManager: Shutting down and abandoning module MobilePatchingUtils (338)
[2018.03.14-14.11.47:406][193]LogModuleManager: Shutting down and abandoning module CustomMeshComponent (336)
[2018.03.14-14.11.47:406][193]LogModuleManager: Shutting down and abandoning module CableComponent (334)
[2018.03.14-14.11.47:406][193]LogModuleManager: Shutting down and abandoning module ArchVisCharacter (332)
[2018.03.14-14.11.47:406][193]LogModuleManager: Shutting down and abandoning module AndroidPermission (330)
[2018.03.14-14.11.47:406][193]LogModuleManager: Shutting down and abandoning module ActorSequence (328)
[2018.03.14-14.11.47:406][193]LogModuleManager: Shutting down and abandoning module MediaPlayerEditor (326)
[2018.03.14-14.11.47:406][193]LogModuleManager: Shutting down and abandoning module MediaCompositingEditor (324)
[2018.03.14-14.11.47:406][193]LogModuleManager: Shutting down and abandoning module MediaCompositing (322)
[2018.03.14-14.11.47:406][193]LogModuleManager: Shutting down and abandoning module HTML5Networking (320)
[2018.03.14-14.11.47:406][193]LogModuleManager: Shutting down and abandoning module AlembicImporter (318)
[2018.03.14-14.11.47:406][193]LogModuleManager: Shutting down and abandoning module AlembicLibrary (317)
[2018.03.14-14.11.47:406][193]LogModuleManager: Shutting down and abandoning module GeometryCache (316)
[2018.03.14-14.11.47:406][193]LogModuleManager: Shutting down and abandoning module GeometryCacheEd (315)
[2018.03.14-14.11.47:406][193]LogModuleManager: Shutting down and abandoning module SpeedTreeImporter (310)
[2018.03.14-14.11.47:406][193]LogModuleManager: Shutting down and abandoning module PluginBrowser (308)
[2018.03.14-14.11.47:406][193]LogModuleManager: Shutting down and abandoning module MobileLauncherProfileWizard (306)
[2018.03.14-14.11.47:406][193]LogModuleManager: Shutting down and abandoning module VisualStudioSourceCodeAccess (304)
[2018.03.14-14.11.47:406][193]LogModuleManager: Shutting down and abandoning module VisualStudioCodeSourceCodeAccess (302)
[2018.03.14-14.11.47:406][193]LogModuleManager: Shutting down and abandoning module UObjectPlugin (300)
[2018.03.14-14.11.47:406][193]LogModuleManager: Shutting down and abandoning module SubversionSourceControl (298)
[2018.03.14-14.11.47:406][193]LogModuleManager: Shutting down and abandoning module PerforceSourceControl (296)
[2018.03.14-14.11.47:406][193]LogModuleManager: Shutting down and abandoning module GitSourceControl (294)
[2018.03.14-14.11.47:406][193]LogModuleManager: Shutting down and abandoning module SourceControl (293)
[2018.03.14-14.11.47:406][193]LogModuleManager: Shutting down and abandoning module LightPropagationVolumeEditor (290)
[2018.03.14-14.11.47:406][193]LogModuleManager: Shutting down and abandoning module PaperTiledImporter (288)
[2018.03.14-14.11.47:406][193]LogModuleManager: Shutting down and abandoning module PaperSpriteSheetImporter (286)
[2018.03.14-14.11.47:406][193]LogModuleManager: Shutting down and abandoning module Paper2DEditor (284)
[2018.03.14-14.11.47:407][193]LogModuleManager: Shutting down and abandoning module MeshPaint (283)
[2018.03.14-14.11.47:407][193]LogModuleManager: Shutting down and abandoning module LevelEditor (281)
[2018.03.14-14.11.47:408][193]LogModuleManager: Shutting down and abandoning module PixelInspectorModule (280)
[2018.03.14-14.11.47:408][193]LogModuleManager: Shutting down and abandoning module MainFrame (278)
[2018.03.14-14.11.47:408][193]LogModuleManager: Shutting down and abandoning module HotReload (277)
[2018.03.14-14.11.47:408][193]LogDirectoryWatcher: A directory notification for 'C:/Users/Samuel Jones/Documents/GitHub/VR_Courtroom/Multiplayer_Project/Binaries/Win64' was aborted.
[2018.03.14-14.11.47:408][193]LogModuleManager: Shutting down and abandoning module RuntimePhysXCooking (272)
[2018.03.14-14.11.47:408][193]LogModuleManager: Shutting down and abandoning module PhysXVehiclesEditor (270)
[2018.03.14-14.11.47:408][193]LogModuleManager: Shutting down and abandoning module PhysXVehicles (268)
[2018.03.14-14.11.47:408][193]LogModuleManager: Shutting down and abandoning module OculusEditor (266)
[2018.03.14-14.11.47:408][193]LogModuleManager: Shutting down and abandoning module LocationServicesBPLibrary (264)
[2018.03.14-14.11.47:408][193]LogModuleManager: Shutting down and abandoning module ImmediatePhysicsEditor (262)
[2018.03.14-14.11.47:408][193]LogModuleManager: Shutting down and abandoning module ImmediatePhysics (260)
[2018.03.14-14.11.47:409][193]LogModuleManager: Shutting down and abandoning module UdpMessaging (258)
[2018.03.14-14.11.47:509][193]LogModuleManager: Shutting down and abandoning module TcpMessaging (256)
[2018.03.14-14.11.47:610][193]LogModuleManager: Shutting down and abandoning module GameplayTagsEditor (254)
[2018.03.14-14.11.47:610][193]LogModuleManager: Shutting down and abandoning module FacialAnimationEditor (252)
[2018.03.14-14.11.47:610][193]LogModuleManager: Shutting down and abandoning module FacialAnimation (250)
[2018.03.14-14.11.47:610][193]LogModuleManager: Shutting down and abandoning module AssetManagerEditor (248)
[2018.03.14-14.11.47:610][193]LogModuleManager: Shutting down and abandoning module GraphEditor (247)
[2018.03.14-14.11.47:610][193]LogModuleManager: Shutting down and abandoning module ContentBrowser (245)
[2018.03.14-14.11.47:612][193]LogModuleManager: Shutting down and abandoning module LightPropagationVolumeRuntime (242)
[2018.03.14-14.11.47:612][193]LogModuleManager: Shutting down and abandoning module Paper2D (240)
[2018.03.14-14.11.47:612][193]LogModuleManager: Shutting down and abandoning module WindowsMoviePlayer (238)
[2018.03.14-14.11.47:612][193]LogModuleManager: Shutting down and abandoning module WmfMedia (236)
[2018.03.14-14.11.47:616][193]LogModuleManager: Shutting down and abandoning module ImgMedia (234)
[2018.03.14-14.11.47:616][193]LogModuleManager: Shutting down and abandoning module PacketHandler (232)
[2018.03.14-14.11.47:616][193]LogModuleManager: Shutting down and abandoning module ClothingSystemEditor (230)
[2018.03.14-14.11.47:616][193]LogModuleManager: Shutting down and abandoning module ClothingSystemRuntime (228)
[2018.03.14-14.11.47:616][193]LogModuleManager: Shutting down and abandoning module MediaAssets (226)
[2018.03.14-14.11.47:616][193]LogModuleManager: Shutting down and abandoning module Media (225)
[2018.03.14-14.11.47:622][193]LogModuleManager: Shutting down and abandoning module Overlay (222)
[2018.03.14-14.11.47:622][193]LogModuleManager: Shutting down and abandoning module OverlayEditor (221)
[2018.03.14-14.11.47:622][193]LogModuleManager: Shutting down and abandoning module VREditor (218)
[2018.03.14-14.11.47:623][193]LogModuleManager: Shutting down and abandoning module StringTableEditor (216)
[2018.03.14-14.11.47:623][193]LogModuleManager: Shutting down and abandoning module GameplayTasksEditor (214)
[2018.03.14-14.11.47:623][193]LogModuleManager: Shutting down and abandoning module BehaviorTreeEditor (212)
[2018.03.14-14.11.47:623][193]LogModuleManager: Shutting down and abandoning module FunctionalTesting (210)
[2018.03.14-14.11.47:623][193]LogModuleManager: Shutting down and abandoning module CollisionAnalyzer (208)
[2018.03.14-14.11.47:623][193]LogModuleManager: Shutting down and abandoning module WorkspaceMenuStructure (207)
[2018.03.14-14.11.47:623][193]LogModuleManager: Shutting down and abandoning module UMG (204)
[2018.03.14-14.11.47:623][193]LogModuleManager: Shutting down and abandoning module UMGEditor (203)
[2018.03.14-14.11.47:623][193]LogModuleManager: Shutting down and abandoning module Sequencer (202)
[2018.03.14-14.11.47:623][193]LogModuleManager: Shutting down and abandoning module MessageLog (199)
[2018.03.14-14.11.47:623][193]LogModuleManager: Shutting down and abandoning module SlateReflector (194)
[2018.03.14-14.11.47:623][193]LogModuleManager: Shutting down and abandoning module Slate (192)
[2018.03.14-14.11.47:623][193]LogModuleManager: Shutting down and abandoning module EditorStyle (190)
[2018.03.14-14.11.47:626][193]LogModuleManager: Shutting down and abandoning module MRMesh (188)
[2018.03.14-14.11.47:626][193]LogModuleManager: Shutting down and abandoning module SourceCodeAccess (186)
[2018.03.14-14.11.47:626][193]LogModuleManager: Shutting down and abandoning module HeadMountedDisplay (184)
[2018.03.14-14.11.47:626][193]LogModuleManager: Shutting down and abandoning module XAudio2 (182)
[2018.03.14-14.11.47:626][193]LogModuleManager: Shutting down and abandoning module Networking (180)
[2018.03.14-14.11.47:626][193]LogModuleManager: Shutting down and abandoning module Core (178)
[2018.03.14-14.11.47:626][193]LogModuleManager: Shutting down and abandoning module LevelSequence (174)
[2018.03.14-14.11.47:626][193]LogModuleManager: Shutting down and abandoning module DirectoryWatcher (172)
[2018.03.14-14.11.47:627][193]LogModuleManager: Shutting down and abandoning module KismetCompiler (170)
[2018.03.14-14.11.47:627][193]LogModuleManager: Shutting down and abandoning module MeshUtilities (168)
[2018.03.14-14.11.47:627][193]LogModuleManager: Shutting down and abandoning module MeshMergeUtilities (167)
[2018.03.14-14.11.47:627][193]LogModuleManager: Shutting down and abandoning module MeshReductionInterface (166)
[2018.03.14-14.11.47:627][193]LogModuleManager: Shutting down and abandoning module SimplygonSwarm (165)
[2018.03.14-14.11.47:627][193]LogModuleManager: Shutting down and abandoning module SimplygonMeshReduction (163)
[2018.03.14-14.11.47:627][193]LogModuleManager: Shutting down and abandoning module QuadricMeshReduction (161)
[2018.03.14-14.11.47:627][193]LogModuleManager: Shutting down and abandoning module MaterialBaking (157)
[2018.03.14-14.11.47:627][193]LogModuleManager: Shutting down and abandoning module DerivedDataCache (154)
[2018.03.14-14.11.47:693][193]LogDerivedDataCache: Shutdown
[2018.03.14-14.11.47:693][193]LogModuleManager: Shutting down and abandoning module TargetPlatform (152)
[2018.03.14-14.11.47:693][193]LogModuleManager: Shutting down and abandoning module VulkanShaderFormat (151)
[2018.03.14-14.11.47:693][193]LogModuleManager: Shutting down and abandoning module ShaderFormatVectorVM (149)
[2018.03.14-14.11.47:693][193]LogModuleManager: Shutting down and abandoning module ShaderFormatOpenGL (147)
[2018.03.14-14.11.47:693][193]LogModuleManager: Shutting down and abandoning module ShaderFormatD3D (145)
[2018.03.14-14.11.47:694][193]LogModuleManager: Shutting down and abandoning module MetalShaderFormat (143)
[2018.03.14-14.11.47:694][193]LogModuleManager: Shutting down and abandoning module TextureFormatUncompressed (141)
[2018.03.14-14.11.47:694][193]LogModuleManager: Shutting down and abandoning module TextureFormatPVR (139)
[2018.03.14-14.11.47:694][193]LogModuleManager: Shutting down and abandoning module TextureFormatDXT (137)
[2018.03.14-14.11.47:694][193]LogModuleManager: Shutting down and abandoning module TextureFormatIntelISPCTexComp (135)
[2018.03.14-14.11.47:694][193]LogModuleManager: Shutting down and abandoning module TextureFormatASTC (133)
[2018.03.14-14.11.47:694][193]LogModuleManager: Shutting down and abandoning module ImageWrapper (132)
[2018.03.14-14.11.47:694][193]LogModuleManager: Shutting down and abandoning module TextureFormatAndroid (129)
[2018.03.14-14.11.47:694][193]LogModuleManager: Shutting down and abandoning module AudioFormatOpus (127)
[2018.03.14-14.11.47:694][193]LogModuleManager: Shutting down and abandoning module AudioFormatOgg (125)
[2018.03.14-14.11.47:694][193]LogModuleManager: Shutting down and abandoning module AudioFormatADPCM (123)
[2018.03.14-14.11.47:694][193]LogModuleManager: Shutting down and abandoning module LinuxTargetPlatform (121)
[2018.03.14-14.11.47:694][193]LogModuleManager: Shutting down and abandoning module LinuxServerTargetPlatform (119)
[2018.03.14-14.11.47:694][193]LogModuleManager: Shutting down and abandoning module LinuxNoEditorTargetPlatform (117)
[2018.03.14-14.11.47:694][193]LogModuleManager: Shutting down and abandoning module LinuxClientTargetPlatform (115)
[2018.03.14-14.11.47:694][193]LogModuleManager: Shutting down and abandoning module TVOSTargetPlatform (113)
[2018.03.14-14.11.47:694][193]LogModuleManager: Shutting down and abandoning module Messaging (111)
[2018.03.14-14.11.47:694][193]LogModuleManager: Shutting down and abandoning module IOSTargetPlatform (109)
[2018.03.14-14.11.47:694][193]LogModuleManager: Shutting down and abandoning module HTML5TargetPlatform (107)
[2018.03.14-14.11.47:694][193]LogModuleManager: Shutting down and abandoning module AndroidTargetPlatform (105)
[2018.03.14-14.11.47:694][193]LogModuleManager: Shutting down and abandoning module Android_PVRTCTargetPlatform (103)
[2018.03.14-14.11.47:694][193]LogModuleManager: Shutting down and abandoning module Android_MultiTargetPlatform (101)
[2018.03.14-14.11.47:694][193]LogModuleManager: Shutting down and abandoning module Android_ETC2TargetPlatform (99)
[2018.03.14-14.11.47:694][193]LogModuleManager: Shutting down and abandoning module Android_ETC1TargetPlatform (97)
[2018.03.14-14.11.47:694][193]LogModuleManager: Shutting down and abandoning module Android_DXTTargetPlatform (95)
[2018.03.14-14.11.47:694][193]LogModuleManager: Shutting down and abandoning module Android_ATCTargetPlatform (93)
[2018.03.14-14.11.47:694][193]LogModuleManager: Shutting down and abandoning module Android_ASTCTargetPlatform (91)
[2018.03.14-14.11.47:694][193]LogModuleManager: Shutting down and abandoning module WindowsTargetPlatform (89)
[2018.03.14-14.11.47:694][193]LogModuleManager: Shutting down and abandoning module WindowsServerTargetPlatform (87)
[2018.03.14-14.11.47:694][193]LogModuleManager: Shutting down and abandoning module WindowsNoEditorTargetPlatform (85)
[2018.03.14-14.11.47:694][193]LogModuleManager: Shutting down and abandoning module WindowsClientTargetPlatform (83)
[2018.03.14-14.11.47:694][193]LogModuleManager: Shutting down and abandoning module MacTargetPlatform (81)
[2018.03.14-14.11.47:694][193]LogModuleManager: Shutting down and abandoning module MacServerTargetPlatform (79)
[2018.03.14-14.11.47:694][193]LogModuleManager: Shutting down and abandoning module MacNoEditorTargetPlatform (77)
[2018.03.14-14.11.47:694][193]LogModuleManager: Shutting down and abandoning module MacClientTargetPlatform (75)
[2018.03.14-14.11.47:694][193]LogModuleManager: Shutting down and abandoning module AllDesktopTargetPlatform (73)
[2018.03.14-14.11.47:694][193]LogModuleManager: Shutting down and abandoning module InputCore (70)
[2018.03.14-14.11.47:694][193]LogModuleManager: Shutting down and abandoning module Settings (68)
[2018.03.14-14.11.47:695][193]LogModuleManager: Shutting down and abandoning module PhysXCooking (66)
[2018.03.14-14.11.47:695][193]LogModuleManager: Shutting down and abandoning module SteamVR (64)
[2018.03.14-14.11.47:695][193]LogModuleManager: Shutting down and abandoning module OculusHMD (62)
[2018.03.14-14.11.47:695][193]LogModuleManager: Shutting down and abandoning module ExampleDeviceProfileSelector (60)
[2018.03.14-14.11.47:695][193]LogModuleManager: Shutting down and abandoning module AppleARKit (58)
[2018.03.14-14.11.47:695][193]LogModuleManager: Shutting down and abandoning module AugmentedReality (57)
[2018.03.14-14.11.47:695][193]LogModuleManager: Shutting down and abandoning module OnlineBlueprintSupport (54)
[2018.03.14-14.11.47:695][193]LogModuleManager: Shutting down and abandoning module OnlineSubsystem (50)
[2018.03.14-14.11.47:695][193]LogOnline: Display: OSS: FOnlineSubsystemNull::Shutdown()
[2018.03.14-14.11.47:695][193]LogOnline: Display: OSS: FOnlineAsyncTaskManager::Stop() ActiveTask:0000000000000000 Tasks[0/0]
[2018.03.14-14.11.47:696][193]LogOnline: Display: OSS: FOnlineAsyncTaskManager::Exit() started
[2018.03.14-14.11.47:696][193]LogOnline: Display: OSS: FOnlineAsyncTaskManager::Exit() finished
[2018.03.14-14.11.47:696][193]LogModuleManager: Shutting down and abandoning module XMPP (43)
[2018.03.14-14.11.47:696][193]LogModuleManager: Shutting down and abandoning module HTTP (41)
[2018.03.14-14.11.47:696][193]LogHttp: Display: Http module shutting down, but needs to wait on 1 outstanding Http requests:
[2018.03.14-14.11.47:696][193]LogHttp: Display: 	verb=[POST] url=[https://datarouter.ol.epicgames.com/datarouter/api/v1/public/data?SessionID=%7BBFB25BF8-4179-B6D5-E56E-49A003C33811%7D&AppID=UEEditor.Rocket.Release&AppVersion=4.18.3-3832480%2B%2B%2BUE4%2BRelease-4.18&UserID=e84924774c2888b1dc050aa2fec1e71d%7Cab82d8f57509469a8171774633e6e5e6%7C5b5f5390-e609-4ad3-a296-5df869db6483&AppEnvironment=datacollector-binary&UploadType=eteventstream] status=Processing
[2018.03.14-14.11.47:729][193]LogModuleManager: Shutting down and abandoning module SSL (40)
[2018.03.14-14.11.47:731][193]LogModuleManager: Shutting down and abandoning module AnimationModifiers (36)
[2018.03.14-14.11.47:731][193]LogModuleManager: Shutting down and abandoning module PropertyEditor (35)
[2018.03.14-14.11.47:731][193]LogModuleManager: Shutting down and abandoning module AudioEditor (32)
[2018.03.14-14.11.47:731][193]LogModuleManager: Shutting down and abandoning module TextureCompressor (30)
[2018.03.14-14.11.47:731][193]LogModuleManager: Shutting down and abandoning module ShaderCore (28)
[2018.03.14-14.11.47:731][193]LogModuleManager: Shutting down and abandoning module Landscape (26)
[2018.03.14-14.11.47:731][193]LogModuleManager: Shutting down and abandoning module SlateRHIRenderer (24)
[2018.03.14-14.11.47:732][193]LogModuleManager: Shutting down and abandoning module OpenGLDrv (22)
[2018.03.14-14.11.47:732][193]LogModuleManager: Shutting down and abandoning module D3D11RHI (20)
[2018.03.14-14.11.47:732][193]LogModuleManager: Shutting down and abandoning module AnimGraphRuntime (18)
[2018.03.14-14.11.47:732][193]LogModuleManager: Shutting down and abandoning module Renderer (16)
[2018.03.14-14.11.47:732][193]LogModuleManager: Shutting down and abandoning module Engine (14)
[2018.03.14-14.11.47:733][193]LogModuleManager: Shutting down and abandoning module CoreUObject (12)
[2018.03.14-14.11.47:733][193]LogModuleManager: Shutting down and abandoning module NetworkFile (10)
[2018.03.14-14.11.47:733][193]LogModuleManager: Shutting down and abandoning module CookedIterativeFile (8)
[2018.03.14-14.11.47:733][193]LogModuleManager: Shutting down and abandoning module StreamingFile (6)
[2018.03.14-14.11.47:733][193]LogModuleManager: Shutting down and abandoning module SandboxFile (4)
[2018.03.14-14.11.47:733][193]LogModuleManager: Shutting down and abandoning module PakFile (2)
[2018.03.14-14.11.47:736][193]LogExit: Exiting.
[2018.03.14-14.11.47:755][193]Log file closed, 03/14/18 08:11:47
