Log file open, 03/22/18 11:04:32
LogWindows: Failed to load 'aqProf.dll' (GetLastError=126)
LogWindows: File 'aqProf.dll' does not exist
LogWindows: Failed to load 'VtuneApi.dll' (GetLastError=126)
LogWindows: File 'VtuneApi.dll' does not exist
LogWindows: Failed to load 'VtuneApi32e.dll' (GetLastError=126)
LogWindows: File 'VtuneApi32e.dll' does not exist
LogInit: Display: Running engine for game: Multiplayer_Project
LogPlatformFile: Not using cached read wrapper
LogInit: Display: RandInit(1802640574) SRandInit(1802640574).
LogInit: Read version file with build ID 'e06bb69e-6e77-4e3c-9cbe-70b3713e0af7'
LogInit: Registered custom module enumerator with build ID 'e06bb69e-6e77-4e3c-9cbe-70b3713e0af7'
LogInit: Warning: Passing commandline switches using / instead of - has been deprecated and will be removed in future versions of Unreal Engine.
LogTaskGraph: Started task graph with 5 named threads and 14 total threads with 3 sets of task threads.
LogStats: Stats thread started at 0.162817
LogD3D11RHI: Aftermath initialized
LogInit: Warning: Passing commandline switches using / instead of - has been deprecated and will be removed in future versions of Unreal Engine.
LogModuleManager: Display: Found up-to-date module file ../../../Engine/Plugins/Online/OnlineSubsystemSteam/Binaries/Win64/UE4Editor-OnlineSubsystemSteam.dll (API version 0).
LogModuleManager: Display: Found up-to-date module file ../../../Engine/Plugins/Online/OnlineSubsystem/Binaries/Win64/UE4Editor-OnlineSubsystem.dll (API version 0).
LogModuleManager: Display: Found up-to-date module file ../../../Engine/Plugins/Online/OnlineSubsystemUtils/Binaries/Win64/UE4Editor-OnlineSubsystemUtils.dll (API version 0).
LogModuleManager: Display: Found up-to-date module file ../../../Engine/Plugins/Online/OnlineSubsystemUtils/Binaries/Win64/UE4Editor-OnlineBlueprintSupport.dll (API version 0).
LogModuleManager: Display: Found up-to-date module file ../../../Engine/Plugins/2D/Paper2D/Binaries/Win64/UE4Editor-Paper2D.dll (API version 0).
LogModuleManager: Display: Found up-to-date module file ../../../Engine/Plugins/2D/Paper2D/Binaries/Win64/UE4Editor-Paper2DEditor.dll (API version 0).
LogModuleManager: Display: Found up-to-date module file ../../../Engine/Plugins/2D/Paper2D/Binaries/Win64/UE4Editor-PaperSpriteSheetImporter.dll (API version 0).
LogModuleManager: Display: Found up-to-date module file ../../../Engine/Plugins/2D/Paper2D/Binaries/Win64/UE4Editor-PaperTiledImporter.dll (API version 0).
LogModuleManager: Display: Found up-to-date module file ../../../Engine/Plugins/2D/Paper2D/Binaries/Win64/UE4Editor-SmartSnapping.dll (API version 0).
LogModuleManager: Display: Found up-to-date module file ../../../Engine/Plugins/Blendables/LightPropagationVolume/Binaries/Win64/UE4Editor-LightPropagationVolumeRuntime.dll (API version 0).
LogModuleManager: Display: Found up-to-date module file ../../../Engine/Plugins/Blendables/LightPropagationVolume/Binaries/Win64/UE4Editor-LightPropagationVolumeEditor.dll (API version 0).
LogModuleManager: Display: Found up-to-date module file ../../../Engine/Plugins/Developer/GitSourceControl/Binaries/Win64/UE4Editor-GitSourceControl.dll (API version 0).
LogModuleManager: Display: Found up-to-date module file ../../../Engine/Plugins/Developer/PerforceSourceControl/Binaries/Win64/UE4Editor-PerforceSourceControl.dll (API version 0).
LogModuleManager: Display: Found up-to-date module file ../../../Engine/Plugins/Developer/SubversionSourceControl/Binaries/Win64/UE4Editor-SubversionSourceControl.dll (API version 0).
LogModuleManager: Display: Found up-to-date module file ../../../Engine/Plugins/Developer/UObjectPlugin/Binaries/Win64/UE4Editor-UObjectPlugin.dll (API version 0).
LogModuleManager: Display: Found up-to-date module file ../../../Engine/Plugins/Developer/VisualStudioCodeSourceCodeAccess/Binaries/Win64/UE4Editor-VisualStudioCodeSourceCodeAccess.dll (API version 0).
LogModuleManager: Display: Found up-to-date module file ../../../Engine/Plugins/Developer/VisualStudioSourceCodeAccess/Binaries/Win64/UE4Editor-VisualStudioSourceCodeAccess.dll (API version 0).
LogModuleManager: Display: Found up-to-date module file ../../../Engine/Plugins/Editor/AssetManagerEditor/Binaries/Win64/UE4Editor-AssetManagerEditor.dll (API version 0).
LogModuleManager: Display: Found up-to-date module file ../../../Engine/Plugins/Editor/AudioCapture/Binaries/Win64/UE4Editor-AudioCapture.dll (API version 0).
LogModuleManager: Display: Found up-to-date module file ../../../Engine/Plugins/Editor/FacialAnimation/Binaries/Win64/UE4Editor-FacialAnimation.dll (API version 0).
LogModuleManager: Display: Found up-to-date module file ../../../Engine/Plugins/Editor/FacialAnimation/Binaries/Win64/UE4Editor-FacialAnimationEditor.dll (API version 0).
LogModuleManager: Display: Found up-to-date module file ../../../Engine/Plugins/Editor/GameplayTagsEditor/Binaries/Win64/UE4Editor-GameplayTagsEditor.dll (API version 0).
LogModuleManager: Display: Found up-to-date module file ../../../Engine/Plugins/Editor/MobileLauncherProfileWizard/Binaries/Win64/UE4Editor-MobileLauncherProfileWizard.dll (API version 0).
LogModuleManager: Display: Found up-to-date module file ../../../Engine/Plugins/Editor/PluginBrowser/Binaries/Win64/UE4Editor-PluginBrowser.dll (API version 0).
LogModuleManager: Display: Found up-to-date module file ../../../Engine/Plugins/Editor/SpeedTreeImporter/Binaries/Win64/UE4Editor-SpeedTreeImporter.dll (API version 0).
LogModuleManager: Display: Found up-to-date module file ../../../Engine/Plugins/Experimental/AlembicImporter/Binaries/Win64/UE4Editor-AlembicImporter.dll (API version 0).
LogModuleManager: Display: Found up-to-date module file ../../../Engine/Plugins/Experimental/AlembicImporter/Binaries/Win64/UE4Editor-AlembicLibrary.dll (API version 0).
LogModuleManager: Display: Found up-to-date module file ../../../Engine/Plugins/Experimental/CharacterAI/Binaries/Win64/UE4Editor-CharacterAI.dll (API version 0).
LogModuleManager: Display: Found up-to-date module file ../../../Engine/Plugins/Experimental/HTML5Networking/Binaries/Win64/UE4Editor-HTML5Networking.dll (API version 0).
LogModuleManager: Display: Found up-to-date module file ../../../Engine/Plugins/Media/AndroidMedia/Binaries/Win64/UE4Editor-AndroidMediaEditor.dll (API version 0).
LogModuleManager: Display: Found up-to-date module file ../../../Engine/Plugins/Media/AndroidMedia/Binaries/Win64/UE4Editor-AndroidMediaFactory.dll (API version 0).
LogModuleManager: Display: Found up-to-date module file ../../../Engine/Plugins/Media/AvfMedia/Binaries/Win64/UE4Editor-AvfMediaEditor.dll (API version 0).
LogModuleManager: Display: Found up-to-date module file ../../../Engine/Plugins/Media/AvfMedia/Binaries/Win64/UE4Editor-AvfMediaFactory.dll (API version 0).
LogModuleManager: Display: Found up-to-date module file ../../../Engine/Plugins/Media/AvfMedia/Binaries/Win64/UE4Editor-AvfMediaFactory.dll (API version 0).
LogModuleManager: Display: Found up-to-date module file ../../../Engine/Plugins/Media/ImgMedia/Binaries/Win64/UE4Editor-ImgMedia.dll (API version 0).
LogModuleManager: Display: Found up-to-date module file ../../../Engine/Plugins/Media/ImgMedia/Binaries/Win64/UE4Editor-ImgMediaEditor.dll (API version 0).
LogModuleManager: Display: Found up-to-date module file ../../../Engine/Plugins/Media/ImgMedia/Binaries/Win64/UE4Editor-ImgMediaFactory.dll (API version 0).
LogModuleManager: Display: Found up-to-date module file ../../../Engine/Plugins/Media/ImgMedia/Binaries/Win64/UE4Editor-ImgMediaFactory.dll (API version 0).
LogModuleManager: Display: Found up-to-date module file ../../../Engine/Plugins/Media/ImgMedia/Binaries/Win64/UE4Editor-OpenExrWrapper.dll (API version 0).
LogModuleManager: Display: Found up-to-date module file ../../../Engine/Plugins/Media/MediaCompositing/Binaries/Win64/UE4Editor-MediaCompositing.dll (API version 0).
LogModuleManager: Display: Found up-to-date module file ../../../Engine/Plugins/Media/MediaCompositing/Binaries/Win64/UE4Editor-MediaCompositingEditor.dll (API version 0).
LogModuleManager: Display: Found up-to-date module file ../../../Engine/Plugins/Media/MediaPlayerEditor/Binaries/Win64/UE4Editor-MediaPlayerEditor.dll (API version 0).
LogModuleManager: Display: Found up-to-date module file ../../../Engine/Plugins/Media/WmfMedia/Binaries/Win64/UE4Editor-WmfMedia.dll (API version 0).
LogModuleManager: Display: Found up-to-date module file ../../../Engine/Plugins/Media/WmfMedia/Binaries/Win64/UE4Editor-WmfMediaEditor.dll (API version 0).
LogModuleManager: Display: Found up-to-date module file ../../../Engine/Plugins/Media/WmfMedia/Binaries/Win64/UE4Editor-WmfMediaFactory.dll (API version 0).
LogModuleManager: Display: Found up-to-date module file ../../../Engine/Plugins/Media/WmfMedia/Binaries/Win64/UE4Editor-WmfMediaFactory.dll (API version 0).
LogModuleManager: Display: Found up-to-date module file ../../../Engine/Plugins/Messaging/TcpMessaging/Binaries/Win64/UE4Editor-TcpMessaging.dll (API version 0).
LogModuleManager: Display: Found up-to-date module file ../../../Engine/Plugins/Messaging/UdpMessaging/Binaries/Win64/UE4Editor-UdpMessaging.dll (API version 0).
LogModuleManager: Display: Found up-to-date module file ../../../Engine/Plugins/MovieScene/ActorSequence/Binaries/Win64/UE4Editor-ActorSequence.dll (API version 0).
LogModuleManager: Display: Found up-to-date module file ../../../Engine/Plugins/MovieScene/LevelSequenceEditor/Binaries/Win64/UE4Editor-LevelSequenceEditor.dll (API version 0).
LogModuleManager: Display: Found up-to-date module file ../../../Engine/Plugins/MovieScene/MatineeToLevelSequence/Binaries/Win64/UE4Editor-MatineeToLevelSequence.dll (API version 0).
LogModuleManager: Display: Found up-to-date module file ../../../Engine/Plugins/Runtime/AndroidPermission/Binaries/Win64/UE4Editor-AndroidPermission.dll (API version 0).
LogModuleManager: Display: Found up-to-date module file ../../../Engine/Plugins/Online/OnlineSubsystemNull/Binaries/Win64/UE4Editor-OnlineSubsystemNull.dll (API version 0).
LogModuleManager: Display: Found up-to-date module file ../../../Engine/Plugins/Runtime/AndroidDeviceProfileSelector/Binaries/Win64/UE4Editor-AndroidDeviceProfileSelector.dll (API version 0).
LogModuleManager: Display: Found up-to-date module file ../../../Engine/Plugins/Runtime/AppleARKit/Binaries/Win64/UE4Editor-AppleARKit.dll (API version 0).
LogModuleManager: Display: Found up-to-date module file ../../../Engine/Plugins/Runtime/ArchVisCharacter/Binaries/Win64/UE4Editor-ArchVisCharacter.dll (API version 0).
LogModuleManager: Display: Found up-to-date module file ../../../Engine/Plugins/Runtime/CableComponent/Binaries/Win64/UE4Editor-CableComponent.dll (API version 0).
LogModuleManager: Display: Found up-to-date module file ../../../Engine/Plugins/Runtime/CustomMeshComponent/Binaries/Win64/UE4Editor-CustomMeshComponent.dll (API version 0).
LogModuleManager: Display: Found up-to-date module file ../../../Engine/Plugins/Runtime/ExampleDeviceProfileSelector/Binaries/Win64/UE4Editor-ExampleDeviceProfileSelector.dll (API version 0).
LogModuleManager: Display: Found up-to-date module file ../../../Engine/Plugins/Runtime/ImmediatePhysics/Binaries/Win64/UE4Editor-ImmediatePhysics.dll (API version 0).
LogModuleManager: Display: Found up-to-date module file ../../../Engine/Plugins/Runtime/ImmediatePhysics/Binaries/Win64/UE4Editor-ImmediatePhysicsEditor.dll (API version 0).
LogModuleManager: Display: Found up-to-date module file ../../../Engine/Plugins/Runtime/LocationServicesBPLibrary/Binaries/Win64/UE4Editor-LocationServicesBPLibrary.dll (API version 0).
LogModuleManager: Display: Found up-to-date module file ../../../Engine/Plugins/Runtime/MobilePatchingUtils/Binaries/Win64/UE4Editor-MobilePatchingUtils.dll (API version 0).
LogModuleManager: Display: Found up-to-date module file ../../../Engine/Plugins/Runtime/Oculus/OculusVR/Binaries/Win64/UE4Editor-OculusHMD.dll (API version 0).
LogModuleManager: Display: Found up-to-date module file ../../../Engine/Plugins/Runtime/Oculus/OculusVR/Binaries/Win64/UE4Editor-OculusInput.dll (API version 0).
LogModuleManager: Display: Found up-to-date module file ../../../Engine/Plugins/Runtime/Oculus/OculusVR/Binaries/Win64/UE4Editor-OculusEditor.dll (API version 0).
LogModuleManager: Display: Found up-to-date module file ../../../Engine/Plugins/Runtime/PhysXVehicles/Binaries/Win64/UE4Editor-PhysXVehicles.dll (API version 0).
LogModuleManager: Display: Found up-to-date module file ../../../Engine/Plugins/Runtime/PhysXVehicles/Binaries/Win64/UE4Editor-PhysXVehiclesEditor.dll (API version 0).
LogModuleManager: Display: Found up-to-date module file ../../../Engine/Plugins/Runtime/ProceduralMeshComponent/Binaries/Win64/UE4Editor-ProceduralMeshComponent.dll (API version 0).
LogModuleManager: Display: Found up-to-date module file ../../../Engine/Plugins/Runtime/ProceduralMeshComponent/Binaries/Win64/UE4Editor-ProceduralMeshComponentEditor.dll (API version 0).
LogModuleManager: Display: Found up-to-date module file ../../../Engine/Plugins/Runtime/RuntimePhysXCooking/Binaries/Win64/UE4Editor-RuntimePhysXCooking.dll (API version 0).
LogModuleManager: Display: Found up-to-date module file ../../../Engine/Plugins/Runtime/Steam/SteamVR/Binaries/Win64/UE4Editor-SteamVR.dll (API version 0).
LogModuleManager: Display: Found up-to-date module file ../../../Engine/Plugins/Runtime/Steam/SteamVR/Binaries/Win64/UE4Editor-SteamVRController.dll (API version 0).
LogModuleManager: Display: Found up-to-date module file ../../../Engine/Plugins/Runtime/WindowsMoviePlayer/Binaries/Win64/UE4Editor-WindowsMoviePlayer.dll (API version 0).
LogPluginManager: Mounting plugin Paper2D
LogPluginManager: Mounting plugin LightPropagationVolume
LogPluginManager: Mounting plugin CodeLiteSourceCodeAccess
LogPluginManager: Mounting plugin GitSourceControl
LogPluginManager: Mounting plugin KDevelopSourceCodeAccess
LogPluginManager: Mounting plugin NullSourceCodeAccess
LogPluginManager: Mounting plugin PerforceSourceControl
LogPluginManager: Mounting plugin SubversionSourceControl
LogPluginManager: Mounting plugin UObjectPlugin
LogPluginManager: Mounting plugin VisualStudioCodeSourceCodeAccess
LogPluginManager: Mounting plugin VisualStudioSourceCodeAccess
LogPluginManager: Mounting plugin XCodeSourceCodeAccess
LogPluginManager: Mounting plugin AssetManagerEditor
LogPluginManager: Mounting plugin AudioCapture
LogPluginManager: Mounting plugin FacialAnimation
LogPluginManager: Mounting plugin GameplayTagsEditor
LogPluginManager: Mounting plugin MobileLauncherProfileWizard
LogPluginManager: Mounting plugin PluginBrowser
LogPluginManager: Mounting plugin SpeedTreeImporter
LogPluginManager: Mounting plugin AlembicImporter
LogPluginManager: Mounting plugin CharacterAI
LogPluginManager: Mounting plugin HTML5Networking
LogPluginManager: Mounting plugin AndroidMedia
LogPluginManager: Mounting plugin AvfMedia
LogPluginManager: Mounting plugin ImgMedia
LogPluginManager: Mounting plugin MediaCompositing
LogPluginManager: Mounting plugin MediaPlayerEditor
LogPluginManager: Mounting plugin WmfMedia
LogPluginManager: Mounting plugin TcpMessaging
LogPluginManager: Mounting plugin UdpMessaging
LogPluginManager: Mounting plugin ActorSequence
LogPluginManager: Mounting plugin LevelSequenceEditor
LogPluginManager: Mounting plugin MatineeToLevelSequence
LogPluginManager: Mounting plugin OnlineSubsystemGooglePlay
LogPluginManager: Mounting plugin OnlineSubsystemIOS
LogPluginManager: Mounting plugin OnlineSubsystem
LogPluginManager: Mounting plugin OnlineSubsystemNull
LogPluginManager: Mounting plugin OnlineSubsystemSteam
LogPluginManager: Mounting plugin OnlineSubsystemUtils
LogPluginManager: Mounting plugin AndroidDeviceProfileSelector
LogPluginManager: Mounting plugin AndroidMoviePlayer
LogPluginManager: Mounting plugin AndroidPermission
LogPluginManager: Mounting plugin AppleARKit
LogPluginManager: Mounting plugin AppleMoviePlayer
LogPluginManager: Mounting plugin ArchVisCharacter
LogPluginManager: Mounting plugin CableComponent
LogPluginManager: Mounting plugin CustomMeshComponent
LogPluginManager: Mounting plugin ExampleDeviceProfileSelector
LogPluginManager: Mounting plugin GoogleCloudMessaging
LogPluginManager: Mounting plugin ImmediatePhysics
LogPluginManager: Mounting plugin IOSDeviceProfileSelector
LogPluginManager: Mounting plugin LinuxDeviceProfileSelector
LogPluginManager: Mounting plugin LocationServicesBPLibrary
LogPluginManager: Mounting plugin MobilePatchingUtils
LogPluginManager: Mounting plugin OculusVR
LogPluginManager: Plugin shader directory ../../../Engine/Plugins/Runtime/Oculus/OculusVR/Shaders found
LogPluginManager: Mapping shader source directory ../../../Engine/Plugins/Runtime/Oculus/OculusVR/Shaders to virtual directory /Plugin/OculusVR
LogPluginManager: Mounting plugin PhysXVehicles
LogPluginManager: Mounting plugin ProceduralMeshComponent
LogPluginManager: Mounting plugin RuntimePhysXCooking
LogPluginManager: Mounting plugin SteamVR
LogPluginManager: Mounting plugin WindowsMoviePlayer
LogInit: Using libcurl 7.47.1
LogInit:  - built for x86_64-pc-win32
LogInit:  - supports SSL with OpenSSL/1.0.2g
LogInit:  - supports HTTP deflate (compression) using libz 1.2.8
LogInit:  - other features:
LogInit:      CURL_VERSION_SSL
LogInit:      CURL_VERSION_LIBZ
LogInit:      CURL_VERSION_IPV6
LogInit:      CURL_VERSION_ASYNCHDNS
LogInit:      CURL_VERSION_LARGEFILE
LogInit:      CURL_VERSION_IDN
LogInit:  CurlRequestOptions (configurable via config and command line):
LogInit:  - bVerifyPeer = false  - Libcurl will NOT verify peer certificate
LogInit:  - bUseHttpProxy = false  - Libcurl will NOT use HTTP proxy
LogInit:  - bDontReuseConnections = false  - Libcurl will reuse connections
LogInit:  - CertBundlePath = nullptr  - Libcurl will use whatever was configured at build time.
LogOnline: Display: STEAM: Loading Steam SDK 1.39
LogOnline: Warning: STEAM: Steamworks: SteamUtils() failed!
LogOnline: Warning: STEAM: Steamworks: SteamUser() failed!
LogOnline: Warning: STEAM: Steamworks: SteamFriends() failed!
LogOnline: Warning: STEAM: Steamworks: SteamRemoteStorage() failed!
LogOnline: Warning: STEAM: Steamworks: SteamUserStats() failed!
LogOnline: Warning: STEAM: Steamworks: SteamMatchmakingServers() failed!
LogOnline: Warning: STEAM: Steamworks: SteamApps() failed!
LogOnline: Warning: STEAM: Steamworks: SteamNetworking() failed!
LogOnline: Warning: STEAM: Steamworks: SteamMatchmaking() failed!
LogOnline: Display: STEAM: OnlineSubsystemSteam::Shutdown()
LogOnline: Warning: STEAM: Steam API failed to initialize!
LogOnline: Display: STEAM: OnlineSubsystemSteam::Shutdown()
LogInit: WinSock: version 1.1 (2.2), MaxSocks=32767, MaxUdp=65467
LogInit: Build: ++UE4+Release-4.18-CL-0
LogInit: Engine Version: 4.18.3-0+++UE4+Release-4.18
LogInit: Compatible Engine Version: 4.18.0-0+++UE4+Release-4.18
LogInit: Net CL: 0
LogDevObjectVersion: Number of dev versions registered: 16
LogDevObjectVersion:   Dev-Blueprints (B0D832E4-1F89-4F0D-ACCF-7EB736FD4AA2): 10
LogDevObjectVersion:   Dev-Build (E1C64328-A22C-4D53-A36C-8E866417BD8C): 0
LogDevObjectVersion:   Dev-Core (375EC13C-06E4-48FB-B500-84F0262A717E): 2
LogDevObjectVersion:   Dev-Editor (E4B068ED-F494-42E9-A231-DA0B2E46BB41): 20
LogDevObjectVersion:   Dev-Framework (CFFC743F-43B0-4480-9391-14DF171D2073): 30
LogDevObjectVersion:   Dev-Mobile (B02B49B5-BB20-44E9-A304-32B752E40360): 0
LogDevObjectVersion:   Dev-Networking (A4E4105C-59A1-49B5-A7C5-40C4547EDFEE): 0
LogDevObjectVersion:   Dev-Online (39C831C9-5AE6-47DC-9A44-9C173E1C8E7C): 0
LogDevObjectVersion:   Dev-Physics (78F01B33-EBEA-4F98-B9B4-84EACCB95AA2): 0
LogDevObjectVersion:   Dev-Platform (6631380F-2D4D-43E0-8009-CF276956A95A): 0
LogDevObjectVersion:   Dev-Rendering (12F88B9F-8875-4AFC-A67C-D90C383ABD29): 20
LogDevObjectVersion:   Dev-Sequencer (7B5AE74C-D270-4C10-A958-57980B212A5A): 4
LogDevObjectVersion:   Dev-VR (D7296918-1DD6-4BDD-9DE2-64A83CC13884): 0
LogDevObjectVersion:   Dev-LoadTimes (C2A15278-BFE7-4AFE-6C17-90FF531DF755): 1
LogDevObjectVersion:   Private-Geometry (6EACA3D4-40EC-4CC1-B786-8BED09428FC5): 1
LogDevObjectVersion:   Dev-AnimPhys (29E575DD-E0A3-4627-9D10-D276232CDCEA): 12
LogInit: Compiled (64-bit): Feb 12 2018 12:19:40
LogInit: Compiled with Visual C++: 19.11.25507.01
LogInit: Build Configuration: Development
LogInit: Branch Name: ++UE4+Release-4.18
LogInit: Command line:  /Game/Maps/Arena01 -game -PIEVIACONSOLE -ResX=1280 -ResY=720  -Multiprocess -messaging -SessionName="Play in Standalone Game" -windowed 
LogInit: Base directory: C:/UE4/Engine/Binaries/Win64/
LogInit: Installed Engine Build: 0
LogInit: Presizing for max 8388607 objects, including 0 objects not considered by GC, pre-allocating 0 bytes for permanent pool.
LogInit: Object subsystem initialized
[2018.03.22-11.04.33:401][  0]LogInit: Selected Device Profile: [Windows]
[2018.03.22-11.04.33:401][  0]LogInit: Applying CVar settings loaded from the selected device profile: [Windows]
[2018.03.22-11.04.33:404][  0]LogInit: Computer: VS00014
[2018.03.22-11.04.33:404][  0]LogInit: User: ajparker
[2018.03.22-11.04.33:404][  0]LogInit: CPU Page size=4096, Cores=4
[2018.03.22-11.04.33:404][  0]LogInit: High frequency timer resolution =3.328127 MHz
[2018.03.22-11.04.33:404][  0]LogMemory: Memory total: Physical=15.9GB (16GB approx)
[2018.03.22-11.04.33:404][  0]LogMemory: Platform Memory Stats for Windows
[2018.03.22-11.04.33:404][  0]LogMemory: Process Physical Memory: 272.59 MB used, 272.59 MB peak
[2018.03.22-11.04.33:404][  0]LogMemory: Process Virtual Memory: 269.53 MB used, 269.53 MB peak
[2018.03.22-11.04.33:404][  0]LogMemory: Physical Memory: 6553.88 MB used,  9747.34 MB free, 16301.22 MB total
[2018.03.22-11.04.33:405][  0]LogMemory: Virtual Memory: 682.29 MB used,  9747.34 MB free, 134217728.00 MB total
[2018.03.22-11.04.33:540][  0]LogInit: Using OS detected language (en-US).
[2018.03.22-11.04.33:540][  0]LogInit: Using OS detected locale (en-GB).
[2018.03.22-11.04.33:544][  0]LogTextLocalizationManager: No specific localization for 'en-US' exists, so the 'en' localization will be used.
[2018.03.22-11.04.33:981][  0]LogD3D11RHI: D3D11 adapters:
[2018.03.22-11.04.34:016][  0]LogD3D11RHI:    0. 'NVIDIA GeForce GTX 970' (Feature Level 11_0)
[2018.03.22-11.04.34:016][  0]LogD3D11RHI:       4058/0/8150 MB DedicatedVideo/DedicatedSystem/SharedSystem, Outputs:1, VendorId:0x10de
[2018.03.22-11.04.34:018][  0]LogD3D11RHI:    1. 'Microsoft Basic Render Driver' (Feature Level 11_0)
[2018.03.22-11.04.34:018][  0]LogD3D11RHI:       0/0/8150 MB DedicatedVideo/DedicatedSystem/SharedSystem, Outputs:0, VendorId:0x1414
[2018.03.22-11.04.34:018][  0]LogD3D11RHI: Chosen D3D11 Adapter: 0
[2018.03.22-11.04.34:022][  0]LogD3D11RHI: Creating new Direct3DDevice
[2018.03.22-11.04.34:022][  0]LogD3D11RHI:     GPU DeviceId: 0x13c2 (for the marketing name, search the web for "GPU Device Id")
[2018.03.22-11.04.34:022][  0]LogWindows: EnumDisplayDevices:
[2018.03.22-11.04.34:022][  0]LogWindows:    0. 'NVIDIA GeForce GTX 970' (P:1 D:1)
[2018.03.22-11.04.34:022][  0]LogWindows:    1. 'NVIDIA GeForce GTX 970' (P:0 D:0)
[2018.03.22-11.04.34:022][  0]LogWindows:    2. 'NVIDIA GeForce GTX 970' (P:0 D:0)
[2018.03.22-11.04.34:022][  0]LogWindows:    3. 'NVIDIA GeForce GTX 970' (P:0 D:0)
[2018.03.22-11.04.34:022][  0]LogWindows: DebugString: GetVideoDriverDetailsInvalid PrimaryIsNotTheChoosenAdapter GetVideoDriverDetailsInvalid PrimaryIsNotTheChoosenAdapter GetVideoDriverDetailsInvalid PrimaryIsNotTheChoosenAdapter GetVideoDriverDetailsInvalid PrimaryIsNotTheChoosenAdapter FoundDriverCount:0 
[2018.03.22-11.04.34:022][  0]LogD3D11RHI:     Adapter Name: NVIDIA GeForce GTX 970
[2018.03.22-11.04.34:022][  0]LogD3D11RHI:   Driver Version: Unknown (internal:Unknown, unified:Unknown)
[2018.03.22-11.04.34:022][  0]LogD3D11RHI:      Driver Date: Unknown
[2018.03.22-11.04.34:022][  0]LogRHI: Texture pool is 2840 MB (70% of 4058 MB)
[2018.03.22-11.04.34:046][  0]LogD3D11RHI: Async texture creation enabled
[2018.03.22-11.04.34:057][  0]LogD3D11RHI: GPU Timing Frequency: 1000.000000 (Debug: 2 1)
[2018.03.22-11.04.34:104][  0]LogShaderCompilers: Guid format shader working directory is -18 characters bigger than the processId version (../../../../Users/ajparker/Desktop/Unreal Stuff/Multiplayer_Project/Intermediate/Shaders/WorkingDirectory/5424/).
[2018.03.22-11.04.34:104][  0]LogShaderCompilers: Cleaned the shader compiler working directory 'C:/Users/ajparker/AppData/Local/Temp/UnrealShaderWorkingDir/B2EA35EE42112B3030DECA964EA3F674/'.
[2018.03.22-11.04.34:104][  0]LogShaderCompilers: Display: Using Local Shader Compiler.
[2018.03.22-11.04.34:913][  0]LogTemp: Display: Loaded TP WindowsClientTargetPlatform
[2018.03.22-11.04.34:953][  0]LogTemp: Display: Loaded TP WindowsNoEditorTargetPlatform
[2018.03.22-11.04.34:991][  0]LogTemp: Display: Loaded TP WindowsServerTargetPlatform
[2018.03.22-11.04.35:031][  0]LogTemp: Display: Loaded TP WindowsTargetPlatform
[2018.03.22-11.04.35:031][  0]LogTargetPlatformManager: Display: Building Assets For Windows
[2018.03.22-11.04.35:379][  0]LogDerivedDataCache: Display: Max Cache Size: 512 MB
[2018.03.22-11.04.35:435][  0]LogDerivedDataCache: Loaded boot cache 0.06s 78MB ../../../../Users/ajparker/Desktop/Unreal Stuff/Multiplayer_Project/DerivedDataCache/Boot.ddc.
[2018.03.22-11.04.35:435][  0]LogDerivedDataCache: Display: Loaded Boot cache: ../../../../Users/ajparker/Desktop/Unreal Stuff/Multiplayer_Project/DerivedDataCache/Boot.ddc
[2018.03.22-11.04.35:435][  0]LogDerivedDataCache: FDerivedDataBackendGraph:  Pak pak cache file ../../../../Users/ajparker/Desktop/Unreal Stuff/Multiplayer_Project/DerivedDataCache/DDC.ddp not found, will not use a pak cache.
[2018.03.22-11.04.35:435][  0]LogDerivedDataCache: Unable to find inner node Pak for hierarchical cache Hierarchy.
[2018.03.22-11.04.35:435][  0]LogDerivedDataCache: FDerivedDataBackendGraph:  EnginePak pak cache file ../../../Engine/DerivedDataCache/DDC.ddp not found, will not use a pak cache.
[2018.03.22-11.04.35:435][  0]LogDerivedDataCache: Unable to find inner node EnginePak for hierarchical cache Hierarchy.
[2018.03.22-11.04.35:447][  0]LogDerivedDataCache: Using Local data cache path ../../../Engine/DerivedDataCache: Writable
[2018.03.22-11.04.35:447][  0]LogDerivedDataCache: Shared data cache path not found in *engine.ini, will not use an Shared cache.
[2018.03.22-11.04.35:447][  0]LogDerivedDataCache: Unable to find inner node Shared for hierarchical cache Hierarchy.
[2018.03.22-11.04.35:456][  0]LogMaterial: Verifying Global Shaders for PCD3D_SM5
[2018.03.22-11.04.35:456][  0]LogSlate: Using Freetype 2.6.0
[2018.03.22-11.04.35:457][  0]LogSlate: SlateFontCache - WITH_FREETYPE: 1, WITH_HARFBUZZ: 1
[2018.03.22-11.04.35:457][  0]LogSlate: SlateFontCache - WITH_FREETYPE: 1, WITH_HARFBUZZ: 1
[2018.03.22-11.04.35:685][  0]LogAssetRegistry: FAssetRegistry took 0.0027 seconds to start up
[2018.03.22-11.04.35:694][  0]LogPackageLocalizationCache: Processed 7 localized package path(s) for 2 prioritized culture(s) in 0.008624 seconds
[2018.03.22-11.04.35:758][  0]LogInit: Selected Device Profile: [Windows]
[2018.03.22-11.04.35:987][  0]LogMeshReduction: Using QuadricMeshReduction for automatic static mesh reduction
[2018.03.22-11.04.35:987][  0]LogMeshReduction: No automatic skeletal mesh reduction module available
[2018.03.22-11.04.35:987][  0]LogMeshReduction: No automatic mesh merging module available
[2018.03.22-11.04.35:987][  0]LogMeshReduction: No distributed automatic mesh merging module available
[2018.03.22-11.04.35:987][  0]LogMeshMerging: No automatic mesh merging module available
[2018.03.22-11.04.35:987][  0]LogMeshMerging: No distributed automatic mesh merging module available
[2018.03.22-11.04.36:017][  0]LogNetVersion: Multiplayer_Project , NetCL: 0, EngineNetVer: 2, GameNetVer: 0 (Checksum: 244139976)
[2018.03.22-11.04.36:194][  0]LogInit: Warning: Passing commandline switches using / instead of - has been deprecated and will be removed in future versions of Unreal Engine.
[2018.03.22-11.04.36:194][  0]LogInit: Warning: Passing commandline switches using / instead of - has been deprecated and will be removed in future versions of Unreal Engine.
[2018.03.22-11.04.36:194][  0]LogInit: Warning: Passing commandline switches using / instead of - has been deprecated and will be removed in future versions of Unreal Engine.
[2018.03.22-11.04.37:443][  0]LogMoviePlayer: Initializing movie player
[2018.03.22-11.04.37:508][  0]LogWindowsTextInputMethodSystem: Display: IME system now deactivated.
[2018.03.22-11.04.37:725][  0]LogCollectionManager: Loaded 0 collections in 0.001291 seconds
[2018.03.22-11.04.37:771][  0]LogFileCache: Scanning file cache for directory 'C:/Users/ajparker/Desktop/Unreal Stuff/Multiplayer_Project/Saved/Collections/' took 0.01s
[2018.03.22-11.04.37:771][  0]LogFileCache: Scanning file cache for directory 'C:/Users/ajparker/Desktop/Unreal Stuff/Multiplayer_Project/Content/Developers/ajparker/Collections/' took 0.01s
[2018.03.22-11.04.37:771][  0]LogFileCache: Scanning file cache for directory 'C:/Users/ajparker/Desktop/Unreal Stuff/Multiplayer_Project/Content/Collections/' took 0.01s
[2018.03.22-11.04.37:771][  0]LogCollectionManager: Rebuilt the object cache for 0 collections in 0.000001 seconds (found 0 objects)
[2018.03.22-11.04.37:771][  0]LogCollectionManager: Fixed up redirectors for 0 collections in 0.000060 seconds (updated 0 objects)
[2018.03.22-11.04.37:908][  0]LogTcpMessaging: Initializing TcpMessaging bridge
[2018.03.22-11.04.37:943][  0]LogUdpMessaging: Initializing bridge on interface 0.0.0.0:0 to multicast group 230.0.0.1:6666.
[2018.03.22-11.04.38:324][  0]LogInit: Warning: Passing commandline switches using / instead of - has been deprecated and will be removed in future versions of Unreal Engine.
[2018.03.22-11.04.38:324][  0]SourceControl: Source control is disabled
[2018.03.22-11.04.38:324][  0]SourceControl: Source control is disabled
[2018.03.22-11.04.38:365][  0]SourceControl: Source control is disabled
[2018.03.22-11.04.38:634][  0]LogAndroidPermission: UAndroidPermissionCallbackProxy::GetInstance
[2018.03.22-11.04.38:837][  0]LogOcInput: OculusInput pre-init called
[2018.03.22-11.04.38:921][  0]LogUObjectArray: 38897 objects as part of root set at end of initial load.
[2018.03.22-11.04.38:921][  0]LogUObjectAllocator: 8558272 out of 0 bytes used by permanent object pool.
[2018.03.22-11.04.38:921][  0]LogUObjectArray: CloseDisregardForGC: 0/0 objects in disregard for GC pool
[2018.03.22-11.04.39:008][  0]LogEngine: Initializing Engine...
[2018.03.22-11.04.39:010][  0]LogHMD: Failed to initialize OpenVR with code 110
[2018.03.22-11.04.39:170][  0]LogStats: UGameplayTagsManager::ConstructGameplayTagTree: Construct from data asset -  0.000 s
[2018.03.22-11.04.39:170][  0]LogStats: UGameplayTagsManager::ConstructGameplayTagTree: GameplayTagTreeChangedEvent.Broadcast -  0.000 s
[2018.03.22-11.04.39:176][  0]LogInit: XAudio2 using 'AG271QG4-C (NVIDIA High Definition Audio)' : 2 channels at 48 kHz using 16 bits per sample (channel mask 0x3)
[2018.03.22-11.04.39:188][  0]LogInit: FAudioDevice initialized.
[2018.03.22-11.04.39:205][  0]LogInit: Texture streaming: Enabled
[2018.03.22-11.04.39:226][  0]LogMaterial: Uniform references updated for custom material expression Custom.
[2018.03.22-11.04.39:629][  0]LogLinker: Warning: Can't find file '/Game/StarterContent/Textures/T_Brick_Clay_Old_D'
[2018.03.22-11.04.39:629][  0]LogUObjectGlobals: Warning: Failed to load '/Game/StarterContent/Textures/T_Brick_Clay_Old_D': Can't find file '/Game/StarterContent/Textures/T_Brick_Clay_Old_D'
[2018.03.22-11.04.39:629][  0]LogLinker: Warning: Can't find file for asset '/Game/StarterContent/Textures/T_Brick_Clay_Old_D' while loading NULL.
[2018.03.22-11.04.39:629][  0]LogUObjectGlobals: Warning: Failed to load '/Game/StarterContent/Textures/T_Brick_Clay_Old_D': Can't find file for asset '/Game/StarterContent/Textures/T_Brick_Clay_Old_D' while loading NULL.
[2018.03.22-11.04.39:629][  0]LogLinker: Warning: Can't find file '/Game/StarterContent/Textures/T_Brick_Hewn_Stone_D'
[2018.03.22-11.04.39:629][  0]LogUObjectGlobals: Warning: Failed to load '/Game/StarterContent/Textures/T_Brick_Hewn_Stone_D': Can't find file '/Game/StarterContent/Textures/T_Brick_Hewn_Stone_D'
[2018.03.22-11.04.39:629][  0]LogLinker: Warning: Can't find file for asset '/Game/StarterContent/Textures/T_Brick_Hewn_Stone_D' while loading NULL.
[2018.03.22-11.04.39:629][  0]LogUObjectGlobals: Warning: Failed to load '/Game/StarterContent/Textures/T_Brick_Hewn_Stone_D': Can't find file for asset '/Game/StarterContent/Textures/T_Brick_Hewn_Stone_D' while loading NULL.
[2018.03.22-11.04.39:629][  0]LogLinker: Warning: Can't find file '/Game/StarterContent/Textures/T_Brick_Clay_Old_D'
[2018.03.22-11.04.39:629][  0]LoadErrors: Failed to load /Game/StarterContent/Textures/T_Brick_Clay_Old_D.T_Brick_Clay_Old_D Referenced by Default__OptionsMenu_C
[2018.03.22-11.04.39:629][  0]LogUObjectGlobals: Warning: Failed to load '/Game/StarterContent/Textures/T_Brick_Clay_Old_D': Can't find file '/Game/StarterContent/Textures/T_Brick_Clay_Old_D'
[2018.03.22-11.04.39:629][  0]LogLinker: Warning: Can't find file for asset '/Game/StarterContent/Textures/T_Brick_Clay_Old_D' while loading NULL.
[2018.03.22-11.04.39:629][  0]LoadErrors: Failed to load /Game/StarterContent/Textures/T_Brick_Clay_Old_D.T_Brick_Clay_Old_D Referenced by Default__OptionsMenu_C
[2018.03.22-11.04.39:629][  0]LogUObjectGlobals: Warning: Failed to load '/Game/StarterContent/Textures/T_Brick_Clay_Old_D': Can't find file for asset '/Game/StarterContent/Textures/T_Brick_Clay_Old_D' while loading NULL.
[2018.03.22-11.04.39:629][  0]LogLinker: Warning: Can't find file '/Game/StarterContent/Textures/T_Brick_Hewn_Stone_D'
[2018.03.22-11.04.39:629][  0]LoadErrors: Failed to load /Game/StarterContent/Textures/T_Brick_Hewn_Stone_D.T_Brick_Hewn_Stone_D Referenced by Default__OptionsMenu_C
[2018.03.22-11.04.39:629][  0]LogUObjectGlobals: Warning: Failed to load '/Game/StarterContent/Textures/T_Brick_Hewn_Stone_D': Can't find file '/Game/StarterContent/Textures/T_Brick_Hewn_Stone_D'
[2018.03.22-11.04.39:630][  0]LogLinker: Warning: Can't find file for asset '/Game/StarterContent/Textures/T_Brick_Hewn_Stone_D' while loading NULL.
[2018.03.22-11.04.39:630][  0]LoadErrors: Failed to load /Game/StarterContent/Textures/T_Brick_Hewn_Stone_D.T_Brick_Hewn_Stone_D Referenced by Default__OptionsMenu_C
[2018.03.22-11.04.39:630][  0]LogUObjectGlobals: Warning: Failed to load '/Game/StarterContent/Textures/T_Brick_Hewn_Stone_D': Can't find file for asset '/Game/StarterContent/Textures/T_Brick_Hewn_Stone_D' while loading NULL.
[2018.03.22-11.04.39:726][  0]LogInit: Warning: Passing commandline switches using / instead of - has been deprecated and will be removed in future versions of Unreal Engine.
[2018.03.22-11.04.39:762][  0]LogInit: Display: Game Engine Initialized.
[2018.03.22-11.04.39:762][  0]LogGameplayTags: Display: UGameplayTagsManager::DoneAddingNativeTags. DelegateIsBound: 0
[2018.03.22-11.04.39:891][  0]LogInit: Display: Starting Game.
[2018.03.22-11.04.39:891][  0]LogNet: Browse: /Game/Maps/Arena01?Name=Player
[2018.03.22-11.04.39:892][  0]LogLoad: LoadMap: /Game/Maps/Arena01?Name=Player
[2018.03.22-11.04.39:946][  0]LogLinker: Warning: Can't find file '/Game/InfinityBladeWarriors/Animations/0_BaseAnimBP'
[2018.03.22-11.04.39:946][  0]LogUObjectGlobals: Warning: Failed to load '/Game/InfinityBladeWarriors/Animations/0_BaseAnimBP': Can't find file '/Game/InfinityBladeWarriors/Animations/0_BaseAnimBP'
[2018.03.22-11.04.39:947][  0]LogLinker: Warning: Can't find file for asset '/Game/InfinityBladeWarriors/Animations/0_BaseAnimBP' while loading NULL.
[2018.03.22-11.04.39:947][  0]LogUObjectGlobals: Warning: Failed to load '/Game/InfinityBladeWarriors/Animations/0_BaseAnimBP': Can't find file for asset '/Game/InfinityBladeWarriors/Animations/0_BaseAnimBP' while loading NULL.
[2018.03.22-11.04.39:947][  0]LogLinker: Warning: Can't find file '/Game/InfinityBladeWarriors/Character/CompleteCharacters/sk_CharM_Base'
[2018.03.22-11.04.39:947][  0]LogUObjectGlobals: Warning: Failed to load '/Game/InfinityBladeWarriors/Character/CompleteCharacters/sk_CharM_Base': Can't find file '/Game/InfinityBladeWarriors/Character/CompleteCharacters/sk_CharM_Base'
[2018.03.22-11.04.39:947][  0]LogLinker: Warning: Can't find file for asset '/Game/InfinityBladeWarriors/Character/CompleteCharacters/sk_CharM_Base' while loading NULL.
[2018.03.22-11.04.39:947][  0]LogUObjectGlobals: Warning: Failed to load '/Game/InfinityBladeWarriors/Character/CompleteCharacters/sk_CharM_Base': Can't find file for asset '/Game/InfinityBladeWarriors/Character/CompleteCharacters/sk_CharM_Base' while loading NULL.
[2018.03.22-11.04.39:947][  0]LogLinker: Warning: Can't find file '/Game/InfinityBladeWarriors/Animations/0_BaseAnimBP'
[2018.03.22-11.04.39:947][  0]LoadErrors: Failed to load /Game/InfinityBladeWarriors/Animations/0_BaseAnimBP.0_BaseAnimBP_C Referenced by CharacterMesh0
[2018.03.22-11.04.39:948][  0]LogUObjectGlobals: Warning: Failed to load '/Game/InfinityBladeWarriors/Animations/0_BaseAnimBP': Can't find file '/Game/InfinityBladeWarriors/Animations/0_BaseAnimBP'
[2018.03.22-11.04.39:948][  0]LogLinker: Warning: Can't find file for asset '/Game/InfinityBladeWarriors/Animations/0_BaseAnimBP' while loading NULL.
[2018.03.22-11.04.39:948][  0]LoadErrors: Failed to load /Game/InfinityBladeWarriors/Animations/0_BaseAnimBP.0_BaseAnimBP_C Referenced by CharacterMesh0
[2018.03.22-11.04.39:948][  0]LogUObjectGlobals: Warning: Failed to load '/Game/InfinityBladeWarriors/Animations/0_BaseAnimBP': Can't find file for asset '/Game/InfinityBladeWarriors/Animations/0_BaseAnimBP' while loading NULL.
[2018.03.22-11.04.39:948][  0]LogLinker: Warning: Can't find file '/Game/InfinityBladeWarriors/Character/CompleteCharacters/sk_CharM_Base'
[2018.03.22-11.04.39:948][  0]LoadErrors: Failed to load /Game/InfinityBladeWarriors/Character/CompleteCharacters/sk_CharM_Base.sk_CharM_Base Referenced by CharacterMesh0
[2018.03.22-11.04.39:948][  0]LogUObjectGlobals: Warning: Failed to load '/Game/InfinityBladeWarriors/Character/CompleteCharacters/sk_CharM_Base': Can't find file '/Game/InfinityBladeWarriors/Character/CompleteCharacters/sk_CharM_Base'
[2018.03.22-11.04.39:948][  0]LogLinker: Warning: Can't find file for asset '/Game/InfinityBladeWarriors/Character/CompleteCharacters/sk_CharM_Base' while loading NULL.
[2018.03.22-11.04.39:948][  0]LoadErrors: Failed to load /Game/InfinityBladeWarriors/Character/CompleteCharacters/sk_CharM_Base.sk_CharM_Base Referenced by CharacterMesh0
[2018.03.22-11.04.39:948][  0]LogUObjectGlobals: Warning: Failed to load '/Game/InfinityBladeWarriors/Character/CompleteCharacters/sk_CharM_Base': Can't find file for asset '/Game/InfinityBladeWarriors/Character/CompleteCharacters/sk_CharM_Base' while loading NULL.
[2018.03.22-11.04.40:830][  0]LogAIModule: Creating AISystem for world Arena01
[2018.03.22-11.04.40:830][  0]LogLoad: Game class is 'GameplayGM_C'
[2018.03.22-11.04.40:847][  0]LogWorld: Bringing World /Game/Maps/Arena01.Arena01 up for play (max tick rate 0) at 2018.03.22-11.04.40
[2018.03.22-11.04.40:847][  0]LogWorld: Bringing up level for play took: 0.016256
[2018.03.22-11.04.40:865][  0]LogLoad: Took 0.973706 seconds to LoadMap(/Game/Maps/Arena01)
[2018.03.22-11.04.41:057][  0]LogRenderer: Reallocating scene render targets to support 1280x720 Format 10 NumSamples 1 (Frame:1).
[2018.03.22-11.04.41:057][  0]LogLoad: (Engine Initialization) Total time: 9.70 seconds
[2018.03.22-11.04.41:057][  0]LogLoad: (Engine Initialization) Total Blueprint compile time: 0.00 seconds
[2018.03.22-11.04.41:057][  0]LogExternalProfiler: No external profilers were discovered.  External profiling features will not be available.
[2018.03.22-11.04.41:079][  0]LogContentStreaming: Texture pool size now 1000 MB
[2018.03.22-11.04.51:027][608]LogWindowsTextInputMethodSystem: Display: IME system now deactivated.
[2018.03.22-11.04.51:031][608]LogWindowsTextInputMethodSystem: Display: IME system now deactivated.
[2018.03.22-11.04.51:031][608]LogEngine: All Windows Closed
[2018.03.22-11.04.51:031][608]LogWindows: FPlatformMisc::RequestExit(0)
[2018.03.22-11.04.52:018][609]LogExit: Preparing to exit.
[2018.03.22-11.04.52:018][609]LogMoviePlayer: Shutting down movie player
[2018.03.22-11.04.52:982][609]LogExit: Game engine shut down
[2018.03.22-11.04.53:029][609]LogExit: Object subsystem successfully closed.
[2018.03.22-11.04.53:048][609]LogD3D11RHI: Shutdown
[2018.03.22-11.04.53:048][609]LogD3D11RHI: CleanupD3DDevice
[2018.03.22-11.04.53:049][609]LogD3D11RHI: ~FD3D11DynamicRHI
[2018.03.22-11.04.53:055][609]LogModuleManager: Shutting down and abandoning module SequenceRecorderSections (312)
[2018.03.22-11.04.53:055][609]LogModuleManager: Shutting down and abandoning module SequenceRecorder (310)
[2018.03.22-11.04.53:055][609]LogModuleManager: Shutting down and abandoning module AutomationController (308)
[2018.03.22-11.04.53:055][609]LogModuleManager: Shutting down and abandoning module AutomationWorker (306)
[2018.03.22-11.04.53:055][609]LogModuleManager: Shutting down and abandoning module Voice (304)
[2018.03.22-11.04.53:055][609]LogModuleManager: Shutting down and abandoning module AIModule (302)
[2018.03.22-11.04.53:055][609]LogModuleManager: Shutting down and abandoning module GameplayDebugger (301)
[2018.03.22-11.04.53:055][609]LogModuleManager: Shutting down and abandoning module AITestSuite (299)
[2018.03.22-11.04.53:055][609]LogModuleManager: Shutting down and abandoning module WmfMediaFactory (296)
[2018.03.22-11.04.53:055][609]LogModuleManager: Shutting down and abandoning module OpenExrWrapper (294)
[2018.03.22-11.04.53:055][609]LogModuleManager: Shutting down and abandoning module ImgMediaFactory (292)
[2018.03.22-11.04.53:055][609]LogModuleManager: Shutting down and abandoning module AvfMediaFactory (290)
[2018.03.22-11.04.53:055][609]LogModuleManager: Shutting down and abandoning module CharacterAI (288)
[2018.03.22-11.04.53:055][609]LogModuleManager: Shutting down and abandoning module SessionServices (286)
[2018.03.22-11.04.53:055][609]LogModuleManager: Shutting down and abandoning module MovieSceneCapture (284)
[2018.03.22-11.04.53:055][609]LogModuleManager: Shutting down and abandoning module MovieSceneTracks (282)
[2018.03.22-11.04.53:055][609]LogModuleManager: Shutting down and abandoning module MovieScene (280)
[2018.03.22-11.04.53:055][609]LogModuleManager: Shutting down and abandoning module GeometryCache (278)
[2018.03.22-11.04.53:055][609]LogModuleManager: Shutting down and abandoning module GeometryCacheEd (277)
[2018.03.22-11.04.53:055][609]LogModuleManager: Shutting down and abandoning module StreamingPauseRendering (274)
[2018.03.22-11.04.53:055][609]LogModuleManager: Shutting down and abandoning module PortalServices (272)
[2018.03.22-11.04.53:056][609]LogModuleManager: Shutting down and abandoning module PortalRpc (270)
[2018.03.22-11.04.53:056][609]LogModuleManager: Shutting down and abandoning module MessagingRpc (268)
[2018.03.22-11.04.53:056][609]LogModuleManager: Shutting down and abandoning module ProfilerService (266)
[2018.03.22-11.04.53:240][609]LogModuleManager: Shutting down and abandoning module TaskGraph (264)
[2018.03.22-11.04.53:240][609]LogModuleManager: Shutting down and abandoning module SteamVRController (262)
[2018.03.22-11.04.53:240][609]LogModuleManager: Shutting down and abandoning module ProceduralMeshComponent (260)
[2018.03.22-11.04.53:240][609]LogModuleManager: Shutting down and abandoning module OculusInput (258)
[2018.03.22-11.04.53:240][609]LogModuleManager: Shutting down and abandoning module MobilePatchingUtils (256)
[2018.03.22-11.04.53:240][609]LogModuleManager: Shutting down and abandoning module CustomMeshComponent (254)
[2018.03.22-11.04.53:240][609]LogModuleManager: Shutting down and abandoning module CableComponent (252)
[2018.03.22-11.04.53:240][609]LogModuleManager: Shutting down and abandoning module ArchVisCharacter (250)
[2018.03.22-11.04.53:240][609]LogModuleManager: Shutting down and abandoning module AndroidPermission (248)
[2018.03.22-11.04.53:240][609]LogModuleManager: Shutting down and abandoning module ActorSequence (246)
[2018.03.22-11.04.53:240][609]LogModuleManager: Shutting down and abandoning module MediaCompositing (244)
[2018.03.22-11.04.53:240][609]LogModuleManager: Shutting down and abandoning module HTML5Networking (242)
[2018.03.22-11.04.53:240][609]LogModuleManager: Shutting down and abandoning module VisualStudioSourceCodeAccess (240)
[2018.03.22-11.04.53:240][609]LogModuleManager: Shutting down and abandoning module HotReload (239)
[2018.03.22-11.04.53:240][609]LogDirectoryWatcher: A directory notification for 'C:/Users/ajparker/Desktop/Unreal Stuff/Multiplayer_Project/Binaries/Win64' was aborted.
[2018.03.22-11.04.53:240][609]LogModuleManager: Shutting down and abandoning module VisualStudioCodeSourceCodeAccess (236)
[2018.03.22-11.04.53:240][609]LogModuleManager: Shutting down and abandoning module UObjectPlugin (234)
[2018.03.22-11.04.53:240][609]LogModuleManager: Shutting down and abandoning module SubversionSourceControl (232)
[2018.03.22-11.04.53:240][609]LogModuleManager: Shutting down and abandoning module PerforceSourceControl (230)
[2018.03.22-11.04.53:240][609]LogModuleManager: Shutting down and abandoning module SourceControl (229)
[2018.03.22-11.04.53:240][609]LogModuleManager: Shutting down and abandoning module RuntimePhysXCooking (226)
[2018.03.22-11.04.53:240][609]LogModuleManager: Shutting down and abandoning module PhysXVehiclesEditor (224)
[2018.03.22-11.04.53:240][609]LogModuleManager: Shutting down and abandoning module PhysXVehicles (222)
[2018.03.22-11.04.53:240][609]LogModuleManager: Shutting down and abandoning module LocationServicesBPLibrary (220)
[2018.03.22-11.04.53:240][609]LogModuleManager: Shutting down and abandoning module ImmediatePhysicsEditor (218)
[2018.03.22-11.04.53:240][609]LogModuleManager: Shutting down and abandoning module ImmediatePhysics (216)
[2018.03.22-11.04.53:240][609]LogModuleManager: Shutting down and abandoning module UdpMessaging (214)
[2018.03.22-11.04.53:341][609]LogModuleManager: Shutting down and abandoning module TcpMessaging (212)
[2018.03.22-11.04.53:916][609]LogModuleManager: Shutting down and abandoning module GameplayTagsEditor (210)
[2018.03.22-11.04.53:916][609]LogModuleManager: Shutting down and abandoning module FacialAnimation (208)
[2018.03.22-11.04.53:916][609]LogModuleManager: Shutting down and abandoning module AssetManagerEditor (206)
[2018.03.22-11.04.53:917][609]LogModuleManager: Shutting down and abandoning module GraphEditor (205)
[2018.03.22-11.04.53:917][609]LogModuleManager: Shutting down and abandoning module ContentBrowser (203)
[2018.03.22-11.04.53:917][609]LogModuleManager: Shutting down and abandoning module CollectionManager (202)
[2018.03.22-11.04.53:917][609]LogDirectoryWatcher: A directory notification for 'C:/Users/ajparker/Desktop/Unreal Stuff/Multiplayer_Project/Content/Collections/' was aborted.
[2018.03.22-11.04.53:917][609]LogDirectoryWatcher: A directory notification for 'C:/Users/ajparker/Desktop/Unreal Stuff/Multiplayer_Project/Content/Developers/ajparker/Collections/' was aborted.
[2018.03.22-11.04.53:917][609]LogDirectoryWatcher: A directory notification for 'C:/Users/ajparker/Desktop/Unreal Stuff/Multiplayer_Project/Saved/Collections/' was aborted.
[2018.03.22-11.04.53:917][609]LogModuleManager: Shutting down and abandoning module DirectoryWatcher (201)
[2018.03.22-11.04.53:917][609]LogModuleManager: Shutting down and abandoning module LightPropagationVolumeRuntime (196)
[2018.03.22-11.04.53:917][609]LogModuleManager: Shutting down and abandoning module Paper2D (194)
[2018.03.22-11.04.53:917][609]LogModuleManager: Shutting down and abandoning module WindowsMoviePlayer (192)
[2018.03.22-11.04.53:917][609]LogModuleManager: Shutting down and abandoning module WmfMedia (190)
[2018.03.22-11.04.53:918][609]LogModuleManager: Shutting down and abandoning module ImgMedia (188)
[2018.03.22-11.04.53:918][609]LogModuleManager: Shutting down and abandoning module PacketHandler (186)
[2018.03.22-11.04.53:918][609]LogModuleManager: Shutting down and abandoning module ClothingSystemEditor (184)
[2018.03.22-11.04.53:918][609]LogModuleManager: Shutting down and abandoning module ClothingSystemRuntime (182)
[2018.03.22-11.04.53:918][609]LogModuleManager: Shutting down and abandoning module MediaAssets (180)
[2018.03.22-11.04.53:918][609]LogModuleManager: Shutting down and abandoning module Media (179)
[2018.03.22-11.04.53:924][609]LogModuleManager: Shutting down and abandoning module Overlay (176)
[2018.03.22-11.04.53:924][609]LogModuleManager: Shutting down and abandoning module OverlayEditor (175)
[2018.03.22-11.04.53:924][609]LogModuleManager: Shutting down and abandoning module VREditor (172)
[2018.03.22-11.04.53:924][609]LogModuleManager: Shutting down and abandoning module StringTableEditor (170)
[2018.03.22-11.04.53:924][609]LogModuleManager: Shutting down and abandoning module GameplayTasksEditor (168)
[2018.03.22-11.04.53:924][609]LogModuleManager: Shutting down and abandoning module BehaviorTreeEditor (166)
[2018.03.22-11.04.53:924][609]LogModuleManager: Shutting down and abandoning module FunctionalTesting (164)
[2018.03.22-11.04.53:924][609]LogModuleManager: Shutting down and abandoning module CollisionAnalyzer (162)
[2018.03.22-11.04.53:924][609]LogModuleManager: Shutting down and abandoning module WorkspaceMenuStructure (161)
[2018.03.22-11.04.53:924][609]LogModuleManager: Shutting down and abandoning module UMG (158)
[2018.03.22-11.04.53:924][609]LogModuleManager: Shutting down and abandoning module UMGEditor (157)
[2018.03.22-11.04.53:924][609]LogModuleManager: Shutting down and abandoning module Sequencer (156)
[2018.03.22-11.04.53:925][609]LogModuleManager: Shutting down and abandoning module MessageLog (153)
[2018.03.22-11.04.53:925][609]LogModuleManager: Shutting down and abandoning module SlateReflector (148)
[2018.03.22-11.04.53:925][609]LogModuleManager: Shutting down and abandoning module Slate (146)
[2018.03.22-11.04.53:925][609]LogModuleManager: Shutting down and abandoning module EditorStyle (144)
[2018.03.22-11.04.53:926][609]LogModuleManager: Shutting down and abandoning module MRMesh (142)
[2018.03.22-11.04.53:926][609]LogModuleManager: Shutting down and abandoning module Messaging (140)
[2018.03.22-11.04.53:926][609]LogModuleManager: Shutting down and abandoning module SourceCodeAccess (138)
[2018.03.22-11.04.53:926][609]LogModuleManager: Shutting down and abandoning module HeadMountedDisplay (136)
[2018.03.22-11.04.53:926][609]LogModuleManager: Shutting down and abandoning module XAudio2 (134)
[2018.03.22-11.04.53:926][609]LogModuleManager: Shutting down and abandoning module Networking (132)
[2018.03.22-11.04.53:926][609]LogModuleManager: Shutting down and abandoning module Core (130)
[2018.03.22-11.04.53:926][609]LogModuleManager: Shutting down and abandoning module LevelSequence (128)
[2018.03.22-11.04.53:926][609]LogModuleManager: Shutting down and abandoning module KismetCompiler (126)
[2018.03.22-11.04.53:926][609]LogModuleManager: Shutting down and abandoning module MeshUtilities (124)
[2018.03.22-11.04.53:926][609]LogModuleManager: Shutting down and abandoning module MeshMergeUtilities (123)
[2018.03.22-11.04.53:926][609]LogModuleManager: Shutting down and abandoning module MeshReductionInterface (122)
[2018.03.22-11.04.53:926][609]LogModuleManager: Shutting down and abandoning module QuadricMeshReduction (121)
[2018.03.22-11.04.53:926][609]LogModuleManager: Shutting down and abandoning module MaterialBaking (117)
[2018.03.22-11.04.53:926][609]LogModuleManager: Shutting down and abandoning module DerivedDataCache (112)
[2018.03.22-11.04.53:948][609]LogDerivedDataCache: Shutdown
[2018.03.22-11.04.53:948][609]LogModuleManager: Shutting down and abandoning module TargetPlatform (110)
[2018.03.22-11.04.53:948][609]LogModuleManager: Shutting down and abandoning module VulkanShaderFormat (109)
[2018.03.22-11.04.53:948][609]LogModuleManager: Shutting down and abandoning module ShaderFormatVectorVM (107)
[2018.03.22-11.04.53:948][609]LogModuleManager: Shutting down and abandoning module ShaderFormatOpenGL (105)
[2018.03.22-11.04.53:948][609]LogModuleManager: Shutting down and abandoning module ShaderFormatD3D (103)
[2018.03.22-11.04.53:948][609]LogModuleManager: Shutting down and abandoning module MetalShaderFormat (101)
[2018.03.22-11.04.53:948][609]LogModuleManager: Shutting down and abandoning module TextureFormatUncompressed (99)
[2018.03.22-11.04.53:948][609]LogModuleManager: Shutting down and abandoning module TextureFormatPVR (97)
[2018.03.22-11.04.53:948][609]LogModuleManager: Shutting down and abandoning module TextureFormatDXT (95)
[2018.03.22-11.04.53:948][609]LogModuleManager: Shutting down and abandoning module TextureFormatIntelISPCTexComp (93)
[2018.03.22-11.04.53:948][609]LogModuleManager: Shutting down and abandoning module TextureFormatASTC (91)
[2018.03.22-11.04.53:948][609]LogModuleManager: Shutting down and abandoning module ImageWrapper (90)
[2018.03.22-11.04.53:948][609]LogModuleManager: Shutting down and abandoning module TextureFormatAndroid (87)
[2018.03.22-11.04.53:948][609]LogModuleManager: Shutting down and abandoning module AudioFormatOpus (85)
[2018.03.22-11.04.53:948][609]LogModuleManager: Shutting down and abandoning module AudioFormatOgg (83)
[2018.03.22-11.04.53:948][609]LogModuleManager: Shutting down and abandoning module AudioFormatADPCM (81)
[2018.03.22-11.04.53:948][609]LogModuleManager: Shutting down and abandoning module WindowsTargetPlatform (79)
[2018.03.22-11.04.53:948][609]LogModuleManager: Shutting down and abandoning module WindowsServerTargetPlatform (77)
[2018.03.22-11.04.53:948][609]LogModuleManager: Shutting down and abandoning module WindowsNoEditorTargetPlatform (75)
[2018.03.22-11.04.53:948][609]LogModuleManager: Shutting down and abandoning module WindowsClientTargetPlatform (73)
[2018.03.22-11.04.53:948][609]LogModuleManager: Shutting down and abandoning module InputCore (70)
[2018.03.22-11.04.53:948][609]LogModuleManager: Shutting down and abandoning module Settings (68)
[2018.03.22-11.04.53:948][609]LogModuleManager: Shutting down and abandoning module PhysXCooking (66)
[2018.03.22-11.04.53:948][609]LogModuleManager: Shutting down and abandoning module SteamVR (64)
[2018.03.22-11.04.53:948][609]LogModuleManager: Shutting down and abandoning module OculusHMD (62)
[2018.03.22-11.04.53:948][609]LogModuleManager: Shutting down and abandoning module ExampleDeviceProfileSelector (60)
[2018.03.22-11.04.53:948][609]LogModuleManager: Shutting down and abandoning module AppleARKit (58)
[2018.03.22-11.04.53:948][609]LogModuleManager: Shutting down and abandoning module AugmentedReality (57)
[2018.03.22-11.04.53:948][609]LogModuleManager: Shutting down and abandoning module OnlineBlueprintSupport (54)
[2018.03.22-11.04.53:948][609]LogModuleManager: Shutting down and abandoning module OnlineSubsystem (50)
[2018.03.22-11.04.53:948][609]LogOnline: Display: OSS: FOnlineSubsystemNull::Shutdown()
[2018.03.22-11.04.53:948][609]LogOnline: Display: OSS: FOnlineAsyncTaskManager::Stop() ActiveTask:0000000000000000 Tasks[0/0]
[2018.03.22-11.04.53:949][609]LogOnline: Display: OSS: FOnlineAsyncTaskManager::Exit() started
[2018.03.22-11.04.53:949][609]LogOnline: Display: OSS: FOnlineAsyncTaskManager::Exit() finished
[2018.03.22-11.04.53:949][609]LogModuleManager: Shutting down and abandoning module XMPP (43)
[2018.03.22-11.04.53:949][609]LogModuleManager: Shutting down and abandoning module HTTP (41)
[2018.03.22-11.04.53:973][609]LogModuleManager: Shutting down and abandoning module SSL (40)
[2018.03.22-11.04.53:974][609]LogModuleManager: Shutting down and abandoning module AnimationModifiers (36)
[2018.03.22-11.04.53:974][609]LogModuleManager: Shutting down and abandoning module PropertyEditor (35)
[2018.03.22-11.04.53:974][609]LogModuleManager: Shutting down and abandoning module AudioEditor (32)
[2018.03.22-11.04.53:975][609]LogModuleManager: Shutting down and abandoning module TextureCompressor (30)
[2018.03.22-11.04.53:975][609]LogModuleManager: Shutting down and abandoning module ShaderCore (28)
[2018.03.22-11.04.53:975][609]LogModuleManager: Shutting down and abandoning module Landscape (26)
[2018.03.22-11.04.53:975][609]LogModuleManager: Shutting down and abandoning module SlateRHIRenderer (24)
[2018.03.22-11.04.53:975][609]LogModuleManager: Shutting down and abandoning module OpenGLDrv (22)
[2018.03.22-11.04.53:975][609]LogModuleManager: Shutting down and abandoning module D3D11RHI (20)
[2018.03.22-11.04.53:975][609]LogModuleManager: Shutting down and abandoning module AnimGraphRuntime (18)
[2018.03.22-11.04.53:975][609]LogModuleManager: Shutting down and abandoning module Renderer (16)
[2018.03.22-11.04.53:975][609]LogModuleManager: Shutting down and abandoning module Engine (14)
[2018.03.22-11.04.53:975][609]LogModuleManager: Shutting down and abandoning module CoreUObject (12)
[2018.03.22-11.04.53:975][609]LogModuleManager: Shutting down and abandoning module NetworkFile (10)
[2018.03.22-11.04.53:975][609]LogModuleManager: Shutting down and abandoning module CookedIterativeFile (8)
[2018.03.22-11.04.53:975][609]LogModuleManager: Shutting down and abandoning module StreamingFile (6)
[2018.03.22-11.04.53:975][609]LogModuleManager: Shutting down and abandoning module SandboxFile (4)
[2018.03.22-11.04.53:975][609]LogModuleManager: Shutting down and abandoning module PakFile (2)
[2018.03.22-11.04.53:977][609]LogExit: Exiting.
[2018.03.22-11.04.53:978][609]Log file closed, 03/22/18 11:04:53
