Log file open, 03/12/18 06:55:23
LogWindows: Failed to load 'aqProf.dll' (GetLastError=126)
LogWindows: File 'aqProf.dll' does not exist
LogWindows: Failed to load 'VSPerf140.dll' (GetLastError=126)
LogWindows: File 'VSPerf140.dll' does not exist
LogWindows: Failed to load 'VtuneApi.dll' (GetLastError=126)
LogWindows: File 'VtuneApi.dll' does not exist
LogWindows: Failed to load 'VtuneApi32e.dll' (GetLastError=126)
LogWindows: File 'VtuneApi32e.dll' does not exist
LogInit: Display: Running engine for game: Multiplayer_Project
LogPlatformFile: Not using cached read wrapper
LogInit: Display: RandInit(-2066978671) SRandInit(-2066978671).
LogInit: Read version file with build ID '3709383'
LogInit: Overriding engine version to CL 3832480, compatible CL 3709383
LogInit: Registered custom module enumerator with build ID '3709383'
LogTaskGraph: Started task graph with 5 named threads and 14 total threads with 3 sets of task threads.
LogStats: Stats thread started at 0.197221
LogD3D11RHI: Aftermath initialized
LogModuleManager: Display: Found up-to-date module file ../../../Engine/Plugins/Online/OnlineSubsystemSteam/Binaries/Win64/UE4Editor-OnlineSubsystemSteam.dll (API version 3709383).
LogModuleManager: Display: Found up-to-date module file ../../../Engine/Plugins/Online/OnlineSubsystem/Binaries/Win64/UE4Editor-OnlineSubsystem.dll (API version 3709383).
LogModuleManager: Display: Found up-to-date module file ../../../Engine/Plugins/Online/OnlineSubsystemUtils/Binaries/Win64/UE4Editor-OnlineSubsystemUtils.dll (API version 3709383).
LogModuleManager: Display: Found up-to-date module file ../../../Engine/Plugins/Online/OnlineSubsystemUtils/Binaries/Win64/UE4Editor-OnlineBlueprintSupport.dll (API version 3709383).
LogModuleManager: Display: Found up-to-date module file ../../../Engine/Plugins/2D/Paper2D/Binaries/Win64/UE4Editor-Paper2D.dll (API version 3709383).
LogModuleManager: Display: Found up-to-date module file ../../../Engine/Plugins/2D/Paper2D/Binaries/Win64/UE4Editor-Paper2DEditor.dll (API version 3709383).
LogModuleManager: Display: Found up-to-date module file ../../../Engine/Plugins/2D/Paper2D/Binaries/Win64/UE4Editor-PaperSpriteSheetImporter.dll (API version 3709383).
LogModuleManager: Display: Found up-to-date module file ../../../Engine/Plugins/2D/Paper2D/Binaries/Win64/UE4Editor-PaperTiledImporter.dll (API version 3709383).
LogModuleManager: Display: Found up-to-date module file ../../../Engine/Plugins/2D/Paper2D/Binaries/Win64/UE4Editor-SmartSnapping.dll (API version 3709383).
LogModuleManager: Display: Found up-to-date module file ../../../Engine/Plugins/Blendables/LightPropagationVolume/Binaries/Win64/UE4Editor-LightPropagationVolumeRuntime.dll (API version 3709383).
LogModuleManager: Display: Found up-to-date module file ../../../Engine/Plugins/Blendables/LightPropagationVolume/Binaries/Win64/UE4Editor-LightPropagationVolumeEditor.dll (API version 3709383).
LogModuleManager: Display: Found up-to-date module file ../../../Engine/Plugins/Developer/GitSourceControl/Binaries/Win64/UE4Editor-GitSourceControl.dll (API version 3709383).
LogModuleManager: Display: Found up-to-date module file ../../../Engine/Plugins/Developer/PerforceSourceControl/Binaries/Win64/UE4Editor-PerforceSourceControl.dll (API version 3709383).
LogModuleManager: Display: Found up-to-date module file ../../../Engine/Plugins/Developer/SubversionSourceControl/Binaries/Win64/UE4Editor-SubversionSourceControl.dll (API version 3709383).
LogModuleManager: Display: Found up-to-date module file ../../../Engine/Plugins/Developer/UObjectPlugin/Binaries/Win64/UE4Editor-UObjectPlugin.dll (API version 3709383).
LogModuleManager: Display: Found up-to-date module file ../../../Engine/Plugins/Developer/VisualStudioCodeSourceCodeAccess/Binaries/Win64/UE4Editor-VisualStudioCodeSourceCodeAccess.dll (API version 3709383).
LogModuleManager: Display: Found up-to-date module file ../../../Engine/Plugins/Developer/VisualStudioSourceCodeAccess/Binaries/Win64/UE4Editor-VisualStudioSourceCodeAccess.dll (API version 3709383).
LogModuleManager: Display: Found up-to-date module file ../../../Engine/Plugins/Editor/AssetManagerEditor/Binaries/Win64/UE4Editor-AssetManagerEditor.dll (API version 3709383).
LogModuleManager: Display: Found up-to-date module file ../../../Engine/Plugins/Editor/AudioCapture/Binaries/Win64/UE4Editor-AudioCapture.dll (API version 3709383).
LogModuleManager: Display: Found up-to-date module file ../../../Engine/Plugins/Editor/FacialAnimation/Binaries/Win64/UE4Editor-FacialAnimation.dll (API version 3709383).
LogModuleManager: Display: Found up-to-date module file ../../../Engine/Plugins/Editor/FacialAnimation/Binaries/Win64/UE4Editor-FacialAnimationEditor.dll (API version 3709383).
LogModuleManager: Display: Found up-to-date module file ../../../Engine/Plugins/Editor/GameplayTagsEditor/Binaries/Win64/UE4Editor-GameplayTagsEditor.dll (API version 3709383).
LogModuleManager: Display: Found up-to-date module file ../../../Engine/Plugins/Editor/MobileLauncherProfileWizard/Binaries/Win64/UE4Editor-MobileLauncherProfileWizard.dll (API version 3709383).
LogModuleManager: Display: Found up-to-date module file ../../../Engine/Plugins/Editor/PluginBrowser/Binaries/Win64/UE4Editor-PluginBrowser.dll (API version 3709383).
LogModuleManager: Display: Found up-to-date module file ../../../Engine/Plugins/Editor/SpeedTreeImporter/Binaries/Win64/UE4Editor-SpeedTreeImporter.dll (API version 3709383).
LogModuleManager: Display: Found up-to-date module file ../../../Engine/Plugins/Experimental/AlembicImporter/Binaries/Win64/UE4Editor-AlembicImporter.dll (API version 3709383).
LogModuleManager: Display: Found up-to-date module file ../../../Engine/Plugins/Experimental/AlembicImporter/Binaries/Win64/UE4Editor-AlembicLibrary.dll (API version 3709383).
LogModuleManager: Display: Found up-to-date module file ../../../Engine/Plugins/Experimental/CharacterAI/Binaries/Win64/UE4Editor-CharacterAI.dll (API version 3709383).
LogModuleManager: Display: Found up-to-date module file ../../../Engine/Plugins/Experimental/HTML5Networking/Binaries/Win64/UE4Editor-HTML5Networking.dll (API version 3709383).
LogModuleManager: Display: Found up-to-date module file ../../../Engine/Plugins/Media/AndroidMedia/Binaries/Win64/UE4Editor-AndroidMediaEditor.dll (API version 3709383).
LogModuleManager: Display: Found up-to-date module file ../../../Engine/Plugins/Media/AndroidMedia/Binaries/Win64/UE4Editor-AndroidMediaFactory.dll (API version 3709383).
LogModuleManager: Display: Found up-to-date module file ../../../Engine/Plugins/Media/AvfMedia/Binaries/Win64/UE4Editor-AvfMediaEditor.dll (API version 3709383).
LogModuleManager: Display: Found up-to-date module file ../../../Engine/Plugins/Media/AvfMedia/Binaries/Win64/UE4Editor-AvfMediaFactory.dll (API version 3709383).
LogModuleManager: Display: Found up-to-date module file ../../../Engine/Plugins/Media/AvfMedia/Binaries/Win64/UE4Editor-AvfMediaFactory.dll (API version 3709383).
LogModuleManager: Display: Found up-to-date module file ../../../Engine/Plugins/Media/ImgMedia/Binaries/Win64/UE4Editor-ImgMedia.dll (API version 3709383).
LogModuleManager: Display: Found up-to-date module file ../../../Engine/Plugins/Media/ImgMedia/Binaries/Win64/UE4Editor-ImgMediaEditor.dll (API version 3709383).
LogModuleManager: Display: Found up-to-date module file ../../../Engine/Plugins/Media/ImgMedia/Binaries/Win64/UE4Editor-ImgMediaFactory.dll (API version 3709383).
LogModuleManager: Display: Found up-to-date module file ../../../Engine/Plugins/Media/ImgMedia/Binaries/Win64/UE4Editor-ImgMediaFactory.dll (API version 3709383).
LogModuleManager: Display: Found up-to-date module file ../../../Engine/Plugins/Media/ImgMedia/Binaries/Win64/UE4Editor-OpenExrWrapper.dll (API version 3709383).
LogModuleManager: Display: Found up-to-date module file ../../../Engine/Plugins/Media/MediaCompositing/Binaries/Win64/UE4Editor-MediaCompositing.dll (API version 3709383).
LogModuleManager: Display: Found up-to-date module file ../../../Engine/Plugins/Media/MediaCompositing/Binaries/Win64/UE4Editor-MediaCompositingEditor.dll (API version 3709383).
LogModuleManager: Display: Found up-to-date module file ../../../Engine/Plugins/Media/MediaPlayerEditor/Binaries/Win64/UE4Editor-MediaPlayerEditor.dll (API version 3709383).
LogModuleManager: Display: Found up-to-date module file ../../../Engine/Plugins/Media/WmfMedia/Binaries/Win64/UE4Editor-WmfMedia.dll (API version 3709383).
LogModuleManager: Display: Found up-to-date module file ../../../Engine/Plugins/Media/WmfMedia/Binaries/Win64/UE4Editor-WmfMediaEditor.dll (API version 3709383).
LogModuleManager: Display: Found up-to-date module file ../../../Engine/Plugins/Media/WmfMedia/Binaries/Win64/UE4Editor-WmfMediaFactory.dll (API version 3709383).
LogModuleManager: Display: Found up-to-date module file ../../../Engine/Plugins/Media/WmfMedia/Binaries/Win64/UE4Editor-WmfMediaFactory.dll (API version 3709383).
LogModuleManager: Display: Found up-to-date module file ../../../Engine/Plugins/Messaging/TcpMessaging/Binaries/Win64/UE4Editor-TcpMessaging.dll (API version 3709383).
LogModuleManager: Display: Found up-to-date module file ../../../Engine/Plugins/Messaging/UdpMessaging/Binaries/Win64/UE4Editor-UdpMessaging.dll (API version 3709383).
LogModuleManager: Display: Found up-to-date module file ../../../Engine/Plugins/MovieScene/ActorSequence/Binaries/Win64/UE4Editor-ActorSequence.dll (API version 3709383).
LogModuleManager: Display: Found up-to-date module file ../../../Engine/Plugins/MovieScene/LevelSequenceEditor/Binaries/Win64/UE4Editor-LevelSequenceEditor.dll (API version 3709383).
LogModuleManager: Display: Found up-to-date module file ../../../Engine/Plugins/MovieScene/MatineeToLevelSequence/Binaries/Win64/UE4Editor-MatineeToLevelSequence.dll (API version 3709383).
LogModuleManager: Display: Found up-to-date module file ../../../Engine/Plugins/Runtime/AndroidPermission/Binaries/Win64/UE4Editor-AndroidPermission.dll (API version 3709383).
LogModuleManager: Display: Found up-to-date module file ../../../Engine/Plugins/Online/OnlineSubsystemNull/Binaries/Win64/UE4Editor-OnlineSubsystemNull.dll (API version 3709383).
LogModuleManager: Display: Found up-to-date module file ../../../Engine/Plugins/Runtime/AndroidDeviceProfileSelector/Binaries/Win64/UE4Editor-AndroidDeviceProfileSelector.dll (API version 3709383).
LogModuleManager: Display: Found up-to-date module file ../../../Engine/Plugins/Runtime/AppleARKit/Binaries/Win64/UE4Editor-AppleARKit.dll (API version 3709383).
LogModuleManager: Display: Found up-to-date module file ../../../Engine/Plugins/Runtime/ArchVisCharacter/Binaries/Win64/UE4Editor-ArchVisCharacter.dll (API version 3709383).
LogModuleManager: Display: Found up-to-date module file ../../../Engine/Plugins/Runtime/CableComponent/Binaries/Win64/UE4Editor-CableComponent.dll (API version 3709383).
LogModuleManager: Display: Found up-to-date module file ../../../Engine/Plugins/Runtime/CustomMeshComponent/Binaries/Win64/UE4Editor-CustomMeshComponent.dll (API version 3709383).
LogModuleManager: Display: Found up-to-date module file ../../../Engine/Plugins/Runtime/ExampleDeviceProfileSelector/Binaries/Win64/UE4Editor-ExampleDeviceProfileSelector.dll (API version 3709383).
LogModuleManager: Display: Found up-to-date module file ../../../Engine/Plugins/Runtime/ImmediatePhysics/Binaries/Win64/UE4Editor-ImmediatePhysics.dll (API version 3709383).
LogModuleManager: Display: Found up-to-date module file ../../../Engine/Plugins/Runtime/ImmediatePhysics/Binaries/Win64/UE4Editor-ImmediatePhysicsEditor.dll (API version 3709383).
LogModuleManager: Display: Found up-to-date module file ../../../Engine/Plugins/Runtime/LocationServicesBPLibrary/Binaries/Win64/UE4Editor-LocationServicesBPLibrary.dll (API version 3709383).
LogModuleManager: Display: Found up-to-date module file ../../../Engine/Plugins/Runtime/MobilePatchingUtils/Binaries/Win64/UE4Editor-MobilePatchingUtils.dll (API version 3709383).
LogModuleManager: Display: Found up-to-date module file ../../../Engine/Plugins/Runtime/Oculus/OculusVR/Binaries/Win64/UE4Editor-OculusHMD.dll (API version 3709383).
LogModuleManager: Display: Found up-to-date module file ../../../Engine/Plugins/Runtime/Oculus/OculusVR/Binaries/Win64/UE4Editor-OculusInput.dll (API version 3709383).
LogModuleManager: Display: Found up-to-date module file ../../../Engine/Plugins/Runtime/Oculus/OculusVR/Binaries/Win64/UE4Editor-OculusEditor.dll (API version 3709383).
LogModuleManager: Display: Found up-to-date module file ../../../Engine/Plugins/Runtime/PhysXVehicles/Binaries/Win64/UE4Editor-PhysXVehicles.dll (API version 3709383).
LogModuleManager: Display: Found up-to-date module file ../../../Engine/Plugins/Runtime/PhysXVehicles/Binaries/Win64/UE4Editor-PhysXVehiclesEditor.dll (API version 3709383).
LogModuleManager: Display: Found up-to-date module file ../../../Engine/Plugins/Runtime/ProceduralMeshComponent/Binaries/Win64/UE4Editor-ProceduralMeshComponent.dll (API version 3709383).
LogModuleManager: Display: Found up-to-date module file ../../../Engine/Plugins/Runtime/ProceduralMeshComponent/Binaries/Win64/UE4Editor-ProceduralMeshComponentEditor.dll (API version 3709383).
LogModuleManager: Display: Found up-to-date module file ../../../Engine/Plugins/Runtime/RuntimePhysXCooking/Binaries/Win64/UE4Editor-RuntimePhysXCooking.dll (API version 3709383).
LogModuleManager: Display: Found up-to-date module file ../../../Engine/Plugins/Runtime/Steam/SteamVR/Binaries/Win64/UE4Editor-SteamVR.dll (API version 3709383).
LogModuleManager: Display: Found up-to-date module file ../../../Engine/Plugins/Runtime/Steam/SteamVR/Binaries/Win64/UE4Editor-SteamVRController.dll (API version 3709383).
LogModuleManager: Display: Found up-to-date module file ../../../Engine/Plugins/Runtime/WindowsMoviePlayer/Binaries/Win64/UE4Editor-WindowsMoviePlayer.dll (API version 3709383).
LogPluginManager: Mounting plugin Paper2D
LogPluginManager: Mounting plugin LightPropagationVolume
LogPluginManager: Mounting plugin CodeLiteSourceCodeAccess
LogPluginManager: Mounting plugin GitSourceControl
LogPluginManager: Mounting plugin KDevelopSourceCodeAccess
LogPluginManager: Mounting plugin NullSourceCodeAccess
LogPluginManager: Mounting plugin PerforceSourceControl
LogPluginManager: Mounting plugin SubversionSourceControl
LogPluginManager: Mounting plugin UObjectPlugin
LogPluginManager: Mounting plugin VisualStudioCodeSourceCodeAccess
LogPluginManager: Mounting plugin VisualStudioSourceCodeAccess
LogPluginManager: Mounting plugin XCodeSourceCodeAccess
LogPluginManager: Mounting plugin AssetManagerEditor
LogPluginManager: Mounting plugin AudioCapture
LogPluginManager: Mounting plugin FacialAnimation
LogPluginManager: Mounting plugin GameplayTagsEditor
LogPluginManager: Mounting plugin MobileLauncherProfileWizard
LogPluginManager: Mounting plugin PluginBrowser
LogPluginManager: Mounting plugin SpeedTreeImporter
LogPluginManager: Mounting plugin AlembicImporter
LogPluginManager: Mounting plugin CharacterAI
LogPluginManager: Mounting plugin HTML5Networking
LogPluginManager: Mounting plugin AndroidMedia
LogPluginManager: Mounting plugin AvfMedia
LogPluginManager: Mounting plugin ImgMedia
LogPluginManager: Mounting plugin MediaCompositing
LogPluginManager: Mounting plugin MediaPlayerEditor
LogPluginManager: Mounting plugin WmfMedia
LogPluginManager: Mounting plugin TcpMessaging
LogPluginManager: Mounting plugin UdpMessaging
LogPluginManager: Mounting plugin ActorSequence
LogPluginManager: Mounting plugin LevelSequenceEditor
LogPluginManager: Mounting plugin MatineeToLevelSequence
LogPluginManager: Mounting plugin OnlineSubsystemGooglePlay
LogPluginManager: Mounting plugin OnlineSubsystemIOS
LogPluginManager: Mounting plugin OnlineSubsystem
LogPluginManager: Mounting plugin OnlineSubsystemNull
LogPluginManager: Mounting plugin OnlineSubsystemSteam
LogPluginManager: Mounting plugin OnlineSubsystemUtils
LogPluginManager: Mounting plugin AndroidDeviceProfileSelector
LogPluginManager: Mounting plugin AndroidMoviePlayer
LogPluginManager: Mounting plugin AndroidPermission
LogPluginManager: Mounting plugin AppleARKit
LogPluginManager: Mounting plugin AppleMoviePlayer
LogPluginManager: Mounting plugin ArchVisCharacter
LogPluginManager: Mounting plugin CableComponent
LogPluginManager: Mounting plugin CustomMeshComponent
LogPluginManager: Mounting plugin ExampleDeviceProfileSelector
LogPluginManager: Mounting plugin GoogleCloudMessaging
LogPluginManager: Mounting plugin ImmediatePhysics
LogPluginManager: Mounting plugin IOSDeviceProfileSelector
LogPluginManager: Mounting plugin LinuxDeviceProfileSelector
LogPluginManager: Mounting plugin LocationServicesBPLibrary
LogPluginManager: Mounting plugin MobilePatchingUtils
LogPluginManager: Mounting plugin OculusVR
LogPluginManager: Plugin shader directory ../../../Engine/Plugins/Runtime/Oculus/OculusVR/Shaders found
LogPluginManager: Mapping shader source directory ../../../Engine/Plugins/Runtime/Oculus/OculusVR/Shaders to virtual directory /Plugin/OculusVR
LogPluginManager: Mounting plugin PhysXVehicles
LogPluginManager: Mounting plugin ProceduralMeshComponent
LogPluginManager: Mounting plugin RuntimePhysXCooking
LogPluginManager: Mounting plugin SteamVR
LogPluginManager: Mounting plugin WindowsMoviePlayer
LogInit: Using libcurl 7.47.1
LogInit:  - built for x86_64-pc-win32
LogInit:  - supports SSL with OpenSSL/1.0.2g
LogInit:  - supports HTTP deflate (compression) using libz 1.2.8
LogInit:  - other features:
LogInit:      CURL_VERSION_SSL
LogInit:      CURL_VERSION_LIBZ
LogInit:      CURL_VERSION_IPV6
LogInit:      CURL_VERSION_ASYNCHDNS
LogInit:      CURL_VERSION_LARGEFILE
LogInit:      CURL_VERSION_IDN
LogInit:  CurlRequestOptions (configurable via config and command line):
LogInit:  - bVerifyPeer = false  - Libcurl will NOT verify peer certificate
LogInit:  - bUseHttpProxy = false  - Libcurl will NOT use HTTP proxy
LogInit:  - bDontReuseConnections = false  - Libcurl will reuse connections
LogInit:  - CertBundlePath = nullptr  - Libcurl will use whatever was configured at build time.
LogOnline: Display: STEAM: Loading Steam SDK 1.39
LogOnline: Warning: STEAM: Steam API disabled!
LogOnline: Display: STEAM: OnlineSubsystemSteam::Shutdown()
LogInit: WinSock: version 1.1 (2.2), MaxSocks=32767, MaxUdp=65467
LogInit: Build: ++UE4+Release-4.18-CL-3832480
LogInit: Engine Version: 4.18.3-3832480+++UE4+Release-4.18
LogInit: Compatible Engine Version: 4.18.0-3709383+++UE4+Release-4.18
LogInit: Net CL: 3709383
LogDevObjectVersion: Number of dev versions registered: 16
LogDevObjectVersion:   Dev-Blueprints (B0D832E4-1F89-4F0D-ACCF-7EB736FD4AA2): 10
LogDevObjectVersion:   Dev-Build (E1C64328-A22C-4D53-A36C-8E866417BD8C): 0
LogDevObjectVersion:   Dev-Core (375EC13C-06E4-48FB-B500-84F0262A717E): 2
LogDevObjectVersion:   Dev-Editor (E4B068ED-F494-42E9-A231-DA0B2E46BB41): 20
LogDevObjectVersion:   Dev-Framework (CFFC743F-43B0-4480-9391-14DF171D2073): 30
LogDevObjectVersion:   Dev-Mobile (B02B49B5-BB20-44E9-A304-32B752E40360): 0
LogDevObjectVersion:   Dev-Networking (A4E4105C-59A1-49B5-A7C5-40C4547EDFEE): 0
LogDevObjectVersion:   Dev-Online (39C831C9-5AE6-47DC-9A44-9C173E1C8E7C): 0
LogDevObjectVersion:   Dev-Physics (78F01B33-EBEA-4F98-B9B4-84EACCB95AA2): 0
LogDevObjectVersion:   Dev-Platform (6631380F-2D4D-43E0-8009-CF276956A95A): 0
LogDevObjectVersion:   Dev-Rendering (12F88B9F-8875-4AFC-A67C-D90C383ABD29): 20
LogDevObjectVersion:   Dev-Sequencer (7B5AE74C-D270-4C10-A958-57980B212A5A): 4
LogDevObjectVersion:   Dev-VR (D7296918-1DD6-4BDD-9DE2-64A83CC13884): 0
LogDevObjectVersion:   Dev-LoadTimes (C2A15278-BFE7-4AFE-6C17-90FF531DF755): 1
LogDevObjectVersion:   Private-Geometry (6EACA3D4-40EC-4CC1-B786-8BED09428FC5): 1
LogDevObjectVersion:   Dev-AnimPhys (29E575DD-E0A3-4627-9D10-D276232CDCEA): 12
LogInit: Compiled (64-bit): Jan 12 2018 02:04:55
LogInit: Compiled with Visual C++: 19.00.24215.01
LogInit: Build Configuration: Development
LogInit: Branch Name: ++UE4+Release-4.18
LogInit: Command line: -EpicPortal 
LogInit: Base directory: C:/Program Files/Epic Games/UE_4.18/Engine/Binaries/Win64/
LogInit: Installed Engine Build: 1
LogInit: Presizing for max 8388607 objects, including 0 objects not considered by GC, pre-allocating 0 bytes for permanent pool.
LogInit: Object subsystem initialized
[2018.03.12-12.55.26:017][  0]LogInit: Selected Device Profile: [Windows]
[2018.03.12-12.55.26:017][  0]LogInit: Applying CVar settings loaded from the selected device profile: [Windows]
[2018.03.12-12.55.26:034][  0]LogInit: Computer: DESKTOP-EKPT9U8
[2018.03.12-12.55.26:034][  0]LogInit: User: SamuelJones
[2018.03.12-12.55.26:034][  0]LogInit: CPU Page size=4096, Cores=4
[2018.03.12-12.55.26:034][  0]LogInit: High frequency timer resolution =2.241007 MHz
[2018.03.12-12.55.26:034][  0]LogMemory: Memory total: Physical=15.9GB (16GB approx)
[2018.03.12-12.55.26:034][  0]LogMemory: Platform Memory Stats for Windows
[2018.03.12-12.55.26:034][  0]LogMemory: Process Physical Memory: 276.80 MB used, 276.80 MB peak
[2018.03.12-12.55.26:034][  0]LogMemory: Process Virtual Memory: 271.94 MB used, 271.94 MB peak
[2018.03.12-12.55.26:034][  0]LogMemory: Physical Memory: 2533.04 MB used,  13789.65 MB free, 16322.68 MB total
[2018.03.12-12.55.26:034][  0]LogMemory: Virtual Memory: 683.17 MB used,  13789.65 MB free, 134217728.00 MB total
[2018.03.12-12.55.26:275][  0]LogInit: Using OS detected language (en-US).
[2018.03.12-12.55.26:275][  0]LogInit: Using OS detected locale (en-GB).
[2018.03.12-12.55.26:279][  0]LogTextLocalizationManager: No specific localization for 'en-US' exists, so the 'en' localization will be used.
[2018.03.12-12.55.26:766][  0]LogInit: Setting process to per monitor DPI aware
[2018.03.12-12.55.27:115][  0]LogD3D11RHI: D3D11 adapters:
[2018.03.12-12.55.27:173][  0]LogD3D11RHI:    0. 'NVIDIA GeForce GT 650M' (Feature Level 11_0)
[2018.03.12-12.55.27:173][  0]LogD3D11RHI:       484/0/8161 MB DedicatedVideo/DedicatedSystem/SharedSystem, Outputs:1, VendorId:0x10de
[2018.03.12-12.55.27:177][  0]LogD3D11RHI:    1. 'Microsoft Basic Render Driver' (Feature Level 11_0)
[2018.03.12-12.55.27:177][  0]LogD3D11RHI:       0/0/8161 MB DedicatedVideo/DedicatedSystem/SharedSystem, Outputs:0, VendorId:0x1414
[2018.03.12-12.55.27:177][  0]LogD3D11RHI: Chosen D3D11 Adapter: 0
[2018.03.12-12.55.27:182][  0]LogD3D11RHI: Creating new Direct3DDevice
[2018.03.12-12.55.27:182][  0]LogD3D11RHI:     GPU DeviceId: 0xfd5 (for the marketing name, search the web for "GPU Device Id")
[2018.03.12-12.55.27:182][  0]LogWindows: EnumDisplayDevices:
[2018.03.12-12.55.27:182][  0]LogWindows:    0. 'NVIDIA GeForce GT 650M' (P:1 D:1)
[2018.03.12-12.55.27:183][  0]LogWindows:    1. 'NVIDIA GeForce GT 650M' (P:0 D:0)
[2018.03.12-12.55.27:183][  0]LogWindows:    2. 'NVIDIA GeForce GT 650M' (P:0 D:0)
[2018.03.12-12.55.27:183][  0]LogWindows:    3. 'NVIDIA GeForce GT 650M' (P:0 D:0)
[2018.03.12-12.55.27:183][  0]LogWindows: DebugString: GetVideoDriverDetailsInvalid PrimaryIsNotTheChoosenAdapter GetVideoDriverDetailsInvalid PrimaryIsNotTheChoosenAdapter GetVideoDriverDetailsInvalid PrimaryIsNotTheChoosenAdapter GetVideoDriverDetailsInvalid PrimaryIsNotTheChoosenAdapter FoundDriverCount:0 
[2018.03.12-12.55.27:183][  0]LogD3D11RHI:     Adapter Name: NVIDIA GeForce GT 650M
[2018.03.12-12.55.27:183][  0]LogD3D11RHI:   Driver Version: Unknown (internal:Unknown, unified:Unknown)
[2018.03.12-12.55.27:183][  0]LogD3D11RHI:      Driver Date: Unknown
[2018.03.12-12.55.27:183][  0]LogRHI: Texture pool is 339 MB (70% of 484 MB)
[2018.03.12-12.55.27:221][  0]LogD3D11RHI: Async texture creation enabled
[2018.03.12-12.55.27:241][  0]LogD3D11RHI: GPU Timing Frequency: 1000.000000 (Debug: 2 1)
[2018.03.12-12.55.27:244][  0]LogShaderCompilers: Guid format shader working directory is -28 characters bigger than the processId version (../../../../../../Users/Samuel Jones/Desktop/Multiplayer_Test/Multiplayer_Project/Intermediate/Shaders/WorkingDirectory/7652/).
[2018.03.12-12.55.27:244][  0]LogShaderCompilers: Cleaned the shader compiler working directory 'C:/Users/Samuel Jones/AppData/Local/Temp/UnrealShaderWorkingDir/428D0C2648F2B443DBB5CE85706CA96F/'.
[2018.03.12-12.55.27:244][  0]LogShaderCompilers: Display: Using Local Shader Compiler.
[2018.03.12-12.55.28:520][  0]LogTemp: Display: Loaded TP AllDesktopTargetPlatform
[2018.03.12-12.55.28:601][  0]LogTemp: Display: Loaded TP MacClientTargetPlatform
[2018.03.12-12.55.28:687][  0]LogTemp: Display: Loaded TP MacNoEditorTargetPlatform
[2018.03.12-12.55.28:769][  0]LogTemp: Display: Loaded TP MacServerTargetPlatform
[2018.03.12-12.55.28:856][  0]LogTemp: Display: Loaded TP MacTargetPlatform
[2018.03.12-12.55.28:942][  0]LogTemp: Display: Loaded TP WindowsClientTargetPlatform
[2018.03.12-12.55.29:026][  0]LogTemp: Display: Loaded TP WindowsNoEditorTargetPlatform
[2018.03.12-12.55.29:115][  0]LogTemp: Display: Loaded TP WindowsServerTargetPlatform
[2018.03.12-12.55.29:193][  0]LogTemp: Display: Loaded TP WindowsTargetPlatform
[2018.03.12-12.55.29:276][  0]LogTemp: Display: Loaded TP Android_ASTCTargetPlatform
[2018.03.12-12.55.29:369][  0]LogTemp: Display: Loaded TP Android_ATCTargetPlatform
[2018.03.12-12.55.29:456][  0]LogTemp: Display: Loaded TP Android_DXTTargetPlatform
[2018.03.12-12.55.29:544][  0]LogTemp: Display: Loaded TP Android_ETC1TargetPlatform
[2018.03.12-12.55.29:629][  0]LogTemp: Display: Loaded TP Android_ETC2TargetPlatform
[2018.03.12-12.55.29:801][  0]LogTemp: Display: Loaded TP Android_MultiTargetPlatform
[2018.03.12-12.55.29:801][  0]LogTemp: Display: Loaded TP Android_PVRTCTargetPlatform
[2018.03.12-12.55.29:889][  0]LogTemp: Display: Loaded TP AndroidTargetPlatform
[2018.03.12-12.55.29:957][  0]LogTemp: Display: Loaded TP HTML5TargetPlatform
[2018.03.12-12.55.30:093][  0]LogTemp: Display: Loaded TP IOSTargetPlatform
[2018.03.12-12.55.30:138][  0]LogTemp: Display: Loaded TP TVOSTargetPlatform
[2018.03.12-12.55.30:220][  0]LogTemp: Display: Loaded TP LinuxClientTargetPlatform
[2018.03.12-12.55.30:300][  0]LogTemp: Display: Loaded TP LinuxNoEditorTargetPlatform
[2018.03.12-12.55.30:381][  0]LogTemp: Display: Loaded TP LinuxServerTargetPlatform
[2018.03.12-12.55.30:469][  0]LogTemp: Display: Loaded TP LinuxTargetPlatform
[2018.03.12-12.55.30:469][  0]LogTargetPlatformManager: Display: Building Assets For Windows
[2018.03.12-12.55.31:252][  0]LogDerivedDataCache: Display: Max Cache Size: 512 MB
[2018.03.12-12.55.31:342][  0]LogDerivedDataCache: Loaded boot cache 0.09s 92MB C:/Users/Samuel Jones/AppData/Local/UnrealEngine/4.18/DerivedDataCache/Boot.ddc.
[2018.03.12-12.55.31:342][  0]LogDerivedDataCache: Display: Loaded Boot cache: C:/Users/Samuel Jones/AppData/Local/UnrealEngine/4.18/DerivedDataCache/Boot.ddc
[2018.03.12-12.55.31:342][  0]LogDerivedDataCache: FDerivedDataBackendGraph:  Pak pak cache file ../../../../../../Users/Samuel Jones/Desktop/Multiplayer_Test/Multiplayer_Project/DerivedDataCache/DDC.ddp not found, will not use a pak cache.
[2018.03.12-12.55.31:342][  0]LogDerivedDataCache: Unable to find inner node Pak for hierarchical cache Hierarchy.
[2018.03.12-12.55.31:342][  0]LogDerivedDataCache: FDerivedDataBackendGraph:  CompressedPak pak cache file ../../../../../../Users/Samuel Jones/Desktop/Multiplayer_Test/Multiplayer_Project/DerivedDataCache/Compressed.ddp not found, will not use a pak cache.
[2018.03.12-12.55.31:342][  0]LogDerivedDataCache: Unable to find inner node CompressedPak for hierarchical cache Hierarchy.
[2018.03.12-12.55.31:361][  0]LogDerivedDataCache: Display: Pak cache opened for reading ../../../Engine/DerivedDataCache/Compressed.ddp.
[2018.03.12-12.55.31:373][  0]LogDerivedDataCache: Using Local data cache path C:/Users/Samuel Jones/AppData/Local/UnrealEngine/Common/DerivedDataCache: Writable
[2018.03.12-12.55.31:388][  0]LogMaterial: Verifying Global Shaders for PCD3D_SM5
[2018.03.12-12.55.31:389][  0]LogSlate: Using Freetype 2.6.0
[2018.03.12-12.55.31:389][  0]LogSlate: SlateFontCache - WITH_FREETYPE: 1, WITH_HARFBUZZ: 1
[2018.03.12-12.55.31:390][  0]LogSlate: SlateFontCache - WITH_FREETYPE: 1, WITH_HARFBUZZ: 1
[2018.03.12-12.55.31:949][  0]LogInit: Selected Device Profile: [Windows]
[2018.03.12-12.55.32:467][  0]LogSimplygon: Simplygon DLL not present - disabling.
[2018.03.12-12.55.32:535][  0]LogMeshReduction: Using SimplygonSwarm for distributed automatic mesh merging
[2018.03.12-12.55.32:535][  0]LogMeshReduction: Using QuadricMeshReduction for automatic static mesh reduction
[2018.03.12-12.55.32:535][  0]LogMeshReduction: No automatic skeletal mesh reduction module available
[2018.03.12-12.55.32:535][  0]LogMeshReduction: No automatic mesh merging module available
[2018.03.12-12.55.32:535][  0]LogMeshMerging: No automatic mesh merging module available
[2018.03.12-12.55.32:573][  0]LogNetVersion: Multiplayer_Project , NetCL: 3709383, EngineNetVer: 2, GameNetVer: 0 (Checksum: 1516079218)
[2018.03.12-12.55.32:821][  0]LogAssetRegistry: FAssetRegistry took 0.0275 seconds to start up
[2018.03.12-12.55.33:548][  0]LogPackageLocalizationCache: Processed 7 localized package path(s) for 2 prioritized culture(s) in 0.083059 seconds
[2018.03.12-12.55.33:556][  0]LogUObjectArray: 35877 objects as part of root set at end of initial load.
[2018.03.12-12.55.33:556][  0]LogUObjectAllocator: 7577632 out of 0 bytes used by permanent object pool.
[2018.03.12-12.55.33:556][  0]LogUObjectArray: CloseDisregardForGC: 0/0 objects in disregard for GC pool
[2018.03.12-12.55.37:663][  0]LogTcpMessaging: Initializing TcpMessaging bridge
[2018.03.12-12.55.37:725][  0]LogUdpMessaging: Initializing bridge on interface 0.0.0.0:0 to multicast group 230.0.0.1:6666.
[2018.03.12-12.55.38:814][  0]LogMaterial: Uniform references updated for custom material expression Custom.
[2018.03.12-12.55.39:492][  0]SourceControl: Source control is disabled
[2018.03.12-12.55.39:492][  0]SourceControl: Source control is disabled
[2018.03.12-12.55.39:580][  0]SourceControl: Source control is disabled
[2018.03.12-12.55.39:671][  0]SourceControl: Source control is disabled
[2018.03.12-12.55.40:962][  0]LogAndroidPermission: UAndroidPermissionCallbackProxy::GetInstance
[2018.03.12-12.55.41:412][  0]LogOcInput: OculusInput pre-init called
[2018.03.12-12.55.41:893][  0]LogEngine: Initializing Engine...
[2018.03.12-12.55.41:896][  0]LogHMD: Failed to initialize OpenVR with code 110
[2018.03.12-12.55.42:172][  0]LogStats: UGameplayTagsManager::ConstructGameplayTagTree: Construct from data asset -  0.000 s
[2018.03.12-12.55.42:172][  0]LogStats: UGameplayTagsManager::ConstructGameplayTagTree: GameplayTagTreeChangedEvent.Broadcast -  0.000 s
[2018.03.12-12.55.42:396][  0]LogAIModule: Creating AISystem for world Untitled
[2018.03.12-12.55.42:408][  0]LogInit: XAudio2 using 'Speakers (Cirrus Logic CS4206B (AB 83))' : 4 channels at 48 kHz using 16 bits per sample (channel mask 0x107)
[2018.03.12-12.55.42:433][  0]LogInit: FAudioDevice initialized.
[2018.03.12-12.55.42:519][  0]LogDerivedDataCache: Saved boot cache 0.09s 78MB C:/Users/Samuel Jones/AppData/Local/UnrealEngine/4.18/DerivedDataCache/Boot.ddc.
[2018.03.12-12.55.42:531][  0]LogInit: Texture streaming: Enabled
[2018.03.12-12.55.42:705][  0]LogEngineSessionManager: EngineSessionManager initialized
[2018.03.12-12.55.42:924][  0]LogInit: Transaction tracking system initialized
[2018.03.12-12.55.43:458][  0]BlueprintLog: New page: Editor Load
[2018.03.12-12.55.45:002][  0]LocalizationService: Localization service is disabled
[2018.03.12-12.55.46:254][  0]LogConsoleResponse: Display: 
[2018.03.12-12.55.46:499][  0]LogCook: Display: Max memory allowance for cook 16384mb min free memory 0mb
[2018.03.12-12.55.46:500][  0]LogCook: Display: Mobile HDR setting 1
[2018.03.12-12.55.46:500][  0]LogGameplayTags: Display: UGameplayTagsManager::DoneAddingNativeTags. DelegateIsBound: 0
[2018.03.12-12.55.47:319][  0]LogFileCache: Scanning file cache for directory 'C:/Users/Samuel Jones/Desktop/Multiplayer_Test/Multiplayer_Project/Content/' took 0.02s
[2018.03.12-12.55.48:556][  0]SourceControl: Source control is disabled
[2018.03.12-12.55.48:556][  0]Cmd: MAP LOAD FILE="../../../../../../Users/Samuel Jones/Desktop/Multiplayer_Test/Multiplayer_Project/Content/Maps/MainMenu.umap" TEMPLATE=0 SHOWPROGRESS=1 FEATURELEVEL=3
[2018.03.12-12.55.48:557][  0]LightingResults: New page: Lighting Build
[2018.03.12-12.55.48:629][  0]MapCheck: New page: Map Check
[2018.03.12-12.55.48:629][  0]LightingResults: New page: Lighting Build
[2018.03.12-12.55.49:059][  0]LogAIModule: Creating AISystem for world MainMenu
[2018.03.12-12.55.49:060][  0]LogEditorServer: Finished looking for orphan Actors (0.000 secs)
[2018.03.12-12.55.49:073][  0]Cmd: MAP CHECKDEP NOCLEARLOG
[2018.03.12-12.55.49:142][  0]MapCheck: Map check complete: 0 Error(s), 0 Warning(s), took 69.309ms to complete.
[2018.03.12-12.55.49:142][  0]LogFileHelpers: Loading map 'MainMenu' took 0.586
[2018.03.12-12.55.49:214][  0]LogWindowsTextInputMethodSystem: Display: IME system now deactivated.
[2018.03.12-12.55.49:329][  0]LogCollectionManager: Loaded 0 collections in 0.002393 seconds
[2018.03.12-12.55.49:441][  0]LogFileCache: Scanning file cache for directory 'C:/Users/Samuel Jones/Desktop/Multiplayer_Test/Multiplayer_Project/Saved/Collections/' took 0.01s
[2018.03.12-12.55.49:441][  0]LogFileCache: Scanning file cache for directory 'C:/Users/Samuel Jones/Desktop/Multiplayer_Test/Multiplayer_Project/Content/Developers/SamuelJones/Collections/' took 0.01s
[2018.03.12-12.55.49:441][  0]LogFileCache: Scanning file cache for directory 'C:/Users/Samuel Jones/Desktop/Multiplayer_Test/Multiplayer_Project/Content/Collections/' took 0.01s
[2018.03.12-12.55.49:441][  0]LogCollectionManager: Rebuilt the GUID cache for 0 collections in 0.000000 seconds
[2018.03.12-12.55.49:453][  0]LogContentBrowser: Native class hierarchy populated in 0.0115 seconds. Added 2365 classes and 522 folders.
[2018.03.12-12.55.49:564][  0]LogContentBrowser: Native class hierarchy updated for 'WidgetCarousel' in 0.0005 seconds. Added 0 classes and 0 folders.
[2018.03.12-12.55.49:623][  0]LogContentBrowser: Native class hierarchy updated for 'AddContentDialog' in 0.0003 seconds. Added 0 classes and 0 folders.
[2018.03.12-12.55.49:704][  0]LogContentBrowser: Native class hierarchy updated for 'SceneOutliner' in 0.0003 seconds. Added 1 classes and 2 folders.
[2018.03.12-12.55.49:794][  0]LogSlate: Took 0.000388 seconds to synchronously load lazily loaded font '../../../Engine/Content/Slate/Fonts/Roboto-Regular.ttf' (155K)
[2018.03.12-12.55.49:797][  0]LogSlate: Took 0.000303 seconds to synchronously load lazily loaded font '../../../Engine/Content/Slate/Fonts/Roboto-Bold.ttf' (160K)
[2018.03.12-12.55.49:806][  0]LogSlate: Took 0.000269 seconds to synchronously load lazily loaded font '../../../Engine/Content/Editor/Slate/Fonts/FontAwesome.ttf' (139K)
[2018.03.12-12.55.49:938][  0]LogRenderer: Reallocating scene render targets to support 980x444 Format 10 NumSamples 1 (Frame:1).
[2018.03.12-12.55.50:128][  0]LogContentBrowser: Native class hierarchy updated for 'HierarchicalLODOutliner' in 0.0003 seconds. Added 1 classes and 2 folders.
[2018.03.12-12.55.50:128][  0]LogLoad: (Engine Initialization) Total time: 27.91 seconds
[2018.03.12-12.55.50:128][  0]LogLoad: (Engine Initialization) Total Blueprint compile time: 0.00 seconds
[2018.03.12-12.55.50:128][  0]LogExternalProfiler: No external profilers were discovered.  External profiling features will not be available.
[2018.03.12-12.55.50:158][  0]LogContentStreaming: Texture pool size now 1000 MB
[2018.03.12-12.55.50:199][  0]LogSlate: Took 0.000188 seconds to synchronously load lazily loaded font '../../../Engine/Content/Slate/Fonts/Roboto-Light.ttf' (159K)
[2018.03.12-12.55.50:220][  1]LogAssetRegistry: Asset discovery search completed in 17.4212 seconds
[2018.03.12-12.55.50:223][  1]LogCollectionManager: Rebuilt the object cache for 0 collections in 0.000000 seconds (found 0 objects)
[2018.03.12-12.55.50:223][  1]LogCollectionManager: Fixed up redirectors for 0 collections in 0.000054 seconds (updated 0 objects)
[2018.03.12-12.56.12:975][496]LogSlate: Took 0.000196 seconds to synchronously load lazily loaded font '../../../Engine/Content/Slate/Fonts/Roboto-Light.ttf' (159K)
[2018.03.12-12.56.13:415][496]LogAIModule: Creating AISystem for world Lobby
[2018.03.12-12.56.13:442][496]Cmd: MAP LOAD FILE="../../../../../../Users/Samuel Jones/Desktop/Multiplayer_Test/Multiplayer_Project/Content/Maps/Lobby.umap" TEMPLATE=0 SHOWPROGRESS=1 FEATURELEVEL=3
[2018.03.12-12.56.13:442][496]LightingResults: New page: Lighting Build
[2018.03.12-12.56.13:443][496]LoadErrors: New page: Loading map: Lobby.umap
[2018.03.12-12.56.13:443][496]MapCheck: New page: Map Check
[2018.03.12-12.56.13:443][496]LightingResults: New page: Lighting Build
[2018.03.12-12.56.13:536][496]LogEditorServer: Finished looking for orphan Actors (0.000 secs)
[2018.03.12-12.56.13:578][496]Cmd: MAP CHECKDEP NOCLEARLOG
[2018.03.12-12.56.13:655][496]MapCheck: Map check complete: 0 Error(s), 0 Warning(s), took 76.284ms to complete.
[2018.03.12-12.56.13:656][496]LogFileHelpers: Loading map 'Lobby' took 0.214
[2018.03.12-12.56.17:483][656]LogSlate: Only BGRA pngs, bmps or icos are supported in by External Image Picker
[2018.03.12-12.56.17:562][658]LogTemp: Executing iPhonePackager certificates Engine -bundlename com.YourCompany.MultiplayerProject
[2018.03.12-12.56.17:562][658]LogTemp: CWD: C:\Program Files\Epic Games\UE_4.18\Engine\Binaries\DotNET\IOS
[2018.03.12-12.56.17:562][658]LogTemp: Initial Dir: C:\Program Files\Epic Games\UE_4.18
[2018.03.12-12.56.17:562][658]LogTemp: Env CWD: C:\Program Files\Epic Games\UE_4.18\Engine\Binaries\DotNET\IOS
[2018.03.12-12.56.17:562][658]LogTemp: BranchPath = DESKTOP-EKPT9U8/C/Program Files/Epic Games/UE_4.18/Engine/Binaries --- GameBranchPath = DESKTOP-EKPT9U8/C/Program Files/Epic Games/UE_4.18/Engine/Binaries
[2018.03.12-12.56.17:576][658]LogTemp: IPP ERROR: Could not find provision directory 'C:\Users\Samuel Jones\AppData\Local/Apple Computer/MobileDevice/Provisioning Profiles/'.
[2018.03.12-12.56.35:685][693]LogContentBrowser: Native class hierarchy updated for 'BlueprintGraph' in 0.0008 seconds. Added 116 classes and 0 folders.
[2018.03.12-12.56.36:708][693]LogSlate: Took 0.000261 seconds to synchronously load lazily loaded font '../../../Engine/Content/Editor/Slate/Fonts/Roboto-BoldCondensed.ttf' (158K)
[2018.03.12-12.56.36:987][694]LogSlate: Took 0.000292 seconds to synchronously load lazily loaded font '../../../Engine/Content/Editor/Slate/Fonts/Roboto-Italic.ttf' (157K)
[2018.03.12-12.57.16:799][938]LogSlate: Took 0.000408 seconds to synchronously load lazily loaded font '../../../Engine/Content/Slate/Fonts/Roboto-Light.ttf' (159K)
[2018.03.12-12.57.38:307][863]Cmd: OBJ SAVEPACKAGE PACKAGE="/Game/UI/Lobby/LobbyMenu" FILE="../../../../../../Users/Samuel Jones/Desktop/Multiplayer_Test/Multiplayer_Project/Content/UI/Lobby/LobbyMenu.uasset" SILENT=true
[2018.03.12-12.57.38:477][863]LogSavePackage: Save=115.48ms
[2018.03.12-12.57.38:478][863]LogSavePackage: Moving '../../../../../../Users/Samuel Jones/Desktop/Multiplayer_Test/Multiplayer_Project/Saved/LobbyMenuC338B8B549023425FDF53181F4986644.tmp' to '../../../../../../Users/Samuel Jones/Desktop/Multiplayer_Test/Multiplayer_Project/Content/UI/Lobby/LobbyMenu.uasset'
[2018.03.12-12.57.38:489][863]LogSavePackage: Display: Finished SavePackage ../../../../../../Users/Samuel Jones/Desktop/Multiplayer_Test/Multiplayer_Project/Content/UI/Lobby/LobbyMenu.uasset
[2018.03.12-12.58.13:136][108]Cmd: OBJ SAVEPACKAGE PACKAGE="/Game/UI/Lobby/LobbyMenu" FILE="../../../../../../Users/Samuel Jones/Desktop/Multiplayer_Test/Multiplayer_Project/Content/UI/Lobby/LobbyMenu.uasset" SILENT=true
[2018.03.12-12.58.13:276][108]LogSavePackage: Save=109.05ms
[2018.03.12-12.58.13:276][108]LogSavePackage: Moving '../../../../../../Users/Samuel Jones/Desktop/Multiplayer_Test/Multiplayer_Project/Saved/LobbyMenuE05F1BEC43A1706C7192F588842E8BEA.tmp' to '../../../../../../Users/Samuel Jones/Desktop/Multiplayer_Test/Multiplayer_Project/Content/UI/Lobby/LobbyMenu.uasset'
[2018.03.12-12.58.13:287][108]LogSavePackage: Display: Finished SavePackage ../../../../../../Users/Samuel Jones/Desktop/Multiplayer_Test/Multiplayer_Project/Content/UI/Lobby/LobbyMenu.uasset
[2018.03.12-12.58.20:429][352]LogUProjectInfo: Found projects:
[2018.03.12-12.58.22:524][463]Cmd: CLOSE_SLATE_MAINFRAME
[2018.03.12-12.58.22:835][463]LogWindowsTextInputMethodSystem: Display: IME system now deactivated.
[2018.03.12-12.58.23:168][464]Cmd: QUIT_EDITOR
[2018.03.12-12.58.23:283][464]LogExit: Preparing to exit.
[2018.03.12-12.58.23:854][464]LogDirectoryWatcher: A directory notification for 'C:/Users/Samuel Jones/Desktop/Multiplayer_Test/Multiplayer_Project/Content/' was aborted.
[2018.03.12-12.58.23:949][464]LogExit: Editor shut down
[2018.03.12-12.58.23:955][464]LogExit: Transaction tracking system shut down
[2018.03.12-12.58.24:233][464]LogDirectoryWatcher: A directory notification for '../../../Engine/Content/' was aborted.
[2018.03.12-12.58.24:233][464]LogDirectoryWatcher: A directory notification for '../../../../../../Users/Samuel Jones/Desktop/Multiplayer_Test/Multiplayer_Project/Content/' was aborted.
[2018.03.12-12.58.24:234][464]LogDirectoryWatcher: A directory notification for '../../../Engine/Plugins/2D/Paper2D/Content/' was aborted.
[2018.03.12-12.58.24:234][464]LogDirectoryWatcher: A directory notification for '../../../Engine/Plugins/Media/MediaCompositing/Content/' was aborted.
[2018.03.12-12.58.24:234][464]LogDirectoryWatcher: A directory notification for '../../../Engine/Plugins/Runtime/AppleARKit/Content/' was aborted.
[2018.03.12-12.58.24:234][464]LogDirectoryWatcher: A directory notification for '../../../Engine/Plugins/Runtime/Oculus/OculusVR/Content/' was aborted.
[2018.03.12-12.58.24:234][464]LogDirectoryWatcher: A directory notification for '../../../Engine/Plugins/Runtime/Steam/SteamVR/Content/' was aborted.
[2018.03.12-12.58.24:478][464]LogExit: Object subsystem successfully closed.
[2018.03.12-12.58.24:510][464]LogD3D11RHI: Shutdown
[2018.03.12-12.58.24:510][464]LogD3D11RHI: CleanupD3DDevice
[2018.03.12-12.58.24:516][464]LogD3D11RHI: ~FD3D11DynamicRHI
[2018.03.12-12.58.24:581][464]LogModuleManager: Shutting down and abandoning module SequencerWidgets (556)
[2018.03.12-12.58.24:581][464]LogModuleManager: Shutting down and abandoning module BlueprintGraph (554)
[2018.03.12-12.58.24:581][464]LogModuleManager: Shutting down and abandoning module ExternalImagePicker (552)
[2018.03.12-12.58.24:581][464]LogModuleManager: Shutting down and abandoning module HierarchicalLODOutliner (550)
[2018.03.12-12.58.24:581][464]LogModuleManager: Shutting down and abandoning module SceneOutliner (548)
[2018.03.12-12.58.24:581][464]LogModuleManager: Shutting down and abandoning module AddContentDialog (546)
[2018.03.12-12.58.24:582][464]LogDirectoryWatcher: A directory notification for 'C:/Program Files/Epic Games/UE_4.18/FeaturePacks/' was aborted.
[2018.03.12-12.58.24:584][464]LogModuleManager: Shutting down and abandoning module WidgetCarousel (545)
[2018.03.12-12.58.24:584][464]LogModuleManager: Shutting down and abandoning module EditorWidgets (542)
[2018.03.12-12.58.24:584][464]LogModuleManager: Shutting down and abandoning module CollectionManager (540)
[2018.03.12-12.58.24:584][464]LogDirectoryWatcher: A directory notification for 'C:/Users/Samuel Jones/Desktop/Multiplayer_Test/Multiplayer_Project/Content/Collections/' was aborted.
[2018.03.12-12.58.24:585][464]LogDirectoryWatcher: A directory notification for 'C:/Users/Samuel Jones/Desktop/Multiplayer_Test/Multiplayer_Project/Content/Developers/SamuelJones/Collections/' was aborted.
[2018.03.12-12.58.24:585][464]LogDirectoryWatcher: A directory notification for 'C:/Users/Samuel Jones/Desktop/Multiplayer_Test/Multiplayer_Project/Saved/Collections/' was aborted.
[2018.03.12-12.58.24:585][464]LogModuleManager: Shutting down and abandoning module StatsViewer (538)
[2018.03.12-12.58.24:585][464]LogModuleManager: Shutting down and abandoning module FoliageEdit (536)
[2018.03.12-12.58.24:586][464]LogModuleManager: Shutting down and abandoning module LandscapeEditor (534)
[2018.03.12-12.58.24:586][464]LogModuleManager: Shutting down and abandoning module MeshPaintMode (532)
[2018.03.12-12.58.24:586][464]LogModuleManager: Shutting down and abandoning module SceneDepthPickerMode (530)
[2018.03.12-12.58.24:586][464]LogModuleManager: Shutting down and abandoning module ActorPickerMode (528)
[2018.03.12-12.58.24:586][464]LogModuleManager: Shutting down and abandoning module GeometryMode (526)
[2018.03.12-12.58.24:586][464]LogModuleManager: Shutting down and abandoning module TextureAlignMode (524)
[2018.03.12-12.58.24:586][464]LogModuleManager: Shutting down and abandoning module BspMode (522)
[2018.03.12-12.58.24:587][464]LogModuleManager: Shutting down and abandoning module PIEPreviewDeviceProfileSelector (520)
[2018.03.12-12.58.24:587][464]LogModuleManager: Shutting down and abandoning module HardwareSurvey (518)
[2018.03.12-12.58.24:587][464]LogModuleManager: Shutting down and abandoning module SequenceRecorderSections (516)
[2018.03.12-12.58.24:587][464]LogModuleManager: Shutting down and abandoning module AutomationWorker (514)
[2018.03.12-12.58.24:587][464]LogModuleManager: Shutting down and abandoning module MatineeToLevelSequence (512)
[2018.03.12-12.58.24:587][464]LogModuleManager: Shutting down and abandoning module LevelSequenceEditor (510)
[2018.03.12-12.58.24:587][464]LogModuleManager: Shutting down and abandoning module PlacementMode (509)
[2018.03.12-12.58.24:588][464]LogModuleManager: Shutting down and abandoning module WmfMediaFactory (506)
[2018.03.12-12.58.24:588][464]LogModuleManager: Shutting down and abandoning module WmfMediaEditor (504)
[2018.03.12-12.58.24:588][464]LogModuleManager: Shutting down and abandoning module OpenExrWrapper (502)
[2018.03.12-12.58.24:588][464]LogModuleManager: Shutting down and abandoning module ImgMediaFactory (500)
[2018.03.12-12.58.24:588][464]LogModuleManager: Shutting down and abandoning module ImgMediaEditor (498)
[2018.03.12-12.58.24:588][464]LogModuleManager: Shutting down and abandoning module AvfMediaFactory (496)
[2018.03.12-12.58.24:588][464]LogModuleManager: Shutting down and abandoning module AvfMediaEditor (494)
[2018.03.12-12.58.24:588][464]LogModuleManager: Shutting down and abandoning module AndroidMediaFactory (492)
[2018.03.12-12.58.24:588][464]LogModuleManager: Shutting down and abandoning module AndroidMediaEditor (490)
[2018.03.12-12.58.24:589][464]LogModuleManager: Shutting down and abandoning module CharacterAI (488)
[2018.03.12-12.58.24:589][464]LogModuleManager: Shutting down and abandoning module AudioCapture (486)
[2018.03.12-12.58.24:589][464]LogModuleManager: Shutting down and abandoning module SequenceRecorder (485)
[2018.03.12-12.58.24:589][464]LogModuleManager: Shutting down and abandoning module SmartSnapping (482)
[2018.03.12-12.58.24:589][464]LogModuleManager: Shutting down and abandoning module SessionServices (480)
[2018.03.12-12.58.24:589][464]LogModuleManager: Shutting down and abandoning module ViewportSnapping (478)
[2018.03.12-12.58.24:589][464]LogModuleManager: Shutting down and abandoning module ViewportInteraction (476)
[2018.03.12-12.58.24:589][464]LogModuleManager: Shutting down and abandoning module ClothPainter (474)
[2018.03.12-12.58.24:589][464]LogModuleManager: Shutting down and abandoning module SkeletalMeshEditor (473)
[2018.03.12-12.58.24:590][464]LogModuleManager: Shutting down and abandoning module LogVisualizer (470)
[2018.03.12-12.58.24:590][464]LogModuleManager: Shutting down and abandoning module IntroTutorials (468)
[2018.03.12-12.58.24:590][464]LogModuleManager: Shutting down and abandoning module GameProjectGeneration (467)
[2018.03.12-12.58.24:590][464]LogModuleManager: Shutting down and abandoning module IOSPlatformEditor (464)
[2018.03.12-12.58.24:590][464]LogModuleManager: Shutting down and abandoning module HTML5PlatformEditor (462)
[2018.03.12-12.58.24:591][464]LogModuleManager: Shutting down and abandoning module AndroidPlatformEditor (460)
[2018.03.12-12.58.24:591][464]LogModuleManager: Shutting down and abandoning module AndroidDeviceDetection (459)
[2018.03.12-12.58.24:714][464]LogModuleManager: Shutting down and abandoning module WindowsPlatformEditor (456)
[2018.03.12-12.58.24:714][464]LogModuleManager: Shutting down and abandoning module IOSRuntimeSettings (454)
[2018.03.12-12.58.24:714][464]LogModuleManager: Shutting down and abandoning module AndroidRuntimeSettings (452)
[2018.03.12-12.58.24:714][464]LogModuleManager: Shutting down and abandoning module InputBindingEditor (450)
[2018.03.12-12.58.24:714][464]LogModuleManager: Shutting down and abandoning module MergeActors (448)
[2018.03.12-12.58.24:714][464]LogModuleManager: Shutting down and abandoning module SizeMap (446)
[2018.03.12-12.58.24:714][464]LogModuleManager: Shutting down and abandoning module TreeMap (444)
[2018.03.12-12.58.24:714][464]LogModuleManager: Shutting down and abandoning module ReferenceViewer (442)
[2018.03.12-12.58.24:715][464]LogModuleManager: Shutting down and abandoning module LocalizationDashboard (440)
[2018.03.12-12.58.24:715][464]LogModuleManager: Shutting down and abandoning module LocalizationService (439)
[2018.03.12-12.58.24:715][464]LogModuleManager: Shutting down and abandoning module HardwareTargeting (436)
[2018.03.12-12.58.24:715][464]LogModuleManager: Shutting down and abandoning module DeviceProfileEditor (434)
[2018.03.12-12.58.24:715][464]LogModuleManager: Shutting down and abandoning module UndoHistory (432)
[2018.03.12-12.58.24:715][464]LogModuleManager: Shutting down and abandoning module XmlParser (430)
[2018.03.12-12.58.24:715][464]LogModuleManager: Shutting down and abandoning module Blutility (428)
[2018.03.12-12.58.24:715][464]LogModuleManager: Shutting down and abandoning module ProjectSettingsViewer (426)
[2018.03.12-12.58.24:715][464]LogModuleManager: Shutting down and abandoning module ProjectTargetPlatformEditor (425)
[2018.03.12-12.58.24:716][464]LogModuleManager: Shutting down and abandoning module EditorSettingsViewer (422)
[2018.03.12-12.58.24:716][464]LogModuleManager: Shutting down and abandoning module SettingsEditor (420)
[2018.03.12-12.58.24:716][464]LogModuleManager: Shutting down and abandoning module ProjectLauncher (418)
[2018.03.12-12.58.24:716][464]LogModuleManager: Shutting down and abandoning module SessionFrontend (416)
[2018.03.12-12.58.24:716][464]LogModuleManager: Shutting down and abandoning module ProfilerClient (414)
[2018.03.12-12.58.24:716][464]LogModuleManager: Shutting down and abandoning module DeviceManager (412)
[2018.03.12-12.58.24:716][464]LogModuleManager: Shutting down and abandoning module TargetDeviceServices (411)
[2018.03.12-12.58.24:771][464]LogModuleManager: Shutting down and abandoning module AutomationController (408)
[2018.03.12-12.58.24:771][464]LogModuleManager: Shutting down and abandoning module AutomationWindow (406)
[2018.03.12-12.58.24:771][464]LogModuleManager: Shutting down and abandoning module Layers (404)
[2018.03.12-12.58.24:771][464]LogModuleManager: Shutting down and abandoning module ComponentVisualizers (402)
[2018.03.12-12.58.24:771][464]LogModuleManager: Shutting down and abandoning module DetailCustomizations (400)
[2018.03.12-12.58.24:771][464]LogModuleManager: Shutting down and abandoning module PackagesDialog (398)
[2018.03.12-12.58.24:772][464]LogModuleManager: Shutting down and abandoning module Persona (396)
[2018.03.12-12.58.24:772][464]LogModuleManager: Shutting down and abandoning module AdvancedPreviewScene (395)
[2018.03.12-12.58.24:772][464]LogModuleManager: Shutting down and abandoning module AnimGraph (393)
[2018.03.12-12.58.24:772][464]LogModuleManager: Shutting down and abandoning module Kismet (390)
[2018.03.12-12.58.24:795][464]LogModuleManager: Shutting down and abandoning module ClassViewer (388)
[2018.03.12-12.58.24:798][464]LogModuleManager: Shutting down and abandoning module Toolbox (386)
[2018.03.12-12.58.24:799][464]LogModuleManager: Shutting down and abandoning module ModuleUI (384)
[2018.03.12-12.58.24:799][464]LogModuleManager: Shutting down and abandoning module MovieSceneTools (382)
[2018.03.12-12.58.24:799][464]LogModuleManager: Shutting down and abandoning module OutputLog (380)
[2018.03.12-12.58.24:799][464]LogModuleManager: Shutting down and abandoning module GammaUI (378)
[2018.03.12-12.58.24:799][464]LogModuleManager: Shutting down and abandoning module Documentation (376)
[2018.03.12-12.58.24:799][464]LogModuleManager: Shutting down and abandoning module MovieSceneTracks (374)
[2018.03.12-12.58.24:799][464]LogModuleManager: Shutting down and abandoning module MovieScene (372)
[2018.03.12-12.58.24:799][464]LogModuleManager: Shutting down and abandoning module StreamingPauseRendering (370)
[2018.03.12-12.58.24:799][464]LogModuleManager: Shutting down and abandoning module LauncherPlatform (368)
[2018.03.12-12.58.24:799][464]LogModuleManager: Shutting down and abandoning module AnalyticsET (366)
[2018.03.12-12.58.24:800][464]LogModuleManager: Shutting down and abandoning module PortalServices (364)
[2018.03.12-12.58.24:800][464]LogModuleManager: Shutting down and abandoning module PortalRpc (362)
[2018.03.12-12.58.24:800][464]LogModuleManager: Shutting down and abandoning module MessagingRpc (360)
[2018.03.12-12.58.24:800][464]LogModuleManager: Shutting down and abandoning module AIModule (358)
[2018.03.12-12.58.24:800][464]LogModuleManager: Shutting down and abandoning module GameplayDebugger (357)
[2018.03.12-12.58.24:800][464]LogModuleManager: Shutting down and abandoning module AITestSuite (355)
[2018.03.12-12.58.24:800][464]LogModuleManager: Shutting down and abandoning module DesktopPlatform (352)
[2018.03.12-12.58.24:800][464]LogModuleManager: Shutting down and abandoning module ProfilerService (350)
[2018.03.12-12.58.24:965][464]LogModuleManager: Shutting down and abandoning module TaskGraph (348)
[2018.03.12-12.58.24:965][464]LogModuleManager: Shutting down and abandoning module SteamVRController (346)
[2018.03.12-12.58.24:966][464]LogModuleManager: Shutting down and abandoning module ProceduralMeshComponentEditor (344)
[2018.03.12-12.58.24:966][464]LogModuleManager: Shutting down and abandoning module ProceduralMeshComponent (342)
[2018.03.12-12.58.24:966][464]LogModuleManager: Shutting down and abandoning module OculusInput (340)
[2018.03.12-12.58.24:966][464]LogModuleManager: Shutting down and abandoning module MobilePatchingUtils (338)
[2018.03.12-12.58.24:966][464]LogModuleManager: Shutting down and abandoning module CustomMeshComponent (336)
[2018.03.12-12.58.24:966][464]LogModuleManager: Shutting down and abandoning module CableComponent (334)
[2018.03.12-12.58.24:966][464]LogModuleManager: Shutting down and abandoning module ArchVisCharacter (332)
[2018.03.12-12.58.24:966][464]LogModuleManager: Shutting down and abandoning module AndroidPermission (330)
[2018.03.12-12.58.24:966][464]LogModuleManager: Shutting down and abandoning module ActorSequence (328)
[2018.03.12-12.58.24:967][464]LogModuleManager: Shutting down and abandoning module MediaPlayerEditor (326)
[2018.03.12-12.58.24:967][464]LogModuleManager: Shutting down and abandoning module MediaCompositingEditor (324)
[2018.03.12-12.58.24:967][464]LogModuleManager: Shutting down and abandoning module MediaCompositing (322)
[2018.03.12-12.58.24:967][464]LogModuleManager: Shutting down and abandoning module HTML5Networking (320)
[2018.03.12-12.58.24:967][464]LogModuleManager: Shutting down and abandoning module AlembicImporter (318)
[2018.03.12-12.58.24:967][464]LogModuleManager: Shutting down and abandoning module AlembicLibrary (317)
[2018.03.12-12.58.24:967][464]LogModuleManager: Shutting down and abandoning module GeometryCache (316)
[2018.03.12-12.58.24:967][464]LogModuleManager: Shutting down and abandoning module GeometryCacheEd (315)
[2018.03.12-12.58.24:967][464]LogModuleManager: Shutting down and abandoning module SpeedTreeImporter (310)
[2018.03.12-12.58.24:968][464]LogModuleManager: Shutting down and abandoning module PluginBrowser (308)
[2018.03.12-12.58.24:968][464]LogModuleManager: Shutting down and abandoning module MobileLauncherProfileWizard (306)
[2018.03.12-12.58.24:968][464]LogModuleManager: Shutting down and abandoning module VisualStudioSourceCodeAccess (304)
[2018.03.12-12.58.24:968][464]LogModuleManager: Shutting down and abandoning module VisualStudioCodeSourceCodeAccess (302)
[2018.03.12-12.58.24:968][464]LogModuleManager: Shutting down and abandoning module UObjectPlugin (300)
[2018.03.12-12.58.24:968][464]LogModuleManager: Shutting down and abandoning module SubversionSourceControl (298)
[2018.03.12-12.58.24:968][464]LogModuleManager: Shutting down and abandoning module PerforceSourceControl (296)
[2018.03.12-12.58.24:968][464]LogModuleManager: Shutting down and abandoning module GitSourceControl (294)
[2018.03.12-12.58.24:968][464]LogModuleManager: Shutting down and abandoning module SourceControl (293)
[2018.03.12-12.58.24:968][464]LogModuleManager: Shutting down and abandoning module LightPropagationVolumeEditor (290)
[2018.03.12-12.58.24:969][464]LogModuleManager: Shutting down and abandoning module PaperTiledImporter (288)
[2018.03.12-12.58.24:969][464]LogModuleManager: Shutting down and abandoning module PaperSpriteSheetImporter (286)
[2018.03.12-12.58.24:969][464]LogModuleManager: Shutting down and abandoning module Paper2DEditor (284)
[2018.03.12-12.58.24:969][464]LogModuleManager: Shutting down and abandoning module MeshPaint (283)
[2018.03.12-12.58.24:969][464]LogModuleManager: Shutting down and abandoning module LevelEditor (281)
[2018.03.12-12.58.24:971][464]LogModuleManager: Shutting down and abandoning module PixelInspectorModule (280)
[2018.03.12-12.58.24:971][464]LogModuleManager: Shutting down and abandoning module MainFrame (278)
[2018.03.12-12.58.24:971][464]LogModuleManager: Shutting down and abandoning module HotReload (277)
[2018.03.12-12.58.24:973][464]LogModuleManager: Shutting down and abandoning module RuntimePhysXCooking (272)
[2018.03.12-12.58.24:973][464]LogModuleManager: Shutting down and abandoning module PhysXVehiclesEditor (270)
[2018.03.12-12.58.24:973][464]LogModuleManager: Shutting down and abandoning module PhysXVehicles (268)
[2018.03.12-12.58.24:973][464]LogModuleManager: Shutting down and abandoning module OculusEditor (266)
[2018.03.12-12.58.24:973][464]LogModuleManager: Shutting down and abandoning module LocationServicesBPLibrary (264)
[2018.03.12-12.58.24:973][464]LogModuleManager: Shutting down and abandoning module ImmediatePhysicsEditor (262)
[2018.03.12-12.58.24:973][464]LogModuleManager: Shutting down and abandoning module ImmediatePhysics (260)
[2018.03.12-12.58.24:973][464]LogModuleManager: Shutting down and abandoning module UdpMessaging (258)
[2018.03.12-12.58.25:074][464]LogModuleManager: Shutting down and abandoning module TcpMessaging (256)
[2018.03.12-12.58.25:175][464]LogModuleManager: Shutting down and abandoning module GameplayTagsEditor (254)
[2018.03.12-12.58.25:175][464]LogModuleManager: Shutting down and abandoning module FacialAnimationEditor (252)
[2018.03.12-12.58.25:175][464]LogModuleManager: Shutting down and abandoning module FacialAnimation (250)
[2018.03.12-12.58.25:175][464]LogModuleManager: Shutting down and abandoning module AssetManagerEditor (248)
[2018.03.12-12.58.25:175][464]LogModuleManager: Shutting down and abandoning module GraphEditor (247)
[2018.03.12-12.58.25:175][464]LogModuleManager: Shutting down and abandoning module ContentBrowser (245)
[2018.03.12-12.58.25:177][464]LogModuleManager: Shutting down and abandoning module LightPropagationVolumeRuntime (242)
[2018.03.12-12.58.25:178][464]LogModuleManager: Shutting down and abandoning module Paper2D (240)
[2018.03.12-12.58.25:178][464]LogModuleManager: Shutting down and abandoning module WindowsMoviePlayer (238)
[2018.03.12-12.58.25:178][464]LogModuleManager: Shutting down and abandoning module WmfMedia (236)
[2018.03.12-12.58.25:182][464]LogModuleManager: Shutting down and abandoning module ImgMedia (234)
[2018.03.12-12.58.25:182][464]LogModuleManager: Shutting down and abandoning module PacketHandler (232)
[2018.03.12-12.58.25:182][464]LogModuleManager: Shutting down and abandoning module ClothingSystemEditor (230)
[2018.03.12-12.58.25:182][464]LogModuleManager: Shutting down and abandoning module ClothingSystemRuntime (228)
[2018.03.12-12.58.25:182][464]LogModuleManager: Shutting down and abandoning module MediaAssets (226)
[2018.03.12-12.58.25:183][464]LogModuleManager: Shutting down and abandoning module Media (225)
[2018.03.12-12.58.25:190][464]LogModuleManager: Shutting down and abandoning module Overlay (222)
[2018.03.12-12.58.25:190][464]LogModuleManager: Shutting down and abandoning module OverlayEditor (221)
[2018.03.12-12.58.25:190][464]LogModuleManager: Shutting down and abandoning module VREditor (218)
[2018.03.12-12.58.25:190][464]LogModuleManager: Shutting down and abandoning module StringTableEditor (216)
[2018.03.12-12.58.25:190][464]LogModuleManager: Shutting down and abandoning module GameplayTasksEditor (214)
[2018.03.12-12.58.25:190][464]LogModuleManager: Shutting down and abandoning module BehaviorTreeEditor (212)
[2018.03.12-12.58.25:190][464]LogModuleManager: Shutting down and abandoning module FunctionalTesting (210)
[2018.03.12-12.58.25:190][464]LogModuleManager: Shutting down and abandoning module CollisionAnalyzer (208)
[2018.03.12-12.58.25:191][464]LogModuleManager: Shutting down and abandoning module WorkspaceMenuStructure (207)
[2018.03.12-12.58.25:191][464]LogModuleManager: Shutting down and abandoning module UMG (204)
[2018.03.12-12.58.25:191][464]LogModuleManager: Shutting down and abandoning module UMGEditor (203)
[2018.03.12-12.58.25:191][464]LogModuleManager: Shutting down and abandoning module Sequencer (202)
[2018.03.12-12.58.25:191][464]LogModuleManager: Shutting down and abandoning module MessageLog (199)
[2018.03.12-12.58.25:191][464]LogModuleManager: Shutting down and abandoning module SlateReflector (194)
[2018.03.12-12.58.25:191][464]LogModuleManager: Shutting down and abandoning module Slate (192)
[2018.03.12-12.58.25:191][464]LogModuleManager: Shutting down and abandoning module EditorStyle (190)
[2018.03.12-12.58.25:198][464]LogModuleManager: Shutting down and abandoning module MRMesh (188)
[2018.03.12-12.58.25:198][464]LogModuleManager: Shutting down and abandoning module SourceCodeAccess (186)
[2018.03.12-12.58.25:198][464]LogModuleManager: Shutting down and abandoning module HeadMountedDisplay (184)
[2018.03.12-12.58.25:198][464]LogModuleManager: Shutting down and abandoning module XAudio2 (182)
[2018.03.12-12.58.25:198][464]LogModuleManager: Shutting down and abandoning module Networking (180)
[2018.03.12-12.58.25:198][464]LogModuleManager: Shutting down and abandoning module Core (178)
[2018.03.12-12.58.25:198][464]LogModuleManager: Shutting down and abandoning module LevelSequence (174)
[2018.03.12-12.58.25:199][464]LogModuleManager: Shutting down and abandoning module DirectoryWatcher (172)
[2018.03.12-12.58.25:200][464]LogModuleManager: Shutting down and abandoning module KismetCompiler (170)
[2018.03.12-12.58.25:200][464]LogModuleManager: Shutting down and abandoning module MeshUtilities (168)
[2018.03.12-12.58.25:200][464]LogModuleManager: Shutting down and abandoning module MeshMergeUtilities (167)
[2018.03.12-12.58.25:200][464]LogModuleManager: Shutting down and abandoning module MeshReductionInterface (166)
[2018.03.12-12.58.25:200][464]LogModuleManager: Shutting down and abandoning module SimplygonSwarm (165)
[2018.03.12-12.58.25:200][464]LogModuleManager: Shutting down and abandoning module SimplygonMeshReduction (163)
[2018.03.12-12.58.25:201][464]LogModuleManager: Shutting down and abandoning module QuadricMeshReduction (161)
[2018.03.12-12.58.25:201][464]LogModuleManager: Shutting down and abandoning module MaterialBaking (157)
[2018.03.12-12.58.25:201][464]LogModuleManager: Shutting down and abandoning module DerivedDataCache (154)
[2018.03.12-12.58.25:263][464]LogDerivedDataCache: Shutdown
[2018.03.12-12.58.25:263][464]LogModuleManager: Shutting down and abandoning module TargetPlatform (152)
[2018.03.12-12.58.25:263][464]LogModuleManager: Shutting down and abandoning module VulkanShaderFormat (151)
[2018.03.12-12.58.25:263][464]LogModuleManager: Shutting down and abandoning module ShaderFormatVectorVM (149)
[2018.03.12-12.58.25:263][464]LogModuleManager: Shutting down and abandoning module ShaderFormatOpenGL (147)
[2018.03.12-12.58.25:263][464]LogModuleManager: Shutting down and abandoning module ShaderFormatD3D (145)
[2018.03.12-12.58.25:263][464]LogModuleManager: Shutting down and abandoning module MetalShaderFormat (143)
[2018.03.12-12.58.25:263][464]LogModuleManager: Shutting down and abandoning module TextureFormatUncompressed (141)
[2018.03.12-12.58.25:263][464]LogModuleManager: Shutting down and abandoning module TextureFormatPVR (139)
[2018.03.12-12.58.25:263][464]LogModuleManager: Shutting down and abandoning module TextureFormatDXT (137)
[2018.03.12-12.58.25:264][464]LogModuleManager: Shutting down and abandoning module TextureFormatIntelISPCTexComp (135)
[2018.03.12-12.58.25:264][464]LogModuleManager: Shutting down and abandoning module TextureFormatASTC (133)
[2018.03.12-12.58.25:264][464]LogModuleManager: Shutting down and abandoning module ImageWrapper (132)
[2018.03.12-12.58.25:264][464]LogModuleManager: Shutting down and abandoning module TextureFormatAndroid (129)
[2018.03.12-12.58.25:264][464]LogModuleManager: Shutting down and abandoning module AudioFormatOpus (127)
[2018.03.12-12.58.25:264][464]LogModuleManager: Shutting down and abandoning module AudioFormatOgg (125)
[2018.03.12-12.58.25:264][464]LogModuleManager: Shutting down and abandoning module AudioFormatADPCM (123)
[2018.03.12-12.58.25:264][464]LogModuleManager: Shutting down and abandoning module LinuxTargetPlatform (121)
[2018.03.12-12.58.25:264][464]LogModuleManager: Shutting down and abandoning module LinuxServerTargetPlatform (119)
[2018.03.12-12.58.25:264][464]LogModuleManager: Shutting down and abandoning module LinuxNoEditorTargetPlatform (117)
[2018.03.12-12.58.25:264][464]LogModuleManager: Shutting down and abandoning module LinuxClientTargetPlatform (115)
[2018.03.12-12.58.25:264][464]LogModuleManager: Shutting down and abandoning module TVOSTargetPlatform (113)
[2018.03.12-12.58.25:264][464]LogModuleManager: Shutting down and abandoning module Messaging (111)
[2018.03.12-12.58.25:264][464]LogModuleManager: Shutting down and abandoning module IOSTargetPlatform (109)
[2018.03.12-12.58.25:264][464]LogModuleManager: Shutting down and abandoning module HTML5TargetPlatform (107)
[2018.03.12-12.58.25:265][464]LogModuleManager: Shutting down and abandoning module AndroidTargetPlatform (105)
[2018.03.12-12.58.25:265][464]LogModuleManager: Shutting down and abandoning module Android_PVRTCTargetPlatform (103)
[2018.03.12-12.58.25:265][464]LogModuleManager: Shutting down and abandoning module Android_MultiTargetPlatform (101)
[2018.03.12-12.58.25:265][464]LogModuleManager: Shutting down and abandoning module Android_ETC2TargetPlatform (99)
[2018.03.12-12.58.25:265][464]LogModuleManager: Shutting down and abandoning module Android_ETC1TargetPlatform (97)
[2018.03.12-12.58.25:265][464]LogModuleManager: Shutting down and abandoning module Android_DXTTargetPlatform (95)
[2018.03.12-12.58.25:265][464]LogModuleManager: Shutting down and abandoning module Android_ATCTargetPlatform (93)
[2018.03.12-12.58.25:265][464]LogModuleManager: Shutting down and abandoning module Android_ASTCTargetPlatform (91)
[2018.03.12-12.58.25:265][464]LogModuleManager: Shutting down and abandoning module WindowsTargetPlatform (89)
[2018.03.12-12.58.25:265][464]LogModuleManager: Shutting down and abandoning module WindowsServerTargetPlatform (87)
[2018.03.12-12.58.25:265][464]LogModuleManager: Shutting down and abandoning module WindowsNoEditorTargetPlatform (85)
[2018.03.12-12.58.25:265][464]LogModuleManager: Shutting down and abandoning module WindowsClientTargetPlatform (83)
[2018.03.12-12.58.25:265][464]LogModuleManager: Shutting down and abandoning module MacTargetPlatform (81)
[2018.03.12-12.58.25:265][464]LogModuleManager: Shutting down and abandoning module MacServerTargetPlatform (79)
[2018.03.12-12.58.25:265][464]LogModuleManager: Shutting down and abandoning module MacNoEditorTargetPlatform (77)
[2018.03.12-12.58.25:265][464]LogModuleManager: Shutting down and abandoning module MacClientTargetPlatform (75)
[2018.03.12-12.58.25:265][464]LogModuleManager: Shutting down and abandoning module AllDesktopTargetPlatform (73)
[2018.03.12-12.58.25:265][464]LogModuleManager: Shutting down and abandoning module InputCore (70)
[2018.03.12-12.58.25:266][464]LogModuleManager: Shutting down and abandoning module Settings (68)
[2018.03.12-12.58.25:266][464]LogModuleManager: Shutting down and abandoning module PhysXCooking (66)
[2018.03.12-12.58.25:266][464]LogModuleManager: Shutting down and abandoning module SteamVR (64)
[2018.03.12-12.58.25:266][464]LogModuleManager: Shutting down and abandoning module OculusHMD (62)
[2018.03.12-12.58.25:266][464]LogModuleManager: Shutting down and abandoning module ExampleDeviceProfileSelector (60)
[2018.03.12-12.58.25:266][464]LogModuleManager: Shutting down and abandoning module AppleARKit (58)
[2018.03.12-12.58.25:266][464]LogModuleManager: Shutting down and abandoning module AugmentedReality (57)
[2018.03.12-12.58.25:266][464]LogModuleManager: Shutting down and abandoning module OnlineBlueprintSupport (54)
[2018.03.12-12.58.25:266][464]LogModuleManager: Shutting down and abandoning module OnlineSubsystem (50)
[2018.03.12-12.58.25:266][464]LogOnline: Display: OSS: FOnlineSubsystemNull::Shutdown()
[2018.03.12-12.58.25:266][464]LogOnline: Display: OSS: FOnlineAsyncTaskManager::Stop() ActiveTask:0000000000000000 Tasks[0/0]
[2018.03.12-12.58.25:268][464]LogOnline: Display: OSS: FOnlineAsyncTaskManager::Exit() started
[2018.03.12-12.58.25:268][464]LogOnline: Display: OSS: FOnlineAsyncTaskManager::Exit() finished
[2018.03.12-12.58.25:268][464]LogModuleManager: Shutting down and abandoning module XMPP (43)
[2018.03.12-12.58.25:268][464]LogModuleManager: Shutting down and abandoning module HTTP (41)
[2018.03.12-12.58.25:268][464]LogHttp: Display: Http module shutting down, but needs to wait on 1 outstanding Http requests:
[2018.03.12-12.58.25:268][464]LogHttp: Display: 	verb=[POST] url=[https://datarouter.ol.epicgames.com/datarouter/api/v1/public/data?SessionID=%7B52ED8A68-4577-4B87-3AD6-2C94AE93F277%7D&AppID=UEEditor.Rocket.Release&AppVersion=4.18.3-3832480%2B%2B%2BUE4%2BRelease-4.18&UserID=e84924774c2888b1dc050aa2fec1e71d%7Cab82d8f57509469a8171774633e6e5e6%7C5b5f5390-e609-4ad3-a296-5df869db6483&AppEnvironment=datacollector-binary&UploadType=eteventstream] status=Processing
[2018.03.12-12.58.25:284][464]LogModuleManager: Shutting down and abandoning module SSL (40)
[2018.03.12-12.58.25:287][464]LogModuleManager: Shutting down and abandoning module AnimationModifiers (36)
[2018.03.12-12.58.25:287][464]LogModuleManager: Shutting down and abandoning module PropertyEditor (35)
[2018.03.12-12.58.25:287][464]LogModuleManager: Shutting down and abandoning module AudioEditor (32)
[2018.03.12-12.58.25:287][464]LogModuleManager: Shutting down and abandoning module TextureCompressor (30)
[2018.03.12-12.58.25:288][464]LogModuleManager: Shutting down and abandoning module ShaderCore (28)
[2018.03.12-12.58.25:288][464]LogModuleManager: Shutting down and abandoning module Landscape (26)
[2018.03.12-12.58.25:288][464]LogModuleManager: Shutting down and abandoning module SlateRHIRenderer (24)
[2018.03.12-12.58.25:290][464]LogModuleManager: Shutting down and abandoning module OpenGLDrv (22)
[2018.03.12-12.58.25:290][464]LogModuleManager: Shutting down and abandoning module D3D11RHI (20)
[2018.03.12-12.58.25:290][464]LogModuleManager: Shutting down and abandoning module AnimGraphRuntime (18)
[2018.03.12-12.58.25:290][464]LogModuleManager: Shutting down and abandoning module Renderer (16)
[2018.03.12-12.58.25:291][464]LogModuleManager: Shutting down and abandoning module Engine (14)
[2018.03.12-12.58.25:291][464]LogModuleManager: Shutting down and abandoning module CoreUObject (12)
[2018.03.12-12.58.25:291][464]LogModuleManager: Shutting down and abandoning module NetworkFile (10)
[2018.03.12-12.58.25:291][464]LogModuleManager: Shutting down and abandoning module CookedIterativeFile (8)
[2018.03.12-12.58.25:291][464]LogModuleManager: Shutting down and abandoning module StreamingFile (6)
[2018.03.12-12.58.25:291][464]LogModuleManager: Shutting down and abandoning module SandboxFile (4)
[2018.03.12-12.58.25:291][464]LogModuleManager: Shutting down and abandoning module PakFile (2)
[2018.03.12-12.58.25:299][464]LogExit: Exiting.
[2018.03.12-12.58.25:344][464]Log file closed, 03/12/18 06:58:25
