Log file open, 03/07/18 15:18:05
LogWindows: Failed to load 'aqProf.dll' (GetLastError=126)
LogWindows: File 'aqProf.dll' does not exist
LogWindows: Failed to load 'VtuneApi.dll' (GetLastError=126)
LogWindows: File 'VtuneApi.dll' does not exist
LogWindows: Failed to load 'VtuneApi32e.dll' (GetLastError=126)
LogWindows: File 'VtuneApi32e.dll' does not exist
LogInit: Display: Running engine for game: Multiplayer_Project
LogPlatformFile: Not using cached read wrapper
LogInit: Display: RandInit(-640573575) SRandInit(-640573575).
LogInit: Read version file with build ID '3709383'
LogInit: Overriding engine version to CL 3832480, compatible CL 3709383
LogInit: Registered custom module enumerator with build ID '3709383'
LogInit: Warning: Passing commandline switches using / instead of - has been deprecated and will be removed in future versions of Unreal Engine.
LogTaskGraph: Started task graph with 5 named threads and 17 total threads with 3 sets of task threads.
LogStats: Stats thread started at 0.194311
LogD3D11RHI: Aftermath initialized
LogInit: Warning: Passing commandline switches using / instead of - has been deprecated and will be removed in future versions of Unreal Engine.
LogModuleManager: Display: Found up-to-date module file ../../../Engine/Plugins/2D/Paper2D/Binaries/Win64/UE4Editor-Paper2D.dll (API version 3709383).
LogModuleManager: Display: Found up-to-date module file ../../../Engine/Plugins/2D/Paper2D/Binaries/Win64/UE4Editor-Paper2DEditor.dll (API version 3709383).
LogModuleManager: Display: Found up-to-date module file ../../../Engine/Plugins/2D/Paper2D/Binaries/Win64/UE4Editor-PaperSpriteSheetImporter.dll (API version 3709383).
LogModuleManager: Display: Found up-to-date module file ../../../Engine/Plugins/2D/Paper2D/Binaries/Win64/UE4Editor-PaperTiledImporter.dll (API version 3709383).
LogModuleManager: Display: Found up-to-date module file ../../../Engine/Plugins/2D/Paper2D/Binaries/Win64/UE4Editor-SmartSnapping.dll (API version 3709383).
LogModuleManager: Display: Found up-to-date module file ../../../Engine/Plugins/Blendables/LightPropagationVolume/Binaries/Win64/UE4Editor-LightPropagationVolumeRuntime.dll (API version 3709383).
LogModuleManager: Display: Found up-to-date module file ../../../Engine/Plugins/Blendables/LightPropagationVolume/Binaries/Win64/UE4Editor-LightPropagationVolumeEditor.dll (API version 3709383).
LogModuleManager: Display: Found up-to-date module file ../../../Engine/Plugins/Developer/GitSourceControl/Binaries/Win64/UE4Editor-GitSourceControl.dll (API version 3709383).
LogModuleManager: Display: Found up-to-date module file ../../../Engine/Plugins/Developer/PerforceSourceControl/Binaries/Win64/UE4Editor-PerforceSourceControl.dll (API version 3709383).
LogModuleManager: Display: Found up-to-date module file ../../../Engine/Plugins/Developer/SubversionSourceControl/Binaries/Win64/UE4Editor-SubversionSourceControl.dll (API version 3709383).
LogModuleManager: Display: Found up-to-date module file ../../../Engine/Plugins/Developer/UObjectPlugin/Binaries/Win64/UE4Editor-UObjectPlugin.dll (API version 3709383).
LogModuleManager: Display: Found up-to-date module file ../../../Engine/Plugins/Developer/VisualStudioCodeSourceCodeAccess/Binaries/Win64/UE4Editor-VisualStudioCodeSourceCodeAccess.dll (API version 3709383).
LogModuleManager: Display: Found up-to-date module file ../../../Engine/Plugins/Developer/VisualStudioSourceCodeAccess/Binaries/Win64/UE4Editor-VisualStudioSourceCodeAccess.dll (API version 3709383).
LogModuleManager: Display: Found up-to-date module file ../../../Engine/Plugins/Editor/AssetManagerEditor/Binaries/Win64/UE4Editor-AssetManagerEditor.dll (API version 3709383).
LogModuleManager: Display: Found up-to-date module file ../../../Engine/Plugins/Editor/AudioCapture/Binaries/Win64/UE4Editor-AudioCapture.dll (API version 3709383).
LogModuleManager: Display: Found up-to-date module file ../../../Engine/Plugins/Editor/FacialAnimation/Binaries/Win64/UE4Editor-FacialAnimation.dll (API version 3709383).
LogModuleManager: Display: Found up-to-date module file ../../../Engine/Plugins/Editor/FacialAnimation/Binaries/Win64/UE4Editor-FacialAnimationEditor.dll (API version 3709383).
LogModuleManager: Display: Found up-to-date module file ../../../Engine/Plugins/Editor/GameplayTagsEditor/Binaries/Win64/UE4Editor-GameplayTagsEditor.dll (API version 3709383).
LogModuleManager: Display: Found up-to-date module file ../../../Engine/Plugins/Editor/MobileLauncherProfileWizard/Binaries/Win64/UE4Editor-MobileLauncherProfileWizard.dll (API version 3709383).
LogModuleManager: Display: Found up-to-date module file ../../../Engine/Plugins/Editor/PluginBrowser/Binaries/Win64/UE4Editor-PluginBrowser.dll (API version 3709383).
LogModuleManager: Display: Found up-to-date module file ../../../Engine/Plugins/Editor/SpeedTreeImporter/Binaries/Win64/UE4Editor-SpeedTreeImporter.dll (API version 3709383).
LogModuleManager: Display: Found up-to-date module file ../../../Engine/Plugins/Experimental/AlembicImporter/Binaries/Win64/UE4Editor-AlembicImporter.dll (API version 3709383).
LogModuleManager: Display: Found up-to-date module file ../../../Engine/Plugins/Experimental/AlembicImporter/Binaries/Win64/UE4Editor-AlembicLibrary.dll (API version 3709383).
LogModuleManager: Display: Found up-to-date module file ../../../Engine/Plugins/Experimental/CharacterAI/Binaries/Win64/UE4Editor-CharacterAI.dll (API version 3709383).
LogModuleManager: Display: Found up-to-date module file ../../../Engine/Plugins/Experimental/HTML5Networking/Binaries/Win64/UE4Editor-HTML5Networking.dll (API version 3709383).
LogModuleManager: Display: Found up-to-date module file ../../../Engine/Plugins/Media/AndroidMedia/Binaries/Win64/UE4Editor-AndroidMediaEditor.dll (API version 3709383).
LogModuleManager: Display: Found up-to-date module file ../../../Engine/Plugins/Media/AndroidMedia/Binaries/Win64/UE4Editor-AndroidMediaFactory.dll (API version 3709383).
LogModuleManager: Display: Found up-to-date module file ../../../Engine/Plugins/Media/AvfMedia/Binaries/Win64/UE4Editor-AvfMediaEditor.dll (API version 3709383).
LogModuleManager: Display: Found up-to-date module file ../../../Engine/Plugins/Media/AvfMedia/Binaries/Win64/UE4Editor-AvfMediaFactory.dll (API version 3709383).
LogModuleManager: Display: Found up-to-date module file ../../../Engine/Plugins/Media/AvfMedia/Binaries/Win64/UE4Editor-AvfMediaFactory.dll (API version 3709383).
LogModuleManager: Display: Found up-to-date module file ../../../Engine/Plugins/Media/ImgMedia/Binaries/Win64/UE4Editor-ImgMedia.dll (API version 3709383).
LogModuleManager: Display: Found up-to-date module file ../../../Engine/Plugins/Media/ImgMedia/Binaries/Win64/UE4Editor-ImgMediaEditor.dll (API version 3709383).
LogModuleManager: Display: Found up-to-date module file ../../../Engine/Plugins/Media/ImgMedia/Binaries/Win64/UE4Editor-ImgMediaFactory.dll (API version 3709383).
LogModuleManager: Display: Found up-to-date module file ../../../Engine/Plugins/Media/ImgMedia/Binaries/Win64/UE4Editor-ImgMediaFactory.dll (API version 3709383).
LogModuleManager: Display: Found up-to-date module file ../../../Engine/Plugins/Media/ImgMedia/Binaries/Win64/UE4Editor-OpenExrWrapper.dll (API version 3709383).
LogModuleManager: Display: Found up-to-date module file ../../../Engine/Plugins/Media/MediaCompositing/Binaries/Win64/UE4Editor-MediaCompositing.dll (API version 3709383).
LogModuleManager: Display: Found up-to-date module file ../../../Engine/Plugins/Media/MediaCompositing/Binaries/Win64/UE4Editor-MediaCompositingEditor.dll (API version 3709383).
LogModuleManager: Display: Found up-to-date module file ../../../Engine/Plugins/Media/MediaPlayerEditor/Binaries/Win64/UE4Editor-MediaPlayerEditor.dll (API version 3709383).
LogModuleManager: Display: Found up-to-date module file ../../../Engine/Plugins/Media/WmfMedia/Binaries/Win64/UE4Editor-WmfMedia.dll (API version 3709383).
LogModuleManager: Display: Found up-to-date module file ../../../Engine/Plugins/Media/WmfMedia/Binaries/Win64/UE4Editor-WmfMediaEditor.dll (API version 3709383).
LogModuleManager: Display: Found up-to-date module file ../../../Engine/Plugins/Media/WmfMedia/Binaries/Win64/UE4Editor-WmfMediaFactory.dll (API version 3709383).
LogModuleManager: Display: Found up-to-date module file ../../../Engine/Plugins/Media/WmfMedia/Binaries/Win64/UE4Editor-WmfMediaFactory.dll (API version 3709383).
LogModuleManager: Display: Found up-to-date module file ../../../Engine/Plugins/Messaging/TcpMessaging/Binaries/Win64/UE4Editor-TcpMessaging.dll (API version 3709383).
LogModuleManager: Display: Found up-to-date module file ../../../Engine/Plugins/Messaging/UdpMessaging/Binaries/Win64/UE4Editor-UdpMessaging.dll (API version 3709383).
LogModuleManager: Display: Found up-to-date module file ../../../Engine/Plugins/MovieScene/ActorSequence/Binaries/Win64/UE4Editor-ActorSequence.dll (API version 3709383).
LogModuleManager: Display: Found up-to-date module file ../../../Engine/Plugins/MovieScene/LevelSequenceEditor/Binaries/Win64/UE4Editor-LevelSequenceEditor.dll (API version 3709383).
LogModuleManager: Display: Found up-to-date module file ../../../Engine/Plugins/MovieScene/MatineeToLevelSequence/Binaries/Win64/UE4Editor-MatineeToLevelSequence.dll (API version 3709383).
LogModuleManager: Display: Found up-to-date module file ../../../Engine/Plugins/Online/OnlineSubsystem/Binaries/Win64/UE4Editor-OnlineSubsystem.dll (API version 3709383).
LogModuleManager: Display: Found up-to-date module file ../../../Engine/Plugins/Runtime/AndroidPermission/Binaries/Win64/UE4Editor-AndroidPermission.dll (API version 3709383).
LogModuleManager: Display: Found up-to-date module file ../../../Engine/Plugins/Online/OnlineSubsystemNull/Binaries/Win64/UE4Editor-OnlineSubsystemNull.dll (API version 3709383).
LogModuleManager: Display: Found up-to-date module file ../../../Engine/Plugins/Online/OnlineSubsystemUtils/Binaries/Win64/UE4Editor-OnlineSubsystemUtils.dll (API version 3709383).
LogModuleManager: Display: Found up-to-date module file ../../../Engine/Plugins/Online/OnlineSubsystemUtils/Binaries/Win64/UE4Editor-OnlineBlueprintSupport.dll (API version 3709383).
LogModuleManager: Display: Found up-to-date module file ../../../Engine/Plugins/Runtime/AndroidDeviceProfileSelector/Binaries/Win64/UE4Editor-AndroidDeviceProfileSelector.dll (API version 3709383).
LogModuleManager: Display: Found up-to-date module file ../../../Engine/Plugins/Runtime/AppleARKit/Binaries/Win64/UE4Editor-AppleARKit.dll (API version 3709383).
LogModuleManager: Display: Found up-to-date module file ../../../Engine/Plugins/Runtime/ArchVisCharacter/Binaries/Win64/UE4Editor-ArchVisCharacter.dll (API version 3709383).
LogModuleManager: Display: Found up-to-date module file ../../../Engine/Plugins/Runtime/CableComponent/Binaries/Win64/UE4Editor-CableComponent.dll (API version 3709383).
LogModuleManager: Display: Found up-to-date module file ../../../Engine/Plugins/Runtime/CustomMeshComponent/Binaries/Win64/UE4Editor-CustomMeshComponent.dll (API version 3709383).
LogModuleManager: Display: Found up-to-date module file ../../../Engine/Plugins/Runtime/ExampleDeviceProfileSelector/Binaries/Win64/UE4Editor-ExampleDeviceProfileSelector.dll (API version 3709383).
LogModuleManager: Display: Found up-to-date module file ../../../Engine/Plugins/Runtime/ImmediatePhysics/Binaries/Win64/UE4Editor-ImmediatePhysics.dll (API version 3709383).
LogModuleManager: Display: Found up-to-date module file ../../../Engine/Plugins/Runtime/ImmediatePhysics/Binaries/Win64/UE4Editor-ImmediatePhysicsEditor.dll (API version 3709383).
LogModuleManager: Display: Found up-to-date module file ../../../Engine/Plugins/Runtime/LocationServicesBPLibrary/Binaries/Win64/UE4Editor-LocationServicesBPLibrary.dll (API version 3709383).
LogModuleManager: Display: Found up-to-date module file ../../../Engine/Plugins/Runtime/MobilePatchingUtils/Binaries/Win64/UE4Editor-MobilePatchingUtils.dll (API version 3709383).
LogModuleManager: Display: Found up-to-date module file ../../../Engine/Plugins/Runtime/Oculus/OculusVR/Binaries/Win64/UE4Editor-OculusHMD.dll (API version 3709383).
LogModuleManager: Display: Found up-to-date module file ../../../Engine/Plugins/Runtime/Oculus/OculusVR/Binaries/Win64/UE4Editor-OculusInput.dll (API version 3709383).
LogModuleManager: Display: Found up-to-date module file ../../../Engine/Plugins/Runtime/Oculus/OculusVR/Binaries/Win64/UE4Editor-OculusEditor.dll (API version 3709383).
LogModuleManager: Display: Found up-to-date module file ../../../Engine/Plugins/Runtime/PhysXVehicles/Binaries/Win64/UE4Editor-PhysXVehicles.dll (API version 3709383).
LogModuleManager: Display: Found up-to-date module file ../../../Engine/Plugins/Runtime/PhysXVehicles/Binaries/Win64/UE4Editor-PhysXVehiclesEditor.dll (API version 3709383).
LogModuleManager: Display: Found up-to-date module file ../../../Engine/Plugins/Runtime/ProceduralMeshComponent/Binaries/Win64/UE4Editor-ProceduralMeshComponent.dll (API version 3709383).
LogModuleManager: Display: Found up-to-date module file ../../../Engine/Plugins/Runtime/ProceduralMeshComponent/Binaries/Win64/UE4Editor-ProceduralMeshComponentEditor.dll (API version 3709383).
LogModuleManager: Display: Found up-to-date module file ../../../Engine/Plugins/Runtime/RuntimePhysXCooking/Binaries/Win64/UE4Editor-RuntimePhysXCooking.dll (API version 3709383).
LogModuleManager: Display: Found up-to-date module file ../../../Engine/Plugins/Runtime/Steam/SteamVR/Binaries/Win64/UE4Editor-SteamVR.dll (API version 3709383).
LogModuleManager: Display: Found up-to-date module file ../../../Engine/Plugins/Runtime/Steam/SteamVR/Binaries/Win64/UE4Editor-SteamVRController.dll (API version 3709383).
LogModuleManager: Display: Found up-to-date module file ../../../Engine/Plugins/Runtime/WindowsMoviePlayer/Binaries/Win64/UE4Editor-WindowsMoviePlayer.dll (API version 3709383).
LogPluginManager: Mounting plugin Paper2D
LogPluginManager: Mounting plugin LightPropagationVolume
LogPluginManager: Mounting plugin CodeLiteSourceCodeAccess
LogPluginManager: Mounting plugin GitSourceControl
LogPluginManager: Mounting plugin KDevelopSourceCodeAccess
LogPluginManager: Mounting plugin NullSourceCodeAccess
LogPluginManager: Mounting plugin PerforceSourceControl
LogPluginManager: Mounting plugin SubversionSourceControl
LogPluginManager: Mounting plugin UObjectPlugin
LogPluginManager: Mounting plugin VisualStudioCodeSourceCodeAccess
LogPluginManager: Mounting plugin VisualStudioSourceCodeAccess
LogPluginManager: Mounting plugin XCodeSourceCodeAccess
LogPluginManager: Mounting plugin AssetManagerEditor
LogPluginManager: Mounting plugin AudioCapture
LogPluginManager: Mounting plugin FacialAnimation
LogPluginManager: Mounting plugin GameplayTagsEditor
LogPluginManager: Mounting plugin MobileLauncherProfileWizard
LogPluginManager: Mounting plugin PluginBrowser
LogPluginManager: Mounting plugin SpeedTreeImporter
LogPluginManager: Mounting plugin AlembicImporter
LogPluginManager: Mounting plugin CharacterAI
LogPluginManager: Mounting plugin HTML5Networking
LogPluginManager: Mounting plugin AndroidMedia
LogPluginManager: Mounting plugin AvfMedia
LogPluginManager: Mounting plugin ImgMedia
LogPluginManager: Mounting plugin MediaCompositing
LogPluginManager: Mounting plugin MediaPlayerEditor
LogPluginManager: Mounting plugin WmfMedia
LogPluginManager: Mounting plugin TcpMessaging
LogPluginManager: Mounting plugin UdpMessaging
LogPluginManager: Mounting plugin ActorSequence
LogPluginManager: Mounting plugin LevelSequenceEditor
LogPluginManager: Mounting plugin MatineeToLevelSequence
LogPluginManager: Mounting plugin OnlineSubsystemGooglePlay
LogPluginManager: Mounting plugin OnlineSubsystemIOS
LogPluginManager: Mounting plugin OnlineSubsystem
LogPluginManager: Mounting plugin OnlineSubsystemNull
LogPluginManager: Mounting plugin OnlineSubsystemUtils
LogPluginManager: Mounting plugin AndroidDeviceProfileSelector
LogPluginManager: Mounting plugin AndroidMoviePlayer
LogPluginManager: Mounting plugin AndroidPermission
LogPluginManager: Mounting plugin AppleARKit
LogPluginManager: Mounting plugin AppleMoviePlayer
LogPluginManager: Mounting plugin ArchVisCharacter
LogPluginManager: Mounting plugin CableComponent
LogPluginManager: Mounting plugin CustomMeshComponent
LogPluginManager: Mounting plugin ExampleDeviceProfileSelector
LogPluginManager: Mounting plugin GoogleCloudMessaging
LogPluginManager: Mounting plugin ImmediatePhysics
LogPluginManager: Mounting plugin IOSDeviceProfileSelector
LogPluginManager: Mounting plugin LinuxDeviceProfileSelector
LogPluginManager: Mounting plugin LocationServicesBPLibrary
LogPluginManager: Mounting plugin MobilePatchingUtils
LogPluginManager: Mounting plugin OculusVR
LogPluginManager: Plugin shader directory ../../../Engine/Plugins/Runtime/Oculus/OculusVR/Shaders found
LogPluginManager: Mapping shader source directory ../../../Engine/Plugins/Runtime/Oculus/OculusVR/Shaders to virtual directory /Plugin/OculusVR
LogPluginManager: Mounting plugin PhysXVehicles
LogPluginManager: Mounting plugin ProceduralMeshComponent
LogPluginManager: Mounting plugin RuntimePhysXCooking
LogPluginManager: Mounting plugin SteamVR
LogPluginManager: Mounting plugin WindowsMoviePlayer
LogInit: Using libcurl 7.47.1
LogInit:  - built for x86_64-pc-win32
LogInit:  - supports SSL with OpenSSL/1.0.2g
LogInit:  - supports HTTP deflate (compression) using libz 1.2.8
LogInit:  - other features:
LogInit:      CURL_VERSION_SSL
LogInit:      CURL_VERSION_LIBZ
LogInit:      CURL_VERSION_IPV6
LogInit:      CURL_VERSION_ASYNCHDNS
LogInit:      CURL_VERSION_LARGEFILE
LogInit:      CURL_VERSION_IDN
LogInit:  CurlRequestOptions (configurable via config and command line):
LogInit:  - bVerifyPeer = false  - Libcurl will NOT verify peer certificate
LogInit:  - bUseHttpProxy = false  - Libcurl will NOT use HTTP proxy
LogInit:  - bDontReuseConnections = false  - Libcurl will reuse connections
LogInit:  - CertBundlePath = nullptr  - Libcurl will use whatever was configured at build time.
LogModuleManager: Warning: No filename provided for module OnlineSubsystemSteam
LogModuleManager: Warning: ModuleManager: Unable to load module 'OnlineSubsystemSteam' because the file 'D:/Epic Games/Engine/UE_4.18/Engine/Binaries/Win64/' was not found.
LogInit: WinSock: version 1.1 (2.2), MaxSocks=32767, MaxUdp=65467
LogHMD: Failed initializing OVRPlugin 1.19.0
LogInit: Build: ++UE4+Release-4.18-CL-3832480
LogInit: Engine Version: 4.18.3-3832480+++UE4+Release-4.18
LogInit: Compatible Engine Version: 4.18.0-3709383+++UE4+Release-4.18
LogInit: Net CL: 3709383
LogDevObjectVersion: Number of dev versions registered: 16
LogDevObjectVersion:   Dev-Blueprints (B0D832E4-1F89-4F0D-ACCF-7EB736FD4AA2): 10
LogDevObjectVersion:   Dev-Build (E1C64328-A22C-4D53-A36C-8E866417BD8C): 0
LogDevObjectVersion:   Dev-Core (375EC13C-06E4-48FB-B500-84F0262A717E): 2
LogDevObjectVersion:   Dev-Editor (E4B068ED-F494-42E9-A231-DA0B2E46BB41): 20
LogDevObjectVersion:   Dev-Framework (CFFC743F-43B0-4480-9391-14DF171D2073): 30
LogDevObjectVersion:   Dev-Mobile (B02B49B5-BB20-44E9-A304-32B752E40360): 0
LogDevObjectVersion:   Dev-Networking (A4E4105C-59A1-49B5-A7C5-40C4547EDFEE): 0
LogDevObjectVersion:   Dev-Online (39C831C9-5AE6-47DC-9A44-9C173E1C8E7C): 0
LogDevObjectVersion:   Dev-Physics (78F01B33-EBEA-4F98-B9B4-84EACCB95AA2): 0
LogDevObjectVersion:   Dev-Platform (6631380F-2D4D-43E0-8009-CF276956A95A): 0
LogDevObjectVersion:   Dev-Rendering (12F88B9F-8875-4AFC-A67C-D90C383ABD29): 20
LogDevObjectVersion:   Dev-Sequencer (7B5AE74C-D270-4C10-A958-57980B212A5A): 4
LogDevObjectVersion:   Dev-VR (D7296918-1DD6-4BDD-9DE2-64A83CC13884): 0
LogDevObjectVersion:   Dev-LoadTimes (C2A15278-BFE7-4AFE-6C17-90FF531DF755): 1
LogDevObjectVersion:   Private-Geometry (6EACA3D4-40EC-4CC1-B786-8BED09428FC5): 1
LogDevObjectVersion:   Dev-AnimPhys (29E575DD-E0A3-4627-9D10-D276232CDCEA): 12
LogInit: Compiled (64-bit): Jan 12 2018 02:04:55
LogInit: Compiled with Visual C++: 19.00.24215.01
LogInit: Build Configuration: Development
LogInit: Branch Name: ++UE4+Release-4.18
LogInit: Command line:  /Game/Maps/MainMenu -game -PIEVIACONSOLE -ResX=1280 -ResY=720  -Multiprocess -messaging -SessionName="Play in Standalone Game" -windowed 
LogInit: Base directory: D:/Epic Games/Engine/UE_4.18/Engine/Binaries/Win64/
LogInit: Installed Engine Build: 1
LogInit: Presizing for max 8388607 objects, including 0 objects not considered by GC, pre-allocating 0 bytes for permanent pool.
LogInit: Object subsystem initialized
[2018.03.07-15.18.07:456][  0]LogInit: Selected Device Profile: [Windows]
[2018.03.07-15.18.07:456][  0]LogInit: Applying CVar settings loaded from the selected device profile: [Windows]
[2018.03.07-15.18.07:459][  0]LogInit: Computer: DDRAIG
[2018.03.07-15.18.07:459][  0]LogInit: User: Ddraig
[2018.03.07-15.18.07:459][  0]LogInit: CPU Page size=4096, Cores=6
[2018.03.07-15.18.07:459][  0]LogInit: High frequency timer resolution =3.320310 MHz
[2018.03.07-15.18.07:459][  0]LogMemory: Memory total: Physical=15.8GB (16GB approx)
[2018.03.07-15.18.07:459][  0]LogMemory: Platform Memory Stats for Windows
[2018.03.07-15.18.07:459][  0]LogMemory: Process Physical Memory: 280.13 MB used, 280.13 MB peak
[2018.03.07-15.18.07:459][  0]LogMemory: Process Virtual Memory: 274.93 MB used, 274.93 MB peak
[2018.03.07-15.18.07:459][  0]LogMemory: Physical Memory: 8572.28 MB used,  7649.21 MB free, 16221.49 MB total
[2018.03.07-15.18.07:459][  0]LogMemory: Virtual Memory: 733.48 MB used,  7649.21 MB free, 134217728.00 MB total
[2018.03.07-15.18.07:547][  0]LogInit: Using OS detected language (en-GB).
[2018.03.07-15.18.07:547][  0]LogInit: Using OS detected locale (en-GB).
[2018.03.07-15.18.07:549][  0]LogTextLocalizationManager: No specific localization for 'en-GB' exists, so the 'en' localization will be used.
[2018.03.07-15.18.07:935][  0]LogD3D11RHI: D3D11 adapters:
[2018.03.07-15.18.07:973][  0]LogD3D11RHI:    0. 'NVIDIA GeForce GTX 1070' (Feature Level 11_0)
[2018.03.07-15.18.07:974][  0]LogD3D11RHI:       8088/0/8110 MB DedicatedVideo/DedicatedSystem/SharedSystem, Outputs:2, VendorId:0x10de
[2018.03.07-15.18.07:975][  0]LogD3D11RHI:    1. 'Microsoft Basic Render Driver' (Feature Level 11_0)
[2018.03.07-15.18.07:975][  0]LogD3D11RHI:       0/0/8110 MB DedicatedVideo/DedicatedSystem/SharedSystem, Outputs:0, VendorId:0x1414
[2018.03.07-15.18.07:975][  0]LogD3D11RHI: Chosen D3D11 Adapter: 0
[2018.03.07-15.18.07:983][  0]LogD3D11RHI: Creating new Direct3DDevice
[2018.03.07-15.18.07:983][  0]LogD3D11RHI:     GPU DeviceId: 0x1b81 (for the marketing name, search the web for "GPU Device Id")
[2018.03.07-15.18.07:983][  0]LogWindows: EnumDisplayDevices:
[2018.03.07-15.18.07:983][  0]LogWindows:    0. 'NVIDIA GeForce GTX 1070' (P:1 D:1)
[2018.03.07-15.18.07:983][  0]LogWindows:    1. 'NVIDIA GeForce GTX 1070' (P:0 D:1)
[2018.03.07-15.18.07:983][  0]LogWindows:    2. 'NVIDIA GeForce GTX 1070' (P:0 D:0)
[2018.03.07-15.18.07:983][  0]LogWindows:    3. 'NVIDIA GeForce GTX 1070' (P:0 D:0)
[2018.03.07-15.18.07:983][  0]LogWindows: DebugString: GetVideoDriverDetailsInvalid PrimaryIsNotTheChoosenAdapter GetVideoDriverDetailsInvalid PrimaryIsNotTheChoosenAdapter GetVideoDriverDetailsInvalid PrimaryIsNotTheChoosenAdapter GetVideoDriverDetailsInvalid PrimaryIsNotTheChoosenAdapter FoundDriverCount:0 
[2018.03.07-15.18.07:983][  0]LogD3D11RHI:     Adapter Name: NVIDIA GeForce GTX 1070
[2018.03.07-15.18.07:983][  0]LogD3D11RHI:   Driver Version: Unknown (internal:Unknown, unified:Unknown)
[2018.03.07-15.18.07:983][  0]LogD3D11RHI:      Driver Date: Unknown
[2018.03.07-15.18.07:983][  0]LogRHI: Texture pool is 5661 MB (70% of 8088 MB)
[2018.03.07-15.18.08:014][  0]LogD3D11RHI: Async texture creation enabled
[2018.03.07-15.18.08:041][  0]LogD3D11RHI: GPU Timing Frequency: 1000.000000 (Debug: 2 2)
[2018.03.07-15.18.08:090][  0]LogShaderCompilers: Guid format shader working directory is -6 characters bigger than the processId version (F:/VirtueX_Games/Multiplayer_Test/Multiplayer_Project/Intermediate/Shaders/WorkingDirectory/2180/).
[2018.03.07-15.18.08:090][  0]LogShaderCompilers: Cleaned the shader compiler working directory 'C:/Users/Ddraig/AppData/Local/Temp/UnrealShaderWorkingDir/167424184C4811581DBA079D443C47D7/'.
[2018.03.07-15.18.08:090][  0]LogShaderCompilers: Display: Using Local Shader Compiler.
[2018.03.07-15.18.08:917][  0]LogTemp: Display: Loaded TP WindowsClientTargetPlatform
[2018.03.07-15.18.08:952][  0]LogTemp: Display: Loaded TP WindowsNoEditorTargetPlatform
[2018.03.07-15.18.08:989][  0]LogTemp: Display: Loaded TP WindowsServerTargetPlatform
[2018.03.07-15.18.09:018][  0]LogTemp: Display: Loaded TP WindowsTargetPlatform
[2018.03.07-15.18.09:018][  0]LogTargetPlatformManager: Display: Building Assets For Windows
[2018.03.07-15.18.09:312][  0]LogDerivedDataCache: Display: Max Cache Size: 512 MB
[2018.03.07-15.18.09:385][  0]LogDerivedDataCache: Loaded boot cache 0.07s 78MB C:/Users/Ddraig/AppData/Local/UnrealEngine/4.18/DerivedDataCache/Boot.ddc.
[2018.03.07-15.18.09:385][  0]LogDerivedDataCache: Display: Loaded Boot cache: C:/Users/Ddraig/AppData/Local/UnrealEngine/4.18/DerivedDataCache/Boot.ddc
[2018.03.07-15.18.09:385][  0]LogDerivedDataCache: FDerivedDataBackendGraph:  Pak pak cache file F:/VirtueX_Games/Multiplayer_Test/Multiplayer_Project/DerivedDataCache/DDC.ddp not found, will not use a pak cache.
[2018.03.07-15.18.09:385][  0]LogDerivedDataCache: Unable to find inner node Pak for hierarchical cache Hierarchy.
[2018.03.07-15.18.09:385][  0]LogDerivedDataCache: FDerivedDataBackendGraph:  CompressedPak pak cache file F:/VirtueX_Games/Multiplayer_Test/Multiplayer_Project/DerivedDataCache/Compressed.ddp not found, will not use a pak cache.
[2018.03.07-15.18.09:385][  0]LogDerivedDataCache: Unable to find inner node CompressedPak for hierarchical cache Hierarchy.
[2018.03.07-15.18.09:400][  0]LogDerivedDataCache: Display: Pak cache opened for reading ../../../Engine/DerivedDataCache/Compressed.ddp.
[2018.03.07-15.18.09:412][  0]LogDerivedDataCache: Using Local data cache path C:/Users/Ddraig/AppData/Local/UnrealEngine/Common/DerivedDataCache: Writable
[2018.03.07-15.18.09:420][  0]LogMaterial: Verifying Global Shaders for PCD3D_SM5
[2018.03.07-15.18.09:420][  0]LogSlate: Using Freetype 2.6.0
[2018.03.07-15.18.09:421][  0]LogSlate: SlateFontCache - WITH_FREETYPE: 1, WITH_HARFBUZZ: 1
[2018.03.07-15.18.09:421][  0]LogSlate: SlateFontCache - WITH_FREETYPE: 1, WITH_HARFBUZZ: 1
[2018.03.07-15.18.09:655][  0]LogAssetRegistry: FAssetRegistry took 0.0035 seconds to start up
[2018.03.07-15.18.09:664][  0]LogPackageLocalizationCache: Processed 7 localized package path(s) for 2 prioritized culture(s) in 0.008799 seconds
[2018.03.07-15.18.09:743][  0]LogInit: Selected Device Profile: [Windows]
[2018.03.07-15.18.09:988][  0]LogSimplygon: Simplygon DLL not present - disabling.
[2018.03.07-15.18.10:015][  0]LogMeshReduction: Using SimplygonSwarm for distributed automatic mesh merging
[2018.03.07-15.18.10:016][  0]LogMeshReduction: Using QuadricMeshReduction for automatic static mesh reduction
[2018.03.07-15.18.10:016][  0]LogMeshReduction: No automatic skeletal mesh reduction module available
[2018.03.07-15.18.10:016][  0]LogMeshReduction: No automatic mesh merging module available
[2018.03.07-15.18.10:016][  0]LogMeshMerging: No automatic mesh merging module available
[2018.03.07-15.18.10:042][  0]LogNetVersion: Multiplayer_Project , NetCL: 3709383, EngineNetVer: 2, GameNetVer: 0 (Checksum: 1516079218)
[2018.03.07-15.18.10:233][  0]LogInit: Warning: Passing commandline switches using / instead of - has been deprecated and will be removed in future versions of Unreal Engine.
[2018.03.07-15.18.10:233][  0]LogInit: Warning: Passing commandline switches using / instead of - has been deprecated and will be removed in future versions of Unreal Engine.
[2018.03.07-15.18.10:233][  0]LogInit: Warning: Passing commandline switches using / instead of - has been deprecated and will be removed in future versions of Unreal Engine.
[2018.03.07-15.18.11:410][  0]LogMoviePlayer: Initializing movie player
[2018.03.07-15.18.11:659][  0]LogCollectionManager: Loaded 0 collections in 0.001208 seconds
[2018.03.07-15.18.11:703][  0]LogFileCache: Scanning file cache for directory 'F:/VirtueX_Games/Multiplayer_Test/Multiplayer_Project/Saved/Collections/' took 0.01s
[2018.03.07-15.18.11:703][  0]LogFileCache: Scanning file cache for directory 'F:/VirtueX_Games/Multiplayer_Test/Multiplayer_Project/Content/Developers/Ddraig/Collections/' took 0.01s
[2018.03.07-15.18.11:703][  0]LogFileCache: Scanning file cache for directory 'F:/VirtueX_Games/Multiplayer_Test/Multiplayer_Project/Content/Collections/' took 0.01s
[2018.03.07-15.18.11:703][  0]LogCollectionManager: Rebuilt the object cache for 0 collections in 0.000000 seconds (found 0 objects)
[2018.03.07-15.18.11:703][  0]LogCollectionManager: Fixed up redirectors for 0 collections in 0.000074 seconds (updated 0 objects)
[2018.03.07-15.18.11:837][  0]LogTcpMessaging: Initializing TcpMessaging bridge
[2018.03.07-15.18.11:869][  0]LogUdpMessaging: Initializing bridge on interface 0.0.0.0:0 to multicast group 230.0.0.1:6666.
[2018.03.07-15.18.12:237][  0]LogInit: Warning: Passing commandline switches using / instead of - has been deprecated and will be removed in future versions of Unreal Engine.
[2018.03.07-15.18.12:237][  0]SourceControl: Source control is disabled
[2018.03.07-15.18.12:237][  0]SourceControl: Source control is disabled
[2018.03.07-15.18.12:271][  0]SourceControl: Source control is disabled
[2018.03.07-15.18.12:543][  0]LogAndroidPermission: UAndroidPermissionCallbackProxy::GetInstance
[2018.03.07-15.18.12:722][  0]LogOcInput: OculusInput pre-init called
[2018.03.07-15.18.12:801][  0]LogUObjectArray: 38923 objects as part of root set at end of initial load.
[2018.03.07-15.18.12:801][  0]LogUObjectAllocator: 8349200 out of 0 bytes used by permanent object pool.
[2018.03.07-15.18.12:801][  0]LogUObjectArray: CloseDisregardForGC: 0/0 objects in disregard for GC pool
[2018.03.07-15.18.12:891][  0]LogEngine: Initializing Engine...
[2018.03.07-15.18.12:917][  0]LogHMD: Failed to initialize OpenVR with code 126
[2018.03.07-15.18.13:089][  0]LogStats: UGameplayTagsManager::ConstructGameplayTagTree: Construct from data asset -  0.000 s
[2018.03.07-15.18.13:090][  0]LogStats: UGameplayTagsManager::ConstructGameplayTagTree: GameplayTagTreeChangedEvent.Broadcast -  0.000 s
[2018.03.07-15.18.13:115][  0]LogInit: XAudio2 using 'VoiceMeeter Input (VB-Audio VoiceMeeter VAIO)' : 2 channels at 48 kHz using 16 bits per sample (channel mask 0x3)
[2018.03.07-15.18.13:126][  0]LogInit: FAudioDevice initialized.
[2018.03.07-15.18.13:151][  0]LogInit: Texture streaming: Enabled
[2018.03.07-15.18.13:175][  0]LogMaterial: Uniform references updated for custom material expression Custom.
[2018.03.07-15.18.13:545][  0]LogInit: Warning: Passing commandline switches using / instead of - has been deprecated and will be removed in future versions of Unreal Engine.
[2018.03.07-15.18.13:574][  0]LogInit: Display: Game Engine Initialized.
[2018.03.07-15.18.13:574][  0]LogGameplayTags: Display: UGameplayTagsManager::DoneAddingNativeTags. DelegateIsBound: 0
[2018.03.07-15.18.13:690][  0]LogInit: Display: Starting Game.
[2018.03.07-15.18.13:690][  0]LogNet: Browse: /Game/Maps/MainMenu?Name=Player
[2018.03.07-15.18.13:691][  0]LogLoad: LoadMap: /Game/Maps/MainMenu?Name=Player
[2018.03.07-15.18.13:790][  0]LogAIModule: Creating AISystem for world MainMenu
[2018.03.07-15.18.13:878][  0]LogLoad: Game class is 'ThirdPersonGameMode_C'
[2018.03.07-15.18.13:879][  0]LogWorld: Bringing World /Game/Maps/MainMenu.MainMenu up for play (max tick rate 0) at 2018.03.07-15.18.13
[2018.03.07-15.18.13:879][  0]LogWorld: Bringing up level for play took: 0.000506
[2018.03.07-15.18.13:880][  0]LogGameMode: FindPlayerStart: PATHS NOT DEFINED or NO PLAYERSTART with positive rating
[2018.03.07-15.18.13:901][  0]LogLoad: Took 0.210601 seconds to LoadMap(/Game/Maps/MainMenu)
[2018.03.07-15.18.13:902][  0]LogSlate: Took 0.000124 seconds to synchronously load lazily loaded font '../../../Engine/Content/Slate/Fonts/Roboto-Regular.ttf' (155K)
[2018.03.07-15.18.14:048][  0]LogRenderer: Reallocating scene render targets to support 1280x720 Format 10 NumSamples 1 (Frame:1).
[2018.03.07-15.18.14:048][  0]LogLoad: (Engine Initialization) Total time: 9.05 seconds
[2018.03.07-15.18.14:048][  0]LogLoad: (Engine Initialization) Total Blueprint compile time: 0.00 seconds
[2018.03.07-15.18.14:048][  0]LogExternalProfiler: Found external profiler: VSPerf
[2018.03.07-15.18.14:048][  0]LogExternalProfiler: Using external profiler: VSPerf
[2018.03.07-15.18.14:069][  0]LogContentStreaming: Texture pool size now 1000 MB
[2018.03.07-15.18.25:000][678]LogNetVersion: Multiplayer_Project 1.0.0.0, NetCL: 3709383, EngineNetVer: 2, GameNetVer: 0 (Checksum: 3764289473)
[2018.03.07-15.18.25:002][678]LogInit: WinSock: I am Ddraig (192.168.189.1:0)
[2018.03.07-15.18.25:055][678]LogPackageName: SearchForPackageOnDisk took   0.052s to resolve Lobby.umap.
[2018.03.07-15.18.25:103][678]LogPackageName: SearchForPackageOnDisk took   0.048s to resolve Lobby.umap.
[2018.03.07-15.18.25:103][678]LogNet: Browse: /Game/Maps/Lobby?listen
[2018.03.07-15.18.25:103][678]LogLoad: LoadMap: /Game/Maps/Lobby?listen
[2018.03.07-15.18.25:232][678]LogAIModule: Creating AISystem for world Lobby
[2018.03.07-15.18.25:232][678]LogLoad: Game class is 'LobbyGM_C'
[2018.03.07-15.18.25:232][678]LogTemp: Display: ParseSettings for GameNetDriver
[2018.03.07-15.18.25:232][678]LogTemp: Display: ParseSettings for IpNetDriver_0
[2018.03.07-15.18.25:232][678]LogTemp: Display: ParseSettings for GameNetDriver
[2018.03.07-15.18.25:232][678]LogInit: WinSock: Socket queue 131072 / 131072
[2018.03.07-15.18.25:233][678]PacketHandlerLog: Loaded PacketHandler component: Engine.EngineHandlerComponentFactory (StatelessConnectHandlerComponent)
[2018.03.07-15.18.25:233][678]LogNet: GameNetDriver IpNetDriver_0 IpNetDriver listening on port 7777
[2018.03.07-15.18.25:234][678]LogWorld: Bringing World /Game/Maps/Lobby.Lobby up for play (max tick rate 0) at 2018.03.07-15.18.25
[2018.03.07-15.18.25:234][678]LogWorld: Bringing up level for play took: 0.001135
[2018.03.07-15.18.25:237][678]LogLoad: Took 0.134026 seconds to LoadMap(/Game/Maps/Lobby)
[2018.03.07-15.22.01:351][ 68]LogWindowsTextInputMethodSystem: Display: IME system now deactivated.
[2018.03.07-15.22.01:356][ 68]LogEngine: All Windows Closed
[2018.03.07-15.22.01:356][ 68]LogWindows: FPlatformMisc::RequestExit(0)
[2018.03.07-15.22.01:359][ 69]LogNet: World NetDriver shutdown IpNetDriver_0 [GameNetDriver]
[2018.03.07-15.22.01:360][ 69]LogNet: DestroyNamedNetDriver IpNetDriver_0 [GameNetDriver]
[2018.03.07-15.22.01:360][ 69]LogExit: GameNetDriver IpNetDriver_0 shut down
[2018.03.07-15.22.02:032][ 69]LogExit: Preparing to exit.
[2018.03.07-15.22.02:032][ 69]LogMoviePlayer: Shutting down movie player
[2018.03.07-15.22.03:021][ 69]LogExit: Game engine shut down
[2018.03.07-15.22.03:071][ 69]LogExit: Object subsystem successfully closed.
[2018.03.07-15.22.03:090][ 69]LogD3D11RHI: Shutdown
[2018.03.07-15.22.03:090][ 69]LogD3D11RHI: CleanupD3DDevice
[2018.03.07-15.22.03:091][ 69]LogD3D11RHI: ~FD3D11DynamicRHI
[2018.03.07-15.22.03:095][ 69]LogModuleManager: Shutting down and abandoning module SequenceRecorderSections (315)
[2018.03.07-15.22.03:095][ 69]LogModuleManager: Shutting down and abandoning module SequenceRecorder (313)
[2018.03.07-15.22.03:095][ 69]LogModuleManager: Shutting down and abandoning module AutomationController (311)
[2018.03.07-15.22.03:095][ 69]LogModuleManager: Shutting down and abandoning module AutomationWorker (309)
[2018.03.07-15.22.03:095][ 69]LogModuleManager: Shutting down and abandoning module Voice (307)
[2018.03.07-15.22.03:095][ 69]LogModuleManager: Shutting down and abandoning module AIModule (305)
[2018.03.07-15.22.03:095][ 69]LogModuleManager: Shutting down and abandoning module GameplayDebugger (304)
[2018.03.07-15.22.03:095][ 69]LogModuleManager: Shutting down and abandoning module AITestSuite (302)
[2018.03.07-15.22.03:095][ 69]LogModuleManager: Shutting down and abandoning module WmfMediaFactory (299)
[2018.03.07-15.22.03:095][ 69]LogModuleManager: Shutting down and abandoning module OpenExrWrapper (297)
[2018.03.07-15.22.03:095][ 69]LogModuleManager: Shutting down and abandoning module ImgMediaFactory (295)
[2018.03.07-15.22.03:095][ 69]LogModuleManager: Shutting down and abandoning module AvfMediaFactory (293)
[2018.03.07-15.22.03:095][ 69]LogModuleManager: Shutting down and abandoning module CharacterAI (291)
[2018.03.07-15.22.03:095][ 69]LogModuleManager: Shutting down and abandoning module SessionServices (289)
[2018.03.07-15.22.03:095][ 69]LogModuleManager: Shutting down and abandoning module MovieSceneCapture (287)
[2018.03.07-15.22.03:095][ 69]LogModuleManager: Shutting down and abandoning module MovieSceneTracks (285)
[2018.03.07-15.22.03:095][ 69]LogModuleManager: Shutting down and abandoning module MovieScene (283)
[2018.03.07-15.22.03:095][ 69]LogModuleManager: Shutting down and abandoning module GeometryCache (281)
[2018.03.07-15.22.03:095][ 69]LogModuleManager: Shutting down and abandoning module GeometryCacheEd (280)
[2018.03.07-15.22.03:095][ 69]LogModuleManager: Shutting down and abandoning module StreamingPauseRendering (277)
[2018.03.07-15.22.03:095][ 69]LogModuleManager: Shutting down and abandoning module PortalServices (275)
[2018.03.07-15.22.03:095][ 69]LogModuleManager: Shutting down and abandoning module PortalRpc (273)
[2018.03.07-15.22.03:095][ 69]LogModuleManager: Shutting down and abandoning module MessagingRpc (271)
[2018.03.07-15.22.03:095][ 69]LogModuleManager: Shutting down and abandoning module ProfilerService (269)
[2018.03.07-15.22.03:110][ 69]LogModuleManager: Shutting down and abandoning module TaskGraph (267)
[2018.03.07-15.22.03:110][ 69]LogModuleManager: Shutting down and abandoning module SteamVRController (265)
[2018.03.07-15.22.03:110][ 69]LogModuleManager: Shutting down and abandoning module ProceduralMeshComponent (263)
[2018.03.07-15.22.03:110][ 69]LogModuleManager: Shutting down and abandoning module OculusInput (261)
[2018.03.07-15.22.03:110][ 69]LogModuleManager: Shutting down and abandoning module MobilePatchingUtils (259)
[2018.03.07-15.22.03:110][ 69]LogModuleManager: Shutting down and abandoning module CustomMeshComponent (257)
[2018.03.07-15.22.03:110][ 69]LogModuleManager: Shutting down and abandoning module CableComponent (255)
[2018.03.07-15.22.03:110][ 69]LogModuleManager: Shutting down and abandoning module ArchVisCharacter (253)
[2018.03.07-15.22.03:110][ 69]LogModuleManager: Shutting down and abandoning module AndroidPermission (251)
[2018.03.07-15.22.03:110][ 69]LogModuleManager: Shutting down and abandoning module ActorSequence (249)
[2018.03.07-15.22.03:110][ 69]LogModuleManager: Shutting down and abandoning module MediaCompositing (247)
[2018.03.07-15.22.03:110][ 69]LogModuleManager: Shutting down and abandoning module HTML5Networking (245)
[2018.03.07-15.22.03:110][ 69]LogModuleManager: Shutting down and abandoning module VisualStudioSourceCodeAccess (243)
[2018.03.07-15.22.03:110][ 69]LogModuleManager: Shutting down and abandoning module HotReload (242)
[2018.03.07-15.22.03:110][ 69]LogModuleManager: Shutting down and abandoning module VisualStudioCodeSourceCodeAccess (239)
[2018.03.07-15.22.03:110][ 69]LogModuleManager: Shutting down and abandoning module UObjectPlugin (237)
[2018.03.07-15.22.03:110][ 69]LogModuleManager: Shutting down and abandoning module SubversionSourceControl (235)
[2018.03.07-15.22.03:110][ 69]LogModuleManager: Shutting down and abandoning module PerforceSourceControl (233)
[2018.03.07-15.22.03:110][ 69]LogModuleManager: Shutting down and abandoning module SourceControl (232)
[2018.03.07-15.22.03:110][ 69]LogModuleManager: Shutting down and abandoning module RuntimePhysXCooking (229)
[2018.03.07-15.22.03:110][ 69]LogModuleManager: Shutting down and abandoning module PhysXVehiclesEditor (227)
[2018.03.07-15.22.03:110][ 69]LogModuleManager: Shutting down and abandoning module PhysXVehicles (225)
[2018.03.07-15.22.03:110][ 69]LogModuleManager: Shutting down and abandoning module LocationServicesBPLibrary (223)
[2018.03.07-15.22.03:110][ 69]LogModuleManager: Shutting down and abandoning module ImmediatePhysicsEditor (221)
[2018.03.07-15.22.03:110][ 69]LogModuleManager: Shutting down and abandoning module ImmediatePhysics (219)
[2018.03.07-15.22.03:110][ 69]LogModuleManager: Shutting down and abandoning module UdpMessaging (217)
[2018.03.07-15.22.03:211][ 69]LogModuleManager: Shutting down and abandoning module TcpMessaging (215)
[2018.03.07-15.22.03:953][ 69]LogModuleManager: Shutting down and abandoning module GameplayTagsEditor (213)
[2018.03.07-15.22.03:953][ 69]LogModuleManager: Shutting down and abandoning module FacialAnimation (211)
[2018.03.07-15.22.03:953][ 69]LogModuleManager: Shutting down and abandoning module AssetManagerEditor (209)
[2018.03.07-15.22.03:953][ 69]LogModuleManager: Shutting down and abandoning module GraphEditor (208)
[2018.03.07-15.22.03:953][ 69]LogModuleManager: Shutting down and abandoning module ContentBrowser (206)
[2018.03.07-15.22.03:953][ 69]LogModuleManager: Shutting down and abandoning module CollectionManager (205)
[2018.03.07-15.22.03:953][ 69]LogDirectoryWatcher: A directory notification for 'F:/VirtueX_Games/Multiplayer_Test/Multiplayer_Project/Content/Collections/' was aborted.
[2018.03.07-15.22.03:953][ 69]LogDirectoryWatcher: A directory notification for 'F:/VirtueX_Games/Multiplayer_Test/Multiplayer_Project/Content/Developers/Ddraig/Collections/' was aborted.
[2018.03.07-15.22.03:953][ 69]LogDirectoryWatcher: A directory notification for 'F:/VirtueX_Games/Multiplayer_Test/Multiplayer_Project/Saved/Collections/' was aborted.
[2018.03.07-15.22.03:953][ 69]LogModuleManager: Shutting down and abandoning module DirectoryWatcher (204)
[2018.03.07-15.22.03:954][ 69]LogModuleManager: Shutting down and abandoning module LightPropagationVolumeRuntime (199)
[2018.03.07-15.22.03:954][ 69]LogModuleManager: Shutting down and abandoning module Paper2D (197)
[2018.03.07-15.22.03:954][ 69]LogModuleManager: Shutting down and abandoning module WindowsMoviePlayer (195)
[2018.03.07-15.22.03:954][ 69]LogModuleManager: Shutting down and abandoning module WmfMedia (193)
[2018.03.07-15.22.03:954][ 69]LogModuleManager: Shutting down and abandoning module ImgMedia (191)
[2018.03.07-15.22.03:954][ 69]LogModuleManager: Shutting down and abandoning module PacketHandler (189)
[2018.03.07-15.22.03:954][ 69]LogModuleManager: Shutting down and abandoning module ClothingSystemEditor (187)
[2018.03.07-15.22.03:954][ 69]LogModuleManager: Shutting down and abandoning module ClothingSystemRuntime (185)
[2018.03.07-15.22.03:954][ 69]LogModuleManager: Shutting down and abandoning module MediaAssets (183)
[2018.03.07-15.22.03:954][ 69]LogModuleManager: Shutting down and abandoning module Media (182)
[2018.03.07-15.22.03:960][ 69]LogModuleManager: Shutting down and abandoning module Overlay (179)
[2018.03.07-15.22.03:960][ 69]LogModuleManager: Shutting down and abandoning module OverlayEditor (178)
[2018.03.07-15.22.03:960][ 69]LogModuleManager: Shutting down and abandoning module VREditor (175)
[2018.03.07-15.22.03:960][ 69]LogModuleManager: Shutting down and abandoning module StringTableEditor (173)
[2018.03.07-15.22.03:960][ 69]LogModuleManager: Shutting down and abandoning module GameplayTasksEditor (171)
[2018.03.07-15.22.03:960][ 69]LogModuleManager: Shutting down and abandoning module BehaviorTreeEditor (169)
[2018.03.07-15.22.03:960][ 69]LogModuleManager: Shutting down and abandoning module FunctionalTesting (167)
[2018.03.07-15.22.03:960][ 69]LogModuleManager: Shutting down and abandoning module CollisionAnalyzer (165)
[2018.03.07-15.22.03:961][ 69]LogModuleManager: Shutting down and abandoning module WorkspaceMenuStructure (164)
[2018.03.07-15.22.03:961][ 69]LogModuleManager: Shutting down and abandoning module UMG (161)
[2018.03.07-15.22.03:961][ 69]LogModuleManager: Shutting down and abandoning module UMGEditor (160)
[2018.03.07-15.22.03:961][ 69]LogModuleManager: Shutting down and abandoning module Sequencer (159)
[2018.03.07-15.22.03:961][ 69]LogModuleManager: Shutting down and abandoning module MessageLog (156)
[2018.03.07-15.22.03:961][ 69]LogModuleManager: Shutting down and abandoning module SlateReflector (151)
[2018.03.07-15.22.03:961][ 69]LogModuleManager: Shutting down and abandoning module Slate (149)
[2018.03.07-15.22.03:961][ 69]LogModuleManager: Shutting down and abandoning module EditorStyle (147)
[2018.03.07-15.22.03:962][ 69]LogModuleManager: Shutting down and abandoning module MRMesh (145)
[2018.03.07-15.22.03:962][ 69]LogModuleManager: Shutting down and abandoning module Messaging (143)
[2018.03.07-15.22.03:962][ 69]LogModuleManager: Shutting down and abandoning module SourceCodeAccess (141)
[2018.03.07-15.22.03:962][ 69]LogModuleManager: Shutting down and abandoning module HeadMountedDisplay (139)
[2018.03.07-15.22.03:962][ 69]LogModuleManager: Shutting down and abandoning module XAudio2 (137)
[2018.03.07-15.22.03:962][ 69]LogModuleManager: Shutting down and abandoning module Networking (135)
[2018.03.07-15.22.03:962][ 69]LogModuleManager: Shutting down and abandoning module Core (133)
[2018.03.07-15.22.03:962][ 69]LogModuleManager: Shutting down and abandoning module LevelSequence (131)
[2018.03.07-15.22.03:962][ 69]LogModuleManager: Shutting down and abandoning module KismetCompiler (129)
[2018.03.07-15.22.03:962][ 69]LogModuleManager: Shutting down and abandoning module MeshUtilities (127)
[2018.03.07-15.22.03:962][ 69]LogModuleManager: Shutting down and abandoning module MeshMergeUtilities (126)
[2018.03.07-15.22.03:962][ 69]LogModuleManager: Shutting down and abandoning module MeshReductionInterface (125)
[2018.03.07-15.22.03:962][ 69]LogModuleManager: Shutting down and abandoning module SimplygonSwarm (124)
[2018.03.07-15.22.03:962][ 69]LogModuleManager: Shutting down and abandoning module SimplygonMeshReduction (122)
[2018.03.07-15.22.03:962][ 69]LogModuleManager: Shutting down and abandoning module QuadricMeshReduction (120)
[2018.03.07-15.22.03:962][ 69]LogModuleManager: Shutting down and abandoning module MaterialBaking (116)
[2018.03.07-15.22.03:962][ 69]LogModuleManager: Shutting down and abandoning module DerivedDataCache (111)
[2018.03.07-15.22.04:045][ 69]LogDerivedDataCache: Shutdown
[2018.03.07-15.22.04:045][ 69]LogModuleManager: Shutting down and abandoning module TargetPlatform (109)
[2018.03.07-15.22.04:045][ 69]LogModuleManager: Shutting down and abandoning module VulkanShaderFormat (108)
[2018.03.07-15.22.04:045][ 69]LogModuleManager: Shutting down and abandoning module ShaderFormatVectorVM (106)
[2018.03.07-15.22.04:045][ 69]LogModuleManager: Shutting down and abandoning module ShaderFormatOpenGL (104)
[2018.03.07-15.22.04:045][ 69]LogModuleManager: Shutting down and abandoning module ShaderFormatD3D (102)
[2018.03.07-15.22.04:045][ 69]LogModuleManager: Shutting down and abandoning module MetalShaderFormat (100)
[2018.03.07-15.22.04:045][ 69]LogModuleManager: Shutting down and abandoning module TextureFormatUncompressed (98)
[2018.03.07-15.22.04:045][ 69]LogModuleManager: Shutting down and abandoning module TextureFormatPVR (96)
[2018.03.07-15.22.04:045][ 69]LogModuleManager: Shutting down and abandoning module TextureFormatDXT (94)
[2018.03.07-15.22.04:045][ 69]LogModuleManager: Shutting down and abandoning module TextureFormatIntelISPCTexComp (92)
[2018.03.07-15.22.04:045][ 69]LogModuleManager: Shutting down and abandoning module TextureFormatASTC (90)
[2018.03.07-15.22.04:045][ 69]LogModuleManager: Shutting down and abandoning module ImageWrapper (89)
[2018.03.07-15.22.04:045][ 69]LogModuleManager: Shutting down and abandoning module TextureFormatAndroid (86)
[2018.03.07-15.22.04:045][ 69]LogModuleManager: Shutting down and abandoning module AudioFormatOpus (84)
[2018.03.07-15.22.04:045][ 69]LogModuleManager: Shutting down and abandoning module AudioFormatOgg (82)
[2018.03.07-15.22.04:045][ 69]LogModuleManager: Shutting down and abandoning module AudioFormatADPCM (80)
[2018.03.07-15.22.04:045][ 69]LogModuleManager: Shutting down and abandoning module WindowsTargetPlatform (78)
[2018.03.07-15.22.04:045][ 69]LogModuleManager: Shutting down and abandoning module WindowsServerTargetPlatform (76)
[2018.03.07-15.22.04:045][ 69]LogModuleManager: Shutting down and abandoning module WindowsNoEditorTargetPlatform (74)
[2018.03.07-15.22.04:045][ 69]LogModuleManager: Shutting down and abandoning module WindowsClientTargetPlatform (72)
[2018.03.07-15.22.04:045][ 69]LogModuleManager: Shutting down and abandoning module InputCore (69)
[2018.03.07-15.22.04:045][ 69]LogModuleManager: Shutting down and abandoning module Settings (67)
[2018.03.07-15.22.04:045][ 69]LogModuleManager: Shutting down and abandoning module PhysXCooking (65)
[2018.03.07-15.22.04:045][ 69]LogModuleManager: Shutting down and abandoning module SteamVR (63)
[2018.03.07-15.22.04:045][ 69]LogModuleManager: Shutting down and abandoning module OculusHMD (61)
[2018.03.07-15.22.04:045][ 69]LogModuleManager: Shutting down and abandoning module ExampleDeviceProfileSelector (59)
[2018.03.07-15.22.04:045][ 69]LogModuleManager: Shutting down and abandoning module AppleARKit (57)
[2018.03.07-15.22.04:045][ 69]LogModuleManager: Shutting down and abandoning module AugmentedReality (56)
[2018.03.07-15.22.04:045][ 69]LogModuleManager: Shutting down and abandoning module OnlineBlueprintSupport (53)
[2018.03.07-15.22.04:045][ 69]LogModuleManager: Shutting down and abandoning module OnlineSubsystem (49)
[2018.03.07-15.22.04:045][ 69]LogOnline: Display: OSS: FOnlineSubsystemNull::Shutdown()
[2018.03.07-15.22.04:045][ 69]LogOnline: Display: OSS: FOnlineAsyncTaskManager::Stop() ActiveTask:0000000000000000 Tasks[0/0]
[2018.03.07-15.22.04:046][ 69]LogOnline: Display: OSS: FOnlineAsyncTaskManager::Exit() started
[2018.03.07-15.22.04:046][ 69]LogOnline: Display: OSS: FOnlineAsyncTaskManager::Exit() finished
[2018.03.07-15.22.04:046][ 69]LogModuleManager: Shutting down and abandoning module XMPP (43)
[2018.03.07-15.22.04:046][ 69]LogModuleManager: Shutting down and abandoning module HTTP (41)
[2018.03.07-15.22.04:046][ 69]LogModuleManager: Shutting down and abandoning module SSL (40)
[2018.03.07-15.22.04:047][ 69]LogModuleManager: Shutting down and abandoning module AnimationModifiers (36)
[2018.03.07-15.22.04:047][ 69]LogModuleManager: Shutting down and abandoning module PropertyEditor (35)
[2018.03.07-15.22.04:047][ 69]LogModuleManager: Shutting down and abandoning module AudioEditor (32)
[2018.03.07-15.22.04:047][ 69]LogModuleManager: Shutting down and abandoning module TextureCompressor (30)
[2018.03.07-15.22.04:048][ 69]LogModuleManager: Shutting down and abandoning module ShaderCore (28)
[2018.03.07-15.22.04:048][ 69]LogModuleManager: Shutting down and abandoning module Landscape (26)
[2018.03.07-15.22.04:048][ 69]LogModuleManager: Shutting down and abandoning module SlateRHIRenderer (24)
[2018.03.07-15.22.04:048][ 69]LogModuleManager: Shutting down and abandoning module OpenGLDrv (22)
[2018.03.07-15.22.04:048][ 69]LogModuleManager: Shutting down and abandoning module D3D11RHI (20)
[2018.03.07-15.22.04:048][ 69]LogModuleManager: Shutting down and abandoning module AnimGraphRuntime (18)
[2018.03.07-15.22.04:048][ 69]LogModuleManager: Shutting down and abandoning module Renderer (16)
[2018.03.07-15.22.04:048][ 69]LogModuleManager: Shutting down and abandoning module Engine (14)
[2018.03.07-15.22.04:048][ 69]LogModuleManager: Shutting down and abandoning module CoreUObject (12)
[2018.03.07-15.22.04:048][ 69]LogModuleManager: Shutting down and abandoning module NetworkFile (10)
[2018.03.07-15.22.04:048][ 69]LogModuleManager: Shutting down and abandoning module CookedIterativeFile (8)
[2018.03.07-15.22.04:048][ 69]LogModuleManager: Shutting down and abandoning module StreamingFile (6)
[2018.03.07-15.22.04:048][ 69]LogModuleManager: Shutting down and abandoning module SandboxFile (4)
[2018.03.07-15.22.04:048][ 69]LogModuleManager: Shutting down and abandoning module PakFile (2)
[2018.03.07-15.22.04:050][ 69]LogExit: Exiting.
[2018.03.07-15.22.04:051][ 69]Log file closed, 03/07/18 15:22:04
